[0.111s] DEBUG:colcon:Command line arguments: ['/usr/bin/colcon', 'build']
[0.112s] DEBUG:colcon:Parsed command line arguments: Namespace(log_base=None, log_level=None, verb_name='build', build_base='build', install_base='install', merge_install=False, symlink_install=False, test_result_base=None, continue_on_error=False, executor='parallel', parallel_workers=16, event_handlers=None, ignore_user_meta=False, metas=['./colcon.meta'], base_paths=['.'], packages_ignore=None, packages_ignore_regex=None, paths=None, packages_up_to=None, packages_up_to_regex=None, packages_above=None, packages_above_and_dependencies=None, packages_above_depth=None, packages_select_by_dep=None, packages_skip_by_dep=None, packages_skip_up_to=None, packages_select_build_failed=False, packages_skip_build_finished=False, packages_select_test_failures=False, packages_skip_test_passed=False, packages_select=None, packages_skip=None, packages_select_regex=None, packages_skip_regex=None, packages_start=None, packages_end=None, allow_overriding=[], cmake_args=None, cmake_target=None, cmake_target_skip_unavailable=False, cmake_clean_cache=False, cmake_clean_first=False, cmake_force_configure=False, ament_cmake_args=None, catkin_cmake_args=None, catkin_skip_building_tests=False, mixin_files=None, mixin=None, verb_parser=<colcon_mixin.mixin.mixin_argument.MixinArgumentDecorator object at 0x7f20b7a4dff0>, verb_extension=<colcon_core.verb.build.BuildVerb object at 0x7f20b7b4ef80>, main=<bound method BuildVerb.main of <colcon_core.verb.build.BuildVerb object at 0x7f20b7b4ef80>>, mixin_verb=('build',))
[0.246s] Level 1:colcon.colcon_core.package_discovery:discover_packages(colcon_meta) check parameters
[0.247s] Level 1:colcon.colcon_core.package_discovery:discover_packages(recursive) check parameters
[0.247s] Level 1:colcon.colcon_core.package_discovery:discover_packages(ignore) check parameters
[0.247s] Level 1:colcon.colcon_core.package_discovery:discover_packages(path) check parameters
[0.247s] Level 1:colcon.colcon_core.package_discovery:discover_packages(colcon_meta) discover
[0.247s] Level 1:colcon.colcon_core.package_discovery:discover_packages(recursive) discover
[0.247s] INFO:colcon.colcon_core.package_discovery:Crawling recursively for packages in '/home/pablo-pc/GITHUB/TFG/project_ws'
[0.247s] Level 1:colcon.colcon_core.package_identification:_identify(.) by extensions ['ignore', 'ignore_ament_install']
[0.247s] Level 1:colcon.colcon_core.package_identification:_identify(.) by extension 'ignore'
[0.247s] Level 1:colcon.colcon_core.package_identification:_identify(.) by extension 'ignore_ament_install'
[0.247s] Level 1:colcon.colcon_core.package_identification:_identify(.) by extensions ['colcon_pkg']
[0.247s] Level 1:colcon.colcon_core.package_identification:_identify(.) by extension 'colcon_pkg'
[0.247s] Level 1:colcon.colcon_core.package_identification:_identify(.) by extensions ['colcon_meta']
[0.247s] Level 1:colcon.colcon_core.package_identification:_identify(.) by extension 'colcon_meta'
[0.247s] Level 1:colcon.colcon_core.package_identification:_identify(.) by extensions ['ros']
[0.247s] Level 1:colcon.colcon_core.package_identification:_identify(.) by extension 'ros'
[0.257s] Level 1:colcon.colcon_core.package_identification:_identify(.) by extensions ['cmake', 'python']
[0.257s] Level 1:colcon.colcon_core.package_identification:_identify(.) by extension 'cmake'
[0.257s] Level 1:colcon.colcon_core.package_identification:_identify(.) by extension 'python'
[0.257s] Level 1:colcon.colcon_core.package_identification:_identify(.) by extensions ['python_setup_py']
[0.257s] Level 1:colcon.colcon_core.package_identification:_identify(.) by extension 'python_setup_py'
[0.258s] Level 1:colcon.colcon_core.package_identification:_identify(build) by extensions ['ignore', 'ignore_ament_install']
[0.258s] Level 1:colcon.colcon_core.package_identification:_identify(build) by extension 'ignore'
[0.258s] Level 1:colcon.colcon_core.package_identification:_identify(build) ignored
[0.258s] Level 1:colcon.colcon_core.package_identification:_identify(install) by extensions ['ignore', 'ignore_ament_install']
[0.258s] Level 1:colcon.colcon_core.package_identification:_identify(install) by extension 'ignore'
[0.258s] Level 1:colcon.colcon_core.package_identification:_identify(install) ignored
[0.258s] Level 1:colcon.colcon_core.package_identification:_identify(log) by extensions ['ignore', 'ignore_ament_install']
[0.258s] Level 1:colcon.colcon_core.package_identification:_identify(log) by extension 'ignore'
[0.258s] Level 1:colcon.colcon_core.package_identification:_identify(log) ignored
[0.258s] Level 1:colcon.colcon_core.package_identification:_identify(src) by extensions ['ignore', 'ignore_ament_install']
[0.258s] Level 1:colcon.colcon_core.package_identification:_identify(src) by extension 'ignore'
[0.258s] Level 1:colcon.colcon_core.package_identification:_identify(src) by extension 'ignore_ament_install'
[0.259s] Level 1:colcon.colcon_core.package_identification:_identify(src) by extensions ['colcon_pkg']
[0.259s] Level 1:colcon.colcon_core.package_identification:_identify(src) by extension 'colcon_pkg'
[0.259s] Level 1:colcon.colcon_core.package_identification:_identify(src) by extensions ['colcon_meta']
[0.259s] Level 1:colcon.colcon_core.package_identification:_identify(src) by extension 'colcon_meta'
[0.259s] Level 1:colcon.colcon_core.package_identification:_identify(src) by extensions ['ros']
[0.259s] Level 1:colcon.colcon_core.package_identification:_identify(src) by extension 'ros'
[0.259s] Level 1:colcon.colcon_core.package_identification:_identify(src) by extensions ['cmake', 'python']
[0.259s] Level 1:colcon.colcon_core.package_identification:_identify(src) by extension 'cmake'
[0.259s] Level 1:colcon.colcon_core.package_identification:_identify(src) by extension 'python'
[0.259s] Level 1:colcon.colcon_core.package_identification:_identify(src) by extensions ['python_setup_py']
[0.259s] Level 1:colcon.colcon_core.package_identification:_identify(src) by extension 'python_setup_py'
[0.259s] Level 1:colcon.colcon_core.package_identification:_identify(src/bonxai_wrapper) by extensions ['ignore', 'ignore_ament_install']
[0.259s] Level 1:colcon.colcon_core.package_identification:_identify(src/bonxai_wrapper) by extension 'ignore'
[0.259s] Level 1:colcon.colcon_core.package_identification:_identify(src/bonxai_wrapper) by extension 'ignore_ament_install'
[0.259s] Level 1:colcon.colcon_core.package_identification:_identify(src/bonxai_wrapper) by extensions ['colcon_pkg']
[0.259s] Level 1:colcon.colcon_core.package_identification:_identify(src/bonxai_wrapper) by extension 'colcon_pkg'
[0.259s] Level 1:colcon.colcon_core.package_identification:_identify(src/bonxai_wrapper) by extensions ['colcon_meta']
[0.259s] Level 1:colcon.colcon_core.package_identification:_identify(src/bonxai_wrapper) by extension 'colcon_meta'
[0.259s] Level 1:colcon.colcon_core.package_identification:_identify(src/bonxai_wrapper) by extensions ['ros']
[0.259s] Level 1:colcon.colcon_core.package_identification:_identify(src/bonxai_wrapper) by extension 'ros'
[0.262s] DEBUG:colcon.colcon_core.package_identification:Package 'src/bonxai_wrapper' with type 'ros.ament_cmake' and name 'bonxai_wrapper'
[0.263s] Level 1:colcon.colcon_core.package_identification:_identify(src/location_controller) by extensions ['ignore', 'ignore_ament_install']
[0.263s] Level 1:colcon.colcon_core.package_identification:_identify(src/location_controller) by extension 'ignore'
[0.263s] Level 1:colcon.colcon_core.package_identification:_identify(src/location_controller) by extension 'ignore_ament_install'
[0.263s] Level 1:colcon.colcon_core.package_identification:_identify(src/location_controller) by extensions ['colcon_pkg']
[0.263s] Level 1:colcon.colcon_core.package_identification:_identify(src/location_controller) by extension 'colcon_pkg'
[0.263s] Level 1:colcon.colcon_core.package_identification:_identify(src/location_controller) by extensions ['colcon_meta']
[0.263s] Level 1:colcon.colcon_core.package_identification:_identify(src/location_controller) by extension 'colcon_meta'
[0.263s] Level 1:colcon.colcon_core.package_identification:_identify(src/location_controller) by extensions ['ros']
[0.263s] Level 1:colcon.colcon_core.package_identification:_identify(src/location_controller) by extension 'ros'
[0.264s] DEBUG:colcon.colcon_core.package_identification:Package 'src/location_controller' with type 'ros.ament_python' and name 'location_controller'
[0.264s] Level 1:colcon.colcon_core.package_identification:_identify(src/mapping_controller) by extensions ['ignore', 'ignore_ament_install']
[0.264s] Level 1:colcon.colcon_core.package_identification:_identify(src/mapping_controller) by extension 'ignore'
[0.264s] Level 1:colcon.colcon_core.package_identification:_identify(src/mapping_controller) by extension 'ignore_ament_install'
[0.264s] Level 1:colcon.colcon_core.package_identification:_identify(src/mapping_controller) by extensions ['colcon_pkg']
[0.264s] Level 1:colcon.colcon_core.package_identification:_identify(src/mapping_controller) by extension 'colcon_pkg'
[0.264s] Level 1:colcon.colcon_core.package_identification:_identify(src/mapping_controller) by extensions ['colcon_meta']
[0.264s] Level 1:colcon.colcon_core.package_identification:_identify(src/mapping_controller) by extension 'colcon_meta'
[0.264s] Level 1:colcon.colcon_core.package_identification:_identify(src/mapping_controller) by extensions ['ros']
[0.264s] Level 1:colcon.colcon_core.package_identification:_identify(src/mapping_controller) by extension 'ros'
[0.266s] DEBUG:colcon.colcon_core.package_identification:Package 'src/mapping_controller' with type 'ros.ament_cmake' and name 'mapping_controller'
[0.266s] Level 1:colcon.colcon_core.package_identification:_identify(src/metrics) by extensions ['ignore', 'ignore_ament_install']
[0.266s] Level 1:colcon.colcon_core.package_identification:_identify(src/metrics) by extension 'ignore'
[0.266s] Level 1:colcon.colcon_core.package_identification:_identify(src/metrics) by extension 'ignore_ament_install'
[0.266s] Level 1:colcon.colcon_core.package_identification:_identify(src/metrics) by extensions ['colcon_pkg']
[0.266s] Level 1:colcon.colcon_core.package_identification:_identify(src/metrics) by extension 'colcon_pkg'
[0.266s] Level 1:colcon.colcon_core.package_identification:_identify(src/metrics) by extensions ['colcon_meta']
[0.266s] Level 1:colcon.colcon_core.package_identification:_identify(src/metrics) by extension 'colcon_meta'
[0.266s] Level 1:colcon.colcon_core.package_identification:_identify(src/metrics) by extensions ['ros']
[0.266s] Level 1:colcon.colcon_core.package_identification:_identify(src/metrics) by extension 'ros'
[0.266s] Level 1:colcon.colcon_core.package_identification:_identify(src/metrics) by extensions ['cmake', 'python']
[0.266s] Level 1:colcon.colcon_core.package_identification:_identify(src/metrics) by extension 'cmake'
[0.266s] Level 1:colcon.colcon_core.package_identification:_identify(src/metrics) by extension 'python'
[0.267s] Level 1:colcon.colcon_core.package_identification:_identify(src/metrics) by extensions ['python_setup_py']
[0.267s] Level 1:colcon.colcon_core.package_identification:_identify(src/metrics) by extension 'python_setup_py'
[0.267s] Level 1:colcon.colcon_core.package_identification:_identify(src/recordings) by extensions ['ignore', 'ignore_ament_install']
[0.267s] Level 1:colcon.colcon_core.package_identification:_identify(src/recordings) by extension 'ignore'
[0.267s] Level 1:colcon.colcon_core.package_identification:_identify(src/recordings) by extension 'ignore_ament_install'
[0.267s] Level 1:colcon.colcon_core.package_identification:_identify(src/recordings) by extensions ['colcon_pkg']
[0.267s] Level 1:colcon.colcon_core.package_identification:_identify(src/recordings) by extension 'colcon_pkg'
[0.267s] Level 1:colcon.colcon_core.package_identification:_identify(src/recordings) by extensions ['colcon_meta']
[0.267s] Level 1:colcon.colcon_core.package_identification:_identify(src/recordings) by extension 'colcon_meta'
[0.267s] Level 1:colcon.colcon_core.package_identification:_identify(src/recordings) by extensions ['ros']
[0.267s] Level 1:colcon.colcon_core.package_identification:_identify(src/recordings) by extension 'ros'
[0.267s] Level 1:colcon.colcon_core.package_identification:_identify(src/recordings) by extensions ['cmake', 'python']
[0.267s] Level 1:colcon.colcon_core.package_identification:_identify(src/recordings) by extension 'cmake'
[0.267s] Level 1:colcon.colcon_core.package_identification:_identify(src/recordings) by extension 'python'
[0.267s] Level 1:colcon.colcon_core.package_identification:_identify(src/recordings) by extensions ['python_setup_py']
[0.267s] Level 1:colcon.colcon_core.package_identification:_identify(src/recordings) by extension 'python_setup_py'
[0.267s] Level 1:colcon.colcon_core.package_discovery:discover_packages(recursive) using defaults
[0.267s] Level 1:colcon.colcon_core.package_discovery:discover_packages(ignore) discover
[0.267s] Level 1:colcon.colcon_core.package_discovery:discover_packages(ignore) using defaults
[0.267s] Level 1:colcon.colcon_core.package_discovery:discover_packages(path) discover
[0.267s] Level 1:colcon.colcon_core.package_discovery:discover_packages(path) using defaults
[0.288s] Level 1:colcon.colcon_core.package_discovery:discover_packages(prefix_path) check parameters
[0.288s] Level 1:colcon.colcon_core.package_discovery:discover_packages(prefix_path) discover
[0.289s] DEBUG:colcon.colcon_installed_package_information.package_discovery:Found 3 installed packages in /home/pablo-pc/GITHUB/TFG/project_ws/install
[0.290s] DEBUG:colcon.colcon_installed_package_information.package_discovery:Found 272 installed packages in /opt/ros/humble
[0.291s] Level 1:colcon.colcon_core.package_discovery:discover_packages(prefix_path) using defaults
[0.313s] Level 5:colcon.colcon_core.verb:set package 'bonxai_wrapper' build argument 'cmake_args' from command line to 'None'
[0.313s] Level 5:colcon.colcon_core.verb:set package 'bonxai_wrapper' build argument 'cmake_target' from command line to 'None'
[0.313s] Level 5:colcon.colcon_core.verb:set package 'bonxai_wrapper' build argument 'cmake_target_skip_unavailable' from command line to 'False'
[0.313s] Level 5:colcon.colcon_core.verb:set package 'bonxai_wrapper' build argument 'cmake_clean_cache' from command line to 'False'
[0.313s] Level 5:colcon.colcon_core.verb:set package 'bonxai_wrapper' build argument 'cmake_clean_first' from command line to 'False'
[0.313s] Level 5:colcon.colcon_core.verb:set package 'bonxai_wrapper' build argument 'cmake_force_configure' from command line to 'False'
[0.313s] Level 5:colcon.colcon_core.verb:set package 'bonxai_wrapper' build argument 'ament_cmake_args' from command line to 'None'
[0.313s] Level 5:colcon.colcon_core.verb:set package 'bonxai_wrapper' build argument 'catkin_cmake_args' from command line to 'None'
[0.313s] Level 5:colcon.colcon_core.verb:set package 'bonxai_wrapper' build argument 'catkin_skip_building_tests' from command line to 'False'
[0.313s] DEBUG:colcon.colcon_core.verb:Building package 'bonxai_wrapper' with the following arguments: {'ament_cmake_args': None, 'build_base': '/home/pablo-pc/GITHUB/TFG/project_ws/build/bonxai_wrapper', 'catkin_cmake_args': None, 'catkin_skip_building_tests': False, 'cmake_args': None, 'cmake_clean_cache': False, 'cmake_clean_first': False, 'cmake_force_configure': False, 'cmake_target': None, 'cmake_target_skip_unavailable': False, 'install_base': '/home/pablo-pc/GITHUB/TFG/project_ws/install/bonxai_wrapper', 'merge_install': False, 'path': '/home/pablo-pc/GITHUB/TFG/project_ws/src/bonxai_wrapper', 'symlink_install': False, 'test_result_base': None}
[0.313s] Level 5:colcon.colcon_core.verb:set package 'location_controller' build argument 'cmake_args' from command line to 'None'
[0.313s] Level 5:colcon.colcon_core.verb:set package 'location_controller' build argument 'cmake_target' from command line to 'None'
[0.313s] Level 5:colcon.colcon_core.verb:set package 'location_controller' build argument 'cmake_target_skip_unavailable' from command line to 'False'
[0.313s] Level 5:colcon.colcon_core.verb:set package 'location_controller' build argument 'cmake_clean_cache' from command line to 'False'
[0.313s] Level 5:colcon.colcon_core.verb:set package 'location_controller' build argument 'cmake_clean_first' from command line to 'False'
[0.313s] Level 5:colcon.colcon_core.verb:set package 'location_controller' build argument 'cmake_force_configure' from command line to 'False'
[0.313s] Level 5:colcon.colcon_core.verb:set package 'location_controller' build argument 'ament_cmake_args' from command line to 'None'
[0.313s] Level 5:colcon.colcon_core.verb:set package 'location_controller' build argument 'catkin_cmake_args' from command line to 'None'
[0.313s] Level 5:colcon.colcon_core.verb:set package 'location_controller' build argument 'catkin_skip_building_tests' from command line to 'False'
[0.313s] DEBUG:colcon.colcon_core.verb:Building package 'location_controller' with the following arguments: {'ament_cmake_args': None, 'build_base': '/home/pablo-pc/GITHUB/TFG/project_ws/build/location_controller', 'catkin_cmake_args': None, 'catkin_skip_building_tests': False, 'cmake_args': None, 'cmake_clean_cache': False, 'cmake_clean_first': False, 'cmake_force_configure': False, 'cmake_target': None, 'cmake_target_skip_unavailable': False, 'install_base': '/home/pablo-pc/GITHUB/TFG/project_ws/install/location_controller', 'merge_install': False, 'path': '/home/pablo-pc/GITHUB/TFG/project_ws/src/location_controller', 'symlink_install': False, 'test_result_base': None}
[0.313s] Level 5:colcon.colcon_core.verb:set package 'mapping_controller' build argument 'cmake_args' from command line to 'None'
[0.314s] Level 5:colcon.colcon_core.verb:set package 'mapping_controller' build argument 'cmake_target' from command line to 'None'
[0.314s] Level 5:colcon.colcon_core.verb:set package 'mapping_controller' build argument 'cmake_target_skip_unavailable' from command line to 'False'
[0.314s] Level 5:colcon.colcon_core.verb:set package 'mapping_controller' build argument 'cmake_clean_cache' from command line to 'False'
[0.314s] Level 5:colcon.colcon_core.verb:set package 'mapping_controller' build argument 'cmake_clean_first' from command line to 'False'
[0.314s] Level 5:colcon.colcon_core.verb:set package 'mapping_controller' build argument 'cmake_force_configure' from command line to 'False'
[0.314s] Level 5:colcon.colcon_core.verb:set package 'mapping_controller' build argument 'ament_cmake_args' from command line to 'None'
[0.314s] Level 5:colcon.colcon_core.verb:set package 'mapping_controller' build argument 'catkin_cmake_args' from command line to 'None'
[0.314s] Level 5:colcon.colcon_core.verb:set package 'mapping_controller' build argument 'catkin_skip_building_tests' from command line to 'False'
[0.314s] DEBUG:colcon.colcon_core.verb:Building package 'mapping_controller' with the following arguments: {'ament_cmake_args': None, 'build_base': '/home/pablo-pc/GITHUB/TFG/project_ws/build/mapping_controller', 'catkin_cmake_args': None, 'catkin_skip_building_tests': False, 'cmake_args': None, 'cmake_clean_cache': False, 'cmake_clean_first': False, 'cmake_force_configure': False, 'cmake_target': None, 'cmake_target_skip_unavailable': False, 'install_base': '/home/pablo-pc/GITHUB/TFG/project_ws/install/mapping_controller', 'merge_install': False, 'path': '/home/pablo-pc/GITHUB/TFG/project_ws/src/mapping_controller', 'symlink_install': False, 'test_result_base': None}
[0.314s] INFO:colcon.colcon_core.executor:Executing jobs using 'parallel' executor
[0.314s] DEBUG:colcon.colcon_parallel_executor.executor.parallel:run_until_complete
[0.315s] INFO:colcon.colcon_ros.task.ament_cmake.build:Building ROS package in '/home/pablo-pc/GITHUB/TFG/project_ws/src/bonxai_wrapper' with build type 'ament_cmake'
[0.315s] INFO:colcon.colcon_cmake.task.cmake.build:Building CMake package in '/home/pablo-pc/GITHUB/TFG/project_ws/src/bonxai_wrapper'
[0.316s] INFO:colcon.colcon_core.plugin_system:Skipping extension 'colcon_core.shell.bat': Not used on non-Windows systems
[0.316s] INFO:colcon.colcon_core.shell:Skip shell extension 'powershell' for command environment: Not usable outside of PowerShell
[0.316s] DEBUG:colcon.colcon_core.shell:Skip shell extension 'dsv' for command environment
[0.318s] INFO:colcon.colcon_ros.task.ament_python.build:Building ROS package in '/home/pablo-pc/GITHUB/TFG/project_ws/src/location_controller' with build type 'ament_python'
[0.319s] Level 1:colcon.colcon_core.shell:create_environment_hook('location_controller', 'ament_prefix_path')
[0.319s] INFO:colcon.colcon_core.shell:Creating environment hook '/home/pablo-pc/GITHUB/TFG/project_ws/install/location_controller/share/location_controller/hook/ament_prefix_path.ps1'
[0.319s] INFO:colcon.colcon_core.shell:Creating environment descriptor '/home/pablo-pc/GITHUB/TFG/project_ws/install/location_controller/share/location_controller/hook/ament_prefix_path.dsv'
[0.320s] INFO:colcon.colcon_core.shell:Creating environment hook '/home/pablo-pc/GITHUB/TFG/project_ws/install/location_controller/share/location_controller/hook/ament_prefix_path.sh'
[0.320s] INFO:colcon.colcon_core.shell:Skip shell extension 'powershell' for command environment: Not usable outside of PowerShell
[0.320s] DEBUG:colcon.colcon_core.shell:Skip shell extension 'dsv' for command environment
[0.326s] DEBUG:colcon.colcon_core.event_handler.log_command:Invoking command in '/home/pablo-pc/GITHUB/TFG/project_ws/build/bonxai_wrapper': CMAKE_PREFIX_PATH=${CMAKE_PREFIX_PATH}:/home/pablo-pc/GITHUB/TFG/project_ws/install/location_controller:/opt/ros/humble /usr/bin/cmake --build /home/pablo-pc/GITHUB/TFG/project_ws/build/bonxai_wrapper -- -j16 -l16
[0.516s] INFO:colcon.colcon_core.task.python.build:Building Python package in '/home/pablo-pc/GITHUB/TFG/project_ws/src/location_controller'
[0.516s] INFO:colcon.colcon_core.shell:Skip shell extension 'powershell' for command environment: Not usable outside of PowerShell
[0.517s] DEBUG:colcon.colcon_core.shell:Skip shell extension 'dsv' for command environment
[0.520s] DEBUG:colcon.colcon_core.event_handler.log_command:Invoked command in '/home/pablo-pc/GITHUB/TFG/project_ws/build/bonxai_wrapper' returned '0': CMAKE_PREFIX_PATH=${CMAKE_PREFIX_PATH}:/home/pablo-pc/GITHUB/TFG/project_ws/install/location_controller:/opt/ros/humble /usr/bin/cmake --build /home/pablo-pc/GITHUB/TFG/project_ws/build/bonxai_wrapper -- -j16 -l16
[0.531s] DEBUG:colcon.colcon_core.event_handler.log_command:Invoking command in '/home/pablo-pc/GITHUB/TFG/project_ws/build/bonxai_wrapper': CMAKE_PREFIX_PATH=${CMAKE_PREFIX_PATH}:/home/pablo-pc/GITHUB/TFG/project_ws/install/location_controller:/opt/ros/humble /usr/bin/cmake --install /home/pablo-pc/GITHUB/TFG/project_ws/build/bonxai_wrapper
[0.544s] Level 1:colcon.colcon_core.environment:create_environment_scripts_only(bonxai_wrapper)
[0.544s] DEBUG:colcon.colcon_core.event_handler.log_command:Invoked command in '/home/pablo-pc/GITHUB/TFG/project_ws/build/bonxai_wrapper' returned '0': CMAKE_PREFIX_PATH=${CMAKE_PREFIX_PATH}:/home/pablo-pc/GITHUB/TFG/project_ws/install/location_controller:/opt/ros/humble /usr/bin/cmake --install /home/pablo-pc/GITHUB/TFG/project_ws/build/bonxai_wrapper
[0.547s] Level 1:colcon.colcon_core.environment:checking '/home/pablo-pc/GITHUB/TFG/project_ws/install/bonxai_wrapper' for CMake module files
[0.548s] Level 1:colcon.colcon_core.environment:checking '/home/pablo-pc/GITHUB/TFG/project_ws/install/bonxai_wrapper' for CMake config files
[0.548s] Level 1:colcon.colcon_core.shell:create_environment_hook('bonxai_wrapper', 'cmake_prefix_path')
[0.548s] INFO:colcon.colcon_core.shell:Creating environment hook '/home/pablo-pc/GITHUB/TFG/project_ws/install/bonxai_wrapper/share/bonxai_wrapper/hook/cmake_prefix_path.ps1'
[0.549s] INFO:colcon.colcon_core.shell:Creating environment descriptor '/home/pablo-pc/GITHUB/TFG/project_ws/install/bonxai_wrapper/share/bonxai_wrapper/hook/cmake_prefix_path.dsv'
[0.550s] INFO:colcon.colcon_core.shell:Creating environment hook '/home/pablo-pc/GITHUB/TFG/project_ws/install/bonxai_wrapper/share/bonxai_wrapper/hook/cmake_prefix_path.sh'
[0.551s] Level 1:colcon.colcon_core.environment:checking '/home/pablo-pc/GITHUB/TFG/project_ws/install/bonxai_wrapper/lib'
[0.551s] Level 1:colcon.colcon_core.environment:checking '/home/pablo-pc/GITHUB/TFG/project_ws/install/bonxai_wrapper/bin'
[0.552s] Level 1:colcon.colcon_core.environment:checking '/home/pablo-pc/GITHUB/TFG/project_ws/install/bonxai_wrapper/lib/pkgconfig/bonxai_wrapper.pc'
[0.552s] Level 1:colcon.colcon_core.environment:checking '/home/pablo-pc/GITHUB/TFG/project_ws/install/bonxai_wrapper/lib/python3.10/site-packages'
[0.552s] Level 1:colcon.colcon_core.environment:checking '/home/pablo-pc/GITHUB/TFG/project_ws/install/bonxai_wrapper/bin'
[0.553s] INFO:colcon.colcon_core.shell:Creating package script '/home/pablo-pc/GITHUB/TFG/project_ws/install/bonxai_wrapper/share/bonxai_wrapper/package.ps1'
[0.554s] INFO:colcon.colcon_core.shell:Creating package descriptor '/home/pablo-pc/GITHUB/TFG/project_ws/install/bonxai_wrapper/share/bonxai_wrapper/package.dsv'
[0.555s] INFO:colcon.colcon_core.shell:Creating package script '/home/pablo-pc/GITHUB/TFG/project_ws/install/bonxai_wrapper/share/bonxai_wrapper/package.sh'
[0.556s] INFO:colcon.colcon_core.shell:Creating package script '/home/pablo-pc/GITHUB/TFG/project_ws/install/bonxai_wrapper/share/bonxai_wrapper/package.bash'
[0.557s] INFO:colcon.colcon_core.shell:Creating package script '/home/pablo-pc/GITHUB/TFG/project_ws/install/bonxai_wrapper/share/bonxai_wrapper/package.zsh'
[0.558s] Level 1:colcon.colcon_core.environment:create_file_with_runtime_dependencies(/home/pablo-pc/GITHUB/TFG/project_ws/install/bonxai_wrapper/share/colcon-core/packages/bonxai_wrapper)
[0.558s] Level 1:colcon.colcon_core.environment:create_environment_scripts_only(bonxai_wrapper)
[0.559s] Level 1:colcon.colcon_core.environment:checking '/home/pablo-pc/GITHUB/TFG/project_ws/install/bonxai_wrapper' for CMake module files
[0.559s] Level 1:colcon.colcon_core.environment:checking '/home/pablo-pc/GITHUB/TFG/project_ws/install/bonxai_wrapper' for CMake config files
[0.559s] Level 1:colcon.colcon_core.shell:create_environment_hook('bonxai_wrapper', 'cmake_prefix_path')
[0.560s] INFO:colcon.colcon_core.shell:Creating environment hook '/home/pablo-pc/GITHUB/TFG/project_ws/install/bonxai_wrapper/share/bonxai_wrapper/hook/cmake_prefix_path.ps1'
[0.560s] INFO:colcon.colcon_core.shell:Creating environment descriptor '/home/pablo-pc/GITHUB/TFG/project_ws/install/bonxai_wrapper/share/bonxai_wrapper/hook/cmake_prefix_path.dsv'
[0.561s] INFO:colcon.colcon_core.shell:Creating environment hook '/home/pablo-pc/GITHUB/TFG/project_ws/install/bonxai_wrapper/share/bonxai_wrapper/hook/cmake_prefix_path.sh'
[0.561s] Level 1:colcon.colcon_core.environment:checking '/home/pablo-pc/GITHUB/TFG/project_ws/install/bonxai_wrapper/lib'
[0.562s] Level 1:colcon.colcon_core.environment:checking '/home/pablo-pc/GITHUB/TFG/project_ws/install/bonxai_wrapper/bin'
[0.562s] Level 1:colcon.colcon_core.environment:checking '/home/pablo-pc/GITHUB/TFG/project_ws/install/bonxai_wrapper/lib/pkgconfig/bonxai_wrapper.pc'
[0.562s] Level 1:colcon.colcon_core.environment:checking '/home/pablo-pc/GITHUB/TFG/project_ws/install/bonxai_wrapper/lib/python3.10/site-packages'
[0.562s] Level 1:colcon.colcon_core.environment:checking '/home/pablo-pc/GITHUB/TFG/project_ws/install/bonxai_wrapper/bin'
[0.562s] INFO:colcon.colcon_core.shell:Creating package script '/home/pablo-pc/GITHUB/TFG/project_ws/install/bonxai_wrapper/share/bonxai_wrapper/package.ps1'
[0.563s] INFO:colcon.colcon_core.shell:Creating package descriptor '/home/pablo-pc/GITHUB/TFG/project_ws/install/bonxai_wrapper/share/bonxai_wrapper/package.dsv'
[0.563s] INFO:colcon.colcon_core.shell:Creating package script '/home/pablo-pc/GITHUB/TFG/project_ws/install/bonxai_wrapper/share/bonxai_wrapper/package.sh'
[0.563s] INFO:colcon.colcon_core.shell:Creating package script '/home/pablo-pc/GITHUB/TFG/project_ws/install/bonxai_wrapper/share/bonxai_wrapper/package.bash'
[0.564s] INFO:colcon.colcon_core.shell:Creating package script '/home/pablo-pc/GITHUB/TFG/project_ws/install/bonxai_wrapper/share/bonxai_wrapper/package.zsh'
[0.564s] Level 1:colcon.colcon_core.environment:create_file_with_runtime_dependencies(/home/pablo-pc/GITHUB/TFG/project_ws/install/bonxai_wrapper/share/colcon-core/packages/bonxai_wrapper)
[0.564s] INFO:colcon.colcon_ros.task.ament_cmake.build:Building ROS package in '/home/pablo-pc/GITHUB/TFG/project_ws/src/mapping_controller' with build type 'ament_cmake'
[0.564s] INFO:colcon.colcon_cmake.task.cmake.build:Building CMake package in '/home/pablo-pc/GITHUB/TFG/project_ws/src/mapping_controller'
[0.565s] INFO:colcon.colcon_core.shell:Skip shell extension 'powershell' for command environment: Not usable outside of PowerShell
[0.565s] DEBUG:colcon.colcon_core.shell:Skip shell extension 'dsv' for command environment
[0.576s] DEBUG:colcon.colcon_core.event_handler.log_command:Invoking command in '/home/pablo-pc/GITHUB/TFG/project_ws/build/mapping_controller': CMAKE_PREFIX_PATH=/home/pablo-pc/GITHUB/TFG/project_ws/install/bonxai_wrapper:/home/pablo-pc/GITHUB/TFG/project_ws/install/mapping_controller:/home/pablo-pc/GITHUB/TFG/project_ws/install/location_controller:/opt/ros/humble /usr/bin/cmake --build /home/pablo-pc/GITHUB/TFG/project_ws/build/mapping_controller -- -j16 -l16
[0.808s] DEBUG:colcon.colcon_core.event_handler.log_command:Invoking command in '/home/pablo-pc/GITHUB/TFG/project_ws/src/location_controller': PYTHONPATH=/home/pablo-pc/GITHUB/TFG/project_ws/build/location_controller/prefix_override:/usr/lib/python3/dist-packages/colcon_core/task/python/colcon_distutils_commands:/home/pablo-pc/GITHUB/TFG/project_ws/install/location_controller/lib/python3.10/site-packages:${PYTHONPATH} /usr/bin/python3 -W ignore:setup.py install is deprecated -W ignore:easy_install command is deprecated setup.py egg_info --egg-base ../../build/location_controller build --build-base /home/pablo-pc/GITHUB/TFG/project_ws/build/location_controller/build install --record /home/pablo-pc/GITHUB/TFG/project_ws/build/location_controller/install.log --single-version-externally-managed install_data
[1.024s] Level 1:colcon.colcon_core.environment:checking '/home/pablo-pc/GITHUB/TFG/project_ws/install/location_controller' for CMake module files
[1.025s] DEBUG:colcon.colcon_core.event_handler.log_command:Invoked command in '/home/pablo-pc/GITHUB/TFG/project_ws/src/location_controller' returned '0': PYTHONPATH=/home/pablo-pc/GITHUB/TFG/project_ws/build/location_controller/prefix_override:/usr/lib/python3/dist-packages/colcon_core/task/python/colcon_distutils_commands:/home/pablo-pc/GITHUB/TFG/project_ws/install/location_controller/lib/python3.10/site-packages:${PYTHONPATH} /usr/bin/python3 -W ignore:setup.py install is deprecated -W ignore:easy_install command is deprecated setup.py egg_info --egg-base ../../build/location_controller build --build-base /home/pablo-pc/GITHUB/TFG/project_ws/build/location_controller/build install --record /home/pablo-pc/GITHUB/TFG/project_ws/build/location_controller/install.log --single-version-externally-managed install_data
[1.025s] Level 1:colcon.colcon_core.environment:checking '/home/pablo-pc/GITHUB/TFG/project_ws/install/location_controller' for CMake config files
[1.026s] Level 1:colcon.colcon_core.environment:checking '/home/pablo-pc/GITHUB/TFG/project_ws/install/location_controller/lib'
[1.026s] Level 1:colcon.colcon_core.environment:checking '/home/pablo-pc/GITHUB/TFG/project_ws/install/location_controller/bin'
[1.026s] Level 1:colcon.colcon_core.environment:checking '/home/pablo-pc/GITHUB/TFG/project_ws/install/location_controller/lib/pkgconfig/location_controller.pc'
[1.026s] Level 1:colcon.colcon_core.environment:checking '/home/pablo-pc/GITHUB/TFG/project_ws/install/location_controller/lib/python3.10/site-packages'
[1.026s] Level 1:colcon.colcon_core.shell:create_environment_hook('location_controller', 'pythonpath')
[1.026s] INFO:colcon.colcon_core.shell:Creating environment hook '/home/pablo-pc/GITHUB/TFG/project_ws/install/location_controller/share/location_controller/hook/pythonpath.ps1'
[1.027s] INFO:colcon.colcon_core.shell:Creating environment descriptor '/home/pablo-pc/GITHUB/TFG/project_ws/install/location_controller/share/location_controller/hook/pythonpath.dsv'
[1.027s] INFO:colcon.colcon_core.shell:Creating environment hook '/home/pablo-pc/GITHUB/TFG/project_ws/install/location_controller/share/location_controller/hook/pythonpath.sh'
[1.028s] Level 1:colcon.colcon_core.environment:checking '/home/pablo-pc/GITHUB/TFG/project_ws/install/location_controller/bin'
[1.028s] Level 1:colcon.colcon_core.environment:create_environment_scripts_only(location_controller)
[1.028s] INFO:colcon.colcon_core.shell:Creating package script '/home/pablo-pc/GITHUB/TFG/project_ws/install/location_controller/share/location_controller/package.ps1'
[1.029s] INFO:colcon.colcon_core.shell:Creating package descriptor '/home/pablo-pc/GITHUB/TFG/project_ws/install/location_controller/share/location_controller/package.dsv'
[1.029s] INFO:colcon.colcon_core.shell:Creating package script '/home/pablo-pc/GITHUB/TFG/project_ws/install/location_controller/share/location_controller/package.sh'
[1.029s] INFO:colcon.colcon_core.shell:Creating package script '/home/pablo-pc/GITHUB/TFG/project_ws/install/location_controller/share/location_controller/package.bash'
[1.029s] INFO:colcon.colcon_core.shell:Creating package script '/home/pablo-pc/GITHUB/TFG/project_ws/install/location_controller/share/location_controller/package.zsh'
[1.030s] Level 1:colcon.colcon_core.environment:create_file_with_runtime_dependencies(/home/pablo-pc/GITHUB/TFG/project_ws/install/location_controller/share/colcon-core/packages/location_controller)
[13.949s] DEBUG:colcon.colcon_core.event_handler.log_command:Invoked command in '/home/pablo-pc/GITHUB/TFG/project_ws/build/mapping_controller' returned '0': CMAKE_PREFIX_PATH=/home/pablo-pc/GITHUB/TFG/project_ws/install/bonxai_wrapper:/home/pablo-pc/GITHUB/TFG/project_ws/install/mapping_controller:/home/pablo-pc/GITHUB/TFG/project_ws/install/location_controller:/opt/ros/humble /usr/bin/cmake --build /home/pablo-pc/GITHUB/TFG/project_ws/build/mapping_controller -- -j16 -l16
[13.951s] DEBUG:colcon.colcon_core.event_handler.log_command:Invoking command in '/home/pablo-pc/GITHUB/TFG/project_ws/build/mapping_controller': CMAKE_PREFIX_PATH=/home/pablo-pc/GITHUB/TFG/project_ws/install/bonxai_wrapper:/home/pablo-pc/GITHUB/TFG/project_ws/install/mapping_controller:/home/pablo-pc/GITHUB/TFG/project_ws/install/location_controller:/opt/ros/humble /usr/bin/cmake --install /home/pablo-pc/GITHUB/TFG/project_ws/build/mapping_controller
[13.968s] Level 1:colcon.colcon_core.environment:create_environment_scripts_only(mapping_controller)
[13.969s] Level 1:colcon.colcon_core.environment:checking '/home/pablo-pc/GITHUB/TFG/project_ws/install/mapping_controller' for CMake module files
[13.969s] DEBUG:colcon.colcon_core.event_handler.log_command:Invoked command in '/home/pablo-pc/GITHUB/TFG/project_ws/build/mapping_controller' returned '0': CMAKE_PREFIX_PATH=/home/pablo-pc/GITHUB/TFG/project_ws/install/bonxai_wrapper:/home/pablo-pc/GITHUB/TFG/project_ws/install/mapping_controller:/home/pablo-pc/GITHUB/TFG/project_ws/install/location_controller:/opt/ros/humble /usr/bin/cmake --install /home/pablo-pc/GITHUB/TFG/project_ws/build/mapping_controller
[13.970s] Level 1:colcon.colcon_core.environment:checking '/home/pablo-pc/GITHUB/TFG/project_ws/install/mapping_controller' for CMake config files
[13.970s] Level 1:colcon.colcon_core.shell:create_environment_hook('mapping_controller', 'cmake_prefix_path')
[13.970s] INFO:colcon.colcon_core.shell:Creating environment hook '/home/pablo-pc/GITHUB/TFG/project_ws/install/mapping_controller/share/mapping_controller/hook/cmake_prefix_path.ps1'
[13.971s] INFO:colcon.colcon_core.shell:Creating environment descriptor '/home/pablo-pc/GITHUB/TFG/project_ws/install/mapping_controller/share/mapping_controller/hook/cmake_prefix_path.dsv'
[13.971s] INFO:colcon.colcon_core.shell:Creating environment hook '/home/pablo-pc/GITHUB/TFG/project_ws/install/mapping_controller/share/mapping_controller/hook/cmake_prefix_path.sh'
[13.972s] Level 1:colcon.colcon_core.environment:checking '/home/pablo-pc/GITHUB/TFG/project_ws/install/mapping_controller/lib'
[13.972s] Level 1:colcon.colcon_core.environment:checking '/home/pablo-pc/GITHUB/TFG/project_ws/install/mapping_controller/bin'
[13.972s] Level 1:colcon.colcon_core.environment:checking '/home/pablo-pc/GITHUB/TFG/project_ws/install/mapping_controller/lib/pkgconfig/mapping_controller.pc'
[13.972s] Level 1:colcon.colcon_core.environment:checking '/home/pablo-pc/GITHUB/TFG/project_ws/install/mapping_controller/lib/python3.10/site-packages'
[13.973s] Level 1:colcon.colcon_core.environment:checking '/home/pablo-pc/GITHUB/TFG/project_ws/install/mapping_controller/bin'
[13.973s] INFO:colcon.colcon_core.shell:Creating package script '/home/pablo-pc/GITHUB/TFG/project_ws/install/mapping_controller/share/mapping_controller/package.ps1'
[13.973s] INFO:colcon.colcon_core.shell:Creating package descriptor '/home/pablo-pc/GITHUB/TFG/project_ws/install/mapping_controller/share/mapping_controller/package.dsv'
[13.974s] INFO:colcon.colcon_core.shell:Creating package script '/home/pablo-pc/GITHUB/TFG/project_ws/install/mapping_controller/share/mapping_controller/package.sh'
[13.974s] INFO:colcon.colcon_core.shell:Creating package script '/home/pablo-pc/GITHUB/TFG/project_ws/install/mapping_controller/share/mapping_controller/package.bash'
[13.974s] INFO:colcon.colcon_core.shell:Creating package script '/home/pablo-pc/GITHUB/TFG/project_ws/install/mapping_controller/share/mapping_controller/package.zsh'
[13.974s] Level 1:colcon.colcon_core.environment:create_file_with_runtime_dependencies(/home/pablo-pc/GITHUB/TFG/project_ws/install/mapping_controller/share/colcon-core/packages/mapping_controller)
[13.975s] Level 1:colcon.colcon_core.environment:create_environment_scripts_only(mapping_controller)
[13.975s] Level 1:colcon.colcon_core.environment:checking '/home/pablo-pc/GITHUB/TFG/project_ws/install/mapping_controller' for CMake module files
[13.975s] Level 1:colcon.colcon_core.environment:checking '/home/pablo-pc/GITHUB/TFG/project_ws/install/mapping_controller' for CMake config files
[13.975s] Level 1:colcon.colcon_core.shell:create_environment_hook('mapping_controller', 'cmake_prefix_path')
[13.976s] INFO:colcon.colcon_core.shell:Creating environment hook '/home/pablo-pc/GITHUB/TFG/project_ws/install/mapping_controller/share/mapping_controller/hook/cmake_prefix_path.ps1'
[13.976s] INFO:colcon.colcon_core.shell:Creating environment descriptor '/home/pablo-pc/GITHUB/TFG/project_ws/install/mapping_controller/share/mapping_controller/hook/cmake_prefix_path.dsv'
[13.976s] INFO:colcon.colcon_core.shell:Creating environment hook '/home/pablo-pc/GITHUB/TFG/project_ws/install/mapping_controller/share/mapping_controller/hook/cmake_prefix_path.sh'
[13.977s] Level 1:colcon.colcon_core.environment:checking '/home/pablo-pc/GITHUB/TFG/project_ws/install/mapping_controller/lib'
[13.977s] Level 1:colcon.colcon_core.environment:checking '/home/pablo-pc/GITHUB/TFG/project_ws/install/mapping_controller/bin'
[13.977s] Level 1:colcon.colcon_core.environment:checking '/home/pablo-pc/GITHUB/TFG/project_ws/install/mapping_controller/lib/pkgconfig/mapping_controller.pc'
[13.977s] Level 1:colcon.colcon_core.environment:checking '/home/pablo-pc/GITHUB/TFG/project_ws/install/mapping_controller/lib/python3.10/site-packages'
[13.977s] Level 1:colcon.colcon_core.environment:checking '/home/pablo-pc/GITHUB/TFG/project_ws/install/mapping_controller/bin'
[13.977s] INFO:colcon.colcon_core.shell:Creating package script '/home/pablo-pc/GITHUB/TFG/project_ws/install/mapping_controller/share/mapping_controller/package.ps1'
[13.978s] INFO:colcon.colcon_core.shell:Creating package descriptor '/home/pablo-pc/GITHUB/TFG/project_ws/install/mapping_controller/share/mapping_controller/package.dsv'
[13.978s] INFO:colcon.colcon_core.shell:Creating package script '/home/pablo-pc/GITHUB/TFG/project_ws/install/mapping_controller/share/mapping_controller/package.sh'
[13.978s] INFO:colcon.colcon_core.shell:Creating package script '/home/pablo-pc/GITHUB/TFG/project_ws/install/mapping_controller/share/mapping_controller/package.bash'
[13.979s] INFO:colcon.colcon_core.shell:Creating package script '/home/pablo-pc/GITHUB/TFG/project_ws/install/mapping_controller/share/mapping_controller/package.zsh'
[13.979s] Level 1:colcon.colcon_core.environment:create_file_with_runtime_dependencies(/home/pablo-pc/GITHUB/TFG/project_ws/install/mapping_controller/share/colcon-core/packages/mapping_controller)
[13.979s] DEBUG:colcon.colcon_parallel_executor.executor.parallel:closing loop
[13.979s] DEBUG:colcon.colcon_parallel_executor.executor.parallel:loop closed
[13.979s] DEBUG:colcon.colcon_parallel_executor.executor.parallel:run_until_complete finished with '0'
[13.979s] DEBUG:colcon.colcon_core.event_reactor:joining thread
[13.984s] INFO:colcon.colcon_core.plugin_system:Skipping extension 'colcon_notification.desktop_notification.terminal_notifier': Not used on non-Darwin systems
[13.984s] INFO:colcon.colcon_core.plugin_system:Skipping extension 'colcon_notification.desktop_notification.win32': Not used on non-Windows systems
[13.984s] INFO:colcon.colcon_notification.desktop_notification:Sending desktop notification using 'notify2'
[13.996s] DEBUG:colcon.colcon_core.event_reactor:joined thread
[13.996s] INFO:colcon.colcon_core.shell:Creating prefix script '/home/pablo-pc/GITHUB/TFG/project_ws/install/local_setup.ps1'
[13.997s] INFO:colcon.colcon_core.shell:Creating prefix util module '/home/pablo-pc/GITHUB/TFG/project_ws/install/_local_setup_util_ps1.py'
[13.998s] INFO:colcon.colcon_core.shell:Creating prefix chain script '/home/pablo-pc/GITHUB/TFG/project_ws/install/setup.ps1'
[13.999s] INFO:colcon.colcon_core.shell:Creating prefix script '/home/pablo-pc/GITHUB/TFG/project_ws/install/local_setup.sh'
[14.000s] INFO:colcon.colcon_core.shell:Creating prefix util module '/home/pablo-pc/GITHUB/TFG/project_ws/install/_local_setup_util_sh.py'
[14.001s] INFO:colcon.colcon_core.shell:Creating prefix chain script '/home/pablo-pc/GITHUB/TFG/project_ws/install/setup.sh'
[14.002s] INFO:colcon.colcon_core.shell:Creating prefix script '/home/pablo-pc/GITHUB/TFG/project_ws/install/local_setup.bash'
[14.002s] INFO:colcon.colcon_core.shell:Creating prefix chain script '/home/pablo-pc/GITHUB/TFG/project_ws/install/setup.bash'
[14.003s] INFO:colcon.colcon_core.shell:Creating prefix script '/home/pablo-pc/GITHUB/TFG/project_ws/install/local_setup.zsh'
[14.003s] INFO:colcon.colcon_core.shell:Creating prefix chain script '/home/pablo-pc/GITHUB/TFG/project_ws/install/setup.zsh'
