[0.006s] Invoking command in '/home/pablo-pc/GITHUB/TFG/project_ws/build/mapping_controller': CMAKE_PREFIX_PATH=/home/pablo-pc/GITHUB/TFG/project_ws/install/bonxai_wrapper:/home/pablo-pc/GITHUB/TFG/project_ws/install/mapping_controller:/home/pablo-pc/GITHUB/TFG/project_ws/install/location_controller:/opt/ros/humble /usr/bin/cmake --build /home/pablo-pc/GITHUB/TFG/project_ws/build/mapping_controller -- -j16 -l16
[0.050s] [35m[1mConsolidate compiler generated dependencies of target mapping_node[0m
[0.071s] [ 50%] [32mBuilding CXX object CMakeFiles/mapping_node.dir/src/mapping_node.cpp.o[0m
[9.285s] [100%] [32m[1mLinking CXX executable mapping_node[0m
[10.202s] [100%] Built target mapping_node
[10.211s] Invoked command in '/home/pablo-pc/GITHUB/TFG/project_ws/build/mapping_controller' returned '0': CMAKE_PREFIX_PATH=/home/pablo-pc/GITHUB/TFG/project_ws/install/bonxai_wrapper:/home/pablo-pc/GITHUB/TFG/project_ws/install/mapping_controller:/home/pablo-pc/GITHUB/TFG/project_ws/install/location_controller:/opt/ros/humble /usr/bin/cmake --build /home/pablo-pc/GITHUB/TFG/project_ws/build/mapping_controller -- -j16 -l16
[10.212s] Invoking command in '/home/pablo-pc/GITHUB/TFG/project_ws/build/mapping_controller': CMAKE_PREFIX_PATH=/home/pablo-pc/GITHUB/TFG/project_ws/install/bonxai_wrapper:/home/pablo-pc/GITHUB/TFG/project_ws/install/mapping_controller:/home/pablo-pc/GITHUB/TFG/project_ws/install/location_controller:/opt/ros/humble /usr/bin/cmake --install /home/pablo-pc/GITHUB/TFG/project_ws/build/mapping_controller
[10.217s] -- Install configuration: ""
[10.217s] -- Installing: /home/pablo-pc/GITHUB/TFG/project_ws/install/mapping_controller/lib/mapping_controller/mapping_node
[10.221s] -- Set runtime path of "/home/pablo-pc/GITHUB/TFG/project_ws/install/mapping_controller/lib/mapping_controller/mapping_node" to ""
[10.221s] -- Up-to-date: /home/pablo-pc/GITHUB/TFG/project_ws/install/mapping_controller/share/ament_index/resource_index/package_run_dependencies/mapping_controller
[10.221s] -- Up-to-date: /home/pablo-pc/GITHUB/TFG/project_ws/install/mapping_controller/share/ament_index/resource_index/parent_prefix_path/mapping_controller
[10.221s] -- Up-to-date: /home/pablo-pc/GITHUB/TFG/project_ws/install/mapping_controller/share/mapping_controller/environment/ament_prefix_path.sh
[10.222s] -- Up-to-date: /home/pablo-pc/GITHUB/TFG/project_ws/install/mapping_controller/share/mapping_controller/environment/ament_prefix_path.dsv
[10.222s] -- Up-to-date: /home/pablo-pc/GITHUB/TFG/project_ws/install/mapping_controller/share/mapping_controller/environment/path.sh
[10.222s] -- Up-to-date: /home/pablo-pc/GITHUB/TFG/project_ws/install/mapping_controller/share/mapping_controller/environment/path.dsv
[10.222s] -- Up-to-date: /home/pablo-pc/GITHUB/TFG/project_ws/install/mapping_controller/share/mapping_controller/local_setup.bash
[10.222s] -- Up-to-date: /home/pablo-pc/GITHUB/TFG/project_ws/install/mapping_controller/share/mapping_controller/local_setup.sh
[10.222s] -- Up-to-date: /home/pablo-pc/GITHUB/TFG/project_ws/install/mapping_controller/share/mapping_controller/local_setup.zsh
[10.222s] -- Up-to-date: /home/pablo-pc/GITHUB/TFG/project_ws/install/mapping_controller/share/mapping_controller/local_setup.dsv
[10.222s] -- Installing: /home/pablo-pc/GITHUB/TFG/project_ws/install/mapping_controller/share/mapping_controller/package.dsv
[10.222s] -- Up-to-date: /home/pablo-pc/GITHUB/TFG/project_ws/install/mapping_controller/share/ament_index/resource_index/packages/mapping_controller
[10.222s] -- Up-to-date: /home/pablo-pc/GITHUB/TFG/project_ws/install/mapping_controller/share/mapping_controller/cmake/mapping_controllerConfig.cmake
[10.222s] -- Up-to-date: /home/pablo-pc/GITHUB/TFG/project_ws/install/mapping_controller/share/mapping_controller/cmake/mapping_controllerConfig-version.cmake
[10.222s] -- Up-to-date: /home/pablo-pc/GITHUB/TFG/project_ws/install/mapping_controller/share/mapping_controller/package.xml
[10.223s] Invoked command in '/home/pablo-pc/GITHUB/TFG/project_ws/build/mapping_controller' returned '0': CMAKE_PREFIX_PATH=/home/pablo-pc/GITHUB/TFG/project_ws/install/bonxai_wrapper:/home/pablo-pc/GITHUB/TFG/project_ws/install/mapping_controller:/home/pablo-pc/GITHUB/TFG/project_ws/install/location_controller:/opt/ros/humble /usr/bin/cmake --install /home/pablo-pc/GITHUB/TFG/project_ws/build/mapping_controller
