running develop
Removing /home/pablo-portatil/GITHUB/TFG/project_ws/install/location_controller/lib/python3.10/site-packages/location-controller.egg-link (link to .)
running egg_info
writing ../../build/location_controller/location_controller.egg-info/PKG-INFO
writing dependency_links to ../../build/location_controller/location_controller.egg-info/dependency_links.txt
writing entry points to ../../build/location_controller/location_controller.egg-info/entry_points.txt
writing requirements to ../../build/location_controller/location_controller.egg-info/requires.txt
writing top-level names to ../../build/location_controller/location_controller.egg-info/top_level.txt
reading manifest file '../../build/location_controller/location_controller.egg-info/SOURCES.txt'
writing manifest file '../../build/location_controller/location_controller.egg-info/SOURCES.txt'
running build
running build_py
running install
running install_lib
creating /home/pablo-portatil/GITHUB/TFG/project_ws/install/location_controller/lib/python3.10/site-packages/location_controller
copying /home/pablo-portatil/GITHUB/TFG/project_ws/build/location_controller/build/lib/location_controller/location_node.py -> /home/pablo-portatil/GITHUB/TFG/project_ws/install/location_controller/lib/python3.10/site-packages/location_controller
copying /home/pablo-portatil/GITHUB/TFG/project_ws/build/location_controller/build/lib/location_controller/location_module.py -> /home/pablo-portatil/GITHUB/TFG/project_ws/install/location_controller/lib/python3.10/site-packages/location_controller
copying /home/pablo-portatil/GITHUB/TFG/project_ws/build/location_controller/build/lib/location_controller/cloud_converter.py -> /home/pablo-portatil/GITHUB/TFG/project_ws/install/location_controller/lib/python3.10/site-packages/location_controller
copying /home/pablo-portatil/GITHUB/TFG/project_ws/build/location_controller/build/lib/location_controller/pointcloud2_converter.py -> /home/pablo-portatil/GITHUB/TFG/project_ws/install/location_controller/lib/python3.10/site-packages/location_controller
copying /home/pablo-portatil/GITHUB/TFG/project_ws/build/location_controller/build/lib/location_controller/__init__.py -> /home/pablo-portatil/GITHUB/TFG/project_ws/install/location_controller/lib/python3.10/site-packages/location_controller
copying /home/pablo-portatil/GITHUB/TFG/project_ws/build/location_controller/build/lib/location_controller/noisy_cloud.py -> /home/pablo-portatil/GITHUB/TFG/project_ws/install/location_controller/lib/python3.10/site-packages/location_controller
byte-compiling /home/pablo-portatil/GITHUB/TFG/project_ws/install/location_controller/lib/python3.10/site-packages/location_controller/location_node.py to location_node.cpython-310.pyc
byte-compiling /home/pablo-portatil/GITHUB/TFG/project_ws/install/location_controller/lib/python3.10/site-packages/location_controller/location_module.py to location_module.cpython-310.pyc
byte-compiling /home/pablo-portatil/GITHUB/TFG/project_ws/install/location_controller/lib/python3.10/site-packages/location_controller/cloud_converter.py to cloud_converter.cpython-310.pyc
byte-compiling /home/pablo-portatil/GITHUB/TFG/project_ws/install/location_controller/lib/python3.10/site-packages/location_controller/pointcloud2_converter.py to pointcloud2_converter.cpython-310.pyc
byte-compiling /home/pablo-portatil/GITHUB/TFG/project_ws/install/location_controller/lib/python3.10/site-packages/location_controller/__init__.py to __init__.cpython-310.pyc
byte-compiling /home/pablo-portatil/GITHUB/TFG/project_ws/install/location_controller/lib/python3.10/site-packages/location_controller/noisy_cloud.py to noisy_cloud.cpython-310.pyc
running install_data
copying resource/location_controller -> /home/pablo-portatil/GITHUB/TFG/project_ws/install/location_controller/share/ament_index/resource_index/packages
copying package.xml -> /home/pablo-portatil/GITHUB/TFG/project_ws/install/location_controller/share/location_controller
running install_egg_info
Copying ../../build/location_controller/location_controller.egg-info to /home/pablo-portatil/GITHUB/TFG/project_ws/install/location_controller/lib/python3.10/site-packages/location_controller-0.0.0-py3.10.egg-info
running install_scripts
writing list of installed files to '/home/pablo-portatil/GITHUB/TFG/project_ws/build/location_controller/install.log'
