[0.009s] Invoking command in '/home/pablo-pc/GITHUB/TFG/project_ws/build/bonxai_wrapper': CMAKE_PREFIX_PATH=${CMAKE_PREFIX_PATH}:/home/pablo-pc/GITHUB/TFG/project_ws/install/location_controller:/opt/ros/humble /usr/bin/cmake /home/pablo-pc/GITHUB/TFG/project_ws/src/bonxai_wrapper -DCMAKE_INSTALL_PREFIX=/home/pablo-pc/GITHUB/TFG/project_ws/install/bonxai_wrapper
[0.077s] -- The C compiler identification is GNU 11.4.0
[0.142s] -- The CXX compiler identification is GNU 11.4.0
[0.147s] -- Detecting C compiler ABI info
[0.228s] -- Detecting C compiler ABI info - done
[0.239s] -- Check for working C compiler: /usr/bin/cc - skipped
[0.239s] -- Detecting C compile features
[0.240s] -- Detecting C compile features - done
[0.244s] -- Detecting CXX compiler ABI info
[0.329s] -- Detecting CXX compiler ABI info - done
[0.338s] -- Check for working CXX compiler: /usr/bin/c++ - skipped
[0.338s] -- Detecting CXX compile features
[0.339s] -- Detecting CXX compile features - done
[0.340s] -- Found ament_cmake: 1.3.11 (/opt/ros/humble/share/ament_cmake/cmake)
[0.486s] -- Found Python3: /usr/bin/python3 (found version "3.10.12") found components: Interpreter 
[0.553s] -- Found rclcpp: 16.0.12 (/opt/ros/humble/share/rclcpp/cmake)
[0.584s] -- Found rosidl_generator_c: 3.1.6 (/opt/ros/humble/share/rosidl_generator_c/cmake)
[0.586s] -- Found rosidl_adapter: 3.1.6 (/opt/ros/humble/share/rosidl_adapter/cmake)
[0.591s] -- Found rosidl_generator_cpp: 3.1.6 (/opt/ros/humble/share/rosidl_generator_cpp/cmake)
[0.598s] -- Using all available rosidl_typesupport_c: rosidl_typesupport_fastrtps_c;rosidl_typesupport_introspection_c
[0.608s] -- Using all available rosidl_typesupport_cpp: rosidl_typesupport_fastrtps_cpp;rosidl_typesupport_introspection_cpp
[0.633s] -- Found rmw_implementation_cmake: 6.1.2 (/opt/ros/humble/share/rmw_implementation_cmake/cmake)
[0.636s] -- Found rmw_fastrtps_cpp: 6.2.7 (/opt/ros/humble/share/rmw_fastrtps_cpp/cmake)
[0.716s] -- Found OpenSSL: /usr/lib/x86_64-linux-gnu/libcrypto.so (found version "3.0.2")  
[0.748s] -- Found FastRTPS: /opt/ros/humble/include  
[0.776s] -- Using RMW implementation 'rmw_fastrtps_cpp' as default
[0.780s] -- Looking for pthread.h
[0.855s] -- Looking for pthread.h - found
[0.855s] -- Performing Test CMAKE_HAVE_LIBC_PTHREAD
[0.939s] -- Performing Test CMAKE_HAVE_LIBC_PTHREAD - Success
[0.940s] -- Found Threads: TRUE  
[0.978s] -- Found rclcpp_components: 16.0.12 (/opt/ros/humble/share/rclcpp_components/cmake)
[1.027s] -- Found sensor_msgs: 4.8.0 (/opt/ros/humble/share/sensor_msgs/cmake)
[1.064s] -- Found std_srvs: 4.8.0 (/opt/ros/humble/share/std_srvs/cmake)
[1.070s] -- Found tf2_ros: 0.25.12 (/opt/ros/humble/share/tf2_ros/cmake)
[1.114s] -- Found pcl_conversions: 2.4.5 (/opt/ros/humble/share/pcl_conversions/cmake)
[1.140s] -- Checking for module 'eigen3'
[1.153s] --   Found eigen3, version 3.4.0
[1.198s] -- Found Eigen: /usr/include/eigen3 (Required is at least version "3.1") 
[1.198s] -- Eigen found (include: /usr/include/eigen3, version: 3.4.0)
[1.225s] -- Checking for module 'flann'
[1.240s] --   Found flann, version 1.9.1
[1.293s] -- Found FLANN: /usr/lib/x86_64-linux-gnu/libflann_cpp.so  
[1.293s] -- FLANN found (include: /usr/include, lib: /usr/lib/x86_64-linux-gnu/libflann_cpp.so)
[2.365s] -- Checking for module 'libusb-1.0'
[2.387s] --   Found libusb-1.0, version 1.0.25
[2.438s] -- Found libusb: /usr/lib/x86_64-linux-gnu/libusb-1.0.so  
[2.440s] -- OpenNI found (version: 1.5.4.0, include: /usr/include/ni, lib: /usr/lib/libOpenNI.so;libusb::libusb)
[2.522s] -- OpenNI2 found (version: 2.2.0.33, include: /usr/include/openni2, lib: /usr/lib/x86_64-linux-gnu/libOpenNI2.so;libusb::libusb)
[2.655s] -- Eigen found (include: /usr/include/eigen3, version: 3.4.0)
[2.661s] -- OpenNI found (version: 1.5.4.0, include: /usr/include/ni, lib: /usr/lib/libOpenNI.so;libusb::libusb)
[2.666s] -- OpenNI2 found (version: 2.2.0.33, include: /usr/include/openni2, lib: /usr/lib/x86_64-linux-gnu/libOpenNI2.so;libusb::libusb)
[2.779s] -- Found Qhull version 8.0.2
[2.894s] -- OpenNI found (version: 1.5.4.0, include: /usr/include/ni, lib: /usr/lib/libOpenNI.so;libusb::libusb)
[3.008s] -- Found PCL_COMMON: /usr/lib/x86_64-linux-gnu/libpcl_common.so  
[3.008s] -- Found PCL_KDTREE: /usr/lib/x86_64-linux-gnu/libpcl_kdtree.so  
[3.009s] -- Found PCL_OCTREE: /usr/lib/x86_64-linux-gnu/libpcl_octree.so  
[3.009s] -- Found PCL_SEARCH: /usr/lib/x86_64-linux-gnu/libpcl_search.so  
[3.010s] -- Found PCL_SAMPLE_CONSENSUS: /usr/lib/x86_64-linux-gnu/libpcl_sample_consensus.so  
[3.011s] -- Found PCL_FILTERS: /usr/lib/x86_64-linux-gnu/libpcl_filters.so  
[3.011s] -- Found PCL_2D: /usr/include/pcl-1.12  
[3.011s] -- Found PCL_GEOMETRY: /usr/include/pcl-1.12  
[3.012s] -- Found PCL_IO: /usr/lib/x86_64-linux-gnu/libpcl_io.so  
[3.012s] -- Found PCL_FEATURES: /usr/lib/x86_64-linux-gnu/libpcl_features.so  
[3.013s] -- Found PCL_ML: /usr/lib/x86_64-linux-gnu/libpcl_ml.so  
[3.013s] -- Found PCL_SEGMENTATION: /usr/lib/x86_64-linux-gnu/libpcl_segmentation.so  
[3.014s] -- Found PCL_VISUALIZATION: /usr/lib/x86_64-linux-gnu/libpcl_visualization.so  
[3.015s] -- Found PCL_SURFACE: /usr/lib/x86_64-linux-gnu/libpcl_surface.so  
[3.015s] -- Found PCL_REGISTRATION: /usr/lib/x86_64-linux-gnu/libpcl_registration.so  
[3.016s] -- Found PCL_KEYPOINTS: /usr/lib/x86_64-linux-gnu/libpcl_keypoints.so  
[3.016s] -- Found PCL_TRACKING: /usr/lib/x86_64-linux-gnu/libpcl_tracking.so  
[3.017s] -- Found PCL_RECOGNITION: /usr/lib/x86_64-linux-gnu/libpcl_recognition.so  
[3.018s] -- Found PCL_STEREO: /usr/lib/x86_64-linux-gnu/libpcl_stereo.so  
[3.018s] -- Found PCL_APPS: /usr/lib/x86_64-linux-gnu/libpcl_apps.so  
[3.019s] -- Found PCL_IN_HAND_SCANNER: /usr/include/pcl-1.12  
[3.019s] -- Found PCL_MODELER: /usr/include/pcl-1.12  
[3.019s] -- Found PCL_POINT_CLOUD_EDITOR: /usr/include/pcl-1.12  
[3.020s] -- Found PCL_OUTOFCORE: /usr/lib/x86_64-linux-gnu/libpcl_outofcore.so  
[3.021s] -- Found PCL_PEOPLE: /usr/lib/x86_64-linux-gnu/libpcl_people.so  
[3.028s] -- Found tf2_eigen: 0.25.12 (/opt/ros/humble/share/tf2_eigen/cmake)
[3.045s] -- Found ament_lint_auto: 0.12.12 (/opt/ros/humble/share/ament_lint_auto/cmake)
[3.104s] -- Added test 'cppcheck' to perform static code analysis on C / C++ code
[3.105s] -- Configured cppcheck include dirs: /home/pablo-pc/GITHUB/TFG/project_ws/src/bonxai_wrapper/Bonxai/bonxai_ros/include;/home/pablo-pc/GITHUB/TFG/project_ws/src/bonxai_wrapper/Bonxai/bonxai_map/include;/home/pablo-pc/GITHUB/TFG/project_ws/src/bonxai_wrapper/onxai/bonxai_core/include;$<BUILD_INTERFACE:/home/pablo-pc/GITHUB/TFG/project_ws/src/bonxai_wrapper/Bonxai/bonxai_map/include>;$<BUILD_INTERFACE:/home/pablo-pc/GITHUB/TFG/project_ws/src/bonxai_wrapper/Bonxai/bonxai_core/include>
[3.105s] -- Configured cppcheck exclude dirs and/or files: 
[3.105s] -- Added test 'flake8' to check Python code syntax and style conventions
[3.106s] -- Added test 'lint_cmake' to check CMake code style
[3.106s] -- Added test 'pep257' to check Python code against some of the docstring style conventions in PEP 257
[3.108s] -- Added test 'uncrustify' to check C / C++ code style
[3.109s] -- Configured uncrustify additional arguments: 
[3.109s] -- Added test 'xmllint' to check XML markup files
[3.110s] -- Configuring done
[3.136s] -- Generating done
[3.146s] -- Build files have been written to: /home/pablo-pc/GITHUB/TFG/project_ws/build/bonxai_wrapper
[3.158s] Invoked command in '/home/pablo-pc/GITHUB/TFG/project_ws/build/bonxai_wrapper' returned '0': CMAKE_PREFIX_PATH=${CMAKE_PREFIX_PATH}:/home/pablo-pc/GITHUB/TFG/project_ws/install/location_controller:/opt/ros/humble /usr/bin/cmake /home/pablo-pc/GITHUB/TFG/project_ws/src/bonxai_wrapper -DCMAKE_INSTALL_PREFIX=/home/pablo-pc/GITHUB/TFG/project_ws/install/bonxai_wrapper
[3.161s] Invoking command in '/home/pablo-pc/GITHUB/TFG/project_ws/build/bonxai_wrapper': CMAKE_PREFIX_PATH=${CMAKE_PREFIX_PATH}:/home/pablo-pc/GITHUB/TFG/project_ws/install/location_controller:/opt/ros/humble /usr/bin/cmake --build /home/pablo-pc/GITHUB/TFG/project_ws/build/bonxai_wrapper -- -j16 -l16
[3.219s] [ 20%] [32mBuilding CXX object CMakeFiles/bonxai_map.dir/Bonxai/bonxai_map/src/probabilistic_map.cpp.o[0m
[3.219s] [ 40%] [32mBuilding CXX object CMakeFiles/bonxai_map.dir/Bonxai/bonxai_map/src/pcl_utils.cpp.o[0m
[5.679s] [ 60%] [32m[1mLinking CXX static library libbonxai_map.a[0m
[5.720s] [ 60%] Built target bonxai_map
[5.745s] [ 80%] [32mBuilding CXX object CMakeFiles/bonxai_server.dir/Bonxai/bonxai_ros/src/bonxai_server.cpp.o[0m
[16.290s] [100%] [32m[1mLinking CXX static library libbonxai_server.a[0m
[16.444s] [100%] Built target bonxai_server
[16.454s] Invoked command in '/home/pablo-pc/GITHUB/TFG/project_ws/build/bonxai_wrapper' returned '0': CMAKE_PREFIX_PATH=${CMAKE_PREFIX_PATH}:/home/pablo-pc/GITHUB/TFG/project_ws/install/location_controller:/opt/ros/humble /usr/bin/cmake --build /home/pablo-pc/GITHUB/TFG/project_ws/build/bonxai_wrapper -- -j16 -l16
[16.464s] Invoking command in '/home/pablo-pc/GITHUB/TFG/project_ws/build/bonxai_wrapper': CMAKE_PREFIX_PATH=${CMAKE_PREFIX_PATH}:/home/pablo-pc/GITHUB/TFG/project_ws/install/location_controller:/opt/ros/humble /usr/bin/cmake --install /home/pablo-pc/GITHUB/TFG/project_ws/build/bonxai_wrapper
[16.472s] -- Install configuration: ""
[16.472s] -- Installing: /home/pablo-pc/GITHUB/TFG/project_ws/install/bonxai_wrapper/lib/libbonxai_server.a
[16.484s] -- Installing: /home/pablo-pc/GITHUB/TFG/project_ws/install/bonxai_wrapper/lib/libbonxai_map.a
[16.485s] -- Installing: /home/pablo-pc/GITHUB/TFG/project_ws/install/bonxai_wrapper/share/bonxai_wrapper/cmake/bonxai_serverConfig.cmake
[16.485s] -- Installing: /home/pablo-pc/GITHUB/TFG/project_ws/install/bonxai_wrapper/share/bonxai_wrapper/cmake/bonxai_serverConfig-noconfig.cmake
[16.485s] -- Installing: /home/pablo-pc/GITHUB/TFG/project_ws/install/bonxai_wrapper/include
[16.485s] -- Installing: /home/pablo-pc/GITHUB/TFG/project_ws/install/bonxai_wrapper/include/bonxai_server.hpp
[16.485s] -- Up-to-date: /home/pablo-pc/GITHUB/TFG/project_ws/install/bonxai_wrapper/include
[16.485s] -- Installing: /home/pablo-pc/GITHUB/TFG/project_ws/install/bonxai_wrapper/include/bonxai_map
[16.485s] -- Installing: /home/pablo-pc/GITHUB/TFG/project_ws/install/bonxai_wrapper/include/bonxai_map/pcl_utils.hpp
[16.486s] -- Installing: /home/pablo-pc/GITHUB/TFG/project_ws/install/bonxai_wrapper/include/bonxai_map/probabilistic_map.hpp
[16.486s] -- Up-to-date: /home/pablo-pc/GITHUB/TFG/project_ws/install/bonxai_wrapper/include
[16.486s] -- Installing: /home/pablo-pc/GITHUB/TFG/project_ws/install/bonxai_wrapper/include/bonxai
[16.486s] -- Installing: /home/pablo-pc/GITHUB/TFG/project_ws/install/bonxai_wrapper/include/bonxai/serialization.hpp
[16.486s] -- Installing: /home/pablo-pc/GITHUB/TFG/project_ws/install/bonxai_wrapper/include/bonxai/grid_coord.hpp
[16.486s] -- Installing: /home/pablo-pc/GITHUB/TFG/project_ws/install/bonxai_wrapper/include/bonxai/grid_allocator.hpp
[16.487s] -- Installing: /home/pablo-pc/GITHUB/TFG/project_ws/install/bonxai_wrapper/include/bonxai/mask.hpp
[16.487s] -- Installing: /home/pablo-pc/GITHUB/TFG/project_ws/install/bonxai_wrapper/include/bonxai/bonxai.hpp
[16.487s] -- Installing: /home/pablo-pc/GITHUB/TFG/project_ws/install/bonxai_wrapper/share/bonxai_wrapper/environment/library_path.sh
[16.487s] -- Installing: /home/pablo-pc/GITHUB/TFG/project_ws/install/bonxai_wrapper/share/bonxai_wrapper/environment/library_path.dsv
[16.487s] -- Installing: /home/pablo-pc/GITHUB/TFG/project_ws/install/bonxai_wrapper/share/ament_index/resource_index/package_run_dependencies/bonxai_wrapper
[16.487s] -- Installing: /home/pablo-pc/GITHUB/TFG/project_ws/install/bonxai_wrapper/share/ament_index/resource_index/parent_prefix_path/bonxai_wrapper
[16.488s] -- Installing: /home/pablo-pc/GITHUB/TFG/project_ws/install/bonxai_wrapper/share/bonxai_wrapper/environment/ament_prefix_path.sh
[16.488s] -- Installing: /home/pablo-pc/GITHUB/TFG/project_ws/install/bonxai_wrapper/share/bonxai_wrapper/environment/ament_prefix_path.dsv
[16.488s] -- Installing: /home/pablo-pc/GITHUB/TFG/project_ws/install/bonxai_wrapper/share/bonxai_wrapper/environment/path.sh
[16.488s] -- Installing: /home/pablo-pc/GITHUB/TFG/project_ws/install/bonxai_wrapper/share/bonxai_wrapper/environment/path.dsv
[16.488s] -- Installing: /home/pablo-pc/GITHUB/TFG/project_ws/install/bonxai_wrapper/share/bonxai_wrapper/local_setup.bash
[16.488s] -- Installing: /home/pablo-pc/GITHUB/TFG/project_ws/install/bonxai_wrapper/share/bonxai_wrapper/local_setup.sh
[16.488s] -- Installing: /home/pablo-pc/GITHUB/TFG/project_ws/install/bonxai_wrapper/share/bonxai_wrapper/local_setup.zsh
[16.488s] -- Installing: /home/pablo-pc/GITHUB/TFG/project_ws/install/bonxai_wrapper/share/bonxai_wrapper/local_setup.dsv
[16.488s] -- Installing: /home/pablo-pc/GITHUB/TFG/project_ws/install/bonxai_wrapper/share/bonxai_wrapper/package.dsv
[16.488s] -- Installing: /home/pablo-pc/GITHUB/TFG/project_ws/install/bonxai_wrapper/share/ament_index/resource_index/packages/bonxai_wrapper
[16.488s] -- Installing: /home/pablo-pc/GITHUB/TFG/project_ws/install/bonxai_wrapper/share/bonxai_wrapper/cmake/bonxai_serverExport.cmake
[16.488s] -- Installing: /home/pablo-pc/GITHUB/TFG/project_ws/install/bonxai_wrapper/share/bonxai_wrapper/cmake/bonxai_serverExport-noconfig.cmake
[16.488s] -- Installing: /home/pablo-pc/GITHUB/TFG/project_ws/install/bonxai_wrapper/share/bonxai_wrapper/cmake/ament_cmake_export_include_directories-extras.cmake
[16.488s] -- Installing: /home/pablo-pc/GITHUB/TFG/project_ws/install/bonxai_wrapper/share/bonxai_wrapper/cmake/ament_cmake_export_targets-extras.cmake
[16.488s] -- Installing: /home/pablo-pc/GITHUB/TFG/project_ws/install/bonxai_wrapper/share/bonxai_wrapper/cmake/ament_cmake_export_libraries-extras.cmake
[16.488s] -- Installing: /home/pablo-pc/GITHUB/TFG/project_ws/install/bonxai_wrapper/share/bonxai_wrapper/cmake/ament_cmake_export_dependencies-extras.cmake
[16.488s] -- Installing: /home/pablo-pc/GITHUB/TFG/project_ws/install/bonxai_wrapper/share/bonxai_wrapper/cmake/bonxai_wrapperConfig.cmake
[16.488s] -- Installing: /home/pablo-pc/GITHUB/TFG/project_ws/install/bonxai_wrapper/share/bonxai_wrapper/cmake/bonxai_wrapperConfig-version.cmake
[16.488s] -- Installing: /home/pablo-pc/GITHUB/TFG/project_ws/install/bonxai_wrapper/share/bonxai_wrapper/package.xml
[16.490s] Invoked command in '/home/pablo-pc/GITHUB/TFG/project_ws/build/bonxai_wrapper' returned '0': CMAKE_PREFIX_PATH=${CMAKE_PREFIX_PATH}:/home/pablo-pc/GITHUB/TFG/project_ws/install/location_controller:/opt/ros/humble /usr/bin/cmake --install /home/pablo-pc/GITHUB/TFG/project_ws/build/bonxai_wrapper
