[0.387s] Invoking command in '/home/pablo-portatil/GITHUB/TFG/project_ws/src/location_controller': PYTHONPATH=/home/pablo-portatil/GITHUB/TFG/project_ws/build/location_controller/prefix_override:/usr/lib/python3/dist-packages/colcon_core/task/python/colcon_distutils_commands:/home/pablo-portatil/GITHUB/TFG/project_ws/install/location_controller/lib/python3.10/site-packages:${PYTHONPATH} /usr/bin/python3 -W ignore:setup.py install is deprecated setup.py egg_info --egg-base ../../build/location_controller build --build-base /home/pablo-portatil/GITHUB/TFG/project_ws/build/location_controller/build install --record /home/pablo-portatil/GITHUB/TFG/project_ws/build/location_controller/install.log --single-version-externally-managed install_data
[0.540s] running egg_info
[0.540s] writing ../../build/location_controller/location_controller.egg-info/PKG-INFO
[0.540s] writing dependency_links to ../../build/location_controller/location_controller.egg-info/dependency_links.txt
[0.540s] writing entry points to ../../build/location_controller/location_controller.egg-info/entry_points.txt
[0.541s] writing requirements to ../../build/location_controller/location_controller.egg-info/requires.txt
[0.541s] writing top-level names to ../../build/location_controller/location_controller.egg-info/top_level.txt
[0.541s] reading manifest file '../../build/location_controller/location_controller.egg-info/SOURCES.txt'
[0.542s] writing manifest file '../../build/location_controller/location_controller.egg-info/SOURCES.txt'
[0.542s] running build
[0.542s] running build_py
[0.542s] copying location_controller/location_node_no_err.py -> /home/pablo-portatil/GITHUB/TFG/project_ws/build/location_controller/build/lib/location_controller
[0.542s] running install
[0.543s] running install_lib
[0.543s] copying /home/pablo-portatil/GITHUB/TFG/project_ws/build/location_controller/build/lib/location_controller/location_node_no_err.py -> /home/pablo-portatil/GITHUB/TFG/project_ws/install/location_controller/lib/python3.10/site-packages/location_controller
[0.543s] byte-compiling /home/pablo-portatil/GITHUB/TFG/project_ws/install/location_controller/lib/python3.10/site-packages/location_controller/location_node_no_err.py to location_node_no_err.cpython-310.pyc
[0.544s] running install_data
[0.544s] running install_egg_info
[0.545s] removing '/home/pablo-portatil/GITHUB/TFG/project_ws/install/location_controller/lib/python3.10/site-packages/location_controller-0.0.0-py3.10.egg-info' (and everything under it)
[0.545s] Copying ../../build/location_controller/location_controller.egg-info to /home/pablo-portatil/GITHUB/TFG/project_ws/install/location_controller/lib/python3.10/site-packages/location_controller-0.0.0-py3.10.egg-info
[0.545s] running install_scripts
[0.558s] Installing location_node_err script to /home/pablo-portatil/GITHUB/TFG/project_ws/install/location_controller/lib/location_controller
[0.558s] Installing location_node_no_err script to /home/pablo-portatil/GITHUB/TFG/project_ws/install/location_controller/lib/location_controller
[0.558s] writing list of installed files to '/home/pablo-portatil/GITHUB/TFG/project_ws/build/location_controller/install.log'
[0.574s] Invoked command in '/home/pablo-portatil/GITHUB/TFG/project_ws/src/location_controller' returned '0': PYTHONPATH=/home/pablo-portatil/GITHUB/TFG/project_ws/build/location_controller/prefix_override:/usr/lib/python3/dist-packages/colcon_core/task/python/colcon_distutils_commands:/home/pablo-portatil/GITHUB/TFG/project_ws/install/location_controller/lib/python3.10/site-packages:${PYTHONPATH} /usr/bin/python3 -W ignore:setup.py install is deprecated setup.py egg_info --egg-base ../../build/location_controller build --build-base /home/pablo-portatil/GITHUB/TFG/project_ws/build/location_controller/build install --record /home/pablo-portatil/GITHUB/TFG/project_ws/build/location_controller/install.log --single-version-externally-managed install_data
