[0.927s] Invoking command in '/home/pablo-portatil/GITHUB/TFG/project_ws/src/location_controller': PYTHONPATH=/home/pablo-portatil/GITHUB/TFG/project_ws/build/location_controller/prefix_override:/usr/lib/python3/dist-packages/colcon_core/task/python/colcon_distutils_commands:/home/pablo-portatil/GITHUB/TFG/project_ws/install/location_controller/lib/python3.10/site-packages:${PYTHONPATH} /usr/bin/python3 -W ignore:setup.py install is deprecated -W ignore:easy_install command is deprecated setup.py egg_info --egg-base ../../build/location_controller build --build-base /home/pablo-portatil/GITHUB/TFG/project_ws/build/location_controller/build install --record /home/pablo-portatil/GITHUB/TFG/project_ws/build/location_controller/install.log --single-version-externally-managed install_data
[1.170s] running egg_info
[1.170s] writing ../../build/location_controller/location_controller.egg-info/PKG-INFO
[1.170s] writing dependency_links to ../../build/location_controller/location_controller.egg-info/dependency_links.txt
[1.170s] writing entry points to ../../build/location_controller/location_controller.egg-info/entry_points.txt
[1.171s] writing requirements to ../../build/location_controller/location_controller.egg-info/requires.txt
[1.171s] writing top-level names to ../../build/location_controller/location_controller.egg-info/top_level.txt
[1.172s] reading manifest file '../../build/location_controller/location_controller.egg-info/SOURCES.txt'
[1.172s] writing manifest file '../../build/location_controller/location_controller.egg-info/SOURCES.txt'
[1.173s] running build
[1.173s] running build_py
[1.173s] copying location_controller/input_data_module.py -> /home/pablo-portatil/GITHUB/TFG/project_ws/build/location_controller/build/lib/location_controller
[1.173s] running install
[1.173s] running install_lib
[1.174s] copying /home/pablo-portatil/GITHUB/TFG/project_ws/build/location_controller/build/lib/location_controller/input_data_module.py -> /home/pablo-portatil/GITHUB/TFG/project_ws/install/location_controller/lib/python3.10/site-packages/location_controller
[1.175s] byte-compiling /home/pablo-portatil/GITHUB/TFG/project_ws/install/location_controller/lib/python3.10/site-packages/location_controller/input_data_module.py to input_data_module.cpython-310.pyc
[1.176s] running install_data
[1.176s] running install_egg_info
[1.177s] removing '/home/pablo-portatil/GITHUB/TFG/project_ws/install/location_controller/lib/python3.10/site-packages/location_controller-0.0.0-py3.10.egg-info' (and everything under it)
[1.178s] Copying ../../build/location_controller/location_controller.egg-info to /home/pablo-portatil/GITHUB/TFG/project_ws/install/location_controller/lib/python3.10/site-packages/location_controller-0.0.0-py3.10.egg-info
[1.178s] running install_scripts
[1.199s] Installing input_data_node script to /home/pablo-portatil/GITHUB/TFG/project_ws/install/location_controller/lib/location_controller
[1.199s] Installing location_node script to /home/pablo-portatil/GITHUB/TFG/project_ws/install/location_controller/lib/location_controller
[1.199s] Installing noisy_cloud_node script to /home/pablo-portatil/GITHUB/TFG/project_ws/install/location_controller/lib/location_controller
[1.199s] writing list of installed files to '/home/pablo-portatil/GITHUB/TFG/project_ws/build/location_controller/install.log'
[1.223s] Invoked command in '/home/pablo-portatil/GITHUB/TFG/project_ws/src/location_controller' returned '0': PYTHONPATH=/home/pablo-portatil/GITHUB/TFG/project_ws/build/location_controller/prefix_override:/usr/lib/python3/dist-packages/colcon_core/task/python/colcon_distutils_commands:/home/pablo-portatil/GITHUB/TFG/project_ws/install/location_controller/lib/python3.10/site-packages:${PYTHONPATH} /usr/bin/python3 -W ignore:setup.py install is deprecated -W ignore:easy_install command is deprecated setup.py egg_info --egg-base ../../build/location_controller build --build-base /home/pablo-portatil/GITHUB/TFG/project_ws/build/location_controller/build install --record /home/pablo-portatil/GITHUB/TFG/project_ws/build/location_controller/install.log --single-version-externally-managed install_data
