[0.131s] DEBUG:colcon:Command line arguments: ['/usr/bin/colcon', 'build']
[0.131s] DEBUG:colcon:Parsed command line arguments: Namespace(log_base=None, log_level=None, verb_name='build', build_base='build', install_base='install', merge_install=False, symlink_install=False, test_result_base=None, continue_on_error=False, executor='parallel', parallel_workers=16, event_handlers=None, ignore_user_meta=False, metas=['./colcon.meta'], base_paths=['.'], packages_ignore=None, packages_ignore_regex=None, paths=None, packages_up_to=None, packages_up_to_regex=None, packages_above=None, packages_above_and_dependencies=None, packages_above_depth=None, packages_select_by_dep=None, packages_skip_by_dep=None, packages_skip_up_to=None, packages_select_build_failed=False, packages_skip_build_finished=False, packages_select_test_failures=False, packages_skip_test_passed=False, packages_select=None, packages_skip=None, packages_select_regex=None, packages_skip_regex=None, packages_start=None, packages_end=None, allow_overriding=[], cmake_args=None, cmake_target=None, cmake_target_skip_unavailable=False, cmake_clean_cache=False, cmake_clean_first=False, cmake_force_configure=False, ament_cmake_args=None, catkin_cmake_args=None, catkin_skip_building_tests=False, verb_parser=<colcon_defaults.argument_parser.defaults.DefaultArgumentsDecorator object at 0x732bc73dc0a0>, verb_extension=<colcon_core.verb.build.BuildVerb object at 0x732bc75653f0>, main=<bound method BuildVerb.main of <colcon_core.verb.build.BuildVerb object at 0x732bc75653f0>>)
[1.311s] Level 1:colcon.colcon_core.package_discovery:discover_packages(colcon_meta) check parameters
[1.312s] Level 1:colcon.colcon_core.package_discovery:discover_packages(recursive) check parameters
[1.312s] Level 1:colcon.colcon_core.package_discovery:discover_packages(ignore) check parameters
[1.312s] Level 1:colcon.colcon_core.package_discovery:discover_packages(path) check parameters
[1.312s] Level 1:colcon.colcon_core.package_discovery:discover_packages(colcon_meta) discover
[1.312s] Level 1:colcon.colcon_core.package_discovery:discover_packages(recursive) discover
[1.312s] INFO:colcon.colcon_core.package_discovery:Crawling recursively for packages in '/home/pablo-portatil/GITHUB/TFG/project_ws'
[1.312s] Level 1:colcon.colcon_core.package_identification:_identify(.) by extensions ['ignore', 'ignore_ament_install']
[1.312s] Level 1:colcon.colcon_core.package_identification:_identify(.) by extension 'ignore'
[1.312s] Level 1:colcon.colcon_core.package_identification:_identify(.) by extension 'ignore_ament_install'
[1.312s] Level 1:colcon.colcon_core.package_identification:_identify(.) by extensions ['colcon_pkg']
[1.312s] Level 1:colcon.colcon_core.package_identification:_identify(.) by extension 'colcon_pkg'
[1.312s] Level 1:colcon.colcon_core.package_identification:_identify(.) by extensions ['colcon_meta']
[1.312s] Level 1:colcon.colcon_core.package_identification:_identify(.) by extension 'colcon_meta'
[1.312s] Level 1:colcon.colcon_core.package_identification:_identify(.) by extensions ['ros']
[1.312s] Level 1:colcon.colcon_core.package_identification:_identify(.) by extension 'ros'
[1.328s] Level 1:colcon.colcon_core.package_identification:_identify(.) by extensions ['cmake', 'python']
[1.329s] Level 1:colcon.colcon_core.package_identification:_identify(.) by extension 'cmake'
[1.329s] Level 1:colcon.colcon_core.package_identification:_identify(.) by extension 'python'
[1.329s] Level 1:colcon.colcon_core.package_identification:_identify(.) by extensions ['python_setup_py']
[1.329s] Level 1:colcon.colcon_core.package_identification:_identify(.) by extension 'python_setup_py'
[1.329s] Level 1:colcon.colcon_core.package_identification:_identify(build) by extensions ['ignore', 'ignore_ament_install']
[1.329s] Level 1:colcon.colcon_core.package_identification:_identify(build) by extension 'ignore'
[1.329s] Level 1:colcon.colcon_core.package_identification:_identify(build) ignored
[1.329s] Level 1:colcon.colcon_core.package_identification:_identify(install) by extensions ['ignore', 'ignore_ament_install']
[1.329s] Level 1:colcon.colcon_core.package_identification:_identify(install) by extension 'ignore'
[1.330s] Level 1:colcon.colcon_core.package_identification:_identify(install) ignored
[1.330s] Level 1:colcon.colcon_core.package_identification:_identify(log) by extensions ['ignore', 'ignore_ament_install']
[1.330s] Level 1:colcon.colcon_core.package_identification:_identify(log) by extension 'ignore'
[1.330s] Level 1:colcon.colcon_core.package_identification:_identify(log) ignored
[1.330s] Level 1:colcon.colcon_core.package_identification:_identify(src) by extensions ['ignore', 'ignore_ament_install']
[1.331s] Level 1:colcon.colcon_core.package_identification:_identify(src) by extension 'ignore'
[1.331s] Level 1:colcon.colcon_core.package_identification:_identify(src) by extension 'ignore_ament_install'
[1.331s] Level 1:colcon.colcon_core.package_identification:_identify(src) by extensions ['colcon_pkg']
[1.331s] Level 1:colcon.colcon_core.package_identification:_identify(src) by extension 'colcon_pkg'
[1.331s] Level 1:colcon.colcon_core.package_identification:_identify(src) by extensions ['colcon_meta']
[1.331s] Level 1:colcon.colcon_core.package_identification:_identify(src) by extension 'colcon_meta'
[1.331s] Level 1:colcon.colcon_core.package_identification:_identify(src) by extensions ['ros']
[1.331s] Level 1:colcon.colcon_core.package_identification:_identify(src) by extension 'ros'
[1.331s] Level 1:colcon.colcon_core.package_identification:_identify(src) by extensions ['cmake', 'python']
[1.331s] Level 1:colcon.colcon_core.package_identification:_identify(src) by extension 'cmake'
[1.331s] Level 1:colcon.colcon_core.package_identification:_identify(src) by extension 'python'
[1.331s] Level 1:colcon.colcon_core.package_identification:_identify(src) by extensions ['python_setup_py']
[1.331s] Level 1:colcon.colcon_core.package_identification:_identify(src) by extension 'python_setup_py'
[1.331s] Level 1:colcon.colcon_core.package_identification:_identify(src/Bonxai) by extensions ['ignore', 'ignore_ament_install']
[1.331s] Level 1:colcon.colcon_core.package_identification:_identify(src/Bonxai) by extension 'ignore'
[1.331s] Level 1:colcon.colcon_core.package_identification:_identify(src/Bonxai) by extension 'ignore_ament_install'
[1.331s] Level 1:colcon.colcon_core.package_identification:_identify(src/Bonxai) by extensions ['colcon_pkg']
[1.331s] Level 1:colcon.colcon_core.package_identification:_identify(src/Bonxai) by extension 'colcon_pkg'
[1.332s] Level 1:colcon.colcon_core.package_identification:_identify(src/Bonxai) by extensions ['colcon_meta']
[1.332s] Level 1:colcon.colcon_core.package_identification:_identify(src/Bonxai) by extension 'colcon_meta'
[1.332s] Level 1:colcon.colcon_core.package_identification:_identify(src/Bonxai) by extensions ['ros']
[1.332s] Level 1:colcon.colcon_core.package_identification:_identify(src/Bonxai) by extension 'ros'
[1.337s] DEBUG:colcon.colcon_core.package_identification:Package 'src/Bonxai' with type 'ros.ament_cmake' and name 'bonxai_ros'
[1.337s] Level 1:colcon.colcon_core.package_identification:_identify(src/location_controller) by extensions ['ignore', 'ignore_ament_install']
[1.338s] Level 1:colcon.colcon_core.package_identification:_identify(src/location_controller) by extension 'ignore'
[1.338s] Level 1:colcon.colcon_core.package_identification:_identify(src/location_controller) by extension 'ignore_ament_install'
[1.338s] Level 1:colcon.colcon_core.package_identification:_identify(src/location_controller) by extensions ['colcon_pkg']
[1.338s] Level 1:colcon.colcon_core.package_identification:_identify(src/location_controller) by extension 'colcon_pkg'
[1.338s] Level 1:colcon.colcon_core.package_identification:_identify(src/location_controller) by extensions ['colcon_meta']
[1.338s] Level 1:colcon.colcon_core.package_identification:_identify(src/location_controller) by extension 'colcon_meta'
[1.338s] Level 1:colcon.colcon_core.package_identification:_identify(src/location_controller) by extensions ['ros']
[1.338s] Level 1:colcon.colcon_core.package_identification:_identify(src/location_controller) by extension 'ros'
[1.339s] DEBUG:colcon.colcon_core.package_identification:Package 'src/location_controller' with type 'ros.ament_python' and name 'location_controller'
[1.339s] Level 1:colcon.colcon_core.package_identification:_identify(src/mapping_controller) by extensions ['ignore', 'ignore_ament_install']
[1.341s] Level 1:colcon.colcon_core.package_identification:_identify(src/mapping_controller) by extension 'ignore'
[1.341s] Level 1:colcon.colcon_core.package_identification:_identify(src/mapping_controller) by extension 'ignore_ament_install'
[1.341s] Level 1:colcon.colcon_core.package_identification:_identify(src/mapping_controller) by extensions ['colcon_pkg']
[1.341s] Level 1:colcon.colcon_core.package_identification:_identify(src/mapping_controller) by extension 'colcon_pkg'
[1.341s] Level 1:colcon.colcon_core.package_identification:_identify(src/mapping_controller) by extensions ['colcon_meta']
[1.341s] Level 1:colcon.colcon_core.package_identification:_identify(src/mapping_controller) by extension 'colcon_meta'
[1.341s] Level 1:colcon.colcon_core.package_identification:_identify(src/mapping_controller) by extensions ['ros']
[1.341s] Level 1:colcon.colcon_core.package_identification:_identify(src/mapping_controller) by extension 'ros'
[1.342s] DEBUG:colcon.colcon_core.package_identification:Package 'src/mapping_controller' with type 'ros.ament_python' and name 'mapping_controller'
[1.342s] Level 1:colcon.colcon_core.package_identification:_identify(src/metrics) by extensions ['ignore', 'ignore_ament_install']
[1.342s] Level 1:colcon.colcon_core.package_identification:_identify(src/metrics) by extension 'ignore'
[1.342s] Level 1:colcon.colcon_core.package_identification:_identify(src/metrics) by extension 'ignore_ament_install'
[1.342s] Level 1:colcon.colcon_core.package_identification:_identify(src/metrics) by extensions ['colcon_pkg']
[1.342s] Level 1:colcon.colcon_core.package_identification:_identify(src/metrics) by extension 'colcon_pkg'
[1.342s] Level 1:colcon.colcon_core.package_identification:_identify(src/metrics) by extensions ['colcon_meta']
[1.342s] Level 1:colcon.colcon_core.package_identification:_identify(src/metrics) by extension 'colcon_meta'
[1.342s] Level 1:colcon.colcon_core.package_identification:_identify(src/metrics) by extensions ['ros']
[1.342s] Level 1:colcon.colcon_core.package_identification:_identify(src/metrics) by extension 'ros'
[1.342s] Level 1:colcon.colcon_core.package_identification:_identify(src/metrics) by extensions ['cmake', 'python']
[1.342s] Level 1:colcon.colcon_core.package_identification:_identify(src/metrics) by extension 'cmake'
[1.342s] Level 1:colcon.colcon_core.package_identification:_identify(src/metrics) by extension 'python'
[1.342s] Level 1:colcon.colcon_core.package_identification:_identify(src/metrics) by extensions ['python_setup_py']
[1.342s] Level 1:colcon.colcon_core.package_identification:_identify(src/metrics) by extension 'python_setup_py'
[1.342s] Level 1:colcon.colcon_core.package_identification:_identify(src/recordings) by extensions ['ignore', 'ignore_ament_install']
[1.343s] Level 1:colcon.colcon_core.package_identification:_identify(src/recordings) by extension 'ignore'
[1.343s] Level 1:colcon.colcon_core.package_identification:_identify(src/recordings) by extension 'ignore_ament_install'
[1.343s] Level 1:colcon.colcon_core.package_identification:_identify(src/recordings) by extensions ['colcon_pkg']
[1.343s] Level 1:colcon.colcon_core.package_identification:_identify(src/recordings) by extension 'colcon_pkg'
[1.343s] Level 1:colcon.colcon_core.package_identification:_identify(src/recordings) by extensions ['colcon_meta']
[1.343s] Level 1:colcon.colcon_core.package_identification:_identify(src/recordings) by extension 'colcon_meta'
[1.343s] Level 1:colcon.colcon_core.package_identification:_identify(src/recordings) by extensions ['ros']
[1.343s] Level 1:colcon.colcon_core.package_identification:_identify(src/recordings) by extension 'ros'
[1.343s] Level 1:colcon.colcon_core.package_identification:_identify(src/recordings) by extensions ['cmake', 'python']
[1.343s] Level 1:colcon.colcon_core.package_identification:_identify(src/recordings) by extension 'cmake'
[1.343s] Level 1:colcon.colcon_core.package_identification:_identify(src/recordings) by extension 'python'
[1.343s] Level 1:colcon.colcon_core.package_identification:_identify(src/recordings) by extensions ['python_setup_py']
[1.343s] Level 1:colcon.colcon_core.package_identification:_identify(src/recordings) by extension 'python_setup_py'
[1.343s] Level 1:colcon.colcon_core.package_identification:_identify(src/recordings/calculated_pose) by extensions ['ignore', 'ignore_ament_install']
[1.343s] Level 1:colcon.colcon_core.package_identification:_identify(src/recordings/calculated_pose) by extension 'ignore'
[1.343s] Level 1:colcon.colcon_core.package_identification:_identify(src/recordings/calculated_pose) by extension 'ignore_ament_install'
[1.343s] Level 1:colcon.colcon_core.package_identification:_identify(src/recordings/calculated_pose) by extensions ['colcon_pkg']
[1.343s] Level 1:colcon.colcon_core.package_identification:_identify(src/recordings/calculated_pose) by extension 'colcon_pkg'
[1.343s] Level 1:colcon.colcon_core.package_identification:_identify(src/recordings/calculated_pose) by extensions ['colcon_meta']
[1.343s] Level 1:colcon.colcon_core.package_identification:_identify(src/recordings/calculated_pose) by extension 'colcon_meta'
[1.343s] Level 1:colcon.colcon_core.package_identification:_identify(src/recordings/calculated_pose) by extensions ['ros']
[1.343s] Level 1:colcon.colcon_core.package_identification:_identify(src/recordings/calculated_pose) by extension 'ros'
[1.343s] Level 1:colcon.colcon_core.package_identification:_identify(src/recordings/calculated_pose) by extensions ['cmake', 'python']
[1.343s] Level 1:colcon.colcon_core.package_identification:_identify(src/recordings/calculated_pose) by extension 'cmake'
[1.343s] Level 1:colcon.colcon_core.package_identification:_identify(src/recordings/calculated_pose) by extension 'python'
[1.343s] Level 1:colcon.colcon_core.package_identification:_identify(src/recordings/calculated_pose) by extensions ['python_setup_py']
[1.343s] Level 1:colcon.colcon_core.package_identification:_identify(src/recordings/calculated_pose) by extension 'python_setup_py'
[1.343s] Level 1:colcon.colcon_core.package_identification:_identify(src/recordings/calculated_pose_old) by extensions ['ignore', 'ignore_ament_install']
[1.344s] Level 1:colcon.colcon_core.package_identification:_identify(src/recordings/calculated_pose_old) by extension 'ignore'
[1.344s] Level 1:colcon.colcon_core.package_identification:_identify(src/recordings/calculated_pose_old) by extension 'ignore_ament_install'
[1.344s] Level 1:colcon.colcon_core.package_identification:_identify(src/recordings/calculated_pose_old) by extensions ['colcon_pkg']
[1.344s] Level 1:colcon.colcon_core.package_identification:_identify(src/recordings/calculated_pose_old) by extension 'colcon_pkg'
[1.344s] Level 1:colcon.colcon_core.package_identification:_identify(src/recordings/calculated_pose_old) by extensions ['colcon_meta']
[1.344s] Level 1:colcon.colcon_core.package_identification:_identify(src/recordings/calculated_pose_old) by extension 'colcon_meta'
[1.344s] Level 1:colcon.colcon_core.package_identification:_identify(src/recordings/calculated_pose_old) by extensions ['ros']
[1.344s] Level 1:colcon.colcon_core.package_identification:_identify(src/recordings/calculated_pose_old) by extension 'ros'
[1.344s] Level 1:colcon.colcon_core.package_identification:_identify(src/recordings/calculated_pose_old) by extensions ['cmake', 'python']
[1.344s] Level 1:colcon.colcon_core.package_identification:_identify(src/recordings/calculated_pose_old) by extension 'cmake'
[1.344s] Level 1:colcon.colcon_core.package_identification:_identify(src/recordings/calculated_pose_old) by extension 'python'
[1.344s] Level 1:colcon.colcon_core.package_identification:_identify(src/recordings/calculated_pose_old) by extensions ['python_setup_py']
[1.344s] Level 1:colcon.colcon_core.package_identification:_identify(src/recordings/calculated_pose_old) by extension 'python_setup_py'
[1.344s] Level 1:colcon.colcon_core.package_identification:_identify(src/recordings/original_pose) by extensions ['ignore', 'ignore_ament_install']
[1.344s] Level 1:colcon.colcon_core.package_identification:_identify(src/recordings/original_pose) by extension 'ignore'
[1.344s] Level 1:colcon.colcon_core.package_identification:_identify(src/recordings/original_pose) by extension 'ignore_ament_install'
[1.344s] Level 1:colcon.colcon_core.package_identification:_identify(src/recordings/original_pose) by extensions ['colcon_pkg']
[1.344s] Level 1:colcon.colcon_core.package_identification:_identify(src/recordings/original_pose) by extension 'colcon_pkg'
[1.344s] Level 1:colcon.colcon_core.package_identification:_identify(src/recordings/original_pose) by extensions ['colcon_meta']
[1.344s] Level 1:colcon.colcon_core.package_identification:_identify(src/recordings/original_pose) by extension 'colcon_meta'
[1.344s] Level 1:colcon.colcon_core.package_identification:_identify(src/recordings/original_pose) by extensions ['ros']
[1.344s] Level 1:colcon.colcon_core.package_identification:_identify(src/recordings/original_pose) by extension 'ros'
[1.344s] Level 1:colcon.colcon_core.package_identification:_identify(src/recordings/original_pose) by extensions ['cmake', 'python']
[1.344s] Level 1:colcon.colcon_core.package_identification:_identify(src/recordings/original_pose) by extension 'cmake'
[1.344s] Level 1:colcon.colcon_core.package_identification:_identify(src/recordings/original_pose) by extension 'python'
[1.344s] Level 1:colcon.colcon_core.package_identification:_identify(src/recordings/original_pose) by extensions ['python_setup_py']
[1.344s] Level 1:colcon.colcon_core.package_identification:_identify(src/recordings/original_pose) by extension 'python_setup_py'
[1.344s] Level 1:colcon.colcon_core.package_identification:_identify(src/recordings/original_pose_old) by extensions ['ignore', 'ignore_ament_install']
[1.344s] Level 1:colcon.colcon_core.package_identification:_identify(src/recordings/original_pose_old) by extension 'ignore'
[1.344s] Level 1:colcon.colcon_core.package_identification:_identify(src/recordings/original_pose_old) by extension 'ignore_ament_install'
[1.344s] Level 1:colcon.colcon_core.package_identification:_identify(src/recordings/original_pose_old) by extensions ['colcon_pkg']
[1.345s] Level 1:colcon.colcon_core.package_identification:_identify(src/recordings/original_pose_old) by extension 'colcon_pkg'
[1.345s] Level 1:colcon.colcon_core.package_identification:_identify(src/recordings/original_pose_old) by extensions ['colcon_meta']
[1.345s] Level 1:colcon.colcon_core.package_identification:_identify(src/recordings/original_pose_old) by extension 'colcon_meta'
[1.345s] Level 1:colcon.colcon_core.package_identification:_identify(src/recordings/original_pose_old) by extensions ['ros']
[1.345s] Level 1:colcon.colcon_core.package_identification:_identify(src/recordings/original_pose_old) by extension 'ros'
[1.345s] Level 1:colcon.colcon_core.package_identification:_identify(src/recordings/original_pose_old) by extensions ['cmake', 'python']
[1.345s] Level 1:colcon.colcon_core.package_identification:_identify(src/recordings/original_pose_old) by extension 'cmake'
[1.345s] Level 1:colcon.colcon_core.package_identification:_identify(src/recordings/original_pose_old) by extension 'python'
[1.345s] Level 1:colcon.colcon_core.package_identification:_identify(src/recordings/original_pose_old) by extensions ['python_setup_py']
[1.345s] Level 1:colcon.colcon_core.package_identification:_identify(src/recordings/original_pose_old) by extension 'python_setup_py'
[1.345s] Level 1:colcon.colcon_core.package_discovery:discover_packages(recursive) using defaults
[1.345s] Level 1:colcon.colcon_core.package_discovery:discover_packages(ignore) discover
[1.345s] Level 1:colcon.colcon_core.package_discovery:discover_packages(ignore) using defaults
[1.345s] Level 1:colcon.colcon_core.package_discovery:discover_packages(path) discover
[1.345s] Level 1:colcon.colcon_core.package_discovery:discover_packages(path) using defaults
[1.374s] Level 1:colcon.colcon_core.package_discovery:discover_packages(prefix_path) check parameters
[1.374s] Level 1:colcon.colcon_core.package_discovery:discover_packages(prefix_path) discover
[1.376s] DEBUG:colcon.colcon_installed_package_information.package_discovery:Found 3 installed packages in /home/pablo-portatil/GITHUB/TFG/project_ws/install
[1.377s] DEBUG:colcon.colcon_installed_package_information.package_discovery:Found 271 installed packages in /opt/ros/humble
[1.378s] Level 1:colcon.colcon_core.package_discovery:discover_packages(prefix_path) using defaults
[1.405s] Level 5:colcon.colcon_core.verb:set package 'bonxai_ros' build argument 'cmake_args' from command line to 'None'
[1.405s] Level 5:colcon.colcon_core.verb:set package 'bonxai_ros' build argument 'cmake_target' from command line to 'None'
[1.405s] Level 5:colcon.colcon_core.verb:set package 'bonxai_ros' build argument 'cmake_target_skip_unavailable' from command line to 'False'
[1.406s] Level 5:colcon.colcon_core.verb:set package 'bonxai_ros' build argument 'cmake_clean_cache' from command line to 'False'
[1.406s] Level 5:colcon.colcon_core.verb:set package 'bonxai_ros' build argument 'cmake_clean_first' from command line to 'False'
[1.406s] Level 5:colcon.colcon_core.verb:set package 'bonxai_ros' build argument 'cmake_force_configure' from command line to 'False'
[1.406s] Level 5:colcon.colcon_core.verb:set package 'bonxai_ros' build argument 'ament_cmake_args' from command line to 'None'
[1.406s] Level 5:colcon.colcon_core.verb:set package 'bonxai_ros' build argument 'catkin_cmake_args' from command line to 'None'
[1.406s] Level 5:colcon.colcon_core.verb:set package 'bonxai_ros' build argument 'catkin_skip_building_tests' from command line to 'False'
[1.406s] DEBUG:colcon.colcon_core.verb:Building package 'bonxai_ros' with the following arguments: {'ament_cmake_args': None, 'build_base': '/home/pablo-portatil/GITHUB/TFG/project_ws/build/bonxai_ros', 'catkin_cmake_args': None, 'catkin_skip_building_tests': False, 'cmake_args': None, 'cmake_clean_cache': False, 'cmake_clean_first': False, 'cmake_force_configure': False, 'cmake_target': None, 'cmake_target_skip_unavailable': False, 'install_base': '/home/pablo-portatil/GITHUB/TFG/project_ws/install/bonxai_ros', 'merge_install': False, 'path': '/home/pablo-portatil/GITHUB/TFG/project_ws/src/Bonxai', 'symlink_install': False, 'test_result_base': None}
[1.406s] Level 5:colcon.colcon_core.verb:set package 'location_controller' build argument 'cmake_args' from command line to 'None'
[1.406s] Level 5:colcon.colcon_core.verb:set package 'location_controller' build argument 'cmake_target' from command line to 'None'
[1.406s] Level 5:colcon.colcon_core.verb:set package 'location_controller' build argument 'cmake_target_skip_unavailable' from command line to 'False'
[1.406s] Level 5:colcon.colcon_core.verb:set package 'location_controller' build argument 'cmake_clean_cache' from command line to 'False'
[1.406s] Level 5:colcon.colcon_core.verb:set package 'location_controller' build argument 'cmake_clean_first' from command line to 'False'
[1.406s] Level 5:colcon.colcon_core.verb:set package 'location_controller' build argument 'cmake_force_configure' from command line to 'False'
[1.406s] Level 5:colcon.colcon_core.verb:set package 'location_controller' build argument 'ament_cmake_args' from command line to 'None'
[1.406s] Level 5:colcon.colcon_core.verb:set package 'location_controller' build argument 'catkin_cmake_args' from command line to 'None'
[1.406s] Level 5:colcon.colcon_core.verb:set package 'location_controller' build argument 'catkin_skip_building_tests' from command line to 'False'
[1.406s] DEBUG:colcon.colcon_core.verb:Building package 'location_controller' with the following arguments: {'ament_cmake_args': None, 'build_base': '/home/pablo-portatil/GITHUB/TFG/project_ws/build/location_controller', 'catkin_cmake_args': None, 'catkin_skip_building_tests': False, 'cmake_args': None, 'cmake_clean_cache': False, 'cmake_clean_first': False, 'cmake_force_configure': False, 'cmake_target': None, 'cmake_target_skip_unavailable': False, 'install_base': '/home/pablo-portatil/GITHUB/TFG/project_ws/install/location_controller', 'merge_install': False, 'path': '/home/pablo-portatil/GITHUB/TFG/project_ws/src/location_controller', 'symlink_install': False, 'test_result_base': None}
[1.406s] Level 5:colcon.colcon_core.verb:set package 'mapping_controller' build argument 'cmake_args' from command line to 'None'
[1.406s] Level 5:colcon.colcon_core.verb:set package 'mapping_controller' build argument 'cmake_target' from command line to 'None'
[1.406s] Level 5:colcon.colcon_core.verb:set package 'mapping_controller' build argument 'cmake_target_skip_unavailable' from command line to 'False'
[1.406s] Level 5:colcon.colcon_core.verb:set package 'mapping_controller' build argument 'cmake_clean_cache' from command line to 'False'
[1.406s] Level 5:colcon.colcon_core.verb:set package 'mapping_controller' build argument 'cmake_clean_first' from command line to 'False'
[1.406s] Level 5:colcon.colcon_core.verb:set package 'mapping_controller' build argument 'cmake_force_configure' from command line to 'False'
[1.407s] Level 5:colcon.colcon_core.verb:set package 'mapping_controller' build argument 'ament_cmake_args' from command line to 'None'
[1.407s] Level 5:colcon.colcon_core.verb:set package 'mapping_controller' build argument 'catkin_cmake_args' from command line to 'None'
[1.407s] Level 5:colcon.colcon_core.verb:set package 'mapping_controller' build argument 'catkin_skip_building_tests' from command line to 'False'
[1.407s] DEBUG:colcon.colcon_core.verb:Building package 'mapping_controller' with the following arguments: {'ament_cmake_args': None, 'build_base': '/home/pablo-portatil/GITHUB/TFG/project_ws/build/mapping_controller', 'catkin_cmake_args': None, 'catkin_skip_building_tests': False, 'cmake_args': None, 'cmake_clean_cache': False, 'cmake_clean_first': False, 'cmake_force_configure': False, 'cmake_target': None, 'cmake_target_skip_unavailable': False, 'install_base': '/home/pablo-portatil/GITHUB/TFG/project_ws/install/mapping_controller', 'merge_install': False, 'path': '/home/pablo-portatil/GITHUB/TFG/project_ws/src/mapping_controller', 'symlink_install': False, 'test_result_base': None}
[1.407s] INFO:colcon.colcon_core.executor:Executing jobs using 'parallel' executor
[1.408s] DEBUG:colcon.colcon_parallel_executor.executor.parallel:run_until_complete
[1.408s] INFO:colcon.colcon_ros.task.ament_cmake.build:Building ROS package in '/home/pablo-portatil/GITHUB/TFG/project_ws/src/Bonxai' with build type 'ament_cmake'
[1.408s] INFO:colcon.colcon_cmake.task.cmake.build:Building CMake package in '/home/pablo-portatil/GITHUB/TFG/project_ws/src/Bonxai'
[1.411s] INFO:colcon.colcon_core.plugin_system:Skipping extension 'colcon_core.shell.bat': Not used on non-Windows systems
[1.411s] INFO:colcon.colcon_core.shell:Skip shell extension 'powershell' for command environment: Not usable outside of PowerShell
[1.411s] DEBUG:colcon.colcon_core.shell:Skip shell extension 'dsv' for command environment
[1.414s] INFO:colcon.colcon_ros.task.ament_python.build:Building ROS package in '/home/pablo-portatil/GITHUB/TFG/project_ws/src/location_controller' with build type 'ament_python'
[1.414s] Level 1:colcon.colcon_core.shell:create_environment_hook('location_controller', 'ament_prefix_path')
[1.414s] INFO:colcon.colcon_core.shell:Creating environment hook '/home/pablo-portatil/GITHUB/TFG/project_ws/install/location_controller/share/location_controller/hook/ament_prefix_path.ps1'
[1.415s] INFO:colcon.colcon_core.shell:Creating environment descriptor '/home/pablo-portatil/GITHUB/TFG/project_ws/install/location_controller/share/location_controller/hook/ament_prefix_path.dsv'
[1.416s] INFO:colcon.colcon_core.shell:Creating environment hook '/home/pablo-portatil/GITHUB/TFG/project_ws/install/location_controller/share/location_controller/hook/ament_prefix_path.sh'
[1.417s] INFO:colcon.colcon_core.shell:Skip shell extension 'powershell' for command environment: Not usable outside of PowerShell
[1.417s] DEBUG:colcon.colcon_core.shell:Skip shell extension 'dsv' for command environment
[1.420s] INFO:colcon.colcon_ros.task.ament_python.build:Building ROS package in '/home/pablo-portatil/GITHUB/TFG/project_ws/src/mapping_controller' with build type 'ament_python'
[1.420s] Level 1:colcon.colcon_core.shell:create_environment_hook('mapping_controller', 'ament_prefix_path')
[1.420s] INFO:colcon.colcon_core.shell:Creating environment hook '/home/pablo-portatil/GITHUB/TFG/project_ws/install/mapping_controller/share/mapping_controller/hook/ament_prefix_path.ps1'
[1.421s] INFO:colcon.colcon_core.shell:Creating environment descriptor '/home/pablo-portatil/GITHUB/TFG/project_ws/install/mapping_controller/share/mapping_controller/hook/ament_prefix_path.dsv'
[1.422s] INFO:colcon.colcon_core.shell:Creating environment hook '/home/pablo-portatil/GITHUB/TFG/project_ws/install/mapping_controller/share/mapping_controller/hook/ament_prefix_path.sh'
[1.423s] INFO:colcon.colcon_core.shell:Skip shell extension 'powershell' for command environment: Not usable outside of PowerShell
[1.423s] DEBUG:colcon.colcon_core.shell:Skip shell extension 'dsv' for command environment
[1.435s] DEBUG:colcon.colcon_core.event_handler.log_command:Invoking command in '/home/pablo-portatil/GITHUB/TFG/project_ws/build/bonxai_ros': CMAKE_PREFIX_PATH=${CMAKE_PREFIX_PATH}:/home/pablo-portatil/GITHUB/TFG/project_ws/install/mapping_controller:/home/pablo-portatil/GITHUB/TFG/project_ws/install/location_controller:/opt/ros/humble /usr/bin/cmake --build /home/pablo-portatil/GITHUB/TFG/project_ws/build/bonxai_ros -- -j16 -l16
[2.594s] INFO:colcon.colcon_core.task.python.build:Building Python package in '/home/pablo-portatil/GITHUB/TFG/project_ws/src/location_controller'
[2.595s] INFO:colcon.colcon_core.shell:Skip shell extension 'powershell' for command environment: Not usable outside of PowerShell
[2.595s] DEBUG:colcon.colcon_core.shell:Skip shell extension 'dsv' for command environment
[2.805s] INFO:colcon.colcon_core.task.python.build:Building Python package in '/home/pablo-portatil/GITHUB/TFG/project_ws/src/mapping_controller'
[2.805s] INFO:colcon.colcon_core.shell:Skip shell extension 'powershell' for command environment: Not usable outside of PowerShell
[2.805s] DEBUG:colcon.colcon_core.shell:Skip shell extension 'dsv' for command environment
[2.809s] DEBUG:colcon.colcon_core.event_handler.log_command:Invoked command in '/home/pablo-portatil/GITHUB/TFG/project_ws/build/bonxai_ros' returned '0': CMAKE_PREFIX_PATH=${CMAKE_PREFIX_PATH}:/home/pablo-portatil/GITHUB/TFG/project_ws/install/mapping_controller:/home/pablo-portatil/GITHUB/TFG/project_ws/install/location_controller:/opt/ros/humble /usr/bin/cmake --build /home/pablo-portatil/GITHUB/TFG/project_ws/build/bonxai_ros -- -j16 -l16
[2.824s] DEBUG:colcon.colcon_core.event_handler.log_command:Invoking command in '/home/pablo-portatil/GITHUB/TFG/project_ws/build/bonxai_ros': CMAKE_PREFIX_PATH=${CMAKE_PREFIX_PATH}:/home/pablo-portatil/GITHUB/TFG/project_ws/install/mapping_controller:/home/pablo-portatil/GITHUB/TFG/project_ws/install/location_controller:/opt/ros/humble /usr/bin/cmake --install /home/pablo-portatil/GITHUB/TFG/project_ws/build/bonxai_ros
[2.840s] Level 1:colcon.colcon_core.environment:create_environment_scripts_only(bonxai_ros)
[2.840s] DEBUG:colcon.colcon_core.event_handler.log_command:Invoked command in '/home/pablo-portatil/GITHUB/TFG/project_ws/build/bonxai_ros' returned '0': CMAKE_PREFIX_PATH=${CMAKE_PREFIX_PATH}:/home/pablo-portatil/GITHUB/TFG/project_ws/install/mapping_controller:/home/pablo-portatil/GITHUB/TFG/project_ws/install/location_controller:/opt/ros/humble /usr/bin/cmake --install /home/pablo-portatil/GITHUB/TFG/project_ws/build/bonxai_ros
[2.845s] Level 1:colcon.colcon_core.environment:checking '/home/pablo-portatil/GITHUB/TFG/project_ws/install/bonxai_ros' for CMake module files
[2.846s] Level 1:colcon.colcon_core.environment:checking '/home/pablo-portatil/GITHUB/TFG/project_ws/install/bonxai_ros' for CMake config files
[2.846s] Level 1:colcon.colcon_core.shell:create_environment_hook('bonxai_ros', 'cmake_prefix_path')
[2.846s] INFO:colcon.colcon_core.shell:Creating environment hook '/home/pablo-portatil/GITHUB/TFG/project_ws/install/bonxai_ros/share/bonxai_ros/hook/cmake_prefix_path.ps1'
[2.847s] INFO:colcon.colcon_core.shell:Creating environment descriptor '/home/pablo-portatil/GITHUB/TFG/project_ws/install/bonxai_ros/share/bonxai_ros/hook/cmake_prefix_path.dsv'
[2.848s] INFO:colcon.colcon_core.shell:Creating environment hook '/home/pablo-portatil/GITHUB/TFG/project_ws/install/bonxai_ros/share/bonxai_ros/hook/cmake_prefix_path.sh'
[2.849s] Level 1:colcon.colcon_core.environment:checking '/home/pablo-portatil/GITHUB/TFG/project_ws/install/bonxai_ros/lib'
[2.849s] Level 1:colcon.colcon_core.shell:create_environment_hook('bonxai_ros', 'ld_library_path_lib')
[2.850s] INFO:colcon.colcon_core.shell:Creating environment hook '/home/pablo-portatil/GITHUB/TFG/project_ws/install/bonxai_ros/share/bonxai_ros/hook/ld_library_path_lib.ps1'
[2.851s] INFO:colcon.colcon_core.shell:Creating environment descriptor '/home/pablo-portatil/GITHUB/TFG/project_ws/install/bonxai_ros/share/bonxai_ros/hook/ld_library_path_lib.dsv'
[2.851s] INFO:colcon.colcon_core.shell:Creating environment hook '/home/pablo-portatil/GITHUB/TFG/project_ws/install/bonxai_ros/share/bonxai_ros/hook/ld_library_path_lib.sh'
[2.852s] Level 1:colcon.colcon_core.environment:checking '/home/pablo-portatil/GITHUB/TFG/project_ws/install/bonxai_ros/bin'
[2.852s] Level 1:colcon.colcon_core.environment:checking '/home/pablo-portatil/GITHUB/TFG/project_ws/install/bonxai_ros/lib/pkgconfig/bonxai_ros.pc'
[2.852s] Level 1:colcon.colcon_core.environment:checking '/home/pablo-portatil/GITHUB/TFG/project_ws/install/bonxai_ros/lib/python3.10/site-packages'
[2.852s] Level 1:colcon.colcon_core.environment:checking '/home/pablo-portatil/GITHUB/TFG/project_ws/install/bonxai_ros/bin'
[2.853s] INFO:colcon.colcon_core.shell:Creating package script '/home/pablo-portatil/GITHUB/TFG/project_ws/install/bonxai_ros/share/bonxai_ros/package.ps1'
[2.854s] INFO:colcon.colcon_core.shell:Creating package descriptor '/home/pablo-portatil/GITHUB/TFG/project_ws/install/bonxai_ros/share/bonxai_ros/package.dsv'
[2.855s] INFO:colcon.colcon_core.shell:Creating package script '/home/pablo-portatil/GITHUB/TFG/project_ws/install/bonxai_ros/share/bonxai_ros/package.sh'
[2.856s] INFO:colcon.colcon_core.shell:Creating package script '/home/pablo-portatil/GITHUB/TFG/project_ws/install/bonxai_ros/share/bonxai_ros/package.bash'
[2.857s] INFO:colcon.colcon_core.shell:Creating package script '/home/pablo-portatil/GITHUB/TFG/project_ws/install/bonxai_ros/share/bonxai_ros/package.zsh'
[2.858s] Level 1:colcon.colcon_core.environment:create_file_with_runtime_dependencies(/home/pablo-portatil/GITHUB/TFG/project_ws/install/bonxai_ros/share/colcon-core/packages/bonxai_ros)
[2.858s] Level 1:colcon.colcon_core.environment:create_environment_scripts_only(bonxai_ros)
[2.858s] Level 1:colcon.colcon_core.environment:checking '/home/pablo-portatil/GITHUB/TFG/project_ws/install/bonxai_ros' for CMake module files
[2.859s] Level 1:colcon.colcon_core.environment:checking '/home/pablo-portatil/GITHUB/TFG/project_ws/install/bonxai_ros' for CMake config files
[2.859s] Level 1:colcon.colcon_core.shell:create_environment_hook('bonxai_ros', 'cmake_prefix_path')
[2.859s] INFO:colcon.colcon_core.shell:Creating environment hook '/home/pablo-portatil/GITHUB/TFG/project_ws/install/bonxai_ros/share/bonxai_ros/hook/cmake_prefix_path.ps1'
[2.860s] INFO:colcon.colcon_core.shell:Creating environment descriptor '/home/pablo-portatil/GITHUB/TFG/project_ws/install/bonxai_ros/share/bonxai_ros/hook/cmake_prefix_path.dsv'
[2.860s] INFO:colcon.colcon_core.shell:Creating environment hook '/home/pablo-portatil/GITHUB/TFG/project_ws/install/bonxai_ros/share/bonxai_ros/hook/cmake_prefix_path.sh'
[2.860s] Level 1:colcon.colcon_core.environment:checking '/home/pablo-portatil/GITHUB/TFG/project_ws/install/bonxai_ros/lib'
[2.860s] Level 1:colcon.colcon_core.shell:create_environment_hook('bonxai_ros', 'ld_library_path_lib')
[2.861s] INFO:colcon.colcon_core.shell:Creating environment hook '/home/pablo-portatil/GITHUB/TFG/project_ws/install/bonxai_ros/share/bonxai_ros/hook/ld_library_path_lib.ps1'
[2.861s] INFO:colcon.colcon_core.shell:Creating environment descriptor '/home/pablo-portatil/GITHUB/TFG/project_ws/install/bonxai_ros/share/bonxai_ros/hook/ld_library_path_lib.dsv'
[2.861s] INFO:colcon.colcon_core.shell:Creating environment hook '/home/pablo-portatil/GITHUB/TFG/project_ws/install/bonxai_ros/share/bonxai_ros/hook/ld_library_path_lib.sh'
[2.862s] Level 1:colcon.colcon_core.environment:checking '/home/pablo-portatil/GITHUB/TFG/project_ws/install/bonxai_ros/bin'
[2.862s] Level 1:colcon.colcon_core.environment:checking '/home/pablo-portatil/GITHUB/TFG/project_ws/install/bonxai_ros/lib/pkgconfig/bonxai_ros.pc'
[2.862s] Level 1:colcon.colcon_core.environment:checking '/home/pablo-portatil/GITHUB/TFG/project_ws/install/bonxai_ros/lib/python3.10/site-packages'
[2.862s] Level 1:colcon.colcon_core.environment:checking '/home/pablo-portatil/GITHUB/TFG/project_ws/install/bonxai_ros/bin'
[2.862s] INFO:colcon.colcon_core.shell:Creating package script '/home/pablo-portatil/GITHUB/TFG/project_ws/install/bonxai_ros/share/bonxai_ros/package.ps1'
[2.863s] INFO:colcon.colcon_core.shell:Creating package descriptor '/home/pablo-portatil/GITHUB/TFG/project_ws/install/bonxai_ros/share/bonxai_ros/package.dsv'
[2.863s] INFO:colcon.colcon_core.shell:Creating package script '/home/pablo-portatil/GITHUB/TFG/project_ws/install/bonxai_ros/share/bonxai_ros/package.sh'
[2.864s] INFO:colcon.colcon_core.shell:Creating package script '/home/pablo-portatil/GITHUB/TFG/project_ws/install/bonxai_ros/share/bonxai_ros/package.bash'
[2.864s] INFO:colcon.colcon_core.shell:Creating package script '/home/pablo-portatil/GITHUB/TFG/project_ws/install/bonxai_ros/share/bonxai_ros/package.zsh'
[2.864s] Level 1:colcon.colcon_core.environment:create_file_with_runtime_dependencies(/home/pablo-portatil/GITHUB/TFG/project_ws/install/bonxai_ros/share/colcon-core/packages/bonxai_ros)
[3.176s] DEBUG:colcon.colcon_core.event_handler.log_command:Invoking command in '/home/pablo-portatil/GITHUB/TFG/project_ws/src/mapping_controller': PYTHONPATH=/home/pablo-portatil/GITHUB/TFG/project_ws/build/mapping_controller/prefix_override:/usr/lib/python3/dist-packages/colcon_core/task/python/colcon_distutils_commands:/home/pablo-portatil/GITHUB/TFG/project_ws/install/mapping_controller/lib/python3.10/site-packages:${PYTHONPATH} /usr/bin/python3 -W ignore:setup.py install is deprecated -W ignore:easy_install command is deprecated setup.py egg_info --egg-base ../../build/mapping_controller build --build-base /home/pablo-portatil/GITHUB/TFG/project_ws/build/mapping_controller/build install --record /home/pablo-portatil/GITHUB/TFG/project_ws/build/mapping_controller/install.log --single-version-externally-managed install_data
[3.177s] DEBUG:colcon.colcon_core.event_handler.log_command:Invoking command in '/home/pablo-portatil/GITHUB/TFG/project_ws/src/location_controller': PYTHONPATH=/home/pablo-portatil/GITHUB/TFG/project_ws/build/location_controller/prefix_override:/usr/lib/python3/dist-packages/colcon_core/task/python/colcon_distutils_commands:/home/pablo-portatil/GITHUB/TFG/project_ws/install/location_controller/lib/python3.10/site-packages:${PYTHONPATH} /usr/bin/python3 -W ignore:setup.py install is deprecated -W ignore:easy_install command is deprecated setup.py egg_info --egg-base ../../build/location_controller build --build-base /home/pablo-portatil/GITHUB/TFG/project_ws/build/location_controller/build install --record /home/pablo-portatil/GITHUB/TFG/project_ws/build/location_controller/install.log --single-version-externally-managed install_data
[3.442s] Level 1:colcon.colcon_core.environment:checking '/home/pablo-portatil/GITHUB/TFG/project_ws/install/mapping_controller' for CMake module files
[3.444s] DEBUG:colcon.colcon_core.event_handler.log_command:Invoked command in '/home/pablo-portatil/GITHUB/TFG/project_ws/src/mapping_controller' returned '0': PYTHONPATH=/home/pablo-portatil/GITHUB/TFG/project_ws/build/mapping_controller/prefix_override:/usr/lib/python3/dist-packages/colcon_core/task/python/colcon_distutils_commands:/home/pablo-portatil/GITHUB/TFG/project_ws/install/mapping_controller/lib/python3.10/site-packages:${PYTHONPATH} /usr/bin/python3 -W ignore:setup.py install is deprecated -W ignore:easy_install command is deprecated setup.py egg_info --egg-base ../../build/mapping_controller build --build-base /home/pablo-portatil/GITHUB/TFG/project_ws/build/mapping_controller/build install --record /home/pablo-portatil/GITHUB/TFG/project_ws/build/mapping_controller/install.log --single-version-externally-managed install_data
[3.445s] Level 1:colcon.colcon_core.environment:checking '/home/pablo-portatil/GITHUB/TFG/project_ws/install/mapping_controller' for CMake config files
[3.446s] Level 1:colcon.colcon_core.environment:checking '/home/pablo-portatil/GITHUB/TFG/project_ws/install/mapping_controller/lib'
[3.446s] Level 1:colcon.colcon_core.environment:checking '/home/pablo-portatil/GITHUB/TFG/project_ws/install/mapping_controller/bin'
[3.446s] Level 1:colcon.colcon_core.environment:checking '/home/pablo-portatil/GITHUB/TFG/project_ws/install/mapping_controller/lib/pkgconfig/mapping_controller.pc'
[3.446s] Level 1:colcon.colcon_core.environment:checking '/home/pablo-portatil/GITHUB/TFG/project_ws/install/mapping_controller/lib/python3.10/site-packages'
[3.446s] Level 1:colcon.colcon_core.shell:create_environment_hook('mapping_controller', 'pythonpath')
[3.447s] INFO:colcon.colcon_core.shell:Creating environment hook '/home/pablo-portatil/GITHUB/TFG/project_ws/install/mapping_controller/share/mapping_controller/hook/pythonpath.ps1'
[3.447s] INFO:colcon.colcon_core.shell:Creating environment descriptor '/home/pablo-portatil/GITHUB/TFG/project_ws/install/mapping_controller/share/mapping_controller/hook/pythonpath.dsv'
[3.448s] INFO:colcon.colcon_core.shell:Creating environment hook '/home/pablo-portatil/GITHUB/TFG/project_ws/install/mapping_controller/share/mapping_controller/hook/pythonpath.sh'
[3.449s] Level 1:colcon.colcon_core.environment:checking '/home/pablo-portatil/GITHUB/TFG/project_ws/install/mapping_controller/bin'
[3.449s] Level 1:colcon.colcon_core.environment:create_environment_scripts_only(mapping_controller)
[3.450s] INFO:colcon.colcon_core.shell:Creating package script '/home/pablo-portatil/GITHUB/TFG/project_ws/install/mapping_controller/share/mapping_controller/package.ps1'
[3.451s] INFO:colcon.colcon_core.shell:Creating package descriptor '/home/pablo-portatil/GITHUB/TFG/project_ws/install/mapping_controller/share/mapping_controller/package.dsv'
[3.452s] INFO:colcon.colcon_core.shell:Creating package script '/home/pablo-portatil/GITHUB/TFG/project_ws/install/mapping_controller/share/mapping_controller/package.sh'
[3.453s] INFO:colcon.colcon_core.shell:Creating package script '/home/pablo-portatil/GITHUB/TFG/project_ws/install/mapping_controller/share/mapping_controller/package.bash'
[3.453s] INFO:colcon.colcon_core.shell:Creating package script '/home/pablo-portatil/GITHUB/TFG/project_ws/install/mapping_controller/share/mapping_controller/package.zsh'
[3.454s] Level 1:colcon.colcon_core.environment:create_file_with_runtime_dependencies(/home/pablo-portatil/GITHUB/TFG/project_ws/install/mapping_controller/share/colcon-core/packages/mapping_controller)
[3.455s] Level 1:colcon.colcon_core.environment:checking '/home/pablo-portatil/GITHUB/TFG/project_ws/install/location_controller' for CMake module files
[3.457s] Level 1:colcon.colcon_core.environment:checking '/home/pablo-portatil/GITHUB/TFG/project_ws/install/location_controller' for CMake config files
[3.458s] DEBUG:colcon.colcon_core.event_handler.log_command:Invoked command in '/home/pablo-portatil/GITHUB/TFG/project_ws/src/location_controller' returned '0': PYTHONPATH=/home/pablo-portatil/GITHUB/TFG/project_ws/build/location_controller/prefix_override:/usr/lib/python3/dist-packages/colcon_core/task/python/colcon_distutils_commands:/home/pablo-portatil/GITHUB/TFG/project_ws/install/location_controller/lib/python3.10/site-packages:${PYTHONPATH} /usr/bin/python3 -W ignore:setup.py install is deprecated -W ignore:easy_install command is deprecated setup.py egg_info --egg-base ../../build/location_controller build --build-base /home/pablo-portatil/GITHUB/TFG/project_ws/build/location_controller/build install --record /home/pablo-portatil/GITHUB/TFG/project_ws/build/location_controller/install.log --single-version-externally-managed install_data
[3.460s] Level 1:colcon.colcon_core.environment:checking '/home/pablo-portatil/GITHUB/TFG/project_ws/install/location_controller/lib'
[3.460s] Level 1:colcon.colcon_core.environment:checking '/home/pablo-portatil/GITHUB/TFG/project_ws/install/location_controller/bin'
[3.460s] Level 1:colcon.colcon_core.environment:checking '/home/pablo-portatil/GITHUB/TFG/project_ws/install/location_controller/lib/pkgconfig/location_controller.pc'
[3.460s] Level 1:colcon.colcon_core.environment:checking '/home/pablo-portatil/GITHUB/TFG/project_ws/install/location_controller/lib/python3.10/site-packages'
[3.460s] Level 1:colcon.colcon_core.shell:create_environment_hook('location_controller', 'pythonpath')
[3.461s] INFO:colcon.colcon_core.shell:Creating environment hook '/home/pablo-portatil/GITHUB/TFG/project_ws/install/location_controller/share/location_controller/hook/pythonpath.ps1'
[3.461s] INFO:colcon.colcon_core.shell:Creating environment descriptor '/home/pablo-portatil/GITHUB/TFG/project_ws/install/location_controller/share/location_controller/hook/pythonpath.dsv'
[3.461s] INFO:colcon.colcon_core.shell:Creating environment hook '/home/pablo-portatil/GITHUB/TFG/project_ws/install/location_controller/share/location_controller/hook/pythonpath.sh'
[3.462s] Level 1:colcon.colcon_core.environment:checking '/home/pablo-portatil/GITHUB/TFG/project_ws/install/location_controller/bin'
[3.462s] Level 1:colcon.colcon_core.environment:create_environment_scripts_only(location_controller)
[3.462s] INFO:colcon.colcon_core.shell:Creating package script '/home/pablo-portatil/GITHUB/TFG/project_ws/install/location_controller/share/location_controller/package.ps1'
[3.463s] INFO:colcon.colcon_core.shell:Creating package descriptor '/home/pablo-portatil/GITHUB/TFG/project_ws/install/location_controller/share/location_controller/package.dsv'
[3.463s] INFO:colcon.colcon_core.shell:Creating package script '/home/pablo-portatil/GITHUB/TFG/project_ws/install/location_controller/share/location_controller/package.sh'
[3.464s] INFO:colcon.colcon_core.shell:Creating package script '/home/pablo-portatil/GITHUB/TFG/project_ws/install/location_controller/share/location_controller/package.bash'
[3.464s] INFO:colcon.colcon_core.shell:Creating package script '/home/pablo-portatil/GITHUB/TFG/project_ws/install/location_controller/share/location_controller/package.zsh'
[3.464s] Level 1:colcon.colcon_core.environment:create_file_with_runtime_dependencies(/home/pablo-portatil/GITHUB/TFG/project_ws/install/location_controller/share/colcon-core/packages/location_controller)
[3.465s] DEBUG:colcon.colcon_parallel_executor.executor.parallel:closing loop
[3.465s] DEBUG:colcon.colcon_parallel_executor.executor.parallel:loop closed
[3.466s] DEBUG:colcon.colcon_parallel_executor.executor.parallel:run_until_complete finished with '0'
[3.466s] DEBUG:colcon.colcon_core.event_reactor:joining thread
[3.475s] INFO:colcon.colcon_core.plugin_system:Skipping extension 'colcon_notification.desktop_notification.terminal_notifier': Not used on non-Darwin systems
[3.475s] INFO:colcon.colcon_core.plugin_system:Skipping extension 'colcon_notification.desktop_notification.win32': Not used on non-Windows systems
[3.475s] INFO:colcon.colcon_notification.desktop_notification:Sending desktop notification using 'notify2'
[3.497s] DEBUG:colcon.colcon_core.event_reactor:joined thread
[3.498s] INFO:colcon.colcon_core.shell:Creating prefix script '/home/pablo-portatil/GITHUB/TFG/project_ws/install/local_setup.ps1'
[3.499s] INFO:colcon.colcon_core.shell:Creating prefix util module '/home/pablo-portatil/GITHUB/TFG/project_ws/install/_local_setup_util_ps1.py'
[3.502s] INFO:colcon.colcon_core.shell:Creating prefix chain script '/home/pablo-portatil/GITHUB/TFG/project_ws/install/setup.ps1'
[3.503s] INFO:colcon.colcon_core.shell:Creating prefix script '/home/pablo-portatil/GITHUB/TFG/project_ws/install/local_setup.sh'
[3.504s] INFO:colcon.colcon_core.shell:Creating prefix util module '/home/pablo-portatil/GITHUB/TFG/project_ws/install/_local_setup_util_sh.py'
[3.505s] INFO:colcon.colcon_core.shell:Creating prefix chain script '/home/pablo-portatil/GITHUB/TFG/project_ws/install/setup.sh'
[3.507s] INFO:colcon.colcon_core.shell:Creating prefix script '/home/pablo-portatil/GITHUB/TFG/project_ws/install/local_setup.bash'
[3.508s] INFO:colcon.colcon_core.shell:Creating prefix chain script '/home/pablo-portatil/GITHUB/TFG/project_ws/install/setup.bash'
[3.509s] INFO:colcon.colcon_core.shell:Creating prefix script '/home/pablo-portatil/GITHUB/TFG/project_ws/install/local_setup.zsh'
[3.510s] INFO:colcon.colcon_core.shell:Creating prefix chain script '/home/pablo-portatil/GITHUB/TFG/project_ws/install/setup.zsh'
