[0.830s] Invoking command in '/home/pablo-portatil/GITHUB/TFG/project_ws/src/mapping_controller': PYTHONPATH=/home/pablo-portatil/GITHUB/TFG/project_ws/build/mapping_controller/prefix_override:/usr/lib/python3/dist-packages/colcon_core/task/python/colcon_distutils_commands:/home/pablo-portatil/GITHUB/TFG/project_ws/install/mapping_controller/lib/python3.10/site-packages:${PYTHONPATH} /usr/bin/python3 -W ignore:setup.py install is deprecated -W ignore:easy_install command is deprecated setup.py egg_info --egg-base ../../build/mapping_controller build --build-base /home/pablo-portatil/GITHUB/TFG/project_ws/build/mapping_controller/build install --record /home/pablo-portatil/GITHUB/TFG/project_ws/build/mapping_controller/install.log --single-version-externally-managed install_data
[1.014s] running egg_info
[1.015s] writing ../../build/mapping_controller/mapping_controller.egg-info/PKG-INFO
[1.015s] writing dependency_links to ../../build/mapping_controller/mapping_controller.egg-info/dependency_links.txt
[1.015s] writing entry points to ../../build/mapping_controller/mapping_controller.egg-info/entry_points.txt
[1.015s] writing requirements to ../../build/mapping_controller/mapping_controller.egg-info/requires.txt
[1.015s] writing top-level names to ../../build/mapping_controller/mapping_controller.egg-info/top_level.txt
[1.017s] reading manifest file '../../build/mapping_controller/mapping_controller.egg-info/SOURCES.txt'
[1.017s] writing manifest file '../../build/mapping_controller/mapping_controller.egg-info/SOURCES.txt'
[1.017s] running build
[1.017s] running build_py
[1.017s] running install
[1.018s] running install_lib
[1.019s] running install_data
[1.019s] running install_egg_info
[1.020s] removing '/home/pablo-portatil/GITHUB/TFG/project_ws/install/mapping_controller/lib/python3.10/site-packages/mapping_controller-0.0.0-py3.10.egg-info' (and everything under it)
[1.020s] Copying ../../build/mapping_controller/mapping_controller.egg-info to /home/pablo-portatil/GITHUB/TFG/project_ws/install/mapping_controller/lib/python3.10/site-packages/mapping_controller-0.0.0-py3.10.egg-info
[1.021s] running install_scripts
[1.049s] Installing mapping_node script to /home/pablo-portatil/GITHUB/TFG/project_ws/install/mapping_controller/lib/mapping_controller
[1.049s] writing list of installed files to '/home/pablo-portatil/GITHUB/TFG/project_ws/build/mapping_controller/install.log'
[1.073s] Invoked command in '/home/pablo-portatil/GITHUB/TFG/project_ws/src/mapping_controller' returned '0': PYTHONPATH=/home/pablo-portatil/GITHUB/TFG/project_ws/build/mapping_controller/prefix_override:/usr/lib/python3/dist-packages/colcon_core/task/python/colcon_distutils_commands:/home/pablo-portatil/GITHUB/TFG/project_ws/install/mapping_controller/lib/python3.10/site-packages:${PYTHONPATH} /usr/bin/python3 -W ignore:setup.py install is deprecated -W ignore:easy_install command is deprecated setup.py egg_info --egg-base ../../build/mapping_controller build --build-base /home/pablo-portatil/GITHUB/TFG/project_ws/build/mapping_controller/build install --record /home/pablo-portatil/GITHUB/TFG/project_ws/build/mapping_controller/install.log --single-version-externally-managed install_data
