-- The C compiler identification is GNU 11.4.0
-- The CXX compiler identification is GNU 11.4.0
-- Detecting C compiler ABI info
-- Detecting C compiler ABI info - done
-- Check for working C compiler: /usr/bin/cc - skipped
-- Detecting C compile features
-- Detecting C compile features - done
-- Detecting CXX compiler ABI info
-- Detecting CXX compiler ABI info - done
-- Check for working CXX compiler: /usr/bin/c++ - skipped
-- Detecting CXX compile features
-- Detecting CXX compile features - done
-- Setting build type to 'RelWithDebInfo' as none was specified.
-- Checking for module 'eigen3'
--   Found eigen3, version 3.4.0
-- Found Eigen: /usr/include/eigen3 (Required is at least version "3.1") 
-- Eigen found (include: /usr/include/eigen3, version: 3.4.0)
-- Checking for module 'libusb-1.0'
--   Found libusb-1.0, version 1.0.25
-- Found libusb: /usr/lib/x86_64-linux-gnu/libusb-1.0.so  
-- OpenNI found (version: 1.5.4.0, include: /usr/include/ni, lib: /usr/lib/libOpenNI.so;libusb::libusb)
-- OpenNI2 found (version: 2.2.0.33, include: /usr/include/openni2, lib: /usr/lib/x86_64-linux-gnu/libOpenNI2.so;libusb::libusb)
-- Eigen found (include: /usr/include/eigen3, version: 3.4.0)
-- Found PCL_COMMON: /usr/lib/x86_64-linux-gnu/libpcl_common.so  
-- Found PCL_OCTREE: /usr/lib/x86_64-linux-gnu/libpcl_octree.so  
-- Found PCL_IO: /usr/lib/x86_64-linux-gnu/libpcl_io.so  
-- Found Python3: /usr/bin/python3 (found version "3.10.12") found components: Interpreter 
-- Building with colcon
-- Found ament_cmake_auto: 1.3.11 (/opt/ros/humble/share/ament_cmake_auto/cmake)
-- Found rosidl_generator_c: 3.1.6 (/opt/ros/humble/share/rosidl_generator_c/cmake)
-- Found rosidl_adapter: 3.1.6 (/opt/ros/humble/share/rosidl_adapter/cmake)
-- Found rosidl_generator_cpp: 3.1.6 (/opt/ros/humble/share/rosidl_generator_cpp/cmake)
-- Using all available rosidl_typesupport_c: rosidl_typesupport_fastrtps_c;rosidl_typesupport_introspection_c
-- Using all available rosidl_typesupport_cpp: rosidl_typesupport_fastrtps_cpp;rosidl_typesupport_introspection_cpp
-- Found rmw_implementation_cmake: 6.1.2 (/opt/ros/humble/share/rmw_implementation_cmake/cmake)
-- Found rmw_fastrtps_cpp: 6.2.7 (/opt/ros/humble/share/rmw_fastrtps_cpp/cmake)
-- Found OpenSSL: /usr/lib/x86_64-linux-gnu/libcrypto.so (found version "3.0.2")  
-- Found FastRTPS: /opt/ros/humble/include  
-- Using RMW implementation 'rmw_fastrtps_cpp' as default
-- Found Threads: TRUE  
-- Found eigen3_cmake_module: 0.1.1 (/opt/ros/humble/share/eigen3_cmake_module/cmake)
-- Found Eigen3: TRUE (found version "3.4.0") 
-- Ensuring Eigen3 include directory is part of orocos-kdl CMake target
-- Configuring done
-- Generating done
-- Build files have been written to: /home/pablo-portatil/GITHUB/TFG/project_ws/build/bonxai_ros
[  0%] Built target bonxai_core
[  9%] [32mBuilding CXX object CMakeFiles/bonxai_server_node.dir/rclcpp_components/node_main_bonxai_server_node.cpp.o[0m
[ 18%] [32mBuilding CXX object bonxai_map/CMakeFiles/bonxai_map.dir/src/pcl_utils.cpp.o[0m
[ 27%] [32mBuilding CXX object examples/CMakeFiles/test_serialization.dir/test_serialization.cpp.o[0m
[ 36%] [32mBuilding CXX object examples/CMakeFiles/tutorial.dir/tutorial.cpp.o[0m
[ 45%] [32mBuilding CXX object bonxai_map/CMakeFiles/bonxai_map.dir/src/probabilistic_map.cpp.o[0m
[ 54%] [32m[1mLinking CXX executable test_serialization[0m
[ 54%] Built target test_serialization
[ 63%] [32m[1mLinking CXX executable tutorial[0m
[ 63%] Built target tutorial
[ 72%] [32m[1mLinking CXX executable bonxai_server_node[0m
[ 72%] Built target bonxai_server_node
[ 81%] [32m[1mLinking CXX static library libbonxai_map.a[0m
[ 81%] Built target bonxai_map
[ 90%] [32mBuilding CXX object CMakeFiles/bonxai_server.dir/bonxai_ros/src/bonxai_server.cpp.o[0m
[100%] [32m[1mLinking CXX shared library libbonxai_server.so[0m
[100%] Built target bonxai_server
-- Install configuration: "RelWithDebInfo"
-- Installing: /home/pablo-portatil/GITHUB/TFG/project_ws/install/bonxai_ros/lib/bonxai_ros/bonxai_server_node
-- Set runtime path of "/home/pablo-portatil/GITHUB/TFG/project_ws/install/bonxai_ros/lib/bonxai_ros/bonxai_server_node" to ""
-- Installing: /home/pablo-portatil/GITHUB/TFG/project_ws/install/bonxai_ros/share/bonxai_ros/environment/library_path.sh
-- Installing: /home/pablo-portatil/GITHUB/TFG/project_ws/install/bonxai_ros/share/bonxai_ros/environment/library_path.dsv
-- Installing: /home/pablo-portatil/GITHUB/TFG/project_ws/install/bonxai_ros/lib/libbonxai_server.so
-- Set runtime path of "/home/pablo-portatil/GITHUB/TFG/project_ws/install/bonxai_ros/lib/libbonxai_server.so" to ""
-- Installing: /home/pablo-portatil/GITHUB/TFG/project_ws/install/bonxai_ros/share/bonxai_ros/launch
-- Installing: /home/pablo-portatil/GITHUB/TFG/project_ws/install/bonxai_ros/share/bonxai_ros/launch/bonxai_mapping.launch.xml
-- Installing: /home/pablo-portatil/GITHUB/TFG/project_ws/install/bonxai_ros/share/bonxai_ros/launch/bonxai_mapping.launch.py
-- Installing: /home/pablo-portatil/GITHUB/TFG/project_ws/install/bonxai_ros/share/bonxai_ros/rviz
-- Installing: /home/pablo-portatil/GITHUB/TFG/project_ws/install/bonxai_ros/share/bonxai_ros/rviz/bonxai.rviz
-- Installing: /home/pablo-portatil/GITHUB/TFG/project_ws/install/bonxai_ros/share/bonxai_ros/params
-- Installing: /home/pablo-portatil/GITHUB/TFG/project_ws/install/bonxai_ros/share/bonxai_ros/params/bonxai_params.yaml
-- Installing: /home/pablo-portatil/GITHUB/TFG/project_ws/install/bonxai_ros/share/ament_index/resource_index/package_run_dependencies/bonxai_ros
-- Installing: /home/pablo-portatil/GITHUB/TFG/project_ws/install/bonxai_ros/share/ament_index/resource_index/parent_prefix_path/bonxai_ros
-- Installing: /home/pablo-portatil/GITHUB/TFG/project_ws/install/bonxai_ros/share/bonxai_ros/environment/ament_prefix_path.sh
-- Installing: /home/pablo-portatil/GITHUB/TFG/project_ws/install/bonxai_ros/share/bonxai_ros/environment/ament_prefix_path.dsv
-- Installing: /home/pablo-portatil/GITHUB/TFG/project_ws/install/bonxai_ros/share/bonxai_ros/environment/path.sh
-- Installing: /home/pablo-portatil/GITHUB/TFG/project_ws/install/bonxai_ros/share/bonxai_ros/environment/path.dsv
-- Installing: /home/pablo-portatil/GITHUB/TFG/project_ws/install/bonxai_ros/share/bonxai_ros/local_setup.bash
-- Installing: /home/pablo-portatil/GITHUB/TFG/project_ws/install/bonxai_ros/share/bonxai_ros/local_setup.sh
-- Installing: /home/pablo-portatil/GITHUB/TFG/project_ws/install/bonxai_ros/share/bonxai_ros/local_setup.zsh
-- Installing: /home/pablo-portatil/GITHUB/TFG/project_ws/install/bonxai_ros/share/bonxai_ros/local_setup.dsv
-- Installing: /home/pablo-portatil/GITHUB/TFG/project_ws/install/bonxai_ros/share/bonxai_ros/package.dsv
-- Installing: /home/pablo-portatil/GITHUB/TFG/project_ws/install/bonxai_ros/share/ament_index/resource_index/packages/bonxai_ros
-- Installing: /home/pablo-portatil/GITHUB/TFG/project_ws/install/bonxai_ros/share/ament_index/resource_index/rclcpp_components/bonxai_ros
-- Installing: /home/pablo-portatil/GITHUB/TFG/project_ws/install/bonxai_ros/share/bonxai_ros/cmake/ament_cmake_export_dependencies-extras.cmake
-- Installing: /home/pablo-portatil/GITHUB/TFG/project_ws/install/bonxai_ros/share/bonxai_ros/cmake/ament_cmake_export_libraries-extras.cmake
-- Installing: /home/pablo-portatil/GITHUB/TFG/project_ws/install/bonxai_ros/share/bonxai_ros/cmake/bonxai_rosConfig.cmake
-- Installing: /home/pablo-portatil/GITHUB/TFG/project_ws/install/bonxai_ros/share/bonxai_ros/cmake/bonxai_rosConfig-version.cmake
-- Installing: /home/pablo-portatil/GITHUB/TFG/project_ws/install/bonxai_ros/share/bonxai_ros/package.xml
