[0.009s] Invoking command in '/home/pablo-portatil/GITHUB/TFG/project_ws/build/bonxai_ros': CMAKE_PREFIX_PATH=/home/pablo-portatil/GITHUB/TFG/project_ws/install/location_controller:/opt/ros/humble /usr/bin/cmake /home/pablo-portatil/GITHUB/TFG/project_ws/src/Bonxai -DCMAKE_INSTALL_PREFIX=/home/pablo-portatil/GITHUB/TFG/project_ws/install/bonxai_ros
[0.049s] -- The C compiler identification is GNU 11.4.0
[0.092s] -- The CXX compiler identification is GNU 11.4.0
[0.097s] -- Detecting C compiler ABI info
[0.163s] -- Detecting C compiler ABI info - done
[0.168s] -- Check for working C compiler: /usr/bin/cc - skipped
[0.169s] -- Detecting C compile features
[0.169s] -- Detecting C compile features - done
[0.171s] -- Detecting CXX compiler ABI info
[0.239s] -- Detecting CXX compiler ABI info - done
[0.244s] -- Check for working CXX compiler: /usr/bin/c++ - skipped
[0.244s] -- Detecting CXX compile features
[0.245s] -- Detecting CXX compile features - done
[0.245s] -- Setting build type to 'RelWithDebInfo' as none was specified.
[0.255s] -- Checking for module 'eigen3'
[0.266s] --   Found eigen3, version 3.4.0
[0.293s] -- Found Eigen: /usr/include/eigen3 (Required is at least version "3.1") 
[0.293s] -- Eigen found (include: /usr/include/eigen3, version: 3.4.0)
[0.355s] -- Checking for module 'libusb-1.0'
[0.366s] --   Found libusb-1.0, version 1.0.25
[0.401s] -- Found libusb: /usr/lib/x86_64-linux-gnu/libusb-1.0.so  
[0.401s] -- OpenNI found (version: 1.5.4.0, include: /usr/include/ni, lib: /usr/lib/libOpenNI.so;libusb::libusb)
[0.448s] -- OpenNI2 found (version: 2.2.0.33, include: /usr/include/openni2, lib: /usr/lib/x86_64-linux-gnu/libOpenNI2.so;libusb::libusb)
[1.507s] -- Eigen found (include: /usr/include/eigen3, version: 3.4.0)
[1.508s] -- Found PCL_COMMON: /usr/lib/x86_64-linux-gnu/libpcl_common.so  
[1.508s] -- Found PCL_OCTREE: /usr/lib/x86_64-linux-gnu/libpcl_octree.so  
[1.509s] -- Found PCL_IO: /usr/lib/x86_64-linux-gnu/libpcl_io.so  
[1.666s] -- Found Python3: /usr/bin/python3 (found version "3.10.12") found components: Interpreter 
[1.725s] -- Building with colcon
[1.727s] -- Found ament_cmake_auto: 1.3.11 (/opt/ros/humble/share/ament_cmake_auto/cmake)
[1.799s] -- Found rosidl_generator_c: 3.1.6 (/opt/ros/humble/share/rosidl_generator_c/cmake)
[1.802s] -- Found rosidl_adapter: 3.1.6 (/opt/ros/humble/share/rosidl_adapter/cmake)
[1.807s] -- Found rosidl_generator_cpp: 3.1.6 (/opt/ros/humble/share/rosidl_generator_cpp/cmake)
[1.814s] -- Using all available rosidl_typesupport_c: rosidl_typesupport_fastrtps_c;rosidl_typesupport_introspection_c
[1.824s] -- Using all available rosidl_typesupport_cpp: rosidl_typesupport_fastrtps_cpp;rosidl_typesupport_introspection_cpp
[1.849s] -- Found rmw_implementation_cmake: 6.1.2 (/opt/ros/humble/share/rmw_implementation_cmake/cmake)
[1.851s] -- Found rmw_fastrtps_cpp: 6.2.7 (/opt/ros/humble/share/rmw_fastrtps_cpp/cmake)
[1.941s] -- Found OpenSSL: /usr/lib/x86_64-linux-gnu/libcrypto.so (found version "3.0.2")  
[1.963s] -- Found FastRTPS: /opt/ros/humble/include  
[1.990s] -- Using RMW implementation 'rmw_fastrtps_cpp' as default
[1.997s] -- Found Threads: TRUE  
[2.132s] -- Found eigen3_cmake_module: 0.1.1 (/opt/ros/humble/share/eigen3_cmake_module/cmake)
[2.133s] -- Found Eigen3: TRUE (found version "3.4.0") 
[2.133s] -- Ensuring Eigen3 include directory is part of orocos-kdl CMake target
[2.165s] -- Configuring done
[2.187s] -- Generating done
[2.194s] -- Build files have been written to: /home/pablo-portatil/GITHUB/TFG/project_ws/build/bonxai_ros
[2.204s] Invoked command in '/home/pablo-portatil/GITHUB/TFG/project_ws/build/bonxai_ros' returned '0': CMAKE_PREFIX_PATH=/home/pablo-portatil/GITHUB/TFG/project_ws/install/location_controller:/opt/ros/humble /usr/bin/cmake /home/pablo-portatil/GITHUB/TFG/project_ws/src/Bonxai -DCMAKE_INSTALL_PREFIX=/home/pablo-portatil/GITHUB/TFG/project_ws/install/bonxai_ros
[2.206s] Invoking command in '/home/pablo-portatil/GITHUB/TFG/project_ws/build/bonxai_ros': CMAKE_PREFIX_PATH=/home/pablo-portatil/GITHUB/TFG/project_ws/install/location_controller:/opt/ros/humble /usr/bin/cmake --build /home/pablo-portatil/GITHUB/TFG/project_ws/build/bonxai_ros -- -j16 -l16
[2.255s] [  0%] Built target bonxai_core
[2.257s] [  9%] [32mBuilding CXX object CMakeFiles/bonxai_server_node.dir/rclcpp_components/node_main_bonxai_server_node.cpp.o[0m
[2.276s] [ 18%] [32mBuilding CXX object bonxai_map/CMakeFiles/bonxai_map.dir/src/pcl_utils.cpp.o[0m
[2.277s] [ 27%] [32mBuilding CXX object examples/CMakeFiles/test_serialization.dir/test_serialization.cpp.o[0m
[2.277s] [ 36%] [32mBuilding CXX object examples/CMakeFiles/tutorial.dir/tutorial.cpp.o[0m
[2.277s] [ 45%] [32mBuilding CXX object bonxai_map/CMakeFiles/bonxai_map.dir/src/probabilistic_map.cpp.o[0m
[3.481s] [ 54%] [32m[1mLinking CXX executable test_serialization[0m
[3.574s] [ 54%] Built target test_serialization
[3.680s] [ 63%] [32m[1mLinking CXX executable tutorial[0m
[3.746s] [ 63%] Built target tutorial
[5.113s] [ 72%] [32m[1mLinking CXX executable bonxai_server_node[0m
[5.201s] [ 72%] Built target bonxai_server_node
[6.033s] [ 81%] [32m[1mLinking CXX static library libbonxai_map.a[0m
[6.075s] [ 81%] Built target bonxai_map
[6.103s] [ 90%] [32mBuilding CXX object CMakeFiles/bonxai_server.dir/bonxai_ros/src/bonxai_server.cpp.o[0m
[23.941s] [100%] [32m[1mLinking CXX shared library libbonxai_server.so[0m
[24.299s] [100%] Built target bonxai_server
[24.309s] Invoked command in '/home/pablo-portatil/GITHUB/TFG/project_ws/build/bonxai_ros' returned '0': CMAKE_PREFIX_PATH=/home/pablo-portatil/GITHUB/TFG/project_ws/install/location_controller:/opt/ros/humble /usr/bin/cmake --build /home/pablo-portatil/GITHUB/TFG/project_ws/build/bonxai_ros -- -j16 -l16
[24.320s] Invoking command in '/home/pablo-portatil/GITHUB/TFG/project_ws/build/bonxai_ros': CMAKE_PREFIX_PATH=/home/pablo-portatil/GITHUB/TFG/project_ws/install/location_controller:/opt/ros/humble /usr/bin/cmake --install /home/pablo-portatil/GITHUB/TFG/project_ws/build/bonxai_ros
[24.328s] -- Install configuration: "RelWithDebInfo"
[24.328s] -- Installing: /home/pablo-portatil/GITHUB/TFG/project_ws/install/bonxai_ros/lib/bonxai_ros/bonxai_server_node
[24.329s] -- Set runtime path of "/home/pablo-portatil/GITHUB/TFG/project_ws/install/bonxai_ros/lib/bonxai_ros/bonxai_server_node" to ""
[24.329s] -- Installing: /home/pablo-portatil/GITHUB/TFG/project_ws/install/bonxai_ros/share/bonxai_ros/environment/library_path.sh
[24.329s] -- Installing: /home/pablo-portatil/GITHUB/TFG/project_ws/install/bonxai_ros/share/bonxai_ros/environment/library_path.dsv
[24.329s] -- Installing: /home/pablo-portatil/GITHUB/TFG/project_ws/install/bonxai_ros/lib/libbonxai_server.so
[24.341s] -- Set runtime path of "/home/pablo-portatil/GITHUB/TFG/project_ws/install/bonxai_ros/lib/libbonxai_server.so" to ""
[24.341s] -- Installing: /home/pablo-portatil/GITHUB/TFG/project_ws/install/bonxai_ros/share/bonxai_ros/launch
[24.341s] -- Installing: /home/pablo-portatil/GITHUB/TFG/project_ws/install/bonxai_ros/share/bonxai_ros/launch/bonxai_mapping.launch.xml
[24.341s] -- Installing: /home/pablo-portatil/GITHUB/TFG/project_ws/install/bonxai_ros/share/bonxai_ros/launch/bonxai_mapping.launch.py
[24.341s] -- Installing: /home/pablo-portatil/GITHUB/TFG/project_ws/install/bonxai_ros/share/bonxai_ros/rviz
[24.341s] -- Installing: /home/pablo-portatil/GITHUB/TFG/project_ws/install/bonxai_ros/share/bonxai_ros/rviz/bonxai.rviz
[24.341s] -- Installing: /home/pablo-portatil/GITHUB/TFG/project_ws/install/bonxai_ros/share/bonxai_ros/params
[24.341s] -- Installing: /home/pablo-portatil/GITHUB/TFG/project_ws/install/bonxai_ros/share/bonxai_ros/params/bonxai_params.yaml
[24.341s] -- Installing: /home/pablo-portatil/GITHUB/TFG/project_ws/install/bonxai_ros/share/ament_index/resource_index/package_run_dependencies/bonxai_ros
[24.341s] -- Installing: /home/pablo-portatil/GITHUB/TFG/project_ws/install/bonxai_ros/share/ament_index/resource_index/parent_prefix_path/bonxai_ros
[24.341s] -- Installing: /home/pablo-portatil/GITHUB/TFG/project_ws/install/bonxai_ros/share/bonxai_ros/environment/ament_prefix_path.sh
[24.341s] -- Installing: /home/pablo-portatil/GITHUB/TFG/project_ws/install/bonxai_ros/share/bonxai_ros/environment/ament_prefix_path.dsv
[24.341s] -- Installing: /home/pablo-portatil/GITHUB/TFG/project_ws/install/bonxai_ros/share/bonxai_ros/environment/path.sh
[24.341s] -- Installing: /home/pablo-portatil/GITHUB/TFG/project_ws/install/bonxai_ros/share/bonxai_ros/environment/path.dsv
[24.341s] -- Installing: /home/pablo-portatil/GITHUB/TFG/project_ws/install/bonxai_ros/share/bonxai_ros/local_setup.bash
[24.341s] -- Installing: /home/pablo-portatil/GITHUB/TFG/project_ws/install/bonxai_ros/share/bonxai_ros/local_setup.sh
[24.341s] -- Installing: /home/pablo-portatil/GITHUB/TFG/project_ws/install/bonxai_ros/share/bonxai_ros/local_setup.zsh
[24.341s] -- Installing: /home/pablo-portatil/GITHUB/TFG/project_ws/install/bonxai_ros/share/bonxai_ros/local_setup.dsv
[24.341s] -- Installing: /home/pablo-portatil/GITHUB/TFG/project_ws/install/bonxai_ros/share/bonxai_ros/package.dsv
[24.341s] -- Installing: /home/pablo-portatil/GITHUB/TFG/project_ws/install/bonxai_ros/share/ament_index/resource_index/packages/bonxai_ros
[24.341s] -- Installing: /home/pablo-portatil/GITHUB/TFG/project_ws/install/bonxai_ros/share/ament_index/resource_index/rclcpp_components/bonxai_ros
[24.341s] -- Installing: /home/pablo-portatil/GITHUB/TFG/project_ws/install/bonxai_ros/share/bonxai_ros/cmake/ament_cmake_export_dependencies-extras.cmake
[24.341s] -- Installing: /home/pablo-portatil/GITHUB/TFG/project_ws/install/bonxai_ros/share/bonxai_ros/cmake/ament_cmake_export_libraries-extras.cmake
[24.341s] -- Installing: /home/pablo-portatil/GITHUB/TFG/project_ws/install/bonxai_ros/share/bonxai_ros/cmake/bonxai_rosConfig.cmake
[24.341s] -- Installing: /home/pablo-portatil/GITHUB/TFG/project_ws/install/bonxai_ros/share/bonxai_ros/cmake/bonxai_rosConfig-version.cmake
[24.342s] -- Installing: /home/pablo-portatil/GITHUB/TFG/project_ws/install/bonxai_ros/share/bonxai_ros/package.xml
[24.343s] Invoked command in '/home/pablo-portatil/GITHUB/TFG/project_ws/build/bonxai_ros' returned '0': CMAKE_PREFIX_PATH=/home/pablo-portatil/GITHUB/TFG/project_ws/install/location_controller:/opt/ros/humble /usr/bin/cmake --install /home/pablo-portatil/GITHUB/TFG/project_ws/build/bonxai_ros
