[35m[1mConsolidate compiler generated dependencies of target mapping_node[0m
[ 50%] [32mBuilding CXX object CMakeFiles/mapping_node.dir/src/mapping_node.cpp.o[0m
[01m[K/home/pablo-pc/GITHUB/TFG/project_ws/src/mapping_controller/src/mapping_node.cpp:108:2:[m[K [01;31m[Kerror: [m[Kexpected ‘[01m[K}[m[K’ at end of input
  108 | }
      |  [01;31m[K^[m[K
[01m[K/home/pablo-pc/GITHUB/TFG/project_ws/src/mapping_controller/src/mapping_node.cpp:7:1:[m[K [01;36m[Knote: [m[Kto match this ‘[01m[K{[m[K’
    7 | [01;36m[K{[m[K
      | [01;36m[K^[m[K
[01m[K/home/pablo-pc/GITHUB/TFG/project_ws/src/mapping_controller/src/mapping_node.cpp:[m[K In constructor ‘[01m[KMappingNode::MappingNode()[m[K’:
[01m[K/home/pablo-pc/GITHUB/TFG/project_ws/src/mapping_controller/src/mapping_node.cpp:14:5:[m[K [01;31m[Kerror: [m[K‘[01m[Kbonxai_server_[m[K’ was not declared in this scope; did you mean ‘[01m[Kbonxai_server[m[K’?
   14 |     [01;31m[Kbonxai_server_[m[K = std::make_shared<bonxai_server::BonxaiServer>(rclcpp::NodeOptions());
      |     [01;31m[K^~~~~~~~~~~~~~[m[K
      |     [32m[Kbonxai_server[m[K
[01m[K/home/pablo-pc/GITHUB/TFG/project_ws/src/mapping_controller/src/mapping_node.cpp:18:5:[m[K [01;31m[Kerror: [m[K‘[01m[Kpointcloud_transform_subscription_[m[K’ was not declared in this scope
   18 |     [01;31m[Kpointcloud_transform_subscription_[m[K = this->create_subscription<geometry_msgs::msg::TransformStamped>(
      |     [01;31m[K^~~~~~~~~~~~~~~~~~~~~~~~~~~~~~~~~~[m[K
[01m[K/home/pablo-pc/GITHUB/TFG/project_ws/src/mapping_controller/src/mapping_node.cpp:25:5:[m[K [01;31m[Kerror: [m[K‘[01m[Kclean_pcl_subscription_[m[K’ was not declared in this scope; did you mean ‘[01m[Kcreate_subscription[m[K’?
   25 |     [01;31m[Kclean_pcl_subscription_[m[K = this->create_subscription<sensor_msgs::msg::PointCloud2>(
      |     [01;31m[K^~~~~~~~~~~~~~~~~~~~~~~[m[K
      |     [32m[Kcreate_subscription[m[K
[01m[K/home/pablo-pc/GITHUB/TFG/project_ws/src/mapping_controller/src/mapping_node.cpp:[m[K In lambda function:
[01m[K/home/pablo-pc/GITHUB/TFG/project_ws/src/mapping_controller/src/mapping_node.cpp:28:9:[m[K [01;31m[Kerror: [m[K‘[01m[KcleanPclCallback[m[K’ was not declared in this scope
   28 |         [01;31m[KcleanPclCallback[m[K(msg);
      |         [01;31m[K^~~~~~~~~~~~~~~~[m[K
[01m[K/home/pablo-pc/GITHUB/TFG/project_ws/src/mapping_controller/src/mapping_node.cpp:[m[K In member function ‘[01m[Kvoid MappingNode::pointcloudTransformCallback(geometry_msgs::msg::TransformStamped_<std::allocator<void> >::SharedPtr)[m[K’:
[01m[K/home/pablo-pc/GITHUB/TFG/project_ws/src/mapping_controller/src/mapping_node.cpp:38:9:[m[K [01;31m[Kerror: [m[K‘[01m[Klatest_pcl_[m[K’ was not declared in this scope
   38 |     if ([01;31m[Klatest_pcl_[m[K == nullptr)
      |         [01;31m[K^~~~~~~~~~~[m[K
[01m[K/home/pablo-pc/GITHUB/TFG/project_ws/src/mapping_controller/src/mapping_node.cpp:45:9:[m[K [01;31m[Kerror: [m[K‘[01m[Klatest_pcl_[m[K’ was not declared in this scope
   45 |     if ([01;31m[Klatest_pcl_[m[K->header.stamp.sec == msg->header.stamp.sec)
      |         [01;31m[K^~~~~~~~~~~[m[K
[01m[K/home/pablo-pc/GITHUB/TFG/project_ws/src/mapping_controller/src/mapping_node.cpp:58:7:[m[K [01;31m[Kerror: [m[K‘[01m[Kbonxai_server_[m[K’ was not declared in this scope; did you mean ‘[01m[Kbonxai_server[m[K’?
   58 |   if ([01;31m[Kbonxai_server_[m[K) {
      |       [01;31m[K^~~~~~~~~~~~~~[m[K
      |       [32m[Kbonxai_server[m[K
[01m[K/home/pablo-pc/GITHUB/TFG/project_ws/src/mapping_controller/src/mapping_node.cpp:67:5:[m[K [01;31m[Kerror: [m[Kexpected ‘[01m[K}[m[K’ before ‘[01m[Kelse[m[K’
   67 |     [01;31m[Kelse[m[K
      |     [01;31m[K^~~~[m[K
[01m[K/home/pablo-pc/GITHUB/TFG/project_ws/src/mapping_controller/src/mapping_node.cpp:46:5:[m[K [01;36m[Knote: [m[Kto match this ‘[01m[K{[m[K’
   46 |     [01;36m[K{[m[K
      |     [01;36m[K^[m[K
[01m[K/home/pablo-pc/GITHUB/TFG/project_ws/src/mapping_controller/src/mapping_node.cpp:[m[K At global scope:
[01m[K/home/pablo-pc/GITHUB/TFG/project_ws/src/mapping_controller/src/mapping_node.cpp:108:2:[m[K [01;31m[Kerror: [m[Kexpected unqualified-id at end of input
  108 | }
      |  [01;31m[K^[m[K
gmake[2]: *** [CMakeFiles/mapping_node.dir/build.make:76: CMakeFiles/mapping_node.dir/src/mapping_node.cpp.o] Error 1
gmake[1]: *** [CMakeFiles/Makefile2:137: CMakeFiles/mapping_node.dir/all] Error 2
gmake: *** [Makefile:146: all] Error 2
