[0.152s] DEBUG:colcon:Command line arguments: ['/usr/bin/colcon', 'build']
[0.152s] DEBUG:colcon:Parsed command line arguments: Namespace(log_base=None, log_level=None, verb_name='build', build_base='build', install_base='install', merge_install=False, symlink_install=False, test_result_base=None, continue_on_error=False, executor='parallel', parallel_workers=16, event_handlers=None, ignore_user_meta=False, metas=['./colcon.meta'], base_paths=['.'], packages_ignore=None, packages_ignore_regex=None, paths=None, packages_up_to=None, packages_up_to_regex=None, packages_above=None, packages_above_and_dependencies=None, packages_above_depth=None, packages_select_by_dep=None, packages_skip_by_dep=None, packages_skip_up_to=None, packages_select_build_failed=False, packages_skip_build_finished=False, packages_select_test_failures=False, packages_skip_test_passed=False, packages_select=None, packages_skip=None, packages_select_regex=None, packages_skip_regex=None, packages_start=None, packages_end=None, allow_overriding=[], cmake_args=None, cmake_target=None, cmake_target_skip_unavailable=False, cmake_clean_cache=False, cmake_clean_first=False, cmake_force_configure=False, ament_cmake_args=None, catkin_cmake_args=None, catkin_skip_building_tests=False, mixin_files=None, mixin=None, verb_parser=<colcon_mixin.mixin.mixin_argument.MixinArgumentDecorator object at 0x7d284ddda290>, verb_extension=<colcon_core.verb.build.BuildVerb object at 0x7d284decb8b0>, main=<bound method BuildVerb.main of <colcon_core.verb.build.BuildVerb object at 0x7d284decb8b0>>, mixin_verb=('build',))
[0.384s] Level 1:colcon.colcon_core.package_discovery:discover_packages(colcon_meta) check parameters
[0.384s] Level 1:colcon.colcon_core.package_discovery:discover_packages(recursive) check parameters
[0.384s] Level 1:colcon.colcon_core.package_discovery:discover_packages(ignore) check parameters
[0.384s] Level 1:colcon.colcon_core.package_discovery:discover_packages(path) check parameters
[0.384s] Level 1:colcon.colcon_core.package_discovery:discover_packages(colcon_meta) discover
[0.384s] Level 1:colcon.colcon_core.package_discovery:discover_packages(recursive) discover
[0.384s] INFO:colcon.colcon_core.package_discovery:Crawling recursively for packages in '/home/pablo-pc/GITHUB/TFG/project_ws'
[0.384s] Level 1:colcon.colcon_core.package_identification:_identify(.) by extensions ['ignore', 'ignore_ament_install']
[0.384s] Level 1:colcon.colcon_core.package_identification:_identify(.) by extension 'ignore'
[0.384s] Level 1:colcon.colcon_core.package_identification:_identify(.) by extension 'ignore_ament_install'
[0.384s] Level 1:colcon.colcon_core.package_identification:_identify(.) by extensions ['colcon_pkg']
[0.384s] Level 1:colcon.colcon_core.package_identification:_identify(.) by extension 'colcon_pkg'
[0.385s] Level 1:colcon.colcon_core.package_identification:_identify(.) by extensions ['colcon_meta']
[0.385s] Level 1:colcon.colcon_core.package_identification:_identify(.) by extension 'colcon_meta'
[0.385s] Level 1:colcon.colcon_core.package_identification:_identify(.) by extensions ['ros']
[0.385s] Level 1:colcon.colcon_core.package_identification:_identify(.) by extension 'ros'
[0.400s] Level 1:colcon.colcon_core.package_identification:_identify(.) by extensions ['cmake', 'python']
[0.400s] Level 1:colcon.colcon_core.package_identification:_identify(.) by extension 'cmake'
[0.400s] Level 1:colcon.colcon_core.package_identification:_identify(.) by extension 'python'
[0.400s] Level 1:colcon.colcon_core.package_identification:_identify(.) by extensions ['python_setup_py']
[0.400s] Level 1:colcon.colcon_core.package_identification:_identify(.) by extension 'python_setup_py'
[0.400s] Level 1:colcon.colcon_core.package_identification:_identify(build) by extensions ['ignore', 'ignore_ament_install']
[0.400s] Level 1:colcon.colcon_core.package_identification:_identify(build) by extension 'ignore'
[0.400s] Level 1:colcon.colcon_core.package_identification:_identify(build) ignored
[0.400s] Level 1:colcon.colcon_core.package_identification:_identify(install) by extensions ['ignore', 'ignore_ament_install']
[0.400s] Level 1:colcon.colcon_core.package_identification:_identify(install) by extension 'ignore'
[0.400s] Level 1:colcon.colcon_core.package_identification:_identify(install) ignored
[0.401s] Level 1:colcon.colcon_core.package_identification:_identify(log) by extensions ['ignore', 'ignore_ament_install']
[0.401s] Level 1:colcon.colcon_core.package_identification:_identify(log) by extension 'ignore'
[0.401s] Level 1:colcon.colcon_core.package_identification:_identify(log) ignored
[0.401s] Level 1:colcon.colcon_core.package_identification:_identify(src) by extensions ['ignore', 'ignore_ament_install']
[0.401s] Level 1:colcon.colcon_core.package_identification:_identify(src) by extension 'ignore'
[0.401s] Level 1:colcon.colcon_core.package_identification:_identify(src) by extension 'ignore_ament_install'
[0.401s] Level 1:colcon.colcon_core.package_identification:_identify(src) by extensions ['colcon_pkg']
[0.401s] Level 1:colcon.colcon_core.package_identification:_identify(src) by extension 'colcon_pkg'
[0.401s] Level 1:colcon.colcon_core.package_identification:_identify(src) by extensions ['colcon_meta']
[0.401s] Level 1:colcon.colcon_core.package_identification:_identify(src) by extension 'colcon_meta'
[0.402s] Level 1:colcon.colcon_core.package_identification:_identify(src) by extensions ['ros']
[0.402s] Level 1:colcon.colcon_core.package_identification:_identify(src) by extension 'ros'
[0.402s] Level 1:colcon.colcon_core.package_identification:_identify(src) by extensions ['cmake', 'python']
[0.402s] Level 1:colcon.colcon_core.package_identification:_identify(src) by extension 'cmake'
[0.402s] Level 1:colcon.colcon_core.package_identification:_identify(src) by extension 'python'
[0.402s] Level 1:colcon.colcon_core.package_identification:_identify(src) by extensions ['python_setup_py']
[0.402s] Level 1:colcon.colcon_core.package_identification:_identify(src) by extension 'python_setup_py'
[0.402s] Level 1:colcon.colcon_core.package_identification:_identify(src/bonxai_wrapper) by extensions ['ignore', 'ignore_ament_install']
[0.402s] Level 1:colcon.colcon_core.package_identification:_identify(src/bonxai_wrapper) by extension 'ignore'
[0.402s] Level 1:colcon.colcon_core.package_identification:_identify(src/bonxai_wrapper) by extension 'ignore_ament_install'
[0.402s] Level 1:colcon.colcon_core.package_identification:_identify(src/bonxai_wrapper) by extensions ['colcon_pkg']
[0.402s] Level 1:colcon.colcon_core.package_identification:_identify(src/bonxai_wrapper) by extension 'colcon_pkg'
[0.402s] Level 1:colcon.colcon_core.package_identification:_identify(src/bonxai_wrapper) by extensions ['colcon_meta']
[0.402s] Level 1:colcon.colcon_core.package_identification:_identify(src/bonxai_wrapper) by extension 'colcon_meta'
[0.402s] Level 1:colcon.colcon_core.package_identification:_identify(src/bonxai_wrapper) by extensions ['ros']
[0.402s] Level 1:colcon.colcon_core.package_identification:_identify(src/bonxai_wrapper) by extension 'ros'
[0.405s] DEBUG:colcon.colcon_core.package_identification:Package 'src/bonxai_wrapper' with type 'ros.ament_cmake' and name 'bonxai_wrapper'
[0.405s] Level 1:colcon.colcon_core.package_identification:_identify(src/config) by extensions ['ignore', 'ignore_ament_install']
[0.405s] Level 1:colcon.colcon_core.package_identification:_identify(src/config) by extension 'ignore'
[0.405s] Level 1:colcon.colcon_core.package_identification:_identify(src/config) by extension 'ignore_ament_install'
[0.405s] Level 1:colcon.colcon_core.package_identification:_identify(src/config) by extensions ['colcon_pkg']
[0.405s] Level 1:colcon.colcon_core.package_identification:_identify(src/config) by extension 'colcon_pkg'
[0.406s] Level 1:colcon.colcon_core.package_identification:_identify(src/config) by extensions ['colcon_meta']
[0.406s] Level 1:colcon.colcon_core.package_identification:_identify(src/config) by extension 'colcon_meta'
[0.406s] Level 1:colcon.colcon_core.package_identification:_identify(src/config) by extensions ['ros']
[0.406s] Level 1:colcon.colcon_core.package_identification:_identify(src/config) by extension 'ros'
[0.406s] Level 1:colcon.colcon_core.package_identification:_identify(src/config) by extensions ['cmake', 'python']
[0.406s] Level 1:colcon.colcon_core.package_identification:_identify(src/config) by extension 'cmake'
[0.406s] Level 1:colcon.colcon_core.package_identification:_identify(src/config) by extension 'python'
[0.406s] Level 1:colcon.colcon_core.package_identification:_identify(src/config) by extensions ['python_setup_py']
[0.406s] Level 1:colcon.colcon_core.package_identification:_identify(src/config) by extension 'python_setup_py'
[0.406s] Level 1:colcon.colcon_core.package_identification:_identify(src/documentation) by extensions ['ignore', 'ignore_ament_install']
[0.406s] Level 1:colcon.colcon_core.package_identification:_identify(src/documentation) by extension 'ignore'
[0.406s] Level 1:colcon.colcon_core.package_identification:_identify(src/documentation) by extension 'ignore_ament_install'
[0.406s] Level 1:colcon.colcon_core.package_identification:_identify(src/documentation) by extensions ['colcon_pkg']
[0.406s] Level 1:colcon.colcon_core.package_identification:_identify(src/documentation) by extension 'colcon_pkg'
[0.406s] Level 1:colcon.colcon_core.package_identification:_identify(src/documentation) by extensions ['colcon_meta']
[0.406s] Level 1:colcon.colcon_core.package_identification:_identify(src/documentation) by extension 'colcon_meta'
[0.406s] Level 1:colcon.colcon_core.package_identification:_identify(src/documentation) by extensions ['ros']
[0.406s] Level 1:colcon.colcon_core.package_identification:_identify(src/documentation) by extension 'ros'
[0.406s] Level 1:colcon.colcon_core.package_identification:_identify(src/documentation) by extensions ['cmake', 'python']
[0.407s] Level 1:colcon.colcon_core.package_identification:_identify(src/documentation) by extension 'cmake'
[0.407s] Level 1:colcon.colcon_core.package_identification:_identify(src/documentation) by extension 'python'
[0.407s] Level 1:colcon.colcon_core.package_identification:_identify(src/documentation) by extensions ['python_setup_py']
[0.407s] Level 1:colcon.colcon_core.package_identification:_identify(src/documentation) by extension 'python_setup_py'
[0.407s] Level 1:colcon.colcon_core.package_identification:_identify(src/documentation/images) by extensions ['ignore', 'ignore_ament_install']
[0.407s] Level 1:colcon.colcon_core.package_identification:_identify(src/documentation/images) by extension 'ignore'
[0.407s] Level 1:colcon.colcon_core.package_identification:_identify(src/documentation/images) by extension 'ignore_ament_install'
[0.407s] Level 1:colcon.colcon_core.package_identification:_identify(src/documentation/images) by extensions ['colcon_pkg']
[0.407s] Level 1:colcon.colcon_core.package_identification:_identify(src/documentation/images) by extension 'colcon_pkg'
[0.407s] Level 1:colcon.colcon_core.package_identification:_identify(src/documentation/images) by extensions ['colcon_meta']
[0.407s] Level 1:colcon.colcon_core.package_identification:_identify(src/documentation/images) by extension 'colcon_meta'
[0.407s] Level 1:colcon.colcon_core.package_identification:_identify(src/documentation/images) by extensions ['ros']
[0.407s] Level 1:colcon.colcon_core.package_identification:_identify(src/documentation/images) by extension 'ros'
[0.407s] Level 1:colcon.colcon_core.package_identification:_identify(src/documentation/images) by extensions ['cmake', 'python']
[0.407s] Level 1:colcon.colcon_core.package_identification:_identify(src/documentation/images) by extension 'cmake'
[0.407s] Level 1:colcon.colcon_core.package_identification:_identify(src/documentation/images) by extension 'python'
[0.407s] Level 1:colcon.colcon_core.package_identification:_identify(src/documentation/images) by extensions ['python_setup_py']
[0.407s] Level 1:colcon.colcon_core.package_identification:_identify(src/documentation/images) by extension 'python_setup_py'
[0.407s] Level 1:colcon.colcon_core.package_identification:_identify(src/location_controller) by extensions ['ignore', 'ignore_ament_install']
[0.408s] Level 1:colcon.colcon_core.package_identification:_identify(src/location_controller) by extension 'ignore'
[0.408s] Level 1:colcon.colcon_core.package_identification:_identify(src/location_controller) by extension 'ignore_ament_install'
[0.408s] Level 1:colcon.colcon_core.package_identification:_identify(src/location_controller) by extensions ['colcon_pkg']
[0.408s] Level 1:colcon.colcon_core.package_identification:_identify(src/location_controller) by extension 'colcon_pkg'
[0.408s] Level 1:colcon.colcon_core.package_identification:_identify(src/location_controller) by extensions ['colcon_meta']
[0.408s] Level 1:colcon.colcon_core.package_identification:_identify(src/location_controller) by extension 'colcon_meta'
[0.408s] Level 1:colcon.colcon_core.package_identification:_identify(src/location_controller) by extensions ['ros']
[0.408s] Level 1:colcon.colcon_core.package_identification:_identify(src/location_controller) by extension 'ros'
[0.409s] DEBUG:colcon.colcon_core.package_identification:Package 'src/location_controller' with type 'ros.ament_python' and name 'location_controller'
[0.409s] Level 1:colcon.colcon_core.package_identification:_identify(src/mapping_controller) by extensions ['ignore', 'ignore_ament_install']
[0.409s] Level 1:colcon.colcon_core.package_identification:_identify(src/mapping_controller) by extension 'ignore'
[0.409s] Level 1:colcon.colcon_core.package_identification:_identify(src/mapping_controller) by extension 'ignore_ament_install'
[0.409s] Level 1:colcon.colcon_core.package_identification:_identify(src/mapping_controller) by extensions ['colcon_pkg']
[0.409s] Level 1:colcon.colcon_core.package_identification:_identify(src/mapping_controller) by extension 'colcon_pkg'
[0.409s] Level 1:colcon.colcon_core.package_identification:_identify(src/mapping_controller) by extensions ['colcon_meta']
[0.409s] Level 1:colcon.colcon_core.package_identification:_identify(src/mapping_controller) by extension 'colcon_meta'
[0.409s] Level 1:colcon.colcon_core.package_identification:_identify(src/mapping_controller) by extensions ['ros']
[0.409s] Level 1:colcon.colcon_core.package_identification:_identify(src/mapping_controller) by extension 'ros'
[0.411s] DEBUG:colcon.colcon_core.package_identification:Package 'src/mapping_controller' with type 'ros.ament_cmake' and name 'mapping_controller'
[0.411s] Level 1:colcon.colcon_core.package_identification:_identify(src/metrics) by extensions ['ignore', 'ignore_ament_install']
[0.411s] Level 1:colcon.colcon_core.package_identification:_identify(src/metrics) by extension 'ignore'
[0.411s] Level 1:colcon.colcon_core.package_identification:_identify(src/metrics) by extension 'ignore_ament_install'
[0.411s] Level 1:colcon.colcon_core.package_identification:_identify(src/metrics) by extensions ['colcon_pkg']
[0.411s] Level 1:colcon.colcon_core.package_identification:_identify(src/metrics) by extension 'colcon_pkg'
[0.411s] Level 1:colcon.colcon_core.package_identification:_identify(src/metrics) by extensions ['colcon_meta']
[0.411s] Level 1:colcon.colcon_core.package_identification:_identify(src/metrics) by extension 'colcon_meta'
[0.411s] Level 1:colcon.colcon_core.package_identification:_identify(src/metrics) by extensions ['ros']
[0.411s] Level 1:colcon.colcon_core.package_identification:_identify(src/metrics) by extension 'ros'
[0.411s] Level 1:colcon.colcon_core.package_identification:_identify(src/metrics) by extensions ['cmake', 'python']
[0.411s] Level 1:colcon.colcon_core.package_identification:_identify(src/metrics) by extension 'cmake'
[0.411s] Level 1:colcon.colcon_core.package_identification:_identify(src/metrics) by extension 'python'
[0.411s] Level 1:colcon.colcon_core.package_identification:_identify(src/metrics) by extensions ['python_setup_py']
[0.411s] Level 1:colcon.colcon_core.package_identification:_identify(src/metrics) by extension 'python_setup_py'
[0.411s] Level 1:colcon.colcon_core.package_identification:_identify(src/recordings) by extensions ['ignore', 'ignore_ament_install']
[0.412s] Level 1:colcon.colcon_core.package_identification:_identify(src/recordings) by extension 'ignore'
[0.412s] Level 1:colcon.colcon_core.package_identification:_identify(src/recordings) by extension 'ignore_ament_install'
[0.412s] Level 1:colcon.colcon_core.package_identification:_identify(src/recordings) by extensions ['colcon_pkg']
[0.412s] Level 1:colcon.colcon_core.package_identification:_identify(src/recordings) by extension 'colcon_pkg'
[0.412s] Level 1:colcon.colcon_core.package_identification:_identify(src/recordings) by extensions ['colcon_meta']
[0.412s] Level 1:colcon.colcon_core.package_identification:_identify(src/recordings) by extension 'colcon_meta'
[0.412s] Level 1:colcon.colcon_core.package_identification:_identify(src/recordings) by extensions ['ros']
[0.412s] Level 1:colcon.colcon_core.package_identification:_identify(src/recordings) by extension 'ros'
[0.412s] Level 1:colcon.colcon_core.package_identification:_identify(src/recordings) by extensions ['cmake', 'python']
[0.412s] Level 1:colcon.colcon_core.package_identification:_identify(src/recordings) by extension 'cmake'
[0.412s] Level 1:colcon.colcon_core.package_identification:_identify(src/recordings) by extension 'python'
[0.412s] Level 1:colcon.colcon_core.package_identification:_identify(src/recordings) by extensions ['python_setup_py']
[0.412s] Level 1:colcon.colcon_core.package_identification:_identify(src/recordings) by extension 'python_setup_py'
[0.412s] Level 1:colcon.colcon_core.package_identification:_identify(src/recordings/map) by extensions ['ignore', 'ignore_ament_install']
[0.412s] Level 1:colcon.colcon_core.package_identification:_identify(src/recordings/map) by extension 'ignore'
[0.412s] Level 1:colcon.colcon_core.package_identification:_identify(src/recordings/map) by extension 'ignore_ament_install'
[0.413s] Level 1:colcon.colcon_core.package_identification:_identify(src/recordings/map) by extensions ['colcon_pkg']
[0.413s] Level 1:colcon.colcon_core.package_identification:_identify(src/recordings/map) by extension 'colcon_pkg'
[0.413s] Level 1:colcon.colcon_core.package_identification:_identify(src/recordings/map) by extensions ['colcon_meta']
[0.413s] Level 1:colcon.colcon_core.package_identification:_identify(src/recordings/map) by extension 'colcon_meta'
[0.413s] Level 1:colcon.colcon_core.package_identification:_identify(src/recordings/map) by extensions ['ros']
[0.413s] Level 1:colcon.colcon_core.package_identification:_identify(src/recordings/map) by extension 'ros'
[0.413s] Level 1:colcon.colcon_core.package_identification:_identify(src/recordings/map) by extensions ['cmake', 'python']
[0.413s] Level 1:colcon.colcon_core.package_identification:_identify(src/recordings/map) by extension 'cmake'
[0.413s] Level 1:colcon.colcon_core.package_identification:_identify(src/recordings/map) by extension 'python'
[0.413s] Level 1:colcon.colcon_core.package_identification:_identify(src/recordings/map) by extensions ['python_setup_py']
[0.413s] Level 1:colcon.colcon_core.package_identification:_identify(src/recordings/map) by extension 'python_setup_py'
[0.413s] Level 1:colcon.colcon_core.package_identification:_identify(src/recordings/map/clean_pcl) by extensions ['ignore', 'ignore_ament_install']
[0.413s] Level 1:colcon.colcon_core.package_identification:_identify(src/recordings/map/clean_pcl) by extension 'ignore'
[0.413s] Level 1:colcon.colcon_core.package_identification:_identify(src/recordings/map/clean_pcl) by extension 'ignore_ament_install'
[0.413s] Level 1:colcon.colcon_core.package_identification:_identify(src/recordings/map/clean_pcl) by extensions ['colcon_pkg']
[0.413s] Level 1:colcon.colcon_core.package_identification:_identify(src/recordings/map/clean_pcl) by extension 'colcon_pkg'
[0.413s] Level 1:colcon.colcon_core.package_identification:_identify(src/recordings/map/clean_pcl) by extensions ['colcon_meta']
[0.413s] Level 1:colcon.colcon_core.package_identification:_identify(src/recordings/map/clean_pcl) by extension 'colcon_meta'
[0.414s] Level 1:colcon.colcon_core.package_identification:_identify(src/recordings/map/clean_pcl) by extensions ['ros']
[0.414s] Level 1:colcon.colcon_core.package_identification:_identify(src/recordings/map/clean_pcl) by extension 'ros'
[0.414s] Level 1:colcon.colcon_core.package_identification:_identify(src/recordings/map/clean_pcl) by extensions ['cmake', 'python']
[0.414s] Level 1:colcon.colcon_core.package_identification:_identify(src/recordings/map/clean_pcl) by extension 'cmake'
[0.414s] Level 1:colcon.colcon_core.package_identification:_identify(src/recordings/map/clean_pcl) by extension 'python'
[0.414s] Level 1:colcon.colcon_core.package_identification:_identify(src/recordings/map/clean_pcl) by extensions ['python_setup_py']
[0.414s] Level 1:colcon.colcon_core.package_identification:_identify(src/recordings/map/clean_pcl) by extension 'python_setup_py'
[0.414s] Level 1:colcon.colcon_core.package_identification:_identify(src/recordings/map/clean_pcl/clean_pcl_map) by extensions ['ignore', 'ignore_ament_install']
[0.414s] Level 1:colcon.colcon_core.package_identification:_identify(src/recordings/map/clean_pcl/clean_pcl_map) by extension 'ignore'
[0.414s] Level 1:colcon.colcon_core.package_identification:_identify(src/recordings/map/clean_pcl/clean_pcl_map) by extension 'ignore_ament_install'
[0.414s] Level 1:colcon.colcon_core.package_identification:_identify(src/recordings/map/clean_pcl/clean_pcl_map) by extensions ['colcon_pkg']
[0.414s] Level 1:colcon.colcon_core.package_identification:_identify(src/recordings/map/clean_pcl/clean_pcl_map) by extension 'colcon_pkg'
[0.414s] Level 1:colcon.colcon_core.package_identification:_identify(src/recordings/map/clean_pcl/clean_pcl_map) by extensions ['colcon_meta']
[0.414s] Level 1:colcon.colcon_core.package_identification:_identify(src/recordings/map/clean_pcl/clean_pcl_map) by extension 'colcon_meta'
[0.414s] Level 1:colcon.colcon_core.package_identification:_identify(src/recordings/map/clean_pcl/clean_pcl_map) by extensions ['ros']
[0.414s] Level 1:colcon.colcon_core.package_identification:_identify(src/recordings/map/clean_pcl/clean_pcl_map) by extension 'ros'
[0.415s] Level 1:colcon.colcon_core.package_identification:_identify(src/recordings/map/clean_pcl/clean_pcl_map) by extensions ['cmake', 'python']
[0.415s] Level 1:colcon.colcon_core.package_identification:_identify(src/recordings/map/clean_pcl/clean_pcl_map) by extension 'cmake'
[0.415s] Level 1:colcon.colcon_core.package_identification:_identify(src/recordings/map/clean_pcl/clean_pcl_map) by extension 'python'
[0.415s] Level 1:colcon.colcon_core.package_identification:_identify(src/recordings/map/clean_pcl/clean_pcl_map) by extensions ['python_setup_py']
[0.415s] Level 1:colcon.colcon_core.package_identification:_identify(src/recordings/map/clean_pcl/clean_pcl_map) by extension 'python_setup_py'
[0.415s] Level 1:colcon.colcon_core.package_identification:_identify(src/recordings/map/clean_pcl/clean_pcl_map_1) by extensions ['ignore', 'ignore_ament_install']
[0.415s] Level 1:colcon.colcon_core.package_identification:_identify(src/recordings/map/clean_pcl/clean_pcl_map_1) by extension 'ignore'
[0.415s] Level 1:colcon.colcon_core.package_identification:_identify(src/recordings/map/clean_pcl/clean_pcl_map_1) by extension 'ignore_ament_install'
[0.415s] Level 1:colcon.colcon_core.package_identification:_identify(src/recordings/map/clean_pcl/clean_pcl_map_1) by extensions ['colcon_pkg']
[0.415s] Level 1:colcon.colcon_core.package_identification:_identify(src/recordings/map/clean_pcl/clean_pcl_map_1) by extension 'colcon_pkg'
[0.415s] Level 1:colcon.colcon_core.package_identification:_identify(src/recordings/map/clean_pcl/clean_pcl_map_1) by extensions ['colcon_meta']
[0.415s] Level 1:colcon.colcon_core.package_identification:_identify(src/recordings/map/clean_pcl/clean_pcl_map_1) by extension 'colcon_meta'
[0.415s] Level 1:colcon.colcon_core.package_identification:_identify(src/recordings/map/clean_pcl/clean_pcl_map_1) by extensions ['ros']
[0.415s] Level 1:colcon.colcon_core.package_identification:_identify(src/recordings/map/clean_pcl/clean_pcl_map_1) by extension 'ros'
[0.415s] Level 1:colcon.colcon_core.package_identification:_identify(src/recordings/map/clean_pcl/clean_pcl_map_1) by extensions ['cmake', 'python']
[0.415s] Level 1:colcon.colcon_core.package_identification:_identify(src/recordings/map/clean_pcl/clean_pcl_map_1) by extension 'cmake'
[0.416s] Level 1:colcon.colcon_core.package_identification:_identify(src/recordings/map/clean_pcl/clean_pcl_map_1) by extension 'python'
[0.416s] Level 1:colcon.colcon_core.package_identification:_identify(src/recordings/map/clean_pcl/clean_pcl_map_1) by extensions ['python_setup_py']
[0.416s] Level 1:colcon.colcon_core.package_identification:_identify(src/recordings/map/clean_pcl/clean_pcl_map_1) by extension 'python_setup_py'
[0.416s] Level 1:colcon.colcon_core.package_identification:_identify(src/recordings/map/noisy_pcl) by extensions ['ignore', 'ignore_ament_install']
[0.416s] Level 1:colcon.colcon_core.package_identification:_identify(src/recordings/map/noisy_pcl) by extension 'ignore'
[0.416s] Level 1:colcon.colcon_core.package_identification:_identify(src/recordings/map/noisy_pcl) by extension 'ignore_ament_install'
[0.416s] Level 1:colcon.colcon_core.package_identification:_identify(src/recordings/map/noisy_pcl) by extensions ['colcon_pkg']
[0.416s] Level 1:colcon.colcon_core.package_identification:_identify(src/recordings/map/noisy_pcl) by extension 'colcon_pkg'
[0.416s] Level 1:colcon.colcon_core.package_identification:_identify(src/recordings/map/noisy_pcl) by extensions ['colcon_meta']
[0.416s] Level 1:colcon.colcon_core.package_identification:_identify(src/recordings/map/noisy_pcl) by extension 'colcon_meta'
[0.416s] Level 1:colcon.colcon_core.package_identification:_identify(src/recordings/map/noisy_pcl) by extensions ['ros']
[0.416s] Level 1:colcon.colcon_core.package_identification:_identify(src/recordings/map/noisy_pcl) by extension 'ros'
[0.416s] Level 1:colcon.colcon_core.package_identification:_identify(src/recordings/map/noisy_pcl) by extensions ['cmake', 'python']
[0.416s] Level 1:colcon.colcon_core.package_identification:_identify(src/recordings/map/noisy_pcl) by extension 'cmake'
[0.416s] Level 1:colcon.colcon_core.package_identification:_identify(src/recordings/map/noisy_pcl) by extension 'python'
[0.416s] Level 1:colcon.colcon_core.package_identification:_identify(src/recordings/map/noisy_pcl) by extensions ['python_setup_py']
[0.417s] Level 1:colcon.colcon_core.package_identification:_identify(src/recordings/map/noisy_pcl) by extension 'python_setup_py'
[0.417s] Level 1:colcon.colcon_core.package_identification:_identify(src/recordings/map/noisy_pcl/noisy_pcl_map) by extensions ['ignore', 'ignore_ament_install']
[0.417s] Level 1:colcon.colcon_core.package_identification:_identify(src/recordings/map/noisy_pcl/noisy_pcl_map) by extension 'ignore'
[0.417s] Level 1:colcon.colcon_core.package_identification:_identify(src/recordings/map/noisy_pcl/noisy_pcl_map) by extension 'ignore_ament_install'
[0.417s] Level 1:colcon.colcon_core.package_identification:_identify(src/recordings/map/noisy_pcl/noisy_pcl_map) by extensions ['colcon_pkg']
[0.417s] Level 1:colcon.colcon_core.package_identification:_identify(src/recordings/map/noisy_pcl/noisy_pcl_map) by extension 'colcon_pkg'
[0.417s] Level 1:colcon.colcon_core.package_identification:_identify(src/recordings/map/noisy_pcl/noisy_pcl_map) by extensions ['colcon_meta']
[0.417s] Level 1:colcon.colcon_core.package_identification:_identify(src/recordings/map/noisy_pcl/noisy_pcl_map) by extension 'colcon_meta'
[0.417s] Level 1:colcon.colcon_core.package_identification:_identify(src/recordings/map/noisy_pcl/noisy_pcl_map) by extensions ['ros']
[0.417s] Level 1:colcon.colcon_core.package_identification:_identify(src/recordings/map/noisy_pcl/noisy_pcl_map) by extension 'ros'
[0.417s] Level 1:colcon.colcon_core.package_identification:_identify(src/recordings/map/noisy_pcl/noisy_pcl_map) by extensions ['cmake', 'python']
[0.417s] Level 1:colcon.colcon_core.package_identification:_identify(src/recordings/map/noisy_pcl/noisy_pcl_map) by extension 'cmake'
[0.417s] Level 1:colcon.colcon_core.package_identification:_identify(src/recordings/map/noisy_pcl/noisy_pcl_map) by extension 'python'
[0.417s] Level 1:colcon.colcon_core.package_identification:_identify(src/recordings/map/noisy_pcl/noisy_pcl_map) by extensions ['python_setup_py']
[0.417s] Level 1:colcon.colcon_core.package_identification:_identify(src/recordings/map/noisy_pcl/noisy_pcl_map) by extension 'python_setup_py'
[0.418s] Level 1:colcon.colcon_core.package_identification:_identify(src/recordings/map/original) by extensions ['ignore', 'ignore_ament_install']
[0.418s] Level 1:colcon.colcon_core.package_identification:_identify(src/recordings/map/original) by extension 'ignore'
[0.418s] Level 1:colcon.colcon_core.package_identification:_identify(src/recordings/map/original) by extension 'ignore_ament_install'
[0.418s] Level 1:colcon.colcon_core.package_identification:_identify(src/recordings/map/original) by extensions ['colcon_pkg']
[0.418s] Level 1:colcon.colcon_core.package_identification:_identify(src/recordings/map/original) by extension 'colcon_pkg'
[0.418s] Level 1:colcon.colcon_core.package_identification:_identify(src/recordings/map/original) by extensions ['colcon_meta']
[0.418s] Level 1:colcon.colcon_core.package_identification:_identify(src/recordings/map/original) by extension 'colcon_meta'
[0.418s] Level 1:colcon.colcon_core.package_identification:_identify(src/recordings/map/original) by extensions ['ros']
[0.418s] Level 1:colcon.colcon_core.package_identification:_identify(src/recordings/map/original) by extension 'ros'
[0.418s] Level 1:colcon.colcon_core.package_identification:_identify(src/recordings/map/original) by extensions ['cmake', 'python']
[0.418s] Level 1:colcon.colcon_core.package_identification:_identify(src/recordings/map/original) by extension 'cmake'
[0.418s] Level 1:colcon.colcon_core.package_identification:_identify(src/recordings/map/original) by extension 'python'
[0.418s] Level 1:colcon.colcon_core.package_identification:_identify(src/recordings/map/original) by extensions ['python_setup_py']
[0.418s] Level 1:colcon.colcon_core.package_identification:_identify(src/recordings/map/original) by extension 'python_setup_py'
[0.418s] Level 1:colcon.colcon_core.package_identification:_identify(src/recordings/map/original/original_map_04) by extensions ['ignore', 'ignore_ament_install']
[0.419s] Level 1:colcon.colcon_core.package_identification:_identify(src/recordings/map/original/original_map_04) by extension 'ignore'
[0.419s] Level 1:colcon.colcon_core.package_identification:_identify(src/recordings/map/original/original_map_04) by extension 'ignore_ament_install'
[0.419s] Level 1:colcon.colcon_core.package_identification:_identify(src/recordings/map/original/original_map_04) by extensions ['colcon_pkg']
[0.419s] Level 1:colcon.colcon_core.package_identification:_identify(src/recordings/map/original/original_map_04) by extension 'colcon_pkg'
[0.419s] Level 1:colcon.colcon_core.package_identification:_identify(src/recordings/map/original/original_map_04) by extensions ['colcon_meta']
[0.419s] Level 1:colcon.colcon_core.package_identification:_identify(src/recordings/map/original/original_map_04) by extension 'colcon_meta'
[0.419s] Level 1:colcon.colcon_core.package_identification:_identify(src/recordings/map/original/original_map_04) by extensions ['ros']
[0.419s] Level 1:colcon.colcon_core.package_identification:_identify(src/recordings/map/original/original_map_04) by extension 'ros'
[0.419s] Level 1:colcon.colcon_core.package_identification:_identify(src/recordings/map/original/original_map_04) by extensions ['cmake', 'python']
[0.419s] Level 1:colcon.colcon_core.package_identification:_identify(src/recordings/map/original/original_map_04) by extension 'cmake'
[0.419s] Level 1:colcon.colcon_core.package_identification:_identify(src/recordings/map/original/original_map_04) by extension 'python'
[0.419s] Level 1:colcon.colcon_core.package_identification:_identify(src/recordings/map/original/original_map_04) by extensions ['python_setup_py']
[0.419s] Level 1:colcon.colcon_core.package_identification:_identify(src/recordings/map/original/original_map_04) by extension 'python_setup_py'
[0.419s] Level 1:colcon.colcon_core.package_identification:_identify(src/recordings/pose) by extensions ['ignore', 'ignore_ament_install']
[0.420s] Level 1:colcon.colcon_core.package_identification:_identify(src/recordings/pose) by extension 'ignore'
[0.420s] Level 1:colcon.colcon_core.package_identification:_identify(src/recordings/pose) by extension 'ignore_ament_install'
[0.420s] Level 1:colcon.colcon_core.package_identification:_identify(src/recordings/pose) by extensions ['colcon_pkg']
[0.420s] Level 1:colcon.colcon_core.package_identification:_identify(src/recordings/pose) by extension 'colcon_pkg'
[0.420s] Level 1:colcon.colcon_core.package_identification:_identify(src/recordings/pose) by extensions ['colcon_meta']
[0.420s] Level 1:colcon.colcon_core.package_identification:_identify(src/recordings/pose) by extension 'colcon_meta'
[0.420s] Level 1:colcon.colcon_core.package_identification:_identify(src/recordings/pose) by extensions ['ros']
[0.420s] Level 1:colcon.colcon_core.package_identification:_identify(src/recordings/pose) by extension 'ros'
[0.420s] Level 1:colcon.colcon_core.package_identification:_identify(src/recordings/pose) by extensions ['cmake', 'python']
[0.420s] Level 1:colcon.colcon_core.package_identification:_identify(src/recordings/pose) by extension 'cmake'
[0.420s] Level 1:colcon.colcon_core.package_identification:_identify(src/recordings/pose) by extension 'python'
[0.420s] Level 1:colcon.colcon_core.package_identification:_identify(src/recordings/pose) by extensions ['python_setup_py']
[0.420s] Level 1:colcon.colcon_core.package_identification:_identify(src/recordings/pose) by extension 'python_setup_py'
[0.420s] Level 1:colcon.colcon_core.package_identification:_identify(src/recordings/pose/clean_pcl) by extensions ['ignore', 'ignore_ament_install']
[0.420s] Level 1:colcon.colcon_core.package_identification:_identify(src/recordings/pose/clean_pcl) by extension 'ignore'
[0.420s] Level 1:colcon.colcon_core.package_identification:_identify(src/recordings/pose/clean_pcl) by extension 'ignore_ament_install'
[0.421s] Level 1:colcon.colcon_core.package_identification:_identify(src/recordings/pose/clean_pcl) by extensions ['colcon_pkg']
[0.421s] Level 1:colcon.colcon_core.package_identification:_identify(src/recordings/pose/clean_pcl) by extension 'colcon_pkg'
[0.421s] Level 1:colcon.colcon_core.package_identification:_identify(src/recordings/pose/clean_pcl) by extensions ['colcon_meta']
[0.421s] Level 1:colcon.colcon_core.package_identification:_identify(src/recordings/pose/clean_pcl) by extension 'colcon_meta'
[0.421s] Level 1:colcon.colcon_core.package_identification:_identify(src/recordings/pose/clean_pcl) by extensions ['ros']
[0.421s] Level 1:colcon.colcon_core.package_identification:_identify(src/recordings/pose/clean_pcl) by extension 'ros'
[0.421s] Level 1:colcon.colcon_core.package_identification:_identify(src/recordings/pose/clean_pcl) by extensions ['cmake', 'python']
[0.421s] Level 1:colcon.colcon_core.package_identification:_identify(src/recordings/pose/clean_pcl) by extension 'cmake'
[0.421s] Level 1:colcon.colcon_core.package_identification:_identify(src/recordings/pose/clean_pcl) by extension 'python'
[0.421s] Level 1:colcon.colcon_core.package_identification:_identify(src/recordings/pose/clean_pcl) by extensions ['python_setup_py']
[0.421s] Level 1:colcon.colcon_core.package_identification:_identify(src/recordings/pose/clean_pcl) by extension 'python_setup_py'
[0.421s] Level 1:colcon.colcon_core.package_identification:_identify(src/recordings/pose/clean_pcl/clean_pcl_pose) by extensions ['ignore', 'ignore_ament_install']
[0.421s] Level 1:colcon.colcon_core.package_identification:_identify(src/recordings/pose/clean_pcl/clean_pcl_pose) by extension 'ignore'
[0.421s] Level 1:colcon.colcon_core.package_identification:_identify(src/recordings/pose/clean_pcl/clean_pcl_pose) by extension 'ignore_ament_install'
[0.421s] Level 1:colcon.colcon_core.package_identification:_identify(src/recordings/pose/clean_pcl/clean_pcl_pose) by extensions ['colcon_pkg']
[0.421s] Level 1:colcon.colcon_core.package_identification:_identify(src/recordings/pose/clean_pcl/clean_pcl_pose) by extension 'colcon_pkg'
[0.422s] Level 1:colcon.colcon_core.package_identification:_identify(src/recordings/pose/clean_pcl/clean_pcl_pose) by extensions ['colcon_meta']
[0.422s] Level 1:colcon.colcon_core.package_identification:_identify(src/recordings/pose/clean_pcl/clean_pcl_pose) by extension 'colcon_meta'
[0.422s] Level 1:colcon.colcon_core.package_identification:_identify(src/recordings/pose/clean_pcl/clean_pcl_pose) by extensions ['ros']
[0.422s] Level 1:colcon.colcon_core.package_identification:_identify(src/recordings/pose/clean_pcl/clean_pcl_pose) by extension 'ros'
[0.422s] Level 1:colcon.colcon_core.package_identification:_identify(src/recordings/pose/clean_pcl/clean_pcl_pose) by extensions ['cmake', 'python']
[0.422s] Level 1:colcon.colcon_core.package_identification:_identify(src/recordings/pose/clean_pcl/clean_pcl_pose) by extension 'cmake'
[0.422s] Level 1:colcon.colcon_core.package_identification:_identify(src/recordings/pose/clean_pcl/clean_pcl_pose) by extension 'python'
[0.422s] Level 1:colcon.colcon_core.package_identification:_identify(src/recordings/pose/clean_pcl/clean_pcl_pose) by extensions ['python_setup_py']
[0.422s] Level 1:colcon.colcon_core.package_identification:_identify(src/recordings/pose/clean_pcl/clean_pcl_pose) by extension 'python_setup_py'
[0.422s] Level 1:colcon.colcon_core.package_identification:_identify(src/recordings/pose/clean_pcl/clean_pcl_pose_1) by extensions ['ignore', 'ignore_ament_install']
[0.422s] Level 1:colcon.colcon_core.package_identification:_identify(src/recordings/pose/clean_pcl/clean_pcl_pose_1) by extension 'ignore'
[0.422s] Level 1:colcon.colcon_core.package_identification:_identify(src/recordings/pose/clean_pcl/clean_pcl_pose_1) by extension 'ignore_ament_install'
[0.422s] Level 1:colcon.colcon_core.package_identification:_identify(src/recordings/pose/clean_pcl/clean_pcl_pose_1) by extensions ['colcon_pkg']
[0.422s] Level 1:colcon.colcon_core.package_identification:_identify(src/recordings/pose/clean_pcl/clean_pcl_pose_1) by extension 'colcon_pkg'
[0.422s] Level 1:colcon.colcon_core.package_identification:_identify(src/recordings/pose/clean_pcl/clean_pcl_pose_1) by extensions ['colcon_meta']
[0.422s] Level 1:colcon.colcon_core.package_identification:_identify(src/recordings/pose/clean_pcl/clean_pcl_pose_1) by extension 'colcon_meta'
[0.422s] Level 1:colcon.colcon_core.package_identification:_identify(src/recordings/pose/clean_pcl/clean_pcl_pose_1) by extensions ['ros']
[0.423s] Level 1:colcon.colcon_core.package_identification:_identify(src/recordings/pose/clean_pcl/clean_pcl_pose_1) by extension 'ros'
[0.423s] Level 1:colcon.colcon_core.package_identification:_identify(src/recordings/pose/clean_pcl/clean_pcl_pose_1) by extensions ['cmake', 'python']
[0.423s] Level 1:colcon.colcon_core.package_identification:_identify(src/recordings/pose/clean_pcl/clean_pcl_pose_1) by extension 'cmake'
[0.423s] Level 1:colcon.colcon_core.package_identification:_identify(src/recordings/pose/clean_pcl/clean_pcl_pose_1) by extension 'python'
[0.423s] Level 1:colcon.colcon_core.package_identification:_identify(src/recordings/pose/clean_pcl/clean_pcl_pose_1) by extensions ['python_setup_py']
[0.423s] Level 1:colcon.colcon_core.package_identification:_identify(src/recordings/pose/clean_pcl/clean_pcl_pose_1) by extension 'python_setup_py'
[0.423s] Level 1:colcon.colcon_core.package_identification:_identify(src/recordings/pose/noisy_pcl) by extensions ['ignore', 'ignore_ament_install']
[0.423s] Level 1:colcon.colcon_core.package_identification:_identify(src/recordings/pose/noisy_pcl) by extension 'ignore'
[0.423s] Level 1:colcon.colcon_core.package_identification:_identify(src/recordings/pose/noisy_pcl) by extension 'ignore_ament_install'
[0.423s] Level 1:colcon.colcon_core.package_identification:_identify(src/recordings/pose/noisy_pcl) by extensions ['colcon_pkg']
[0.423s] Level 1:colcon.colcon_core.package_identification:_identify(src/recordings/pose/noisy_pcl) by extension 'colcon_pkg'
[0.423s] Level 1:colcon.colcon_core.package_identification:_identify(src/recordings/pose/noisy_pcl) by extensions ['colcon_meta']
[0.423s] Level 1:colcon.colcon_core.package_identification:_identify(src/recordings/pose/noisy_pcl) by extension 'colcon_meta'
[0.423s] Level 1:colcon.colcon_core.package_identification:_identify(src/recordings/pose/noisy_pcl) by extensions ['ros']
[0.423s] Level 1:colcon.colcon_core.package_identification:_identify(src/recordings/pose/noisy_pcl) by extension 'ros'
[0.423s] Level 1:colcon.colcon_core.package_identification:_identify(src/recordings/pose/noisy_pcl) by extensions ['cmake', 'python']
[0.424s] Level 1:colcon.colcon_core.package_identification:_identify(src/recordings/pose/noisy_pcl) by extension 'cmake'
[0.424s] Level 1:colcon.colcon_core.package_identification:_identify(src/recordings/pose/noisy_pcl) by extension 'python'
[0.424s] Level 1:colcon.colcon_core.package_identification:_identify(src/recordings/pose/noisy_pcl) by extensions ['python_setup_py']
[0.424s] Level 1:colcon.colcon_core.package_identification:_identify(src/recordings/pose/noisy_pcl) by extension 'python_setup_py'
[0.424s] Level 1:colcon.colcon_core.package_identification:_identify(src/recordings/pose/noisy_pcl/noisy_pcl_pose) by extensions ['ignore', 'ignore_ament_install']
[0.424s] Level 1:colcon.colcon_core.package_identification:_identify(src/recordings/pose/noisy_pcl/noisy_pcl_pose) by extension 'ignore'
[0.424s] Level 1:colcon.colcon_core.package_identification:_identify(src/recordings/pose/noisy_pcl/noisy_pcl_pose) by extension 'ignore_ament_install'
[0.424s] Level 1:colcon.colcon_core.package_identification:_identify(src/recordings/pose/noisy_pcl/noisy_pcl_pose) by extensions ['colcon_pkg']
[0.424s] Level 1:colcon.colcon_core.package_identification:_identify(src/recordings/pose/noisy_pcl/noisy_pcl_pose) by extension 'colcon_pkg'
[0.424s] Level 1:colcon.colcon_core.package_identification:_identify(src/recordings/pose/noisy_pcl/noisy_pcl_pose) by extensions ['colcon_meta']
[0.424s] Level 1:colcon.colcon_core.package_identification:_identify(src/recordings/pose/noisy_pcl/noisy_pcl_pose) by extension 'colcon_meta'
[0.424s] Level 1:colcon.colcon_core.package_identification:_identify(src/recordings/pose/noisy_pcl/noisy_pcl_pose) by extensions ['ros']
[0.424s] Level 1:colcon.colcon_core.package_identification:_identify(src/recordings/pose/noisy_pcl/noisy_pcl_pose) by extension 'ros'
[0.424s] Level 1:colcon.colcon_core.package_identification:_identify(src/recordings/pose/noisy_pcl/noisy_pcl_pose) by extensions ['cmake', 'python']
[0.424s] Level 1:colcon.colcon_core.package_identification:_identify(src/recordings/pose/noisy_pcl/noisy_pcl_pose) by extension 'cmake'
[0.424s] Level 1:colcon.colcon_core.package_identification:_identify(src/recordings/pose/noisy_pcl/noisy_pcl_pose) by extension 'python'
[0.424s] Level 1:colcon.colcon_core.package_identification:_identify(src/recordings/pose/noisy_pcl/noisy_pcl_pose) by extensions ['python_setup_py']
[0.425s] Level 1:colcon.colcon_core.package_identification:_identify(src/recordings/pose/noisy_pcl/noisy_pcl_pose) by extension 'python_setup_py'
[0.425s] Level 1:colcon.colcon_core.package_identification:_identify(src/recordings/pose/original) by extensions ['ignore', 'ignore_ament_install']
[0.425s] Level 1:colcon.colcon_core.package_identification:_identify(src/recordings/pose/original) by extension 'ignore'
[0.425s] Level 1:colcon.colcon_core.package_identification:_identify(src/recordings/pose/original) by extension 'ignore_ament_install'
[0.425s] Level 1:colcon.colcon_core.package_identification:_identify(src/recordings/pose/original) by extensions ['colcon_pkg']
[0.425s] Level 1:colcon.colcon_core.package_identification:_identify(src/recordings/pose/original) by extension 'colcon_pkg'
[0.425s] Level 1:colcon.colcon_core.package_identification:_identify(src/recordings/pose/original) by extensions ['colcon_meta']
[0.425s] Level 1:colcon.colcon_core.package_identification:_identify(src/recordings/pose/original) by extension 'colcon_meta'
[0.425s] Level 1:colcon.colcon_core.package_identification:_identify(src/recordings/pose/original) by extensions ['ros']
[0.425s] Level 1:colcon.colcon_core.package_identification:_identify(src/recordings/pose/original) by extension 'ros'
[0.425s] Level 1:colcon.colcon_core.package_identification:_identify(src/recordings/pose/original) by extensions ['cmake', 'python']
[0.425s] Level 1:colcon.colcon_core.package_identification:_identify(src/recordings/pose/original) by extension 'cmake'
[0.425s] Level 1:colcon.colcon_core.package_identification:_identify(src/recordings/pose/original) by extension 'python'
[0.425s] Level 1:colcon.colcon_core.package_identification:_identify(src/recordings/pose/original) by extensions ['python_setup_py']
[0.425s] Level 1:colcon.colcon_core.package_identification:_identify(src/recordings/pose/original) by extension 'python_setup_py'
[0.426s] Level 1:colcon.colcon_core.package_identification:_identify(src/recordings/pose/original/original_pose) by extensions ['ignore', 'ignore_ament_install']
[0.426s] Level 1:colcon.colcon_core.package_identification:_identify(src/recordings/pose/original/original_pose) by extension 'ignore'
[0.426s] Level 1:colcon.colcon_core.package_identification:_identify(src/recordings/pose/original/original_pose) by extension 'ignore_ament_install'
[0.426s] Level 1:colcon.colcon_core.package_identification:_identify(src/recordings/pose/original/original_pose) by extensions ['colcon_pkg']
[0.426s] Level 1:colcon.colcon_core.package_identification:_identify(src/recordings/pose/original/original_pose) by extension 'colcon_pkg'
[0.426s] Level 1:colcon.colcon_core.package_identification:_identify(src/recordings/pose/original/original_pose) by extensions ['colcon_meta']
[0.426s] Level 1:colcon.colcon_core.package_identification:_identify(src/recordings/pose/original/original_pose) by extension 'colcon_meta'
[0.426s] Level 1:colcon.colcon_core.package_identification:_identify(src/recordings/pose/original/original_pose) by extensions ['ros']
[0.426s] Level 1:colcon.colcon_core.package_identification:_identify(src/recordings/pose/original/original_pose) by extension 'ros'
[0.426s] Level 1:colcon.colcon_core.package_identification:_identify(src/recordings/pose/original/original_pose) by extensions ['cmake', 'python']
[0.426s] Level 1:colcon.colcon_core.package_identification:_identify(src/recordings/pose/original/original_pose) by extension 'cmake'
[0.426s] Level 1:colcon.colcon_core.package_identification:_identify(src/recordings/pose/original/original_pose) by extension 'python'
[0.426s] Level 1:colcon.colcon_core.package_identification:_identify(src/recordings/pose/original/original_pose) by extensions ['python_setup_py']
[0.426s] Level 1:colcon.colcon_core.package_identification:_identify(src/recordings/pose/original/original_pose) by extension 'python_setup_py'
[0.426s] Level 1:colcon.colcon_core.package_discovery:discover_packages(recursive) using defaults
[0.426s] Level 1:colcon.colcon_core.package_discovery:discover_packages(ignore) discover
[0.426s] Level 1:colcon.colcon_core.package_discovery:discover_packages(ignore) using defaults
[0.427s] Level 1:colcon.colcon_core.package_discovery:discover_packages(path) discover
[0.427s] Level 1:colcon.colcon_core.package_discovery:discover_packages(path) using defaults
[0.471s] Level 1:colcon.colcon_core.package_discovery:discover_packages(prefix_path) check parameters
[0.471s] Level 1:colcon.colcon_core.package_discovery:discover_packages(prefix_path) discover
[0.473s] DEBUG:colcon.colcon_installed_package_information.package_discovery:Found 1 installed packages in /home/pablo-pc/Descargas/Test/ros2_ws/src/install
[0.473s] DEBUG:colcon.colcon_installed_package_information.package_discovery:Found 3 installed packages in /home/pablo-pc/GITHUB/TFG/project_ws/install
[0.475s] DEBUG:colcon.colcon_installed_package_information.package_discovery:Found 272 installed packages in /opt/ros/humble
[0.476s] Level 1:colcon.colcon_core.package_discovery:discover_packages(prefix_path) using defaults
[0.523s] Level 5:colcon.colcon_core.verb:set package 'bonxai_wrapper' build argument 'cmake_args' from command line to 'None'
[0.523s] Level 5:colcon.colcon_core.verb:set package 'bonxai_wrapper' build argument 'cmake_target' from command line to 'None'
[0.523s] Level 5:colcon.colcon_core.verb:set package 'bonxai_wrapper' build argument 'cmake_target_skip_unavailable' from command line to 'False'
[0.523s] Level 5:colcon.colcon_core.verb:set package 'bonxai_wrapper' build argument 'cmake_clean_cache' from command line to 'False'
[0.524s] Level 5:colcon.colcon_core.verb:set package 'bonxai_wrapper' build argument 'cmake_clean_first' from command line to 'False'
[0.524s] Level 5:colcon.colcon_core.verb:set package 'bonxai_wrapper' build argument 'cmake_force_configure' from command line to 'False'
[0.524s] Level 5:colcon.colcon_core.verb:set package 'bonxai_wrapper' build argument 'ament_cmake_args' from command line to 'None'
[0.524s] Level 5:colcon.colcon_core.verb:set package 'bonxai_wrapper' build argument 'catkin_cmake_args' from command line to 'None'
[0.524s] Level 5:colcon.colcon_core.verb:set package 'bonxai_wrapper' build argument 'catkin_skip_building_tests' from command line to 'False'
[0.524s] DEBUG:colcon.colcon_core.verb:Building package 'bonxai_wrapper' with the following arguments: {'ament_cmake_args': None, 'build_base': '/home/pablo-pc/GITHUB/TFG/project_ws/build/bonxai_wrapper', 'catkin_cmake_args': None, 'catkin_skip_building_tests': False, 'cmake_args': None, 'cmake_clean_cache': False, 'cmake_clean_first': False, 'cmake_force_configure': False, 'cmake_target': None, 'cmake_target_skip_unavailable': False, 'install_base': '/home/pablo-pc/GITHUB/TFG/project_ws/install/bonxai_wrapper', 'merge_install': False, 'path': '/home/pablo-pc/GITHUB/TFG/project_ws/src/bonxai_wrapper', 'symlink_install': False, 'test_result_base': None}
[0.524s] Level 5:colcon.colcon_core.verb:set package 'location_controller' build argument 'cmake_args' from command line to 'None'
[0.524s] Level 5:colcon.colcon_core.verb:set package 'location_controller' build argument 'cmake_target' from command line to 'None'
[0.524s] Level 5:colcon.colcon_core.verb:set package 'location_controller' build argument 'cmake_target_skip_unavailable' from command line to 'False'
[0.524s] Level 5:colcon.colcon_core.verb:set package 'location_controller' build argument 'cmake_clean_cache' from command line to 'False'
[0.524s] Level 5:colcon.colcon_core.verb:set package 'location_controller' build argument 'cmake_clean_first' from command line to 'False'
[0.524s] Level 5:colcon.colcon_core.verb:set package 'location_controller' build argument 'cmake_force_configure' from command line to 'False'
[0.525s] Level 5:colcon.colcon_core.verb:set package 'location_controller' build argument 'ament_cmake_args' from command line to 'None'
[0.525s] Level 5:colcon.colcon_core.verb:set package 'location_controller' build argument 'catkin_cmake_args' from command line to 'None'
[0.525s] Level 5:colcon.colcon_core.verb:set package 'location_controller' build argument 'catkin_skip_building_tests' from command line to 'False'
[0.525s] DEBUG:colcon.colcon_core.verb:Building package 'location_controller' with the following arguments: {'ament_cmake_args': None, 'build_base': '/home/pablo-pc/GITHUB/TFG/project_ws/build/location_controller', 'catkin_cmake_args': None, 'catkin_skip_building_tests': False, 'cmake_args': None, 'cmake_clean_cache': False, 'cmake_clean_first': False, 'cmake_force_configure': False, 'cmake_target': None, 'cmake_target_skip_unavailable': False, 'install_base': '/home/pablo-pc/GITHUB/TFG/project_ws/install/location_controller', 'merge_install': False, 'path': '/home/pablo-pc/GITHUB/TFG/project_ws/src/location_controller', 'symlink_install': False, 'test_result_base': None}
[0.525s] Level 5:colcon.colcon_core.verb:set package 'mapping_controller' build argument 'cmake_args' from command line to 'None'
[0.525s] Level 5:colcon.colcon_core.verb:set package 'mapping_controller' build argument 'cmake_target' from command line to 'None'
[0.525s] Level 5:colcon.colcon_core.verb:set package 'mapping_controller' build argument 'cmake_target_skip_unavailable' from command line to 'False'
[0.525s] Level 5:colcon.colcon_core.verb:set package 'mapping_controller' build argument 'cmake_clean_cache' from command line to 'False'
[0.525s] Level 5:colcon.colcon_core.verb:set package 'mapping_controller' build argument 'cmake_clean_first' from command line to 'False'
[0.525s] Level 5:colcon.colcon_core.verb:set package 'mapping_controller' build argument 'cmake_force_configure' from command line to 'False'
[0.525s] Level 5:colcon.colcon_core.verb:set package 'mapping_controller' build argument 'ament_cmake_args' from command line to 'None'
[0.525s] Level 5:colcon.colcon_core.verb:set package 'mapping_controller' build argument 'catkin_cmake_args' from command line to 'None'
[0.525s] Level 5:colcon.colcon_core.verb:set package 'mapping_controller' build argument 'catkin_skip_building_tests' from command line to 'False'
[0.525s] DEBUG:colcon.colcon_core.verb:Building package 'mapping_controller' with the following arguments: {'ament_cmake_args': None, 'build_base': '/home/pablo-pc/GITHUB/TFG/project_ws/build/mapping_controller', 'catkin_cmake_args': None, 'catkin_skip_building_tests': False, 'cmake_args': None, 'cmake_clean_cache': False, 'cmake_clean_first': False, 'cmake_force_configure': False, 'cmake_target': None, 'cmake_target_skip_unavailable': False, 'install_base': '/home/pablo-pc/GITHUB/TFG/project_ws/install/mapping_controller', 'merge_install': False, 'path': '/home/pablo-pc/GITHUB/TFG/project_ws/src/mapping_controller', 'symlink_install': False, 'test_result_base': None}
[0.526s] INFO:colcon.colcon_core.executor:Executing jobs using 'parallel' executor
[0.527s] DEBUG:colcon.colcon_parallel_executor.executor.parallel:run_until_complete
[0.528s] INFO:colcon.colcon_ros.task.ament_cmake.build:Building ROS package in '/home/pablo-pc/GITHUB/TFG/project_ws/src/bonxai_wrapper' with build type 'ament_cmake'
[0.528s] INFO:colcon.colcon_cmake.task.cmake.build:Building CMake package in '/home/pablo-pc/GITHUB/TFG/project_ws/src/bonxai_wrapper'
[0.533s] INFO:colcon.colcon_core.plugin_system:Skipping extension 'colcon_core.shell.bat': Not used on non-Windows systems
[0.533s] INFO:colcon.colcon_core.shell:Skip shell extension 'powershell' for command environment: Not usable outside of PowerShell
[0.533s] DEBUG:colcon.colcon_core.shell:Skip shell extension 'dsv' for command environment
[0.541s] INFO:colcon.colcon_ros.task.ament_python.build:Building ROS package in '/home/pablo-pc/GITHUB/TFG/project_ws/src/location_controller' with build type 'ament_python'
[0.541s] Level 1:colcon.colcon_core.shell:create_environment_hook('location_controller', 'ament_prefix_path')
[0.541s] INFO:colcon.colcon_core.shell:Creating environment hook '/home/pablo-pc/GITHUB/TFG/project_ws/install/location_controller/share/location_controller/hook/ament_prefix_path.ps1'
[0.542s] INFO:colcon.colcon_core.shell:Creating environment descriptor '/home/pablo-pc/GITHUB/TFG/project_ws/install/location_controller/share/location_controller/hook/ament_prefix_path.dsv'
[0.543s] INFO:colcon.colcon_core.shell:Creating environment hook '/home/pablo-pc/GITHUB/TFG/project_ws/install/location_controller/share/location_controller/hook/ament_prefix_path.sh'
[0.544s] INFO:colcon.colcon_core.shell:Skip shell extension 'powershell' for command environment: Not usable outside of PowerShell
[0.544s] DEBUG:colcon.colcon_core.shell:Skip shell extension 'dsv' for command environment
[0.558s] DEBUG:colcon.colcon_core.event_handler.log_command:Invoking command in '/home/pablo-pc/GITHUB/TFG/project_ws/build/bonxai_wrapper': CMAKE_PREFIX_PATH=${CMAKE_PREFIX_PATH}:/home/pablo-pc/GITHUB/TFG/project_ws/install/location_controller:/opt/ros/humble /usr/bin/cmake --build /home/pablo-pc/GITHUB/TFG/project_ws/build/bonxai_wrapper -- -j16 -l16
[1.065s] INFO:colcon.colcon_core.task.python.build:Building Python package in '/home/pablo-pc/GITHUB/TFG/project_ws/src/location_controller'
[1.066s] INFO:colcon.colcon_core.shell:Skip shell extension 'powershell' for command environment: Not usable outside of PowerShell
[1.066s] DEBUG:colcon.colcon_core.shell:Skip shell extension 'dsv' for command environment
[1.074s] DEBUG:colcon.colcon_core.event_handler.log_command:Invoked command in '/home/pablo-pc/GITHUB/TFG/project_ws/build/bonxai_wrapper' returned '0': CMAKE_PREFIX_PATH=${CMAKE_PREFIX_PATH}:/home/pablo-pc/GITHUB/TFG/project_ws/install/location_controller:/opt/ros/humble /usr/bin/cmake --build /home/pablo-pc/GITHUB/TFG/project_ws/build/bonxai_wrapper -- -j16 -l16
[1.093s] DEBUG:colcon.colcon_core.event_handler.log_command:Invoking command in '/home/pablo-pc/GITHUB/TFG/project_ws/build/bonxai_wrapper': CMAKE_PREFIX_PATH=${CMAKE_PREFIX_PATH}:/home/pablo-pc/GITHUB/TFG/project_ws/install/location_controller:/opt/ros/humble /usr/bin/cmake --install /home/pablo-pc/GITHUB/TFG/project_ws/build/bonxai_wrapper
[1.114s] Level 1:colcon.colcon_core.environment:create_environment_scripts_only(bonxai_wrapper)
[1.118s] DEBUG:colcon.colcon_core.event_handler.log_command:Invoked command in '/home/pablo-pc/GITHUB/TFG/project_ws/build/bonxai_wrapper' returned '0': CMAKE_PREFIX_PATH=${CMAKE_PREFIX_PATH}:/home/pablo-pc/GITHUB/TFG/project_ws/install/location_controller:/opt/ros/humble /usr/bin/cmake --install /home/pablo-pc/GITHUB/TFG/project_ws/build/bonxai_wrapper
[1.121s] Level 1:colcon.colcon_core.environment:checking '/home/pablo-pc/GITHUB/TFG/project_ws/install/bonxai_wrapper' for CMake module files
[1.121s] Level 1:colcon.colcon_core.environment:checking '/home/pablo-pc/GITHUB/TFG/project_ws/install/bonxai_wrapper' for CMake config files
[1.122s] Level 1:colcon.colcon_core.shell:create_environment_hook('bonxai_wrapper', 'cmake_prefix_path')
[1.122s] INFO:colcon.colcon_core.shell:Creating environment hook '/home/pablo-pc/GITHUB/TFG/project_ws/install/bonxai_wrapper/share/bonxai_wrapper/hook/cmake_prefix_path.ps1'
[1.123s] INFO:colcon.colcon_core.shell:Creating environment descriptor '/home/pablo-pc/GITHUB/TFG/project_ws/install/bonxai_wrapper/share/bonxai_wrapper/hook/cmake_prefix_path.dsv'
[1.123s] INFO:colcon.colcon_core.shell:Creating environment hook '/home/pablo-pc/GITHUB/TFG/project_ws/install/bonxai_wrapper/share/bonxai_wrapper/hook/cmake_prefix_path.sh'
[1.125s] Level 1:colcon.colcon_core.environment:checking '/home/pablo-pc/GITHUB/TFG/project_ws/install/bonxai_wrapper/lib'
[1.125s] Level 1:colcon.colcon_core.environment:checking '/home/pablo-pc/GITHUB/TFG/project_ws/install/bonxai_wrapper/bin'
[1.125s] Level 1:colcon.colcon_core.environment:checking '/home/pablo-pc/GITHUB/TFG/project_ws/install/bonxai_wrapper/lib/pkgconfig/bonxai_wrapper.pc'
[1.125s] Level 1:colcon.colcon_core.environment:checking '/home/pablo-pc/GITHUB/TFG/project_ws/install/bonxai_wrapper/lib/python3.10/site-packages'
[1.126s] Level 1:colcon.colcon_core.environment:checking '/home/pablo-pc/GITHUB/TFG/project_ws/install/bonxai_wrapper/bin'
[1.126s] INFO:colcon.colcon_core.shell:Creating package script '/home/pablo-pc/GITHUB/TFG/project_ws/install/bonxai_wrapper/share/bonxai_wrapper/package.ps1'
[1.128s] INFO:colcon.colcon_core.shell:Creating package descriptor '/home/pablo-pc/GITHUB/TFG/project_ws/install/bonxai_wrapper/share/bonxai_wrapper/package.dsv'
[1.129s] INFO:colcon.colcon_core.shell:Creating package script '/home/pablo-pc/GITHUB/TFG/project_ws/install/bonxai_wrapper/share/bonxai_wrapper/package.sh'
[1.131s] INFO:colcon.colcon_core.shell:Creating package script '/home/pablo-pc/GITHUB/TFG/project_ws/install/bonxai_wrapper/share/bonxai_wrapper/package.bash'
[1.132s] INFO:colcon.colcon_core.shell:Creating package script '/home/pablo-pc/GITHUB/TFG/project_ws/install/bonxai_wrapper/share/bonxai_wrapper/package.zsh'
[1.133s] Level 1:colcon.colcon_core.environment:create_file_with_runtime_dependencies(/home/pablo-pc/GITHUB/TFG/project_ws/install/bonxai_wrapper/share/colcon-core/packages/bonxai_wrapper)
[1.134s] Level 1:colcon.colcon_core.environment:create_environment_scripts_only(bonxai_wrapper)
[1.134s] Level 1:colcon.colcon_core.environment:checking '/home/pablo-pc/GITHUB/TFG/project_ws/install/bonxai_wrapper' for CMake module files
[1.135s] Level 1:colcon.colcon_core.environment:checking '/home/pablo-pc/GITHUB/TFG/project_ws/install/bonxai_wrapper' for CMake config files
[1.136s] Level 1:colcon.colcon_core.shell:create_environment_hook('bonxai_wrapper', 'cmake_prefix_path')
[1.136s] INFO:colcon.colcon_core.shell:Creating environment hook '/home/pablo-pc/GITHUB/TFG/project_ws/install/bonxai_wrapper/share/bonxai_wrapper/hook/cmake_prefix_path.ps1'
[1.137s] INFO:colcon.colcon_core.shell:Creating environment descriptor '/home/pablo-pc/GITHUB/TFG/project_ws/install/bonxai_wrapper/share/bonxai_wrapper/hook/cmake_prefix_path.dsv'
[1.137s] INFO:colcon.colcon_core.shell:Creating environment hook '/home/pablo-pc/GITHUB/TFG/project_ws/install/bonxai_wrapper/share/bonxai_wrapper/hook/cmake_prefix_path.sh'
[1.138s] Level 1:colcon.colcon_core.environment:checking '/home/pablo-pc/GITHUB/TFG/project_ws/install/bonxai_wrapper/lib'
[1.139s] Level 1:colcon.colcon_core.environment:checking '/home/pablo-pc/GITHUB/TFG/project_ws/install/bonxai_wrapper/bin'
[1.139s] Level 1:colcon.colcon_core.environment:checking '/home/pablo-pc/GITHUB/TFG/project_ws/install/bonxai_wrapper/lib/pkgconfig/bonxai_wrapper.pc'
[1.139s] Level 1:colcon.colcon_core.environment:checking '/home/pablo-pc/GITHUB/TFG/project_ws/install/bonxai_wrapper/lib/python3.10/site-packages'
[1.140s] Level 1:colcon.colcon_core.environment:checking '/home/pablo-pc/GITHUB/TFG/project_ws/install/bonxai_wrapper/bin'
[1.140s] INFO:colcon.colcon_core.shell:Creating package script '/home/pablo-pc/GITHUB/TFG/project_ws/install/bonxai_wrapper/share/bonxai_wrapper/package.ps1'
[1.141s] INFO:colcon.colcon_core.shell:Creating package descriptor '/home/pablo-pc/GITHUB/TFG/project_ws/install/bonxai_wrapper/share/bonxai_wrapper/package.dsv'
[1.142s] INFO:colcon.colcon_core.shell:Creating package script '/home/pablo-pc/GITHUB/TFG/project_ws/install/bonxai_wrapper/share/bonxai_wrapper/package.sh'
[1.142s] INFO:colcon.colcon_core.shell:Creating package script '/home/pablo-pc/GITHUB/TFG/project_ws/install/bonxai_wrapper/share/bonxai_wrapper/package.bash'
[1.143s] INFO:colcon.colcon_core.shell:Creating package script '/home/pablo-pc/GITHUB/TFG/project_ws/install/bonxai_wrapper/share/bonxai_wrapper/package.zsh'
[1.143s] Level 1:colcon.colcon_core.environment:create_file_with_runtime_dependencies(/home/pablo-pc/GITHUB/TFG/project_ws/install/bonxai_wrapper/share/colcon-core/packages/bonxai_wrapper)
[1.144s] INFO:colcon.colcon_ros.task.ament_cmake.build:Building ROS package in '/home/pablo-pc/GITHUB/TFG/project_ws/src/mapping_controller' with build type 'ament_cmake'
[1.144s] INFO:colcon.colcon_cmake.task.cmake.build:Building CMake package in '/home/pablo-pc/GITHUB/TFG/project_ws/src/mapping_controller'
[1.144s] INFO:colcon.colcon_core.shell:Skip shell extension 'powershell' for command environment: Not usable outside of PowerShell
[1.144s] DEBUG:colcon.colcon_core.shell:Skip shell extension 'dsv' for command environment
[1.166s] DEBUG:colcon.colcon_core.event_handler.log_command:Invoking command in '/home/pablo-pc/GITHUB/TFG/project_ws/build/mapping_controller': CMAKE_PREFIX_PATH=/home/pablo-pc/GITHUB/TFG/project_ws/install/bonxai_wrapper:/home/pablo-pc/GITHUB/TFG/project_ws/install/mapping_controller:/home/pablo-pc/Descargas/Test/ros2_ws/src/install/bonxai_ros:/home/pablo-pc/GITHUB/TFG/project_ws/install/location_controller:/opt/ros/humble /usr/bin/cmake --build /home/pablo-pc/GITHUB/TFG/project_ws/build/mapping_controller -- -j16 -l16
[1.322s] DEBUG:colcon.colcon_core.event_handler.log_command:Invoked command in '/home/pablo-pc/GITHUB/TFG/project_ws/build/mapping_controller' returned '0': CMAKE_PREFIX_PATH=/home/pablo-pc/GITHUB/TFG/project_ws/install/bonxai_wrapper:/home/pablo-pc/GITHUB/TFG/project_ws/install/mapping_controller:/home/pablo-pc/Descargas/Test/ros2_ws/src/install/bonxai_ros:/home/pablo-pc/GITHUB/TFG/project_ws/install/location_controller:/opt/ros/humble /usr/bin/cmake --build /home/pablo-pc/GITHUB/TFG/project_ws/build/mapping_controller -- -j16 -l16
[1.325s] DEBUG:colcon.colcon_core.event_handler.log_command:Invoking command in '/home/pablo-pc/GITHUB/TFG/project_ws/build/mapping_controller': CMAKE_PREFIX_PATH=/home/pablo-pc/GITHUB/TFG/project_ws/install/bonxai_wrapper:/home/pablo-pc/GITHUB/TFG/project_ws/install/mapping_controller:/home/pablo-pc/Descargas/Test/ros2_ws/src/install/bonxai_ros:/home/pablo-pc/GITHUB/TFG/project_ws/install/location_controller:/opt/ros/humble /usr/bin/cmake --install /home/pablo-pc/GITHUB/TFG/project_ws/build/mapping_controller
[1.345s] Level 1:colcon.colcon_core.environment:create_environment_scripts_only(mapping_controller)
[1.346s] Level 1:colcon.colcon_core.environment:checking '/home/pablo-pc/GITHUB/TFG/project_ws/install/mapping_controller' for CMake module files
[1.348s] DEBUG:colcon.colcon_core.event_handler.log_command:Invoked command in '/home/pablo-pc/GITHUB/TFG/project_ws/build/mapping_controller' returned '0': CMAKE_PREFIX_PATH=/home/pablo-pc/GITHUB/TFG/project_ws/install/bonxai_wrapper:/home/pablo-pc/GITHUB/TFG/project_ws/install/mapping_controller:/home/pablo-pc/Descargas/Test/ros2_ws/src/install/bonxai_ros:/home/pablo-pc/GITHUB/TFG/project_ws/install/location_controller:/opt/ros/humble /usr/bin/cmake --install /home/pablo-pc/GITHUB/TFG/project_ws/build/mapping_controller
[1.349s] Level 1:colcon.colcon_core.environment:checking '/home/pablo-pc/GITHUB/TFG/project_ws/install/mapping_controller' for CMake config files
[1.349s] Level 1:colcon.colcon_core.shell:create_environment_hook('mapping_controller', 'cmake_prefix_path')
[1.350s] INFO:colcon.colcon_core.shell:Creating environment hook '/home/pablo-pc/GITHUB/TFG/project_ws/install/mapping_controller/share/mapping_controller/hook/cmake_prefix_path.ps1'
[1.351s] INFO:colcon.colcon_core.shell:Creating environment descriptor '/home/pablo-pc/GITHUB/TFG/project_ws/install/mapping_controller/share/mapping_controller/hook/cmake_prefix_path.dsv'
[1.352s] INFO:colcon.colcon_core.shell:Creating environment hook '/home/pablo-pc/GITHUB/TFG/project_ws/install/mapping_controller/share/mapping_controller/hook/cmake_prefix_path.sh'
[1.354s] Level 1:colcon.colcon_core.environment:checking '/home/pablo-pc/GITHUB/TFG/project_ws/install/mapping_controller/lib'
[1.354s] Level 1:colcon.colcon_core.environment:checking '/home/pablo-pc/GITHUB/TFG/project_ws/install/mapping_controller/bin'
[1.354s] Level 1:colcon.colcon_core.environment:checking '/home/pablo-pc/GITHUB/TFG/project_ws/install/mapping_controller/lib/pkgconfig/mapping_controller.pc'
[1.355s] Level 1:colcon.colcon_core.environment:checking '/home/pablo-pc/GITHUB/TFG/project_ws/install/mapping_controller/lib/python3.10/site-packages'
[1.355s] Level 1:colcon.colcon_core.environment:checking '/home/pablo-pc/GITHUB/TFG/project_ws/install/mapping_controller/bin'
[1.356s] INFO:colcon.colcon_core.shell:Creating package script '/home/pablo-pc/GITHUB/TFG/project_ws/install/mapping_controller/share/mapping_controller/package.ps1'
[1.357s] INFO:colcon.colcon_core.shell:Creating package descriptor '/home/pablo-pc/GITHUB/TFG/project_ws/install/mapping_controller/share/mapping_controller/package.dsv'
[1.358s] INFO:colcon.colcon_core.shell:Creating package script '/home/pablo-pc/GITHUB/TFG/project_ws/install/mapping_controller/share/mapping_controller/package.sh'
[1.359s] INFO:colcon.colcon_core.shell:Creating package script '/home/pablo-pc/GITHUB/TFG/project_ws/install/mapping_controller/share/mapping_controller/package.bash'
[1.360s] INFO:colcon.colcon_core.shell:Creating package script '/home/pablo-pc/GITHUB/TFG/project_ws/install/mapping_controller/share/mapping_controller/package.zsh'
[1.360s] Level 1:colcon.colcon_core.environment:create_file_with_runtime_dependencies(/home/pablo-pc/GITHUB/TFG/project_ws/install/mapping_controller/share/colcon-core/packages/mapping_controller)
[1.361s] Level 1:colcon.colcon_core.environment:create_environment_scripts_only(mapping_controller)
[1.362s] Level 1:colcon.colcon_core.environment:checking '/home/pablo-pc/GITHUB/TFG/project_ws/install/mapping_controller' for CMake module files
[1.363s] Level 1:colcon.colcon_core.environment:checking '/home/pablo-pc/GITHUB/TFG/project_ws/install/mapping_controller' for CMake config files
[1.363s] Level 1:colcon.colcon_core.shell:create_environment_hook('mapping_controller', 'cmake_prefix_path')
[1.363s] INFO:colcon.colcon_core.shell:Creating environment hook '/home/pablo-pc/GITHUB/TFG/project_ws/install/mapping_controller/share/mapping_controller/hook/cmake_prefix_path.ps1'
[1.364s] INFO:colcon.colcon_core.shell:Creating environment descriptor '/home/pablo-pc/GITHUB/TFG/project_ws/install/mapping_controller/share/mapping_controller/hook/cmake_prefix_path.dsv'
[1.364s] INFO:colcon.colcon_core.shell:Creating environment hook '/home/pablo-pc/GITHUB/TFG/project_ws/install/mapping_controller/share/mapping_controller/hook/cmake_prefix_path.sh'
[1.366s] Level 1:colcon.colcon_core.environment:checking '/home/pablo-pc/GITHUB/TFG/project_ws/install/mapping_controller/lib'
[1.366s] Level 1:colcon.colcon_core.environment:checking '/home/pablo-pc/GITHUB/TFG/project_ws/install/mapping_controller/bin'
[1.366s] Level 1:colcon.colcon_core.environment:checking '/home/pablo-pc/GITHUB/TFG/project_ws/install/mapping_controller/lib/pkgconfig/mapping_controller.pc'
[1.366s] Level 1:colcon.colcon_core.environment:checking '/home/pablo-pc/GITHUB/TFG/project_ws/install/mapping_controller/lib/python3.10/site-packages'
[1.367s] Level 1:colcon.colcon_core.environment:checking '/home/pablo-pc/GITHUB/TFG/project_ws/install/mapping_controller/bin'
[1.367s] INFO:colcon.colcon_core.shell:Creating package script '/home/pablo-pc/GITHUB/TFG/project_ws/install/mapping_controller/share/mapping_controller/package.ps1'
[1.368s] INFO:colcon.colcon_core.shell:Creating package descriptor '/home/pablo-pc/GITHUB/TFG/project_ws/install/mapping_controller/share/mapping_controller/package.dsv'
[1.369s] INFO:colcon.colcon_core.shell:Creating package script '/home/pablo-pc/GITHUB/TFG/project_ws/install/mapping_controller/share/mapping_controller/package.sh'
[1.370s] INFO:colcon.colcon_core.shell:Creating package script '/home/pablo-pc/GITHUB/TFG/project_ws/install/mapping_controller/share/mapping_controller/package.bash'
[1.370s] INFO:colcon.colcon_core.shell:Creating package script '/home/pablo-pc/GITHUB/TFG/project_ws/install/mapping_controller/share/mapping_controller/package.zsh'
[1.371s] Level 1:colcon.colcon_core.environment:create_file_with_runtime_dependencies(/home/pablo-pc/GITHUB/TFG/project_ws/install/mapping_controller/share/colcon-core/packages/mapping_controller)
[1.619s] DEBUG:colcon.colcon_core.event_handler.log_command:Invoking command in '/home/pablo-pc/GITHUB/TFG/project_ws/src/location_controller': PYTHONPATH=/home/pablo-pc/GITHUB/TFG/project_ws/build/location_controller/prefix_override:/usr/lib/python3/dist-packages/colcon_core/task/python/colcon_distutils_commands:/home/pablo-pc/GITHUB/TFG/project_ws/install/location_controller/lib/python3.10/site-packages:${PYTHONPATH} /usr/bin/python3 -W ignore:setup.py install is deprecated -W ignore:easy_install command is deprecated setup.py egg_info --egg-base ../../build/location_controller build --build-base /home/pablo-pc/GITHUB/TFG/project_ws/build/location_controller/build install --record /home/pablo-pc/GITHUB/TFG/project_ws/build/location_controller/install.log --single-version-externally-managed install_data
[2.017s] Level 1:colcon.colcon_core.environment:checking '/home/pablo-pc/GITHUB/TFG/project_ws/install/location_controller' for CMake module files
[2.018s] DEBUG:colcon.colcon_core.event_handler.log_command:Invoked command in '/home/pablo-pc/GITHUB/TFG/project_ws/src/location_controller' returned '0': PYTHONPATH=/home/pablo-pc/GITHUB/TFG/project_ws/build/location_controller/prefix_override:/usr/lib/python3/dist-packages/colcon_core/task/python/colcon_distutils_commands:/home/pablo-pc/GITHUB/TFG/project_ws/install/location_controller/lib/python3.10/site-packages:${PYTHONPATH} /usr/bin/python3 -W ignore:setup.py install is deprecated -W ignore:easy_install command is deprecated setup.py egg_info --egg-base ../../build/location_controller build --build-base /home/pablo-pc/GITHUB/TFG/project_ws/build/location_controller/build install --record /home/pablo-pc/GITHUB/TFG/project_ws/build/location_controller/install.log --single-version-externally-managed install_data
[2.018s] Level 1:colcon.colcon_core.environment:checking '/home/pablo-pc/GITHUB/TFG/project_ws/install/location_controller' for CMake config files
[2.019s] Level 1:colcon.colcon_core.environment:checking '/home/pablo-pc/GITHUB/TFG/project_ws/install/location_controller/lib'
[2.019s] Level 1:colcon.colcon_core.environment:checking '/home/pablo-pc/GITHUB/TFG/project_ws/install/location_controller/bin'
[2.019s] Level 1:colcon.colcon_core.environment:checking '/home/pablo-pc/GITHUB/TFG/project_ws/install/location_controller/lib/pkgconfig/location_controller.pc'
[2.020s] Level 1:colcon.colcon_core.environment:checking '/home/pablo-pc/GITHUB/TFG/project_ws/install/location_controller/lib/python3.10/site-packages'
[2.020s] Level 1:colcon.colcon_core.shell:create_environment_hook('location_controller', 'pythonpath')
[2.020s] INFO:colcon.colcon_core.shell:Creating environment hook '/home/pablo-pc/GITHUB/TFG/project_ws/install/location_controller/share/location_controller/hook/pythonpath.ps1'
[2.021s] INFO:colcon.colcon_core.shell:Creating environment descriptor '/home/pablo-pc/GITHUB/TFG/project_ws/install/location_controller/share/location_controller/hook/pythonpath.dsv'
[2.021s] INFO:colcon.colcon_core.shell:Creating environment hook '/home/pablo-pc/GITHUB/TFG/project_ws/install/location_controller/share/location_controller/hook/pythonpath.sh'
[2.022s] Level 1:colcon.colcon_core.environment:checking '/home/pablo-pc/GITHUB/TFG/project_ws/install/location_controller/bin'
[2.022s] Level 1:colcon.colcon_core.environment:create_environment_scripts_only(location_controller)
[2.023s] INFO:colcon.colcon_core.shell:Creating package script '/home/pablo-pc/GITHUB/TFG/project_ws/install/location_controller/share/location_controller/package.ps1'
[2.023s] INFO:colcon.colcon_core.shell:Creating package descriptor '/home/pablo-pc/GITHUB/TFG/project_ws/install/location_controller/share/location_controller/package.dsv'
[2.024s] INFO:colcon.colcon_core.shell:Creating package script '/home/pablo-pc/GITHUB/TFG/project_ws/install/location_controller/share/location_controller/package.sh'
[2.024s] INFO:colcon.colcon_core.shell:Creating package script '/home/pablo-pc/GITHUB/TFG/project_ws/install/location_controller/share/location_controller/package.bash'
[2.025s] INFO:colcon.colcon_core.shell:Creating package script '/home/pablo-pc/GITHUB/TFG/project_ws/install/location_controller/share/location_controller/package.zsh'
[2.025s] Level 1:colcon.colcon_core.environment:create_file_with_runtime_dependencies(/home/pablo-pc/GITHUB/TFG/project_ws/install/location_controller/share/colcon-core/packages/location_controller)
[2.026s] DEBUG:colcon.colcon_parallel_executor.executor.parallel:closing loop
[2.026s] DEBUG:colcon.colcon_parallel_executor.executor.parallel:loop closed
[2.026s] DEBUG:colcon.colcon_parallel_executor.executor.parallel:run_until_complete finished with '0'
[2.026s] DEBUG:colcon.colcon_core.event_reactor:joining thread
[2.036s] INFO:colcon.colcon_core.plugin_system:Skipping extension 'colcon_notification.desktop_notification.terminal_notifier': Not used on non-Darwin systems
[2.036s] INFO:colcon.colcon_core.plugin_system:Skipping extension 'colcon_notification.desktop_notification.win32': Not used on non-Windows systems
[2.036s] INFO:colcon.colcon_notification.desktop_notification:Sending desktop notification using 'notify2'
[2.054s] DEBUG:colcon.colcon_core.event_reactor:joined thread
[2.055s] INFO:colcon.colcon_core.shell:Creating prefix script '/home/pablo-pc/GITHUB/TFG/project_ws/install/local_setup.ps1'
[2.056s] INFO:colcon.colcon_core.shell:Creating prefix util module '/home/pablo-pc/GITHUB/TFG/project_ws/install/_local_setup_util_ps1.py'
[2.058s] INFO:colcon.colcon_core.shell:Creating prefix chain script '/home/pablo-pc/GITHUB/TFG/project_ws/install/setup.ps1'
[2.060s] INFO:colcon.colcon_core.shell:Creating prefix script '/home/pablo-pc/GITHUB/TFG/project_ws/install/local_setup.sh'
[2.060s] INFO:colcon.colcon_core.shell:Creating prefix util module '/home/pablo-pc/GITHUB/TFG/project_ws/install/_local_setup_util_sh.py'
[2.061s] INFO:colcon.colcon_core.shell:Creating prefix chain script '/home/pablo-pc/GITHUB/TFG/project_ws/install/setup.sh'
[2.064s] INFO:colcon.colcon_core.shell:Creating prefix script '/home/pablo-pc/GITHUB/TFG/project_ws/install/local_setup.bash'
[2.064s] INFO:colcon.colcon_core.shell:Creating prefix chain script '/home/pablo-pc/GITHUB/TFG/project_ws/install/setup.bash'
[2.066s] INFO:colcon.colcon_core.shell:Creating prefix script '/home/pablo-pc/GITHUB/TFG/project_ws/install/local_setup.zsh'
[2.067s] INFO:colcon.colcon_core.shell:Creating prefix chain script '/home/pablo-pc/GITHUB/TFG/project_ws/install/setup.zsh'
