[0.408s] Invoking command in '/home/pablo-portatil/GITHUB/TFG/project_ws/src/location_controller': PYTHONPATH=/home/pablo-portatil/GITHUB/TFG/project_ws/build/location_controller/prefix_override:/usr/lib/python3/dist-packages/colcon_core/task/python/colcon_distutils_commands:/home/pablo-portatil/GITHUB/TFG/project_ws/install/location_controller/lib/python3.10/site-packages:${PYTHONPATH} /usr/bin/python3 -W ignore:setup.py install is deprecated setup.py egg_info --egg-base ../../build/location_controller build --build-base /home/pablo-portatil/GITHUB/TFG/project_ws/build/location_controller/build install --record /home/pablo-portatil/GITHUB/TFG/project_ws/build/location_controller/install.log --single-version-externally-managed install_data
[0.566s] running egg_info
[0.567s] writing ../../build/location_controller/location_controller.egg-info/PKG-INFO
[0.567s] writing dependency_links to ../../build/location_controller/location_controller.egg-info/dependency_links.txt
[0.567s] writing entry points to ../../build/location_controller/location_controller.egg-info/entry_points.txt
[0.567s] writing requirements to ../../build/location_controller/location_controller.egg-info/requires.txt
[0.567s] writing top-level names to ../../build/location_controller/location_controller.egg-info/top_level.txt
[0.568s] reading manifest file '../../build/location_controller/location_controller.egg-info/SOURCES.txt'
[0.569s] writing manifest file '../../build/location_controller/location_controller.egg-info/SOURCES.txt'
[0.569s] running build
[0.569s] running build_py
[0.569s] running install
[0.569s] running install_lib
[0.570s] running install_data
[0.570s] running install_egg_info
[0.571s] removing '/home/pablo-portatil/GITHUB/TFG/project_ws/install/location_controller/lib/python3.10/site-packages/location_controller-0.0.0-py3.10.egg-info' (and everything under it)
[0.571s] Copying ../../build/location_controller/location_controller.egg-info to /home/pablo-portatil/GITHUB/TFG/project_ws/install/location_controller/lib/python3.10/site-packages/location_controller-0.0.0-py3.10.egg-info
[0.571s] running install_scripts
[0.585s] writing list of installed files to '/home/pablo-portatil/GITHUB/TFG/project_ws/build/location_controller/install.log'
[0.600s] Invoked command in '/home/pablo-portatil/GITHUB/TFG/project_ws/src/location_controller' returned '0': PYTHONPATH=/home/pablo-portatil/GITHUB/TFG/project_ws/build/location_controller/prefix_override:/usr/lib/python3/dist-packages/colcon_core/task/python/colcon_distutils_commands:/home/pablo-portatil/GITHUB/TFG/project_ws/install/location_controller/lib/python3.10/site-packages:${PYTHONPATH} /usr/bin/python3 -W ignore:setup.py install is deprecated setup.py egg_info --egg-base ../../build/location_controller build --build-base /home/pablo-portatil/GITHUB/TFG/project_ws/build/location_controller/build install --record /home/pablo-portatil/GITHUB/TFG/project_ws/build/location_controller/install.log --single-version-externally-managed install_data
