running egg_info
writing ../../build/mapping_controller/mapping_controller.egg-info/PKG-INFO
writing dependency_links to ../../build/mapping_controller/mapping_controller.egg-info/dependency_links.txt
writing entry points to ../../build/mapping_controller/mapping_controller.egg-info/entry_points.txt
writing requirements to ../../build/mapping_controller/mapping_controller.egg-info/requires.txt
writing top-level names to ../../build/mapping_controller/mapping_controller.egg-info/top_level.txt
reading manifest file '../../build/mapping_controller/mapping_controller.egg-info/SOURCES.txt'
writing manifest file '../../build/mapping_controller/mapping_controller.egg-info/SOURCES.txt'
running build
running build_py
copying mapping_controller/mapping_module.py -> /home/pablo-portatil/GITHUB/TFG/project_ws/build/mapping_controller/build/lib/mapping_controller
running install
running install_lib
copying /home/pablo-portatil/GITHUB/TFG/project_ws/build/mapping_controller/build/lib/mapping_controller/mapping_module.py -> /home/pablo-portatil/GITHUB/TFG/project_ws/install/mapping_controller/lib/python3.10/site-packages/mapping_controller
byte-compiling /home/pablo-portatil/GITHUB/TFG/project_ws/install/mapping_controller/lib/python3.10/site-packages/mapping_controller/mapping_module.py to mapping_module.cpython-310.pyc
running install_data
running install_egg_info
removing '/home/pablo-portatil/GITHUB/TFG/project_ws/install/mapping_controller/lib/python3.10/site-packages/mapping_controller-0.0.0-py3.10.egg-info' (and everything under it)
Copying ../../build/mapping_controller/mapping_controller.egg-info to /home/pablo-portatil/GITHUB/TFG/project_ws/install/mapping_controller/lib/python3.10/site-packages/mapping_controller-0.0.0-py3.10.egg-info
running install_scripts
Installing mapping_node script to /home/pablo-portatil/GITHUB/TFG/project_ws/install/mapping_controller/lib/mapping_controller
writing list of installed files to '/home/pablo-portatil/GITHUB/TFG/project_ws/build/mapping_controller/install.log'
