[0.024s] Invoking command in '/home/pablo-pc/GITHUB/TFG/project_ws/build/mapping_controller': CMAKE_PREFIX_PATH=/home/pablo-pc/GITHUB/TFG/project_ws/install/bonxai_wrapper:/home/pablo-pc/GITHUB/TFG/project_ws/install/mapping_controller:/home/pablo-pc/GITHUB/TFG/project_ws/install/location_controller:/opt/ros/humble /usr/bin/cmake --build /home/pablo-pc/GITHUB/TFG/project_ws/build/mapping_controller -- -j16 -l16
[0.147s] [100%] Built target mapping_node
[0.166s] Invoked command in '/home/pablo-pc/GITHUB/TFG/project_ws/build/mapping_controller' returned '0': CMAKE_PREFIX_PATH=/home/pablo-pc/GITHUB/TFG/project_ws/install/bonxai_wrapper:/home/pablo-pc/GITHUB/TFG/project_ws/install/mapping_controller:/home/pablo-pc/GITHUB/TFG/project_ws/install/location_controller:/opt/ros/humble /usr/bin/cmake --build /home/pablo-pc/GITHUB/TFG/project_ws/build/mapping_controller -- -j16 -l16
[0.168s] Invoking command in '/home/pablo-pc/GITHUB/TFG/project_ws/build/mapping_controller': CMAKE_PREFIX_PATH=/home/pablo-pc/GITHUB/TFG/project_ws/install/bonxai_wrapper:/home/pablo-pc/GITHUB/TFG/project_ws/install/mapping_controller:/home/pablo-pc/GITHUB/TFG/project_ws/install/location_controller:/opt/ros/humble /usr/bin/cmake --install /home/pablo-pc/GITHUB/TFG/project_ws/build/mapping_controller
[0.183s] -- Install configuration: ""
[0.183s] -- Up-to-date: /home/pablo-pc/GITHUB/TFG/project_ws/install/mapping_controller/lib/mapping_controller/mapping_node
[0.184s] -- Up-to-date: /home/pablo-pc/GITHUB/TFG/project_ws/install/mapping_controller/share/ament_index/resource_index/package_run_dependencies/mapping_controller
[0.184s] -- Up-to-date: /home/pablo-pc/GITHUB/TFG/project_ws/install/mapping_controller/share/ament_index/resource_index/parent_prefix_path/mapping_controller
[0.185s] -- Up-to-date: /home/pablo-pc/GITHUB/TFG/project_ws/install/mapping_controller/share/mapping_controller/environment/ament_prefix_path.sh
[0.185s] -- Up-to-date: /home/pablo-pc/GITHUB/TFG/project_ws/install/mapping_controller/share/mapping_controller/environment/ament_prefix_path.dsv
[0.185s] -- Up-to-date: /home/pablo-pc/GITHUB/TFG/project_ws/install/mapping_controller/share/mapping_controller/environment/path.sh
[0.186s] -- Up-to-date: /home/pablo-pc/GITHUB/TFG/project_ws/install/mapping_controller/share/mapping_controller/environment/path.dsv
[0.186s] -- Up-to-date: /home/pablo-pc/GITHUB/TFG/project_ws/install/mapping_controller/share/mapping_controller/local_setup.bash
[0.186s] -- Up-to-date: /home/pablo-pc/GITHUB/TFG/project_ws/install/mapping_controller/share/mapping_controller/local_setup.sh
[0.187s] -- Up-to-date: /home/pablo-pc/GITHUB/TFG/project_ws/install/mapping_controller/share/mapping_controller/local_setup.zsh
[0.187s] -- Up-to-date: /home/pablo-pc/GITHUB/TFG/project_ws/install/mapping_controller/share/mapping_controller/local_setup.dsv
[0.187s] -- Installing: /home/pablo-pc/GITHUB/TFG/project_ws/install/mapping_controller/share/mapping_controller/package.dsv
[0.187s] -- Up-to-date: /home/pablo-pc/GITHUB/TFG/project_ws/install/mapping_controller/share/ament_index/resource_index/packages/mapping_controller
[0.188s] -- Up-to-date: /home/pablo-pc/GITHUB/TFG/project_ws/install/mapping_controller/share/mapping_controller/cmake/mapping_controllerConfig.cmake
[0.188s] -- Up-to-date: /home/pablo-pc/GITHUB/TFG/project_ws/install/mapping_controller/share/mapping_controller/cmake/mapping_controllerConfig-version.cmake
[0.189s] -- Up-to-date: /home/pablo-pc/GITHUB/TFG/project_ws/install/mapping_controller/share/mapping_controller/package.xml
[0.191s] Invoked command in '/home/pablo-pc/GITHUB/TFG/project_ws/build/mapping_controller' returned '0': CMAKE_PREFIX_PATH=/home/pablo-pc/GITHUB/TFG/project_ws/install/bonxai_wrapper:/home/pablo-pc/GITHUB/TFG/project_ws/install/mapping_controller:/home/pablo-pc/GITHUB/TFG/project_ws/install/location_controller:/opt/ros/humble /usr/bin/cmake --install /home/pablo-pc/GITHUB/TFG/project_ws/build/mapping_controller
