running egg_info
creating ../../build/mapping_controller/mapping_controller.egg-info
writing ../../build/mapping_controller/mapping_controller.egg-info/PKG-INFO
writing dependency_links to ../../build/mapping_controller/mapping_controller.egg-info/dependency_links.txt
writing entry points to ../../build/mapping_controller/mapping_controller.egg-info/entry_points.txt
writing requirements to ../../build/mapping_controller/mapping_controller.egg-info/requires.txt
writing top-level names to ../../build/mapping_controller/mapping_controller.egg-info/top_level.txt
writing manifest file '../../build/mapping_controller/mapping_controller.egg-info/SOURCES.txt'
reading manifest file '../../build/mapping_controller/mapping_controller.egg-info/SOURCES.txt'
writing manifest file '../../build/mapping_controller/mapping_controller.egg-info/SOURCES.txt'
running build
running build_py
creating /home/pablo-portatil/GITHUB/TFG/project_ws/build/mapping_controller/build
creating /home/pablo-portatil/GITHUB/TFG/project_ws/build/mapping_controller/build/lib
creating /home/pablo-portatil/GITHUB/TFG/project_ws/build/mapping_controller/build/lib/mapping_controller
copying mapping_controller/mapping_module.py -> /home/pablo-portatil/GITHUB/TFG/project_ws/build/mapping_controller/build/lib/mapping_controller
copying mapping_controller/__init__.py -> /home/pablo-portatil/GITHUB/TFG/project_ws/build/mapping_controller/build/lib/mapping_controller
copying mapping_controller/mapping_node.py -> /home/pablo-portatil/GITHUB/TFG/project_ws/build/mapping_controller/build/lib/mapping_controller
running install
running install_lib
creating /home/pablo-portatil/GITHUB/TFG/project_ws/install/mapping_controller/lib/python3.10/site-packages/mapping_controller
copying /home/pablo-portatil/GITHUB/TFG/project_ws/build/mapping_controller/build/lib/mapping_controller/mapping_module.py -> /home/pablo-portatil/GITHUB/TFG/project_ws/install/mapping_controller/lib/python3.10/site-packages/mapping_controller
copying /home/pablo-portatil/GITHUB/TFG/project_ws/build/mapping_controller/build/lib/mapping_controller/__init__.py -> /home/pablo-portatil/GITHUB/TFG/project_ws/install/mapping_controller/lib/python3.10/site-packages/mapping_controller
copying /home/pablo-portatil/GITHUB/TFG/project_ws/build/mapping_controller/build/lib/mapping_controller/mapping_node.py -> /home/pablo-portatil/GITHUB/TFG/project_ws/install/mapping_controller/lib/python3.10/site-packages/mapping_controller
byte-compiling /home/pablo-portatil/GITHUB/TFG/project_ws/install/mapping_controller/lib/python3.10/site-packages/mapping_controller/mapping_module.py to mapping_module.cpython-310.pyc
byte-compiling /home/pablo-portatil/GITHUB/TFG/project_ws/install/mapping_controller/lib/python3.10/site-packages/mapping_controller/__init__.py to __init__.cpython-310.pyc
byte-compiling /home/pablo-portatil/GITHUB/TFG/project_ws/install/mapping_controller/lib/python3.10/site-packages/mapping_controller/mapping_node.py to mapping_node.cpython-310.pyc
running install_data
creating /home/pablo-portatil/GITHUB/TFG/project_ws/install/mapping_controller/share/ament_index
creating /home/pablo-portatil/GITHUB/TFG/project_ws/install/mapping_controller/share/ament_index/resource_index
creating /home/pablo-portatil/GITHUB/TFG/project_ws/install/mapping_controller/share/ament_index/resource_index/packages
copying resource/mapping_controller -> /home/pablo-portatil/GITHUB/TFG/project_ws/install/mapping_controller/share/ament_index/resource_index/packages
copying package.xml -> /home/pablo-portatil/GITHUB/TFG/project_ws/install/mapping_controller/share/mapping_controller
running install_egg_info
Copying ../../build/mapping_controller/mapping_controller.egg-info to /home/pablo-portatil/GITHUB/TFG/project_ws/install/mapping_controller/lib/python3.10/site-packages/mapping_controller-0.0.0-py3.10.egg-info
running install_scripts
Installing mapping_node script to /home/pablo-portatil/GITHUB/TFG/project_ws/install/mapping_controller/lib/mapping_controller
writing list of installed files to '/home/pablo-portatil/GITHUB/TFG/project_ws/build/mapping_controller/install.log'
