[0.834s] Invoking command in '/home/pablo-portatil/GITHUB/TFG/project_ws/src/mapping_controller': PYTHONPATH=/home/pablo-portatil/GITHUB/TFG/project_ws/build/mapping_controller/prefix_override:/usr/lib/python3/dist-packages/colcon_core/task/python/colcon_distutils_commands:/home/pablo-portatil/GITHUB/TFG/project_ws/install/mapping_controller/lib/python3.10/site-packages:${PYTHONPATH} /usr/bin/python3 -W ignore:setup.py install is deprecated -W ignore:easy_install command is deprecated setup.py egg_info --egg-base ../../build/mapping_controller build --build-base /home/pablo-portatil/GITHUB/TFG/project_ws/build/mapping_controller/build install --record /home/pablo-portatil/GITHUB/TFG/project_ws/build/mapping_controller/install.log --single-version-externally-managed install_data
[1.032s] running egg_info
[1.033s] creating ../../build/mapping_controller/mapping_controller.egg-info
[1.034s] writing ../../build/mapping_controller/mapping_controller.egg-info/PKG-INFO
[1.035s] writing dependency_links to ../../build/mapping_controller/mapping_controller.egg-info/dependency_links.txt
[1.035s] writing entry points to ../../build/mapping_controller/mapping_controller.egg-info/entry_points.txt
[1.035s] writing requirements to ../../build/mapping_controller/mapping_controller.egg-info/requires.txt
[1.035s] writing top-level names to ../../build/mapping_controller/mapping_controller.egg-info/top_level.txt
[1.035s] writing manifest file '../../build/mapping_controller/mapping_controller.egg-info/SOURCES.txt'
[1.036s] reading manifest file '../../build/mapping_controller/mapping_controller.egg-info/SOURCES.txt'
[1.037s] writing manifest file '../../build/mapping_controller/mapping_controller.egg-info/SOURCES.txt'
[1.037s] running build
[1.037s] running build_py
[1.037s] creating /home/pablo-portatil/GITHUB/TFG/project_ws/build/mapping_controller/build
[1.038s] creating /home/pablo-portatil/GITHUB/TFG/project_ws/build/mapping_controller/build/lib
[1.038s] creating /home/pablo-portatil/GITHUB/TFG/project_ws/build/mapping_controller/build/lib/mapping_controller
[1.038s] copying mapping_controller/mapping_module.py -> /home/pablo-portatil/GITHUB/TFG/project_ws/build/mapping_controller/build/lib/mapping_controller
[1.038s] copying mapping_controller/__init__.py -> /home/pablo-portatil/GITHUB/TFG/project_ws/build/mapping_controller/build/lib/mapping_controller
[1.038s] copying mapping_controller/mapping_node.py -> /home/pablo-portatil/GITHUB/TFG/project_ws/build/mapping_controller/build/lib/mapping_controller
[1.038s] running install
[1.039s] running install_lib
[1.039s] creating /home/pablo-portatil/GITHUB/TFG/project_ws/install/mapping_controller/lib/python3.10/site-packages/mapping_controller
[1.039s] copying /home/pablo-portatil/GITHUB/TFG/project_ws/build/mapping_controller/build/lib/mapping_controller/mapping_module.py -> /home/pablo-portatil/GITHUB/TFG/project_ws/install/mapping_controller/lib/python3.10/site-packages/mapping_controller
[1.039s] copying /home/pablo-portatil/GITHUB/TFG/project_ws/build/mapping_controller/build/lib/mapping_controller/__init__.py -> /home/pablo-portatil/GITHUB/TFG/project_ws/install/mapping_controller/lib/python3.10/site-packages/mapping_controller
[1.039s] copying /home/pablo-portatil/GITHUB/TFG/project_ws/build/mapping_controller/build/lib/mapping_controller/mapping_node.py -> /home/pablo-portatil/GITHUB/TFG/project_ws/install/mapping_controller/lib/python3.10/site-packages/mapping_controller
[1.039s] byte-compiling /home/pablo-portatil/GITHUB/TFG/project_ws/install/mapping_controller/lib/python3.10/site-packages/mapping_controller/mapping_module.py to mapping_module.cpython-310.pyc
[1.039s] byte-compiling /home/pablo-portatil/GITHUB/TFG/project_ws/install/mapping_controller/lib/python3.10/site-packages/mapping_controller/__init__.py to __init__.cpython-310.pyc
[1.040s] byte-compiling /home/pablo-portatil/GITHUB/TFG/project_ws/install/mapping_controller/lib/python3.10/site-packages/mapping_controller/mapping_node.py to mapping_node.cpython-310.pyc
[1.040s] running install_data
[1.040s] creating /home/pablo-portatil/GITHUB/TFG/project_ws/install/mapping_controller/share/ament_index
[1.040s] creating /home/pablo-portatil/GITHUB/TFG/project_ws/install/mapping_controller/share/ament_index/resource_index
[1.040s] creating /home/pablo-portatil/GITHUB/TFG/project_ws/install/mapping_controller/share/ament_index/resource_index/packages
[1.040s] copying resource/mapping_controller -> /home/pablo-portatil/GITHUB/TFG/project_ws/install/mapping_controller/share/ament_index/resource_index/packages
[1.040s] copying package.xml -> /home/pablo-portatil/GITHUB/TFG/project_ws/install/mapping_controller/share/mapping_controller
[1.041s] running install_egg_info
[1.042s] Copying ../../build/mapping_controller/mapping_controller.egg-info to /home/pablo-portatil/GITHUB/TFG/project_ws/install/mapping_controller/lib/python3.10/site-packages/mapping_controller-0.0.0-py3.10.egg-info
[1.042s] running install_scripts
[1.057s] Installing mapping_node script to /home/pablo-portatil/GITHUB/TFG/project_ws/install/mapping_controller/lib/mapping_controller
[1.058s] writing list of installed files to '/home/pablo-portatil/GITHUB/TFG/project_ws/build/mapping_controller/install.log'
[1.078s] Invoked command in '/home/pablo-portatil/GITHUB/TFG/project_ws/src/mapping_controller' returned '0': PYTHONPATH=/home/pablo-portatil/GITHUB/TFG/project_ws/build/mapping_controller/prefix_override:/usr/lib/python3/dist-packages/colcon_core/task/python/colcon_distutils_commands:/home/pablo-portatil/GITHUB/TFG/project_ws/install/mapping_controller/lib/python3.10/site-packages:${PYTHONPATH} /usr/bin/python3 -W ignore:setup.py install is deprecated -W ignore:easy_install command is deprecated setup.py egg_info --egg-base ../../build/mapping_controller build --build-base /home/pablo-portatil/GITHUB/TFG/project_ws/build/mapping_controller/build install --record /home/pablo-portatil/GITHUB/TFG/project_ws/build/mapping_controller/install.log --single-version-externally-managed install_data
