[0.580s] Invoking command in '/home/pablo-portatil/GITHUB/TFG/project_ws/build/location_controller': PYTHONPATH=/home/pablo-portatil/GITHUB/TFG/project_ws/build/location_controller/prefix_override:/usr/lib/python3/dist-packages/colcon_core/task/python/colcon_distutils_commands:/home/pablo-portatil/GITHUB/TFG/project_ws/install/location_controller/lib/python3.10/site-packages:${PYTHONPATH} /usr/bin/python3 -W ignore:setup.py install is deprecated -W ignore:easy_install command is deprecated setup.py develop --uninstall --editable --build-directory /home/pablo-portatil/GITHUB/TFG/project_ws/build/location_controller/build
[0.826s] running develop
[0.964s] Removing /home/pablo-portatil/GITHUB/TFG/project_ws/install/location_controller/lib/python3.10/site-packages/location-controller.egg-link (link to .)
[0.992s] Invoked command in '/home/pablo-portatil/GITHUB/TFG/project_ws/build/location_controller' returned '0': PYTHONPATH=/home/pablo-portatil/GITHUB/TFG/project_ws/build/location_controller/prefix_override:/usr/lib/python3/dist-packages/colcon_core/task/python/colcon_distutils_commands:/home/pablo-portatil/GITHUB/TFG/project_ws/install/location_controller/lib/python3.10/site-packages:${PYTHONPATH} /usr/bin/python3 -W ignore:setup.py install is deprecated -W ignore:easy_install command is deprecated setup.py develop --uninstall --editable --build-directory /home/pablo-portatil/GITHUB/TFG/project_ws/build/location_controller/build
[0.995s] Invoking command in '/home/pablo-portatil/GITHUB/TFG/project_ws/src/location_controller': PYTHONPATH=/home/pablo-portatil/GITHUB/TFG/project_ws/build/location_controller/prefix_override:/usr/lib/python3/dist-packages/colcon_core/task/python/colcon_distutils_commands:/home/pablo-portatil/GITHUB/TFG/project_ws/install/location_controller/lib/python3.10/site-packages:${PYTHONPATH} /usr/bin/python3 -W ignore:setup.py install is deprecated -W ignore:easy_install command is deprecated setup.py egg_info --egg-base ../../build/location_controller build --build-base /home/pablo-portatil/GITHUB/TFG/project_ws/build/location_controller/build install --record /home/pablo-portatil/GITHUB/TFG/project_ws/build/location_controller/install.log --single-version-externally-managed install_data --force
[1.219s] running egg_info
[1.220s] writing ../../build/location_controller/location_controller.egg-info/PKG-INFO
[1.220s] writing dependency_links to ../../build/location_controller/location_controller.egg-info/dependency_links.txt
[1.220s] writing entry points to ../../build/location_controller/location_controller.egg-info/entry_points.txt
[1.220s] writing requirements to ../../build/location_controller/location_controller.egg-info/requires.txt
[1.220s] writing top-level names to ../../build/location_controller/location_controller.egg-info/top_level.txt
[1.221s] reading manifest file '../../build/location_controller/location_controller.egg-info/SOURCES.txt'
[1.222s] writing manifest file '../../build/location_controller/location_controller.egg-info/SOURCES.txt'
[1.223s] running build
[1.223s] running build_py
[1.223s] running install
[1.224s] running install_lib
[1.225s] creating /home/pablo-portatil/GITHUB/TFG/project_ws/install/location_controller/lib/python3.10/site-packages/location_controller
[1.225s] copying /home/pablo-portatil/GITHUB/TFG/project_ws/build/location_controller/build/lib/location_controller/location_node_no_err.py -> /home/pablo-portatil/GITHUB/TFG/project_ws/install/location_controller/lib/python3.10/site-packages/location_controller
[1.226s] copying /home/pablo-portatil/GITHUB/TFG/project_ws/build/location_controller/build/lib/location_controller/location_module.py -> /home/pablo-portatil/GITHUB/TFG/project_ws/install/location_controller/lib/python3.10/site-packages/location_controller
[1.226s] copying /home/pablo-portatil/GITHUB/TFG/project_ws/build/location_controller/build/lib/location_controller/location_node_err.py -> /home/pablo-portatil/GITHUB/TFG/project_ws/install/location_controller/lib/python3.10/site-packages/location_controller
[1.226s] copying /home/pablo-portatil/GITHUB/TFG/project_ws/build/location_controller/build/lib/location_controller/__init__.py -> /home/pablo-portatil/GITHUB/TFG/project_ws/install/location_controller/lib/python3.10/site-packages/location_controller
[1.226s] copying /home/pablo-portatil/GITHUB/TFG/project_ws/build/location_controller/build/lib/location_controller/noisy_cloud.py -> /home/pablo-portatil/GITHUB/TFG/project_ws/install/location_controller/lib/python3.10/site-packages/location_controller
[1.226s] byte-compiling /home/pablo-portatil/GITHUB/TFG/project_ws/install/location_controller/lib/python3.10/site-packages/location_controller/location_node_no_err.py to location_node_no_err.cpython-310.pyc
[1.227s] byte-compiling /home/pablo-portatil/GITHUB/TFG/project_ws/install/location_controller/lib/python3.10/site-packages/location_controller/location_module.py to location_module.cpython-310.pyc
[1.230s] byte-compiling /home/pablo-portatil/GITHUB/TFG/project_ws/install/location_controller/lib/python3.10/site-packages/location_controller/location_node_err.py to location_node_err.cpython-310.pyc
[1.230s] byte-compiling /home/pablo-portatil/GITHUB/TFG/project_ws/install/location_controller/lib/python3.10/site-packages/location_controller/__init__.py to __init__.cpython-310.pyc
[1.230s] byte-compiling /home/pablo-portatil/GITHUB/TFG/project_ws/install/location_controller/lib/python3.10/site-packages/location_controller/noisy_cloud.py to noisy_cloud.cpython-310.pyc
[1.231s] running install_data
[1.231s] copying resource/location_controller -> /home/pablo-portatil/GITHUB/TFG/project_ws/install/location_controller/share/ament_index/resource_index/packages
[1.231s] copying package.xml -> /home/pablo-portatil/GITHUB/TFG/project_ws/install/location_controller/share/location_controller
[1.232s] running install_egg_info
[1.234s] Copying ../../build/location_controller/location_controller.egg-info to /home/pablo-portatil/GITHUB/TFG/project_ws/install/location_controller/lib/python3.10/site-packages/location_controller-0.0.0-py3.10.egg-info
[1.235s] running install_scripts
[1.253s] Installing location_node_err script to /home/pablo-portatil/GITHUB/TFG/project_ws/install/location_controller/lib/location_controller
[1.254s] Installing location_node_no_err script to /home/pablo-portatil/GITHUB/TFG/project_ws/install/location_controller/lib/location_controller
[1.254s] writing list of installed files to '/home/pablo-portatil/GITHUB/TFG/project_ws/build/location_controller/install.log'
[1.281s] Invoked command in '/home/pablo-portatil/GITHUB/TFG/project_ws/src/location_controller' returned '0': PYTHONPATH=/home/pablo-portatil/GITHUB/TFG/project_ws/build/location_controller/prefix_override:/usr/lib/python3/dist-packages/colcon_core/task/python/colcon_distutils_commands:/home/pablo-portatil/GITHUB/TFG/project_ws/install/location_controller/lib/python3.10/site-packages:${PYTHONPATH} /usr/bin/python3 -W ignore:setup.py install is deprecated -W ignore:easy_install command is deprecated setup.py egg_info --egg-base ../../build/location_controller build --build-base /home/pablo-portatil/GITHUB/TFG/project_ws/build/location_controller/build install --record /home/pablo-portatil/GITHUB/TFG/project_ws/build/location_controller/install.log --single-version-externally-managed install_data --force
