[2.660s] Invoking command in '/home/pablo-portatil/GITHUB/TFG/project_ws/src/mapping_controller': PYTHONPATH=/home/pablo-portatil/GITHUB/TFG/project_ws/build/mapping_controller/prefix_override:/usr/lib/python3/dist-packages/colcon_core/task/python/colcon_distutils_commands:/home/pablo-portatil/GITHUB/TFG/project_ws/install/mapping_controller/lib/python3.10/site-packages:${PYTHONPATH} /usr/bin/python3 -W ignore:setup.py install is deprecated -W ignore:easy_install command is deprecated setup.py egg_info --egg-base ../../build/mapping_controller build --build-base /home/pablo-portatil/GITHUB/TFG/project_ws/build/mapping_controller/build install --record /home/pablo-portatil/GITHUB/TFG/project_ws/build/mapping_controller/install.log --single-version-externally-managed install_data
[2.870s] running egg_info
[2.870s] writing ../../build/mapping_controller/mapping_controller.egg-info/PKG-INFO
[2.871s] writing dependency_links to ../../build/mapping_controller/mapping_controller.egg-info/dependency_links.txt
[2.871s] writing entry points to ../../build/mapping_controller/mapping_controller.egg-info/entry_points.txt
[2.871s] writing requirements to ../../build/mapping_controller/mapping_controller.egg-info/requires.txt
[2.871s] writing top-level names to ../../build/mapping_controller/mapping_controller.egg-info/top_level.txt
[2.872s] reading manifest file '../../build/mapping_controller/mapping_controller.egg-info/SOURCES.txt'
[2.873s] writing manifest file '../../build/mapping_controller/mapping_controller.egg-info/SOURCES.txt'
[2.874s] running build
[2.874s] running build_py
[2.874s] running install
[2.874s] running install_lib
[2.876s] running install_data
[2.876s] running install_egg_info
[2.877s] removing '/home/pablo-portatil/GITHUB/TFG/project_ws/install/mapping_controller/lib/python3.10/site-packages/mapping_controller-0.0.0-py3.10.egg-info' (and everything under it)
[2.877s] Copying ../../build/mapping_controller/mapping_controller.egg-info to /home/pablo-portatil/GITHUB/TFG/project_ws/install/mapping_controller/lib/python3.10/site-packages/mapping_controller-0.0.0-py3.10.egg-info
[2.878s] running install_scripts
[2.899s] Installing mapping_node script to /home/pablo-portatil/GITHUB/TFG/project_ws/install/mapping_controller/lib/mapping_controller
[2.900s] writing list of installed files to '/home/pablo-portatil/GITHUB/TFG/project_ws/build/mapping_controller/install.log'
[2.924s] Invoked command in '/home/pablo-portatil/GITHUB/TFG/project_ws/src/mapping_controller' returned '0': PYTHONPATH=/home/pablo-portatil/GITHUB/TFG/project_ws/build/mapping_controller/prefix_override:/usr/lib/python3/dist-packages/colcon_core/task/python/colcon_distutils_commands:/home/pablo-portatil/GITHUB/TFG/project_ws/install/mapping_controller/lib/python3.10/site-packages:${PYTHONPATH} /usr/bin/python3 -W ignore:setup.py install is deprecated -W ignore:easy_install command is deprecated setup.py egg_info --egg-base ../../build/mapping_controller build --build-base /home/pablo-portatil/GITHUB/TFG/project_ws/build/mapping_controller/build install --record /home/pablo-portatil/GITHUB/TFG/project_ws/build/mapping_controller/install.log --single-version-externally-managed install_data
