[0.858s] Invoking command in '/home/pablo-portatil/GITHUB/TFG/project_ws/src/location_controller': PYTHONPATH=/home/pablo-portatil/GITHUB/TFG/project_ws/build/location_controller/prefix_override:/usr/lib/python3/dist-packages/colcon_core/task/python/colcon_distutils_commands:/home/pablo-portatil/GITHUB/TFG/project_ws/install/location_controller/lib/python3.10/site-packages:${PYTHONPATH} /usr/bin/python3 -W ignore:setup.py install is deprecated -W ignore:easy_install command is deprecated setup.py egg_info --egg-base ../../build/location_controller build --build-base /home/pablo-portatil/GITHUB/TFG/project_ws/build/location_controller/build install --record /home/pablo-portatil/GITHUB/TFG/project_ws/build/location_controller/install.log --single-version-externally-managed install_data
[1.178s] running egg_info
[1.179s] writing ../../build/location_controller/location_controller.egg-info/PKG-INFO
[1.179s] writing dependency_links to ../../build/location_controller/location_controller.egg-info/dependency_links.txt
[1.179s] writing entry points to ../../build/location_controller/location_controller.egg-info/entry_points.txt
[1.179s] writing requirements to ../../build/location_controller/location_controller.egg-info/requires.txt
[1.179s] writing top-level names to ../../build/location_controller/location_controller.egg-info/top_level.txt
[1.181s] reading manifest file '../../build/location_controller/location_controller.egg-info/SOURCES.txt'
[1.182s] writing manifest file '../../build/location_controller/location_controller.egg-info/SOURCES.txt'
[1.182s] running build
[1.182s] running build_py
[1.183s] copying location_controller/location_module.py -> /home/pablo-portatil/GITHUB/TFG/project_ws/build/location_controller/build/lib/location_controller
[1.183s] running install
[1.184s] running install_lib
[1.185s] copying /home/pablo-portatil/GITHUB/TFG/project_ws/build/location_controller/build/lib/location_controller/location_module.py -> /home/pablo-portatil/GITHUB/TFG/project_ws/install/location_controller/lib/python3.10/site-packages/location_controller
[1.186s] byte-compiling /home/pablo-portatil/GITHUB/TFG/project_ws/install/location_controller/lib/python3.10/site-packages/location_controller/location_module.py to location_module.cpython-310.pyc
[1.188s] running install_data
[1.188s] running install_egg_info
[1.190s] removing '/home/pablo-portatil/GITHUB/TFG/project_ws/install/location_controller/lib/python3.10/site-packages/location_controller-0.0.0-py3.10.egg-info' (and everything under it)
[1.191s] Copying ../../build/location_controller/location_controller.egg-info to /home/pablo-portatil/GITHUB/TFG/project_ws/install/location_controller/lib/python3.10/site-packages/location_controller-0.0.0-py3.10.egg-info
[1.192s] running install_scripts
[1.210s] Installing input_data_node script to /home/pablo-portatil/GITHUB/TFG/project_ws/install/location_controller/lib/location_controller
[1.210s] Installing location_node script to /home/pablo-portatil/GITHUB/TFG/project_ws/install/location_controller/lib/location_controller
[1.210s] Installing noisy_cloud_node script to /home/pablo-portatil/GITHUB/TFG/project_ws/install/location_controller/lib/location_controller
[1.211s] writing list of installed files to '/home/pablo-portatil/GITHUB/TFG/project_ws/build/location_controller/install.log'
[1.232s] Invoked command in '/home/pablo-portatil/GITHUB/TFG/project_ws/src/location_controller' returned '0': PYTHONPATH=/home/pablo-portatil/GITHUB/TFG/project_ws/build/location_controller/prefix_override:/usr/lib/python3/dist-packages/colcon_core/task/python/colcon_distutils_commands:/home/pablo-portatil/GITHUB/TFG/project_ws/install/location_controller/lib/python3.10/site-packages:${PYTHONPATH} /usr/bin/python3 -W ignore:setup.py install is deprecated -W ignore:easy_install command is deprecated setup.py egg_info --egg-base ../../build/location_controller build --build-base /home/pablo-portatil/GITHUB/TFG/project_ws/build/location_controller/build install --record /home/pablo-portatil/GITHUB/TFG/project_ws/build/location_controller/install.log --single-version-externally-managed install_data
