[0.016s] Invoking command in '/home/pablo-portatil/GITHUB/TFG/project_ws/build/bonxai_ros': CMAKE_PREFIX_PATH=${CMAKE_PREFIX_PATH}:/home/pablo-portatil/GITHUB/TFG/project_ws/install/mapping_controller:/home/pablo-portatil/GITHUB/TFG/project_ws/install/location_controller:/opt/ros/humble /usr/bin/cmake --build /home/pablo-portatil/GITHUB/TFG/project_ws/build/bonxai_ros -- -j16 -l16
[0.188s] [  0%] Built target bonxai_core
[0.188s] [ 27%] Built target test_serialization
[0.188s] [ 36%] Built target tutorial
[0.188s] [ 45%] [32m[1mLinking CXX executable bonxai_server_node[0m
[0.189s] [ 72%] Built target bonxai_map
[0.189s] [ 81%] [32m[1mLinking CXX shared library libbonxai_server.so[0m
[0.240s] [ 90%] Built target bonxai_server_node
[0.671s] [100%] Built target bonxai_server
[0.681s] Invoked command in '/home/pablo-portatil/GITHUB/TFG/project_ws/build/bonxai_ros' returned '0': CMAKE_PREFIX_PATH=${CMAKE_PREFIX_PATH}:/home/pablo-portatil/GITHUB/TFG/project_ws/install/mapping_controller:/home/pablo-portatil/GITHUB/TFG/project_ws/install/location_controller:/opt/ros/humble /usr/bin/cmake --build /home/pablo-portatil/GITHUB/TFG/project_ws/build/bonxai_ros -- -j16 -l16
[0.691s] Invoking command in '/home/pablo-portatil/GITHUB/TFG/project_ws/build/bonxai_ros': CMAKE_PREFIX_PATH=${CMAKE_PREFIX_PATH}:/home/pablo-portatil/GITHUB/TFG/project_ws/install/mapping_controller:/home/pablo-portatil/GITHUB/TFG/project_ws/install/location_controller:/opt/ros/humble /usr/bin/cmake --install /home/pablo-portatil/GITHUB/TFG/project_ws/build/bonxai_ros
[0.699s] -- Install configuration: "RelWithDebInfo"
[0.699s] -- Installing: /home/pablo-portatil/GITHUB/TFG/project_ws/install/bonxai_ros/lib/bonxai_ros/bonxai_server_node
[0.701s] -- Set runtime path of "/home/pablo-portatil/GITHUB/TFG/project_ws/install/bonxai_ros/lib/bonxai_ros/bonxai_server_node" to ""
[0.701s] -- Up-to-date: /home/pablo-portatil/GITHUB/TFG/project_ws/install/bonxai_ros/share/bonxai_ros/environment/library_path.sh
[0.701s] -- Up-to-date: /home/pablo-portatil/GITHUB/TFG/project_ws/install/bonxai_ros/share/bonxai_ros/environment/library_path.dsv
[0.702s] -- Installing: /home/pablo-portatil/GITHUB/TFG/project_ws/install/bonxai_ros/lib/libbonxai_server.so
[0.721s] -- Set runtime path of "/home/pablo-portatil/GITHUB/TFG/project_ws/install/bonxai_ros/lib/libbonxai_server.so" to ""
[0.721s] -- Up-to-date: /home/pablo-portatil/GITHUB/TFG/project_ws/install/bonxai_ros/share/bonxai_ros/launch
[0.721s] -- Up-to-date: /home/pablo-portatil/GITHUB/TFG/project_ws/install/bonxai_ros/share/bonxai_ros/launch/bonxai_mapping.launch.xml
[0.721s] -- Up-to-date: /home/pablo-portatil/GITHUB/TFG/project_ws/install/bonxai_ros/share/bonxai_ros/launch/bonxai_mapping.launch.py
[0.722s] -- Up-to-date: /home/pablo-portatil/GITHUB/TFG/project_ws/install/bonxai_ros/share/bonxai_ros/rviz
[0.722s] -- Up-to-date: /home/pablo-portatil/GITHUB/TFG/project_ws/install/bonxai_ros/share/bonxai_ros/rviz/bonxai.rviz
[0.722s] -- Up-to-date: /home/pablo-portatil/GITHUB/TFG/project_ws/install/bonxai_ros/share/bonxai_ros/params
[0.722s] -- Up-to-date: /home/pablo-portatil/GITHUB/TFG/project_ws/install/bonxai_ros/share/bonxai_ros/params/bonxai_params.yaml
[0.722s] -- Up-to-date: /home/pablo-portatil/GITHUB/TFG/project_ws/install/bonxai_ros/share/ament_index/resource_index/package_run_dependencies/bonxai_ros
[0.722s] -- Up-to-date: /home/pablo-portatil/GITHUB/TFG/project_ws/install/bonxai_ros/share/ament_index/resource_index/parent_prefix_path/bonxai_ros
[0.722s] -- Up-to-date: /home/pablo-portatil/GITHUB/TFG/project_ws/install/bonxai_ros/share/bonxai_ros/environment/ament_prefix_path.sh
[0.722s] -- Up-to-date: /home/pablo-portatil/GITHUB/TFG/project_ws/install/bonxai_ros/share/bonxai_ros/environment/ament_prefix_path.dsv
[0.722s] -- Up-to-date: /home/pablo-portatil/GITHUB/TFG/project_ws/install/bonxai_ros/share/bonxai_ros/environment/path.sh
[0.722s] -- Up-to-date: /home/pablo-portatil/GITHUB/TFG/project_ws/install/bonxai_ros/share/bonxai_ros/environment/path.dsv
[0.722s] -- Up-to-date: /home/pablo-portatil/GITHUB/TFG/project_ws/install/bonxai_ros/share/bonxai_ros/local_setup.bash
[0.722s] -- Up-to-date: /home/pablo-portatil/GITHUB/TFG/project_ws/install/bonxai_ros/share/bonxai_ros/local_setup.sh
[0.722s] -- Up-to-date: /home/pablo-portatil/GITHUB/TFG/project_ws/install/bonxai_ros/share/bonxai_ros/local_setup.zsh
[0.722s] -- Up-to-date: /home/pablo-portatil/GITHUB/TFG/project_ws/install/bonxai_ros/share/bonxai_ros/local_setup.dsv
[0.723s] -- Installing: /home/pablo-portatil/GITHUB/TFG/project_ws/install/bonxai_ros/share/bonxai_ros/package.dsv
[0.723s] -- Up-to-date: /home/pablo-portatil/GITHUB/TFG/project_ws/install/bonxai_ros/share/ament_index/resource_index/packages/bonxai_ros
[0.723s] -- Up-to-date: /home/pablo-portatil/GITHUB/TFG/project_ws/install/bonxai_ros/share/ament_index/resource_index/rclcpp_components/bonxai_ros
[0.723s] -- Up-to-date: /home/pablo-portatil/GITHUB/TFG/project_ws/install/bonxai_ros/share/bonxai_ros/cmake/ament_cmake_export_dependencies-extras.cmake
[0.723s] -- Up-to-date: /home/pablo-portatil/GITHUB/TFG/project_ws/install/bonxai_ros/share/bonxai_ros/cmake/ament_cmake_export_libraries-extras.cmake
[0.723s] -- Up-to-date: /home/pablo-portatil/GITHUB/TFG/project_ws/install/bonxai_ros/share/bonxai_ros/cmake/bonxai_rosConfig.cmake
[0.723s] -- Up-to-date: /home/pablo-portatil/GITHUB/TFG/project_ws/install/bonxai_ros/share/bonxai_ros/cmake/bonxai_rosConfig-version.cmake
[0.723s] -- Up-to-date: /home/pablo-portatil/GITHUB/TFG/project_ws/install/bonxai_ros/share/bonxai_ros/package.xml
[0.724s] Invoked command in '/home/pablo-portatil/GITHUB/TFG/project_ws/build/bonxai_ros' returned '0': CMAKE_PREFIX_PATH=${CMAKE_PREFIX_PATH}:/home/pablo-portatil/GITHUB/TFG/project_ws/install/mapping_controller:/home/pablo-portatil/GITHUB/TFG/project_ws/install/location_controller:/opt/ros/humble /usr/bin/cmake --install /home/pablo-portatil/GITHUB/TFG/project_ws/build/bonxai_ros
