[0.073s] DEBUG:colcon:Command line arguments: ['/usr/bin/colcon', 'build']
[0.073s] DEBUG:colcon:Parsed command line arguments: Namespace(log_base=None, log_level=None, verb_name='build', build_base='build', install_base='install', merge_install=False, symlink_install=False, test_result_base=None, continue_on_error=False, executor='parallel', parallel_workers=16, event_handlers=None, ignore_user_meta=False, metas=['./colcon.meta'], base_paths=['.'], packages_ignore=None, packages_ignore_regex=None, paths=None, packages_up_to=None, packages_up_to_regex=None, packages_above=None, packages_above_and_dependencies=None, packages_above_depth=None, packages_select_by_dep=None, packages_skip_by_dep=None, packages_skip_up_to=None, packages_select_build_failed=False, packages_skip_build_finished=False, packages_select_test_failures=False, packages_skip_test_passed=False, packages_select=None, packages_skip=None, packages_select_regex=None, packages_skip_regex=None, packages_start=None, packages_end=None, allow_overriding=[], cmake_args=None, cmake_target=None, cmake_target_skip_unavailable=False, cmake_clean_cache=False, cmake_clean_first=False, cmake_force_configure=False, ament_cmake_args=None, catkin_cmake_args=None, catkin_skip_building_tests=False, mixin_files=None, mixin=None, verb_parser=<colcon_mixin.mixin.mixin_argument.MixinArgumentDecorator object at 0x7ecc704e1ff0>, verb_extension=<colcon_core.verb.build.BuildVerb object at 0x7ecc70662f80>, main=<bound method BuildVerb.main of <colcon_core.verb.build.BuildVerb object at 0x7ecc70662f80>>, mixin_verb=('build',))
[0.183s] Level 1:colcon.colcon_core.package_discovery:discover_packages(colcon_meta) check parameters
[0.183s] Level 1:colcon.colcon_core.package_discovery:discover_packages(recursive) check parameters
[0.183s] Level 1:colcon.colcon_core.package_discovery:discover_packages(ignore) check parameters
[0.183s] Level 1:colcon.colcon_core.package_discovery:discover_packages(path) check parameters
[0.183s] Level 1:colcon.colcon_core.package_discovery:discover_packages(colcon_meta) discover
[0.183s] Level 1:colcon.colcon_core.package_discovery:discover_packages(recursive) discover
[0.183s] INFO:colcon.colcon_core.package_discovery:Crawling recursively for packages in '/home/pablo-pc/GITHUB/TFG/project_ws'
[0.183s] Level 1:colcon.colcon_core.package_identification:_identify(.) by extensions ['ignore', 'ignore_ament_install']
[0.183s] Level 1:colcon.colcon_core.package_identification:_identify(.) by extension 'ignore'
[0.184s] Level 1:colcon.colcon_core.package_identification:_identify(.) by extension 'ignore_ament_install'
[0.184s] Level 1:colcon.colcon_core.package_identification:_identify(.) by extensions ['colcon_pkg']
[0.184s] Level 1:colcon.colcon_core.package_identification:_identify(.) by extension 'colcon_pkg'
[0.184s] Level 1:colcon.colcon_core.package_identification:_identify(.) by extensions ['colcon_meta']
[0.184s] Level 1:colcon.colcon_core.package_identification:_identify(.) by extension 'colcon_meta'
[0.184s] Level 1:colcon.colcon_core.package_identification:_identify(.) by extensions ['ros']
[0.184s] Level 1:colcon.colcon_core.package_identification:_identify(.) by extension 'ros'
[0.191s] Level 1:colcon.colcon_core.package_identification:_identify(.) by extensions ['cmake', 'python']
[0.191s] Level 1:colcon.colcon_core.package_identification:_identify(.) by extension 'cmake'
[0.191s] Level 1:colcon.colcon_core.package_identification:_identify(.) by extension 'python'
[0.191s] Level 1:colcon.colcon_core.package_identification:_identify(.) by extensions ['python_setup_py']
[0.191s] Level 1:colcon.colcon_core.package_identification:_identify(.) by extension 'python_setup_py'
[0.191s] Level 1:colcon.colcon_core.package_identification:_identify(build) by extensions ['ignore', 'ignore_ament_install']
[0.192s] Level 1:colcon.colcon_core.package_identification:_identify(build) by extension 'ignore'
[0.192s] Level 1:colcon.colcon_core.package_identification:_identify(build) ignored
[0.192s] Level 1:colcon.colcon_core.package_identification:_identify(install) by extensions ['ignore', 'ignore_ament_install']
[0.192s] Level 1:colcon.colcon_core.package_identification:_identify(install) by extension 'ignore'
[0.192s] Level 1:colcon.colcon_core.package_identification:_identify(install) ignored
[0.192s] Level 1:colcon.colcon_core.package_identification:_identify(log) by extensions ['ignore', 'ignore_ament_install']
[0.192s] Level 1:colcon.colcon_core.package_identification:_identify(log) by extension 'ignore'
[0.192s] Level 1:colcon.colcon_core.package_identification:_identify(log) ignored
[0.192s] Level 1:colcon.colcon_core.package_identification:_identify(src) by extensions ['ignore', 'ignore_ament_install']
[0.192s] Level 1:colcon.colcon_core.package_identification:_identify(src) by extension 'ignore'
[0.192s] Level 1:colcon.colcon_core.package_identification:_identify(src) by extension 'ignore_ament_install'
[0.192s] Level 1:colcon.colcon_core.package_identification:_identify(src) by extensions ['colcon_pkg']
[0.192s] Level 1:colcon.colcon_core.package_identification:_identify(src) by extension 'colcon_pkg'
[0.192s] Level 1:colcon.colcon_core.package_identification:_identify(src) by extensions ['colcon_meta']
[0.192s] Level 1:colcon.colcon_core.package_identification:_identify(src) by extension 'colcon_meta'
[0.192s] Level 1:colcon.colcon_core.package_identification:_identify(src) by extensions ['ros']
[0.192s] Level 1:colcon.colcon_core.package_identification:_identify(src) by extension 'ros'
[0.192s] Level 1:colcon.colcon_core.package_identification:_identify(src) by extensions ['cmake', 'python']
[0.192s] Level 1:colcon.colcon_core.package_identification:_identify(src) by extension 'cmake'
[0.192s] Level 1:colcon.colcon_core.package_identification:_identify(src) by extension 'python'
[0.192s] Level 1:colcon.colcon_core.package_identification:_identify(src) by extensions ['python_setup_py']
[0.192s] Level 1:colcon.colcon_core.package_identification:_identify(src) by extension 'python_setup_py'
[0.192s] Level 1:colcon.colcon_core.package_identification:_identify(src/bonxai_wrapper) by extensions ['ignore', 'ignore_ament_install']
[0.192s] Level 1:colcon.colcon_core.package_identification:_identify(src/bonxai_wrapper) by extension 'ignore'
[0.192s] Level 1:colcon.colcon_core.package_identification:_identify(src/bonxai_wrapper) by extension 'ignore_ament_install'
[0.192s] Level 1:colcon.colcon_core.package_identification:_identify(src/bonxai_wrapper) by extensions ['colcon_pkg']
[0.192s] Level 1:colcon.colcon_core.package_identification:_identify(src/bonxai_wrapper) by extension 'colcon_pkg'
[0.193s] Level 1:colcon.colcon_core.package_identification:_identify(src/bonxai_wrapper) by extensions ['colcon_meta']
[0.193s] Level 1:colcon.colcon_core.package_identification:_identify(src/bonxai_wrapper) by extension 'colcon_meta'
[0.193s] Level 1:colcon.colcon_core.package_identification:_identify(src/bonxai_wrapper) by extensions ['ros']
[0.193s] Level 1:colcon.colcon_core.package_identification:_identify(src/bonxai_wrapper) by extension 'ros'
[0.194s] DEBUG:colcon.colcon_core.package_identification:Package 'src/bonxai_wrapper' with type 'ros.ament_cmake' and name 'bonxai_wrapper'
[0.194s] Level 1:colcon.colcon_core.package_identification:_identify(src/documentation) by extensions ['ignore', 'ignore_ament_install']
[0.194s] Level 1:colcon.colcon_core.package_identification:_identify(src/documentation) by extension 'ignore'
[0.194s] Level 1:colcon.colcon_core.package_identification:_identify(src/documentation) by extension 'ignore_ament_install'
[0.194s] Level 1:colcon.colcon_core.package_identification:_identify(src/documentation) by extensions ['colcon_pkg']
[0.194s] Level 1:colcon.colcon_core.package_identification:_identify(src/documentation) by extension 'colcon_pkg'
[0.194s] Level 1:colcon.colcon_core.package_identification:_identify(src/documentation) by extensions ['colcon_meta']
[0.194s] Level 1:colcon.colcon_core.package_identification:_identify(src/documentation) by extension 'colcon_meta'
[0.194s] Level 1:colcon.colcon_core.package_identification:_identify(src/documentation) by extensions ['ros']
[0.195s] Level 1:colcon.colcon_core.package_identification:_identify(src/documentation) by extension 'ros'
[0.195s] Level 1:colcon.colcon_core.package_identification:_identify(src/documentation) by extensions ['cmake', 'python']
[0.195s] Level 1:colcon.colcon_core.package_identification:_identify(src/documentation) by extension 'cmake'
[0.195s] Level 1:colcon.colcon_core.package_identification:_identify(src/documentation) by extension 'python'
[0.195s] Level 1:colcon.colcon_core.package_identification:_identify(src/documentation) by extensions ['python_setup_py']
[0.195s] Level 1:colcon.colcon_core.package_identification:_identify(src/documentation) by extension 'python_setup_py'
[0.195s] Level 1:colcon.colcon_core.package_identification:_identify(src/documentation/images) by extensions ['ignore', 'ignore_ament_install']
[0.195s] Level 1:colcon.colcon_core.package_identification:_identify(src/documentation/images) by extension 'ignore'
[0.195s] Level 1:colcon.colcon_core.package_identification:_identify(src/documentation/images) by extension 'ignore_ament_install'
[0.195s] Level 1:colcon.colcon_core.package_identification:_identify(src/documentation/images) by extensions ['colcon_pkg']
[0.195s] Level 1:colcon.colcon_core.package_identification:_identify(src/documentation/images) by extension 'colcon_pkg'
[0.195s] Level 1:colcon.colcon_core.package_identification:_identify(src/documentation/images) by extensions ['colcon_meta']
[0.195s] Level 1:colcon.colcon_core.package_identification:_identify(src/documentation/images) by extension 'colcon_meta'
[0.195s] Level 1:colcon.colcon_core.package_identification:_identify(src/documentation/images) by extensions ['ros']
[0.195s] Level 1:colcon.colcon_core.package_identification:_identify(src/documentation/images) by extension 'ros'
[0.195s] Level 1:colcon.colcon_core.package_identification:_identify(src/documentation/images) by extensions ['cmake', 'python']
[0.195s] Level 1:colcon.colcon_core.package_identification:_identify(src/documentation/images) by extension 'cmake'
[0.195s] Level 1:colcon.colcon_core.package_identification:_identify(src/documentation/images) by extension 'python'
[0.195s] Level 1:colcon.colcon_core.package_identification:_identify(src/documentation/images) by extensions ['python_setup_py']
[0.195s] Level 1:colcon.colcon_core.package_identification:_identify(src/documentation/images) by extension 'python_setup_py'
[0.195s] Level 1:colcon.colcon_core.package_identification:_identify(src/location_controller) by extensions ['ignore', 'ignore_ament_install']
[0.195s] Level 1:colcon.colcon_core.package_identification:_identify(src/location_controller) by extension 'ignore'
[0.195s] Level 1:colcon.colcon_core.package_identification:_identify(src/location_controller) by extension 'ignore_ament_install'
[0.195s] Level 1:colcon.colcon_core.package_identification:_identify(src/location_controller) by extensions ['colcon_pkg']
[0.195s] Level 1:colcon.colcon_core.package_identification:_identify(src/location_controller) by extension 'colcon_pkg'
[0.195s] Level 1:colcon.colcon_core.package_identification:_identify(src/location_controller) by extensions ['colcon_meta']
[0.195s] Level 1:colcon.colcon_core.package_identification:_identify(src/location_controller) by extension 'colcon_meta'
[0.195s] Level 1:colcon.colcon_core.package_identification:_identify(src/location_controller) by extensions ['ros']
[0.195s] Level 1:colcon.colcon_core.package_identification:_identify(src/location_controller) by extension 'ros'
[0.196s] DEBUG:colcon.colcon_core.package_identification:Package 'src/location_controller' with type 'ros.ament_python' and name 'location_controller'
[0.196s] Level 1:colcon.colcon_core.package_identification:_identify(src/mapping_controller) by extensions ['ignore', 'ignore_ament_install']
[0.196s] Level 1:colcon.colcon_core.package_identification:_identify(src/mapping_controller) by extension 'ignore'
[0.196s] Level 1:colcon.colcon_core.package_identification:_identify(src/mapping_controller) by extension 'ignore_ament_install'
[0.196s] Level 1:colcon.colcon_core.package_identification:_identify(src/mapping_controller) by extensions ['colcon_pkg']
[0.196s] Level 1:colcon.colcon_core.package_identification:_identify(src/mapping_controller) by extension 'colcon_pkg'
[0.196s] Level 1:colcon.colcon_core.package_identification:_identify(src/mapping_controller) by extensions ['colcon_meta']
[0.196s] Level 1:colcon.colcon_core.package_identification:_identify(src/mapping_controller) by extension 'colcon_meta'
[0.196s] Level 1:colcon.colcon_core.package_identification:_identify(src/mapping_controller) by extensions ['ros']
[0.196s] Level 1:colcon.colcon_core.package_identification:_identify(src/mapping_controller) by extension 'ros'
[0.197s] DEBUG:colcon.colcon_core.package_identification:Package 'src/mapping_controller' with type 'ros.ament_cmake' and name 'mapping_controller'
[0.197s] Level 1:colcon.colcon_core.package_identification:_identify(src/metrics) by extensions ['ignore', 'ignore_ament_install']
[0.197s] Level 1:colcon.colcon_core.package_identification:_identify(src/metrics) by extension 'ignore'
[0.197s] Level 1:colcon.colcon_core.package_identification:_identify(src/metrics) by extension 'ignore_ament_install'
[0.197s] Level 1:colcon.colcon_core.package_identification:_identify(src/metrics) by extensions ['colcon_pkg']
[0.197s] Level 1:colcon.colcon_core.package_identification:_identify(src/metrics) by extension 'colcon_pkg'
[0.197s] Level 1:colcon.colcon_core.package_identification:_identify(src/metrics) by extensions ['colcon_meta']
[0.197s] Level 1:colcon.colcon_core.package_identification:_identify(src/metrics) by extension 'colcon_meta'
[0.197s] Level 1:colcon.colcon_core.package_identification:_identify(src/metrics) by extensions ['ros']
[0.197s] Level 1:colcon.colcon_core.package_identification:_identify(src/metrics) by extension 'ros'
[0.197s] Level 1:colcon.colcon_core.package_identification:_identify(src/metrics) by extensions ['cmake', 'python']
[0.197s] Level 1:colcon.colcon_core.package_identification:_identify(src/metrics) by extension 'cmake'
[0.197s] Level 1:colcon.colcon_core.package_identification:_identify(src/metrics) by extension 'python'
[0.197s] Level 1:colcon.colcon_core.package_identification:_identify(src/metrics) by extensions ['python_setup_py']
[0.197s] Level 1:colcon.colcon_core.package_identification:_identify(src/metrics) by extension 'python_setup_py'
[0.197s] Level 1:colcon.colcon_core.package_identification:_identify(src/recordings) by extensions ['ignore', 'ignore_ament_install']
[0.197s] Level 1:colcon.colcon_core.package_identification:_identify(src/recordings) by extension 'ignore'
[0.197s] Level 1:colcon.colcon_core.package_identification:_identify(src/recordings) by extension 'ignore_ament_install'
[0.197s] Level 1:colcon.colcon_core.package_identification:_identify(src/recordings) by extensions ['colcon_pkg']
[0.197s] Level 1:colcon.colcon_core.package_identification:_identify(src/recordings) by extension 'colcon_pkg'
[0.197s] Level 1:colcon.colcon_core.package_identification:_identify(src/recordings) by extensions ['colcon_meta']
[0.197s] Level 1:colcon.colcon_core.package_identification:_identify(src/recordings) by extension 'colcon_meta'
[0.197s] Level 1:colcon.colcon_core.package_identification:_identify(src/recordings) by extensions ['ros']
[0.197s] Level 1:colcon.colcon_core.package_identification:_identify(src/recordings) by extension 'ros'
[0.197s] Level 1:colcon.colcon_core.package_identification:_identify(src/recordings) by extensions ['cmake', 'python']
[0.197s] Level 1:colcon.colcon_core.package_identification:_identify(src/recordings) by extension 'cmake'
[0.197s] Level 1:colcon.colcon_core.package_identification:_identify(src/recordings) by extension 'python'
[0.197s] Level 1:colcon.colcon_core.package_identification:_identify(src/recordings) by extensions ['python_setup_py']
[0.197s] Level 1:colcon.colcon_core.package_identification:_identify(src/recordings) by extension 'python_setup_py'
[0.197s] Level 1:colcon.colcon_core.package_discovery:discover_packages(recursive) using defaults
[0.197s] Level 1:colcon.colcon_core.package_discovery:discover_packages(ignore) discover
[0.197s] Level 1:colcon.colcon_core.package_discovery:discover_packages(ignore) using defaults
[0.198s] Level 1:colcon.colcon_core.package_discovery:discover_packages(path) discover
[0.198s] Level 1:colcon.colcon_core.package_discovery:discover_packages(path) using defaults
[0.222s] Level 1:colcon.colcon_core.package_discovery:discover_packages(prefix_path) check parameters
[0.222s] Level 1:colcon.colcon_core.package_discovery:discover_packages(prefix_path) discover
[0.223s] DEBUG:colcon.colcon_installed_package_information.package_discovery:Found 3 installed packages in /home/pablo-pc/GITHUB/TFG/project_ws/install
[0.224s] DEBUG:colcon.colcon_installed_package_information.package_discovery:Found 272 installed packages in /opt/ros/humble
[0.225s] Level 1:colcon.colcon_core.package_discovery:discover_packages(prefix_path) using defaults
[0.247s] Level 5:colcon.colcon_core.verb:set package 'bonxai_wrapper' build argument 'cmake_args' from command line to 'None'
[0.247s] Level 5:colcon.colcon_core.verb:set package 'bonxai_wrapper' build argument 'cmake_target' from command line to 'None'
[0.247s] Level 5:colcon.colcon_core.verb:set package 'bonxai_wrapper' build argument 'cmake_target_skip_unavailable' from command line to 'False'
[0.247s] Level 5:colcon.colcon_core.verb:set package 'bonxai_wrapper' build argument 'cmake_clean_cache' from command line to 'False'
[0.247s] Level 5:colcon.colcon_core.verb:set package 'bonxai_wrapper' build argument 'cmake_clean_first' from command line to 'False'
[0.247s] Level 5:colcon.colcon_core.verb:set package 'bonxai_wrapper' build argument 'cmake_force_configure' from command line to 'False'
[0.247s] Level 5:colcon.colcon_core.verb:set package 'bonxai_wrapper' build argument 'ament_cmake_args' from command line to 'None'
[0.247s] Level 5:colcon.colcon_core.verb:set package 'bonxai_wrapper' build argument 'catkin_cmake_args' from command line to 'None'
[0.247s] Level 5:colcon.colcon_core.verb:set package 'bonxai_wrapper' build argument 'catkin_skip_building_tests' from command line to 'False'
[0.247s] DEBUG:colcon.colcon_core.verb:Building package 'bonxai_wrapper' with the following arguments: {'ament_cmake_args': None, 'build_base': '/home/pablo-pc/GITHUB/TFG/project_ws/build/bonxai_wrapper', 'catkin_cmake_args': None, 'catkin_skip_building_tests': False, 'cmake_args': None, 'cmake_clean_cache': False, 'cmake_clean_first': False, 'cmake_force_configure': False, 'cmake_target': None, 'cmake_target_skip_unavailable': False, 'install_base': '/home/pablo-pc/GITHUB/TFG/project_ws/install/bonxai_wrapper', 'merge_install': False, 'path': '/home/pablo-pc/GITHUB/TFG/project_ws/src/bonxai_wrapper', 'symlink_install': False, 'test_result_base': None}
[0.247s] Level 5:colcon.colcon_core.verb:set package 'location_controller' build argument 'cmake_args' from command line to 'None'
[0.247s] Level 5:colcon.colcon_core.verb:set package 'location_controller' build argument 'cmake_target' from command line to 'None'
[0.247s] Level 5:colcon.colcon_core.verb:set package 'location_controller' build argument 'cmake_target_skip_unavailable' from command line to 'False'
[0.247s] Level 5:colcon.colcon_core.verb:set package 'location_controller' build argument 'cmake_clean_cache' from command line to 'False'
[0.247s] Level 5:colcon.colcon_core.verb:set package 'location_controller' build argument 'cmake_clean_first' from command line to 'False'
[0.247s] Level 5:colcon.colcon_core.verb:set package 'location_controller' build argument 'cmake_force_configure' from command line to 'False'
[0.247s] Level 5:colcon.colcon_core.verb:set package 'location_controller' build argument 'ament_cmake_args' from command line to 'None'
[0.247s] Level 5:colcon.colcon_core.verb:set package 'location_controller' build argument 'catkin_cmake_args' from command line to 'None'
[0.247s] Level 5:colcon.colcon_core.verb:set package 'location_controller' build argument 'catkin_skip_building_tests' from command line to 'False'
[0.247s] DEBUG:colcon.colcon_core.verb:Building package 'location_controller' with the following arguments: {'ament_cmake_args': None, 'build_base': '/home/pablo-pc/GITHUB/TFG/project_ws/build/location_controller', 'catkin_cmake_args': None, 'catkin_skip_building_tests': False, 'cmake_args': None, 'cmake_clean_cache': False, 'cmake_clean_first': False, 'cmake_force_configure': False, 'cmake_target': None, 'cmake_target_skip_unavailable': False, 'install_base': '/home/pablo-pc/GITHUB/TFG/project_ws/install/location_controller', 'merge_install': False, 'path': '/home/pablo-pc/GITHUB/TFG/project_ws/src/location_controller', 'symlink_install': False, 'test_result_base': None}
[0.248s] Level 5:colcon.colcon_core.verb:set package 'mapping_controller' build argument 'cmake_args' from command line to 'None'
[0.248s] Level 5:colcon.colcon_core.verb:set package 'mapping_controller' build argument 'cmake_target' from command line to 'None'
[0.248s] Level 5:colcon.colcon_core.verb:set package 'mapping_controller' build argument 'cmake_target_skip_unavailable' from command line to 'False'
[0.248s] Level 5:colcon.colcon_core.verb:set package 'mapping_controller' build argument 'cmake_clean_cache' from command line to 'False'
[0.248s] Level 5:colcon.colcon_core.verb:set package 'mapping_controller' build argument 'cmake_clean_first' from command line to 'False'
[0.248s] Level 5:colcon.colcon_core.verb:set package 'mapping_controller' build argument 'cmake_force_configure' from command line to 'False'
[0.248s] Level 5:colcon.colcon_core.verb:set package 'mapping_controller' build argument 'ament_cmake_args' from command line to 'None'
[0.248s] Level 5:colcon.colcon_core.verb:set package 'mapping_controller' build argument 'catkin_cmake_args' from command line to 'None'
[0.248s] Level 5:colcon.colcon_core.verb:set package 'mapping_controller' build argument 'catkin_skip_building_tests' from command line to 'False'
[0.248s] DEBUG:colcon.colcon_core.verb:Building package 'mapping_controller' with the following arguments: {'ament_cmake_args': None, 'build_base': '/home/pablo-pc/GITHUB/TFG/project_ws/build/mapping_controller', 'catkin_cmake_args': None, 'catkin_skip_building_tests': False, 'cmake_args': None, 'cmake_clean_cache': False, 'cmake_clean_first': False, 'cmake_force_configure': False, 'cmake_target': None, 'cmake_target_skip_unavailable': False, 'install_base': '/home/pablo-pc/GITHUB/TFG/project_ws/install/mapping_controller', 'merge_install': False, 'path': '/home/pablo-pc/GITHUB/TFG/project_ws/src/mapping_controller', 'symlink_install': False, 'test_result_base': None}
[0.248s] INFO:colcon.colcon_core.executor:Executing jobs using 'parallel' executor
[0.249s] DEBUG:colcon.colcon_parallel_executor.executor.parallel:run_until_complete
[0.249s] INFO:colcon.colcon_ros.task.ament_cmake.build:Building ROS package in '/home/pablo-pc/GITHUB/TFG/project_ws/src/bonxai_wrapper' with build type 'ament_cmake'
[0.249s] INFO:colcon.colcon_cmake.task.cmake.build:Building CMake package in '/home/pablo-pc/GITHUB/TFG/project_ws/src/bonxai_wrapper'
[0.250s] INFO:colcon.colcon_core.plugin_system:Skipping extension 'colcon_core.shell.bat': Not used on non-Windows systems
[0.250s] INFO:colcon.colcon_core.shell:Skip shell extension 'powershell' for command environment: Not usable outside of PowerShell
[0.251s] DEBUG:colcon.colcon_core.shell:Skip shell extension 'dsv' for command environment
[0.253s] INFO:colcon.colcon_ros.task.ament_python.build:Building ROS package in '/home/pablo-pc/GITHUB/TFG/project_ws/src/location_controller' with build type 'ament_python'
[0.253s] Level 1:colcon.colcon_core.shell:create_environment_hook('location_controller', 'ament_prefix_path')
[0.253s] INFO:colcon.colcon_core.shell:Creating environment hook '/home/pablo-pc/GITHUB/TFG/project_ws/install/location_controller/share/location_controller/hook/ament_prefix_path.ps1'
[0.253s] INFO:colcon.colcon_core.shell:Creating environment descriptor '/home/pablo-pc/GITHUB/TFG/project_ws/install/location_controller/share/location_controller/hook/ament_prefix_path.dsv'
[0.254s] INFO:colcon.colcon_core.shell:Creating environment hook '/home/pablo-pc/GITHUB/TFG/project_ws/install/location_controller/share/location_controller/hook/ament_prefix_path.sh'
[0.254s] INFO:colcon.colcon_core.shell:Skip shell extension 'powershell' for command environment: Not usable outside of PowerShell
[0.254s] DEBUG:colcon.colcon_core.shell:Skip shell extension 'dsv' for command environment
[0.260s] DEBUG:colcon.colcon_core.event_handler.log_command:Invoking command in '/home/pablo-pc/GITHUB/TFG/project_ws/build/bonxai_wrapper': CMAKE_PREFIX_PATH=${CMAKE_PREFIX_PATH}:/home/pablo-pc/GITHUB/TFG/project_ws/install/location_controller:/opt/ros/humble /usr/bin/cmake --build /home/pablo-pc/GITHUB/TFG/project_ws/build/bonxai_wrapper -- -j16 -l16
[0.430s] INFO:colcon.colcon_core.task.python.build:Building Python package in '/home/pablo-pc/GITHUB/TFG/project_ws/src/location_controller'
[0.431s] INFO:colcon.colcon_core.shell:Skip shell extension 'powershell' for command environment: Not usable outside of PowerShell
[0.431s] DEBUG:colcon.colcon_core.shell:Skip shell extension 'dsv' for command environment
[0.436s] DEBUG:colcon.colcon_core.event_handler.log_command:Invoked command in '/home/pablo-pc/GITHUB/TFG/project_ws/build/bonxai_wrapper' returned '0': CMAKE_PREFIX_PATH=${CMAKE_PREFIX_PATH}:/home/pablo-pc/GITHUB/TFG/project_ws/install/location_controller:/opt/ros/humble /usr/bin/cmake --build /home/pablo-pc/GITHUB/TFG/project_ws/build/bonxai_wrapper -- -j16 -l16
[0.446s] DEBUG:colcon.colcon_core.event_handler.log_command:Invoking command in '/home/pablo-pc/GITHUB/TFG/project_ws/build/bonxai_wrapper': CMAKE_PREFIX_PATH=${CMAKE_PREFIX_PATH}:/home/pablo-pc/GITHUB/TFG/project_ws/install/location_controller:/opt/ros/humble /usr/bin/cmake --install /home/pablo-pc/GITHUB/TFG/project_ws/build/bonxai_wrapper
[0.456s] Level 1:colcon.colcon_core.environment:create_environment_scripts_only(bonxai_wrapper)
[0.457s] DEBUG:colcon.colcon_core.event_handler.log_command:Invoked command in '/home/pablo-pc/GITHUB/TFG/project_ws/build/bonxai_wrapper' returned '0': CMAKE_PREFIX_PATH=${CMAKE_PREFIX_PATH}:/home/pablo-pc/GITHUB/TFG/project_ws/install/location_controller:/opt/ros/humble /usr/bin/cmake --install /home/pablo-pc/GITHUB/TFG/project_ws/build/bonxai_wrapper
[0.458s] Level 1:colcon.colcon_core.environment:checking '/home/pablo-pc/GITHUB/TFG/project_ws/install/bonxai_wrapper' for CMake module files
[0.459s] Level 1:colcon.colcon_core.environment:checking '/home/pablo-pc/GITHUB/TFG/project_ws/install/bonxai_wrapper' for CMake config files
[0.459s] Level 1:colcon.colcon_core.shell:create_environment_hook('bonxai_wrapper', 'cmake_prefix_path')
[0.459s] INFO:colcon.colcon_core.shell:Creating environment hook '/home/pablo-pc/GITHUB/TFG/project_ws/install/bonxai_wrapper/share/bonxai_wrapper/hook/cmake_prefix_path.ps1'
[0.460s] INFO:colcon.colcon_core.shell:Creating environment descriptor '/home/pablo-pc/GITHUB/TFG/project_ws/install/bonxai_wrapper/share/bonxai_wrapper/hook/cmake_prefix_path.dsv'
[0.460s] INFO:colcon.colcon_core.shell:Creating environment hook '/home/pablo-pc/GITHUB/TFG/project_ws/install/bonxai_wrapper/share/bonxai_wrapper/hook/cmake_prefix_path.sh'
[0.460s] Level 1:colcon.colcon_core.environment:checking '/home/pablo-pc/GITHUB/TFG/project_ws/install/bonxai_wrapper/lib'
[0.461s] Level 1:colcon.colcon_core.environment:checking '/home/pablo-pc/GITHUB/TFG/project_ws/install/bonxai_wrapper/bin'
[0.461s] Level 1:colcon.colcon_core.environment:checking '/home/pablo-pc/GITHUB/TFG/project_ws/install/bonxai_wrapper/lib/pkgconfig/bonxai_wrapper.pc'
[0.461s] Level 1:colcon.colcon_core.environment:checking '/home/pablo-pc/GITHUB/TFG/project_ws/install/bonxai_wrapper/lib/python3.10/site-packages'
[0.461s] Level 1:colcon.colcon_core.environment:checking '/home/pablo-pc/GITHUB/TFG/project_ws/install/bonxai_wrapper/bin'
[0.461s] INFO:colcon.colcon_core.shell:Creating package script '/home/pablo-pc/GITHUB/TFG/project_ws/install/bonxai_wrapper/share/bonxai_wrapper/package.ps1'
[0.462s] INFO:colcon.colcon_core.shell:Creating package descriptor '/home/pablo-pc/GITHUB/TFG/project_ws/install/bonxai_wrapper/share/bonxai_wrapper/package.dsv'
[0.462s] INFO:colcon.colcon_core.shell:Creating package script '/home/pablo-pc/GITHUB/TFG/project_ws/install/bonxai_wrapper/share/bonxai_wrapper/package.sh'
[0.463s] INFO:colcon.colcon_core.shell:Creating package script '/home/pablo-pc/GITHUB/TFG/project_ws/install/bonxai_wrapper/share/bonxai_wrapper/package.bash'
[0.463s] INFO:colcon.colcon_core.shell:Creating package script '/home/pablo-pc/GITHUB/TFG/project_ws/install/bonxai_wrapper/share/bonxai_wrapper/package.zsh'
[0.464s] Level 1:colcon.colcon_core.environment:create_file_with_runtime_dependencies(/home/pablo-pc/GITHUB/TFG/project_ws/install/bonxai_wrapper/share/colcon-core/packages/bonxai_wrapper)
[0.464s] Level 1:colcon.colcon_core.environment:create_environment_scripts_only(bonxai_wrapper)
[0.464s] Level 1:colcon.colcon_core.environment:checking '/home/pablo-pc/GITHUB/TFG/project_ws/install/bonxai_wrapper' for CMake module files
[0.464s] Level 1:colcon.colcon_core.environment:checking '/home/pablo-pc/GITHUB/TFG/project_ws/install/bonxai_wrapper' for CMake config files
[0.464s] Level 1:colcon.colcon_core.shell:create_environment_hook('bonxai_wrapper', 'cmake_prefix_path')
[0.465s] INFO:colcon.colcon_core.shell:Creating environment hook '/home/pablo-pc/GITHUB/TFG/project_ws/install/bonxai_wrapper/share/bonxai_wrapper/hook/cmake_prefix_path.ps1'
[0.465s] INFO:colcon.colcon_core.shell:Creating environment descriptor '/home/pablo-pc/GITHUB/TFG/project_ws/install/bonxai_wrapper/share/bonxai_wrapper/hook/cmake_prefix_path.dsv'
[0.465s] INFO:colcon.colcon_core.shell:Creating environment hook '/home/pablo-pc/GITHUB/TFG/project_ws/install/bonxai_wrapper/share/bonxai_wrapper/hook/cmake_prefix_path.sh'
[0.465s] Level 1:colcon.colcon_core.environment:checking '/home/pablo-pc/GITHUB/TFG/project_ws/install/bonxai_wrapper/lib'
[0.466s] Level 1:colcon.colcon_core.environment:checking '/home/pablo-pc/GITHUB/TFG/project_ws/install/bonxai_wrapper/bin'
[0.466s] Level 1:colcon.colcon_core.environment:checking '/home/pablo-pc/GITHUB/TFG/project_ws/install/bonxai_wrapper/lib/pkgconfig/bonxai_wrapper.pc'
[0.466s] Level 1:colcon.colcon_core.environment:checking '/home/pablo-pc/GITHUB/TFG/project_ws/install/bonxai_wrapper/lib/python3.10/site-packages'
[0.466s] Level 1:colcon.colcon_core.environment:checking '/home/pablo-pc/GITHUB/TFG/project_ws/install/bonxai_wrapper/bin'
[0.466s] INFO:colcon.colcon_core.shell:Creating package script '/home/pablo-pc/GITHUB/TFG/project_ws/install/bonxai_wrapper/share/bonxai_wrapper/package.ps1'
[0.466s] INFO:colcon.colcon_core.shell:Creating package descriptor '/home/pablo-pc/GITHUB/TFG/project_ws/install/bonxai_wrapper/share/bonxai_wrapper/package.dsv'
[0.467s] INFO:colcon.colcon_core.shell:Creating package script '/home/pablo-pc/GITHUB/TFG/project_ws/install/bonxai_wrapper/share/bonxai_wrapper/package.sh'
[0.467s] INFO:colcon.colcon_core.shell:Creating package script '/home/pablo-pc/GITHUB/TFG/project_ws/install/bonxai_wrapper/share/bonxai_wrapper/package.bash'
[0.468s] INFO:colcon.colcon_core.shell:Creating package script '/home/pablo-pc/GITHUB/TFG/project_ws/install/bonxai_wrapper/share/bonxai_wrapper/package.zsh'
[0.468s] Level 1:colcon.colcon_core.environment:create_file_with_runtime_dependencies(/home/pablo-pc/GITHUB/TFG/project_ws/install/bonxai_wrapper/share/colcon-core/packages/bonxai_wrapper)
[0.468s] INFO:colcon.colcon_ros.task.ament_cmake.build:Building ROS package in '/home/pablo-pc/GITHUB/TFG/project_ws/src/mapping_controller' with build type 'ament_cmake'
[0.469s] INFO:colcon.colcon_cmake.task.cmake.build:Building CMake package in '/home/pablo-pc/GITHUB/TFG/project_ws/src/mapping_controller'
[0.469s] INFO:colcon.colcon_core.shell:Skip shell extension 'powershell' for command environment: Not usable outside of PowerShell
[0.469s] DEBUG:colcon.colcon_core.shell:Skip shell extension 'dsv' for command environment
[0.478s] DEBUG:colcon.colcon_core.event_handler.log_command:Invoking command in '/home/pablo-pc/GITHUB/TFG/project_ws/build/mapping_controller': CMAKE_PREFIX_PATH=/home/pablo-pc/GITHUB/TFG/project_ws/install/bonxai_wrapper:/home/pablo-pc/GITHUB/TFG/project_ws/install/mapping_controller:/home/pablo-pc/GITHUB/TFG/project_ws/install/location_controller:/opt/ros/humble /usr/bin/cmake --build /home/pablo-pc/GITHUB/TFG/project_ws/build/mapping_controller -- -j16 -l16
[0.543s] DEBUG:colcon.colcon_core.event_handler.log_command:Invoked command in '/home/pablo-pc/GITHUB/TFG/project_ws/build/mapping_controller' returned '0': CMAKE_PREFIX_PATH=/home/pablo-pc/GITHUB/TFG/project_ws/install/bonxai_wrapper:/home/pablo-pc/GITHUB/TFG/project_ws/install/mapping_controller:/home/pablo-pc/GITHUB/TFG/project_ws/install/location_controller:/opt/ros/humble /usr/bin/cmake --build /home/pablo-pc/GITHUB/TFG/project_ws/build/mapping_controller -- -j16 -l16
[0.545s] DEBUG:colcon.colcon_core.event_handler.log_command:Invoking command in '/home/pablo-pc/GITHUB/TFG/project_ws/build/mapping_controller': CMAKE_PREFIX_PATH=/home/pablo-pc/GITHUB/TFG/project_ws/install/bonxai_wrapper:/home/pablo-pc/GITHUB/TFG/project_ws/install/mapping_controller:/home/pablo-pc/GITHUB/TFG/project_ws/install/location_controller:/opt/ros/humble /usr/bin/cmake --install /home/pablo-pc/GITHUB/TFG/project_ws/build/mapping_controller
[0.552s] Level 1:colcon.colcon_core.environment:create_environment_scripts_only(mapping_controller)
[0.552s] Level 1:colcon.colcon_core.environment:checking '/home/pablo-pc/GITHUB/TFG/project_ws/install/mapping_controller' for CMake module files
[0.552s] DEBUG:colcon.colcon_core.event_handler.log_command:Invoked command in '/home/pablo-pc/GITHUB/TFG/project_ws/build/mapping_controller' returned '0': CMAKE_PREFIX_PATH=/home/pablo-pc/GITHUB/TFG/project_ws/install/bonxai_wrapper:/home/pablo-pc/GITHUB/TFG/project_ws/install/mapping_controller:/home/pablo-pc/GITHUB/TFG/project_ws/install/location_controller:/opt/ros/humble /usr/bin/cmake --install /home/pablo-pc/GITHUB/TFG/project_ws/build/mapping_controller
[0.553s] Level 1:colcon.colcon_core.environment:checking '/home/pablo-pc/GITHUB/TFG/project_ws/install/mapping_controller' for CMake config files
[0.553s] Level 1:colcon.colcon_core.shell:create_environment_hook('mapping_controller', 'cmake_prefix_path')
[0.553s] INFO:colcon.colcon_core.shell:Creating environment hook '/home/pablo-pc/GITHUB/TFG/project_ws/install/mapping_controller/share/mapping_controller/hook/cmake_prefix_path.ps1'
[0.553s] INFO:colcon.colcon_core.shell:Creating environment descriptor '/home/pablo-pc/GITHUB/TFG/project_ws/install/mapping_controller/share/mapping_controller/hook/cmake_prefix_path.dsv'
[0.554s] INFO:colcon.colcon_core.shell:Creating environment hook '/home/pablo-pc/GITHUB/TFG/project_ws/install/mapping_controller/share/mapping_controller/hook/cmake_prefix_path.sh'
[0.554s] Level 1:colcon.colcon_core.environment:checking '/home/pablo-pc/GITHUB/TFG/project_ws/install/mapping_controller/lib'
[0.554s] Level 1:colcon.colcon_core.environment:checking '/home/pablo-pc/GITHUB/TFG/project_ws/install/mapping_controller/bin'
[0.554s] Level 1:colcon.colcon_core.environment:checking '/home/pablo-pc/GITHUB/TFG/project_ws/install/mapping_controller/lib/pkgconfig/mapping_controller.pc'
[0.554s] Level 1:colcon.colcon_core.environment:checking '/home/pablo-pc/GITHUB/TFG/project_ws/install/mapping_controller/lib/python3.10/site-packages'
[0.554s] Level 1:colcon.colcon_core.environment:checking '/home/pablo-pc/GITHUB/TFG/project_ws/install/mapping_controller/bin'
[0.554s] INFO:colcon.colcon_core.shell:Creating package script '/home/pablo-pc/GITHUB/TFG/project_ws/install/mapping_controller/share/mapping_controller/package.ps1'
[0.555s] INFO:colcon.colcon_core.shell:Creating package descriptor '/home/pablo-pc/GITHUB/TFG/project_ws/install/mapping_controller/share/mapping_controller/package.dsv'
[0.555s] INFO:colcon.colcon_core.shell:Creating package script '/home/pablo-pc/GITHUB/TFG/project_ws/install/mapping_controller/share/mapping_controller/package.sh'
[0.555s] INFO:colcon.colcon_core.shell:Creating package script '/home/pablo-pc/GITHUB/TFG/project_ws/install/mapping_controller/share/mapping_controller/package.bash'
[0.555s] INFO:colcon.colcon_core.shell:Creating package script '/home/pablo-pc/GITHUB/TFG/project_ws/install/mapping_controller/share/mapping_controller/package.zsh'
[0.556s] Level 1:colcon.colcon_core.environment:create_file_with_runtime_dependencies(/home/pablo-pc/GITHUB/TFG/project_ws/install/mapping_controller/share/colcon-core/packages/mapping_controller)
[0.556s] Level 1:colcon.colcon_core.environment:create_environment_scripts_only(mapping_controller)
[0.556s] Level 1:colcon.colcon_core.environment:checking '/home/pablo-pc/GITHUB/TFG/project_ws/install/mapping_controller' for CMake module files
[0.556s] Level 1:colcon.colcon_core.environment:checking '/home/pablo-pc/GITHUB/TFG/project_ws/install/mapping_controller' for CMake config files
[0.556s] Level 1:colcon.colcon_core.shell:create_environment_hook('mapping_controller', 'cmake_prefix_path')
[0.556s] INFO:colcon.colcon_core.shell:Creating environment hook '/home/pablo-pc/GITHUB/TFG/project_ws/install/mapping_controller/share/mapping_controller/hook/cmake_prefix_path.ps1'
[0.557s] INFO:colcon.colcon_core.shell:Creating environment descriptor '/home/pablo-pc/GITHUB/TFG/project_ws/install/mapping_controller/share/mapping_controller/hook/cmake_prefix_path.dsv'
[0.557s] INFO:colcon.colcon_core.shell:Creating environment hook '/home/pablo-pc/GITHUB/TFG/project_ws/install/mapping_controller/share/mapping_controller/hook/cmake_prefix_path.sh'
[0.557s] Level 1:colcon.colcon_core.environment:checking '/home/pablo-pc/GITHUB/TFG/project_ws/install/mapping_controller/lib'
[0.557s] Level 1:colcon.colcon_core.environment:checking '/home/pablo-pc/GITHUB/TFG/project_ws/install/mapping_controller/bin'
[0.557s] Level 1:colcon.colcon_core.environment:checking '/home/pablo-pc/GITHUB/TFG/project_ws/install/mapping_controller/lib/pkgconfig/mapping_controller.pc'
[0.557s] Level 1:colcon.colcon_core.environment:checking '/home/pablo-pc/GITHUB/TFG/project_ws/install/mapping_controller/lib/python3.10/site-packages'
[0.558s] Level 1:colcon.colcon_core.environment:checking '/home/pablo-pc/GITHUB/TFG/project_ws/install/mapping_controller/bin'
[0.558s] INFO:colcon.colcon_core.shell:Creating package script '/home/pablo-pc/GITHUB/TFG/project_ws/install/mapping_controller/share/mapping_controller/package.ps1'
[0.558s] INFO:colcon.colcon_core.shell:Creating package descriptor '/home/pablo-pc/GITHUB/TFG/project_ws/install/mapping_controller/share/mapping_controller/package.dsv'
[0.558s] INFO:colcon.colcon_core.shell:Creating package script '/home/pablo-pc/GITHUB/TFG/project_ws/install/mapping_controller/share/mapping_controller/package.sh'
[0.559s] INFO:colcon.colcon_core.shell:Creating package script '/home/pablo-pc/GITHUB/TFG/project_ws/install/mapping_controller/share/mapping_controller/package.bash'
[0.559s] INFO:colcon.colcon_core.shell:Creating package script '/home/pablo-pc/GITHUB/TFG/project_ws/install/mapping_controller/share/mapping_controller/package.zsh'
[0.559s] Level 1:colcon.colcon_core.environment:create_file_with_runtime_dependencies(/home/pablo-pc/GITHUB/TFG/project_ws/install/mapping_controller/share/colcon-core/packages/mapping_controller)
[0.690s] DEBUG:colcon.colcon_core.event_handler.log_command:Invoking command in '/home/pablo-pc/GITHUB/TFG/project_ws/src/location_controller': PYTHONPATH=/home/pablo-pc/GITHUB/TFG/project_ws/build/location_controller/prefix_override:/usr/lib/python3/dist-packages/colcon_core/task/python/colcon_distutils_commands:/home/pablo-pc/GITHUB/TFG/project_ws/install/location_controller/lib/python3.10/site-packages:${PYTHONPATH} /usr/bin/python3 -W ignore:setup.py install is deprecated -W ignore:easy_install command is deprecated setup.py egg_info --egg-base ../../build/location_controller build --build-base /home/pablo-pc/GITHUB/TFG/project_ws/build/location_controller/build install --record /home/pablo-pc/GITHUB/TFG/project_ws/build/location_controller/install.log --single-version-externally-managed install_data
[0.899s] Level 1:colcon.colcon_core.environment:checking '/home/pablo-pc/GITHUB/TFG/project_ws/install/location_controller' for CMake module files
[0.899s] DEBUG:colcon.colcon_core.event_handler.log_command:Invoked command in '/home/pablo-pc/GITHUB/TFG/project_ws/src/location_controller' returned '0': PYTHONPATH=/home/pablo-pc/GITHUB/TFG/project_ws/build/location_controller/prefix_override:/usr/lib/python3/dist-packages/colcon_core/task/python/colcon_distutils_commands:/home/pablo-pc/GITHUB/TFG/project_ws/install/location_controller/lib/python3.10/site-packages:${PYTHONPATH} /usr/bin/python3 -W ignore:setup.py install is deprecated -W ignore:easy_install command is deprecated setup.py egg_info --egg-base ../../build/location_controller build --build-base /home/pablo-pc/GITHUB/TFG/project_ws/build/location_controller/build install --record /home/pablo-pc/GITHUB/TFG/project_ws/build/location_controller/install.log --single-version-externally-managed install_data
[0.899s] Level 1:colcon.colcon_core.environment:checking '/home/pablo-pc/GITHUB/TFG/project_ws/install/location_controller' for CMake config files
[0.900s] Level 1:colcon.colcon_core.environment:checking '/home/pablo-pc/GITHUB/TFG/project_ws/install/location_controller/lib'
[0.900s] Level 1:colcon.colcon_core.environment:checking '/home/pablo-pc/GITHUB/TFG/project_ws/install/location_controller/bin'
[0.900s] Level 1:colcon.colcon_core.environment:checking '/home/pablo-pc/GITHUB/TFG/project_ws/install/location_controller/lib/pkgconfig/location_controller.pc'
[0.900s] Level 1:colcon.colcon_core.environment:checking '/home/pablo-pc/GITHUB/TFG/project_ws/install/location_controller/lib/python3.10/site-packages'
[0.900s] Level 1:colcon.colcon_core.shell:create_environment_hook('location_controller', 'pythonpath')
[0.900s] INFO:colcon.colcon_core.shell:Creating environment hook '/home/pablo-pc/GITHUB/TFG/project_ws/install/location_controller/share/location_controller/hook/pythonpath.ps1'
[0.900s] INFO:colcon.colcon_core.shell:Creating environment descriptor '/home/pablo-pc/GITHUB/TFG/project_ws/install/location_controller/share/location_controller/hook/pythonpath.dsv'
[0.901s] INFO:colcon.colcon_core.shell:Creating environment hook '/home/pablo-pc/GITHUB/TFG/project_ws/install/location_controller/share/location_controller/hook/pythonpath.sh'
[0.901s] Level 1:colcon.colcon_core.environment:checking '/home/pablo-pc/GITHUB/TFG/project_ws/install/location_controller/bin'
[0.901s] Level 1:colcon.colcon_core.environment:create_environment_scripts_only(location_controller)
[0.901s] INFO:colcon.colcon_core.shell:Creating package script '/home/pablo-pc/GITHUB/TFG/project_ws/install/location_controller/share/location_controller/package.ps1'
[0.902s] INFO:colcon.colcon_core.shell:Creating package descriptor '/home/pablo-pc/GITHUB/TFG/project_ws/install/location_controller/share/location_controller/package.dsv'
[0.902s] INFO:colcon.colcon_core.shell:Creating package script '/home/pablo-pc/GITHUB/TFG/project_ws/install/location_controller/share/location_controller/package.sh'
[0.902s] INFO:colcon.colcon_core.shell:Creating package script '/home/pablo-pc/GITHUB/TFG/project_ws/install/location_controller/share/location_controller/package.bash'
[0.902s] INFO:colcon.colcon_core.shell:Creating package script '/home/pablo-pc/GITHUB/TFG/project_ws/install/location_controller/share/location_controller/package.zsh'
[0.902s] Level 1:colcon.colcon_core.environment:create_file_with_runtime_dependencies(/home/pablo-pc/GITHUB/TFG/project_ws/install/location_controller/share/colcon-core/packages/location_controller)
[0.903s] DEBUG:colcon.colcon_parallel_executor.executor.parallel:closing loop
[0.903s] DEBUG:colcon.colcon_parallel_executor.executor.parallel:loop closed
[0.903s] DEBUG:colcon.colcon_parallel_executor.executor.parallel:run_until_complete finished with '0'
[0.903s] DEBUG:colcon.colcon_core.event_reactor:joining thread
[0.909s] INFO:colcon.colcon_core.plugin_system:Skipping extension 'colcon_notification.desktop_notification.terminal_notifier': Not used on non-Darwin systems
[0.909s] INFO:colcon.colcon_core.plugin_system:Skipping extension 'colcon_notification.desktop_notification.win32': Not used on non-Windows systems
[0.910s] INFO:colcon.colcon_notification.desktop_notification:Sending desktop notification using 'notify2'
[0.921s] DEBUG:colcon.colcon_core.event_reactor:joined thread
[0.922s] INFO:colcon.colcon_core.shell:Creating prefix script '/home/pablo-pc/GITHUB/TFG/project_ws/install/local_setup.ps1'
[0.923s] INFO:colcon.colcon_core.shell:Creating prefix util module '/home/pablo-pc/GITHUB/TFG/project_ws/install/_local_setup_util_ps1.py'
[0.925s] INFO:colcon.colcon_core.shell:Creating prefix chain script '/home/pablo-pc/GITHUB/TFG/project_ws/install/setup.ps1'
[0.927s] INFO:colcon.colcon_core.shell:Creating prefix script '/home/pablo-pc/GITHUB/TFG/project_ws/install/local_setup.sh'
[0.927s] INFO:colcon.colcon_core.shell:Creating prefix util module '/home/pablo-pc/GITHUB/TFG/project_ws/install/_local_setup_util_sh.py'
[0.928s] INFO:colcon.colcon_core.shell:Creating prefix chain script '/home/pablo-pc/GITHUB/TFG/project_ws/install/setup.sh'
[0.929s] INFO:colcon.colcon_core.shell:Creating prefix script '/home/pablo-pc/GITHUB/TFG/project_ws/install/local_setup.bash'
[0.929s] INFO:colcon.colcon_core.shell:Creating prefix chain script '/home/pablo-pc/GITHUB/TFG/project_ws/install/setup.bash'
[0.930s] INFO:colcon.colcon_core.shell:Creating prefix script '/home/pablo-pc/GITHUB/TFG/project_ws/install/local_setup.zsh'
[0.931s] INFO:colcon.colcon_core.shell:Creating prefix chain script '/home/pablo-pc/GITHUB/TFG/project_ws/install/setup.zsh'
