[0.014s] Invoking command in '/home/pablo-pc/GITHUB/TFG/project_ws/build/mapping_controller': CMAKE_PREFIX_PATH=/home/pablo-pc/GITHUB/TFG/project_ws/install/bonxai_wrapper:/home/pablo-pc/GITHUB/TFG/project_ws/install/mapping_controller:/home/pablo-pc/GITHUB/TFG/project_ws/install/location_controller:/opt/ros/humble /usr/bin/cmake --build /home/pablo-pc/GITHUB/TFG/project_ws/build/mapping_controller -- -j16 -l16
[0.119s] [ 50%] [32mBuilding CXX object CMakeFiles/mapping_node.dir/src/mapping_node.cpp.o[0m
[15.963s] [100%] [32m[1mLinking CXX executable mapping_node[0m
[17.968s] [100%] Built target mapping_node
[17.983s] Invoked command in '/home/pablo-pc/GITHUB/TFG/project_ws/build/mapping_controller' returned '0': CMAKE_PREFIX_PATH=/home/pablo-pc/GITHUB/TFG/project_ws/install/bonxai_wrapper:/home/pablo-pc/GITHUB/TFG/project_ws/install/mapping_controller:/home/pablo-pc/GITHUB/TFG/project_ws/install/location_controller:/opt/ros/humble /usr/bin/cmake --build /home/pablo-pc/GITHUB/TFG/project_ws/build/mapping_controller -- -j16 -l16
[17.986s] Invoking command in '/home/pablo-pc/GITHUB/TFG/project_ws/build/mapping_controller': CMAKE_PREFIX_PATH=/home/pablo-pc/GITHUB/TFG/project_ws/install/bonxai_wrapper:/home/pablo-pc/GITHUB/TFG/project_ws/install/mapping_controller:/home/pablo-pc/GITHUB/TFG/project_ws/install/location_controller:/opt/ros/humble /usr/bin/cmake --install /home/pablo-pc/GITHUB/TFG/project_ws/build/mapping_controller
[17.997s] -- Install configuration: ""
[17.997s] -- Installing: /home/pablo-pc/GITHUB/TFG/project_ws/install/mapping_controller/lib/mapping_controller/mapping_node
[18.006s] -- Set runtime path of "/home/pablo-pc/GITHUB/TFG/project_ws/install/mapping_controller/lib/mapping_controller/mapping_node" to ""
[18.006s] -- Up-to-date: /home/pablo-pc/GITHUB/TFG/project_ws/install/mapping_controller/share/ament_index/resource_index/package_run_dependencies/mapping_controller
[18.007s] -- Up-to-date: /home/pablo-pc/GITHUB/TFG/project_ws/install/mapping_controller/share/ament_index/resource_index/parent_prefix_path/mapping_controller
[18.007s] -- Up-to-date: /home/pablo-pc/GITHUB/TFG/project_ws/install/mapping_controller/share/mapping_controller/environment/ament_prefix_path.sh
[18.007s] -- Up-to-date: /home/pablo-pc/GITHUB/TFG/project_ws/install/mapping_controller/share/mapping_controller/environment/ament_prefix_path.dsv
[18.007s] -- Up-to-date: /home/pablo-pc/GITHUB/TFG/project_ws/install/mapping_controller/share/mapping_controller/environment/path.sh
[18.007s] -- Up-to-date: /home/pablo-pc/GITHUB/TFG/project_ws/install/mapping_controller/share/mapping_controller/environment/path.dsv
[18.007s] -- Up-to-date: /home/pablo-pc/GITHUB/TFG/project_ws/install/mapping_controller/share/mapping_controller/local_setup.bash
[18.008s] -- Up-to-date: /home/pablo-pc/GITHUB/TFG/project_ws/install/mapping_controller/share/mapping_controller/local_setup.sh
[18.008s] -- Up-to-date: /home/pablo-pc/GITHUB/TFG/project_ws/install/mapping_controller/share/mapping_controller/local_setup.zsh
[18.008s] -- Up-to-date: /home/pablo-pc/GITHUB/TFG/project_ws/install/mapping_controller/share/mapping_controller/local_setup.dsv
[18.008s] -- Installing: /home/pablo-pc/GITHUB/TFG/project_ws/install/mapping_controller/share/mapping_controller/package.dsv
[18.009s] -- Up-to-date: /home/pablo-pc/GITHUB/TFG/project_ws/install/mapping_controller/share/ament_index/resource_index/packages/mapping_controller
[18.009s] -- Up-to-date: /home/pablo-pc/GITHUB/TFG/project_ws/install/mapping_controller/share/mapping_controller/cmake/mapping_controllerConfig.cmake
[18.009s] -- Up-to-date: /home/pablo-pc/GITHUB/TFG/project_ws/install/mapping_controller/share/mapping_controller/cmake/mapping_controllerConfig-version.cmake
[18.009s] -- Up-to-date: /home/pablo-pc/GITHUB/TFG/project_ws/install/mapping_controller/share/mapping_controller/package.xml
[18.012s] Invoked command in '/home/pablo-pc/GITHUB/TFG/project_ws/build/mapping_controller' returned '0': CMAKE_PREFIX_PATH=/home/pablo-pc/GITHUB/TFG/project_ws/install/bonxai_wrapper:/home/pablo-pc/GITHUB/TFG/project_ws/install/mapping_controller:/home/pablo-pc/GITHUB/TFG/project_ws/install/location_controller:/opt/ros/humble /usr/bin/cmake --install /home/pablo-pc/GITHUB/TFG/project_ws/build/mapping_controller
