[0.521s] Invoking command in '/home/pablo-portatil/GITHUB/TFG/project_ws/src/location_controller': PYTHONPATH=/home/pablo-portatil/GITHUB/TFG/project_ws/build/location_controller/prefix_override:/usr/lib/python3/dist-packages/colcon_core/task/python/colcon_distutils_commands:/home/pablo-portatil/GITHUB/TFG/project_ws/install/location_controller/lib/python3.10/site-packages:${PYTHONPATH} /usr/bin/python3 -W ignore:setup.py install is deprecated setup.py egg_info --egg-base ../../build/location_controller build --build-base /home/pablo-portatil/GITHUB/TFG/project_ws/build/location_controller/build install --record /home/pablo-portatil/GITHUB/TFG/project_ws/build/location_controller/install.log --single-version-externally-managed install_data
[0.712s] running egg_info
[0.713s] writing ../../build/location_controller/location_controller.egg-info/PKG-INFO
[0.713s] writing dependency_links to ../../build/location_controller/location_controller.egg-info/dependency_links.txt
[0.713s] writing entry points to ../../build/location_controller/location_controller.egg-info/entry_points.txt
[0.713s] writing requirements to ../../build/location_controller/location_controller.egg-info/requires.txt
[0.713s] writing top-level names to ../../build/location_controller/location_controller.egg-info/top_level.txt
[0.714s] reading manifest file '../../build/location_controller/location_controller.egg-info/SOURCES.txt'
[0.715s] writing manifest file '../../build/location_controller/location_controller.egg-info/SOURCES.txt'
[0.715s] running build
[0.716s] running build_py
[0.716s] copying location_controller/location_module.py -> /home/pablo-portatil/GITHUB/TFG/project_ws/build/location_controller/build/lib/location_controller
[0.717s] running install
[0.717s] running install_lib
[0.718s] copying /home/pablo-portatil/GITHUB/TFG/project_ws/build/location_controller/build/lib/location_controller/location_module.py -> /home/pablo-portatil/GITHUB/TFG/project_ws/install/location_controller/lib/python3.10/site-packages/location_controller
[0.718s] byte-compiling /home/pablo-portatil/GITHUB/TFG/project_ws/install/location_controller/lib/python3.10/site-packages/location_controller/location_module.py to location_module.cpython-310.pyc
[0.720s] running install_data
[0.720s] running install_egg_info
[0.723s] removing '/home/pablo-portatil/GITHUB/TFG/project_ws/install/location_controller/lib/python3.10/site-packages/location_controller-0.0.0-py3.10.egg-info' (and everything under it)
[0.724s] Copying ../../build/location_controller/location_controller.egg-info to /home/pablo-portatil/GITHUB/TFG/project_ws/install/location_controller/lib/python3.10/site-packages/location_controller-0.0.0-py3.10.egg-info
[0.724s] running install_scripts
[0.741s] Installing location_node_err script to /home/pablo-portatil/GITHUB/TFG/project_ws/install/location_controller/lib/location_controller
[0.742s] Installing location_node_no_err script to /home/pablo-portatil/GITHUB/TFG/project_ws/install/location_controller/lib/location_controller
[0.742s] writing list of installed files to '/home/pablo-portatil/GITHUB/TFG/project_ws/build/location_controller/install.log'
[0.764s] Invoked command in '/home/pablo-portatil/GITHUB/TFG/project_ws/src/location_controller' returned '0': PYTHONPATH=/home/pablo-portatil/GITHUB/TFG/project_ws/build/location_controller/prefix_override:/usr/lib/python3/dist-packages/colcon_core/task/python/colcon_distutils_commands:/home/pablo-portatil/GITHUB/TFG/project_ws/install/location_controller/lib/python3.10/site-packages:${PYTHONPATH} /usr/bin/python3 -W ignore:setup.py install is deprecated setup.py egg_info --egg-base ../../build/location_controller build --build-base /home/pablo-portatil/GITHUB/TFG/project_ws/build/location_controller/build install --record /home/pablo-portatil/GITHUB/TFG/project_ws/build/location_controller/install.log --single-version-externally-managed install_data
