running egg_info
creating ../../build/location_controller/location_controller.egg-info
writing ../../build/location_controller/location_controller.egg-info/PKG-INFO
writing dependency_links to ../../build/location_controller/location_controller.egg-info/dependency_links.txt
writing entry points to ../../build/location_controller/location_controller.egg-info/entry_points.txt
writing requirements to ../../build/location_controller/location_controller.egg-info/requires.txt
writing top-level names to ../../build/location_controller/location_controller.egg-info/top_level.txt
writing manifest file '../../build/location_controller/location_controller.egg-info/SOURCES.txt'
reading manifest file '../../build/location_controller/location_controller.egg-info/SOURCES.txt'
writing manifest file '../../build/location_controller/location_controller.egg-info/SOURCES.txt'
running build
running build_py
creating /home/pablo-pc/GITHUB/TFG/project_ws/build/location_controller/build
creating /home/pablo-pc/GITHUB/TFG/project_ws/build/location_controller/build/lib
creating /home/pablo-pc/GITHUB/TFG/project_ws/build/location_controller/build/lib/location_controller
copying location_controller/location_module.py -> /home/pablo-pc/GITHUB/TFG/project_ws/build/location_controller/build/lib/location_controller
copying location_controller/__init__.py -> /home/pablo-pc/GITHUB/TFG/project_ws/build/location_controller/build/lib/location_controller
copying location_controller/location_node.py -> /home/pablo-pc/GITHUB/TFG/project_ws/build/location_controller/build/lib/location_controller
copying location_controller/input_data_node.py -> /home/pablo-pc/GITHUB/TFG/project_ws/build/location_controller/build/lib/location_controller
copying location_controller/noisy_cloud_module.py -> /home/pablo-pc/GITHUB/TFG/project_ws/build/location_controller/build/lib/location_controller
copying location_controller/noisy_cloud_node.py -> /home/pablo-pc/GITHUB/TFG/project_ws/build/location_controller/build/lib/location_controller
copying location_controller/utils.py -> /home/pablo-pc/GITHUB/TFG/project_ws/build/location_controller/build/lib/location_controller
copying location_controller/input_data_module.py -> /home/pablo-pc/GITHUB/TFG/project_ws/build/location_controller/build/lib/location_controller
running install
running install_lib
creating /home/pablo-pc/GITHUB/TFG/project_ws/install/location_controller/lib/python3.10/site-packages/location_controller
copying /home/pablo-pc/GITHUB/TFG/project_ws/build/location_controller/build/lib/location_controller/location_module.py -> /home/pablo-pc/GITHUB/TFG/project_ws/install/location_controller/lib/python3.10/site-packages/location_controller
copying /home/pablo-pc/GITHUB/TFG/project_ws/build/location_controller/build/lib/location_controller/__init__.py -> /home/pablo-pc/GITHUB/TFG/project_ws/install/location_controller/lib/python3.10/site-packages/location_controller
copying /home/pablo-pc/GITHUB/TFG/project_ws/build/location_controller/build/lib/location_controller/location_node.py -> /home/pablo-pc/GITHUB/TFG/project_ws/install/location_controller/lib/python3.10/site-packages/location_controller
copying /home/pablo-pc/GITHUB/TFG/project_ws/build/location_controller/build/lib/location_controller/input_data_node.py -> /home/pablo-pc/GITHUB/TFG/project_ws/install/location_controller/lib/python3.10/site-packages/location_controller
copying /home/pablo-pc/GITHUB/TFG/project_ws/build/location_controller/build/lib/location_controller/noisy_cloud_module.py -> /home/pablo-pc/GITHUB/TFG/project_ws/install/location_controller/lib/python3.10/site-packages/location_controller
copying /home/pablo-pc/GITHUB/TFG/project_ws/build/location_controller/build/lib/location_controller/noisy_cloud_node.py -> /home/pablo-pc/GITHUB/TFG/project_ws/install/location_controller/lib/python3.10/site-packages/location_controller
copying /home/pablo-pc/GITHUB/TFG/project_ws/build/location_controller/build/lib/location_controller/utils.py -> /home/pablo-pc/GITHUB/TFG/project_ws/install/location_controller/lib/python3.10/site-packages/location_controller
copying /home/pablo-pc/GITHUB/TFG/project_ws/build/location_controller/build/lib/location_controller/input_data_module.py -> /home/pablo-pc/GITHUB/TFG/project_ws/install/location_controller/lib/python3.10/site-packages/location_controller
byte-compiling /home/pablo-pc/GITHUB/TFG/project_ws/install/location_controller/lib/python3.10/site-packages/location_controller/location_module.py to location_module.cpython-310.pyc
byte-compiling /home/pablo-pc/GITHUB/TFG/project_ws/install/location_controller/lib/python3.10/site-packages/location_controller/__init__.py to __init__.cpython-310.pyc
byte-compiling /home/pablo-pc/GITHUB/TFG/project_ws/install/location_controller/lib/python3.10/site-packages/location_controller/location_node.py to location_node.cpython-310.pyc
byte-compiling /home/pablo-pc/GITHUB/TFG/project_ws/install/location_controller/lib/python3.10/site-packages/location_controller/input_data_node.py to input_data_node.cpython-310.pyc
byte-compiling /home/pablo-pc/GITHUB/TFG/project_ws/install/location_controller/lib/python3.10/site-packages/location_controller/noisy_cloud_module.py to noisy_cloud_module.cpython-310.pyc
byte-compiling /home/pablo-pc/GITHUB/TFG/project_ws/install/location_controller/lib/python3.10/site-packages/location_controller/noisy_cloud_node.py to noisy_cloud_node.cpython-310.pyc
byte-compiling /home/pablo-pc/GITHUB/TFG/project_ws/install/location_controller/lib/python3.10/site-packages/location_controller/utils.py to utils.cpython-310.pyc
byte-compiling /home/pablo-pc/GITHUB/TFG/project_ws/install/location_controller/lib/python3.10/site-packages/location_controller/input_data_module.py to input_data_module.cpython-310.pyc
running install_data
creating /home/pablo-pc/GITHUB/TFG/project_ws/install/location_controller/share/ament_index
creating /home/pablo-pc/GITHUB/TFG/project_ws/install/location_controller/share/ament_index/resource_index
creating /home/pablo-pc/GITHUB/TFG/project_ws/install/location_controller/share/ament_index/resource_index/packages
copying resource/location_controller -> /home/pablo-pc/GITHUB/TFG/project_ws/install/location_controller/share/ament_index/resource_index/packages
copying package.xml -> /home/pablo-pc/GITHUB/TFG/project_ws/install/location_controller/share/location_controller
running install_egg_info
Copying ../../build/location_controller/location_controller.egg-info to /home/pablo-pc/GITHUB/TFG/project_ws/install/location_controller/lib/python3.10/site-packages/location_controller-0.0.0-py3.10.egg-info
running install_scripts
Installing input_data_node script to /home/pablo-pc/GITHUB/TFG/project_ws/install/location_controller/lib/location_controller
Installing location_node script to /home/pablo-pc/GITHUB/TFG/project_ws/install/location_controller/lib/location_controller
Installing noisy_cloud_node script to /home/pablo-pc/GITHUB/TFG/project_ws/install/location_controller/lib/location_controller
writing list of installed files to '/home/pablo-pc/GITHUB/TFG/project_ws/build/location_controller/install.log'
