[0.464s] Invoking command in '/home/pablo-pc/GITHUB/TFG/project_ws/src/location_controller': PYTHONPATH=/home/pablo-pc/GITHUB/TFG/project_ws/build/location_controller/prefix_override:/usr/lib/python3/dist-packages/colcon_core/task/python/colcon_distutils_commands:/home/pablo-pc/GITHUB/TFG/project_ws/install/location_controller/lib/python3.10/site-packages:${PYTHONPATH} /usr/bin/python3 -W ignore:setup.py install is deprecated -W ignore:easy_install command is deprecated setup.py egg_info --egg-base ../../build/location_controller build --build-base /home/pablo-pc/GITHUB/TFG/project_ws/build/location_controller/build install --record /home/pablo-pc/GITHUB/TFG/project_ws/build/location_controller/install.log --single-version-externally-managed install_data
[0.620s] running egg_info
[0.620s] creating ../../build/location_controller/location_controller.egg-info
[0.621s] writing ../../build/location_controller/location_controller.egg-info/PKG-INFO
[0.621s] writing dependency_links to ../../build/location_controller/location_controller.egg-info/dependency_links.txt
[0.621s] writing entry points to ../../build/location_controller/location_controller.egg-info/entry_points.txt
[0.621s] writing requirements to ../../build/location_controller/location_controller.egg-info/requires.txt
[0.621s] writing top-level names to ../../build/location_controller/location_controller.egg-info/top_level.txt
[0.621s] writing manifest file '../../build/location_controller/location_controller.egg-info/SOURCES.txt'
[0.623s] reading manifest file '../../build/location_controller/location_controller.egg-info/SOURCES.txt'
[0.624s] writing manifest file '../../build/location_controller/location_controller.egg-info/SOURCES.txt'
[0.624s] running build
[0.625s] running build_py
[0.625s] creating /home/pablo-pc/GITHUB/TFG/project_ws/build/location_controller/build
[0.625s] creating /home/pablo-pc/GITHUB/TFG/project_ws/build/location_controller/build/lib
[0.625s] creating /home/pablo-pc/GITHUB/TFG/project_ws/build/location_controller/build/lib/location_controller
[0.625s] copying location_controller/location_module.py -> /home/pablo-pc/GITHUB/TFG/project_ws/build/location_controller/build/lib/location_controller
[0.626s] copying location_controller/__init__.py -> /home/pablo-pc/GITHUB/TFG/project_ws/build/location_controller/build/lib/location_controller
[0.626s] copying location_controller/location_node.py -> /home/pablo-pc/GITHUB/TFG/project_ws/build/location_controller/build/lib/location_controller
[0.626s] copying location_controller/input_data_node.py -> /home/pablo-pc/GITHUB/TFG/project_ws/build/location_controller/build/lib/location_controller
[0.626s] copying location_controller/noisy_cloud_module.py -> /home/pablo-pc/GITHUB/TFG/project_ws/build/location_controller/build/lib/location_controller
[0.626s] copying location_controller/noisy_cloud_node.py -> /home/pablo-pc/GITHUB/TFG/project_ws/build/location_controller/build/lib/location_controller
[0.626s] copying location_controller/utils.py -> /home/pablo-pc/GITHUB/TFG/project_ws/build/location_controller/build/lib/location_controller
[0.627s] copying location_controller/input_data_module.py -> /home/pablo-pc/GITHUB/TFG/project_ws/build/location_controller/build/lib/location_controller
[0.627s] running install
[0.627s] running install_lib
[0.627s] creating /home/pablo-pc/GITHUB/TFG/project_ws/install/location_controller/lib/python3.10/site-packages/location_controller
[0.627s] copying /home/pablo-pc/GITHUB/TFG/project_ws/build/location_controller/build/lib/location_controller/location_module.py -> /home/pablo-pc/GITHUB/TFG/project_ws/install/location_controller/lib/python3.10/site-packages/location_controller
[0.628s] copying /home/pablo-pc/GITHUB/TFG/project_ws/build/location_controller/build/lib/location_controller/__init__.py -> /home/pablo-pc/GITHUB/TFG/project_ws/install/location_controller/lib/python3.10/site-packages/location_controller
[0.628s] copying /home/pablo-pc/GITHUB/TFG/project_ws/build/location_controller/build/lib/location_controller/location_node.py -> /home/pablo-pc/GITHUB/TFG/project_ws/install/location_controller/lib/python3.10/site-packages/location_controller
[0.628s] copying /home/pablo-pc/GITHUB/TFG/project_ws/build/location_controller/build/lib/location_controller/input_data_node.py -> /home/pablo-pc/GITHUB/TFG/project_ws/install/location_controller/lib/python3.10/site-packages/location_controller
[0.628s] copying /home/pablo-pc/GITHUB/TFG/project_ws/build/location_controller/build/lib/location_controller/noisy_cloud_module.py -> /home/pablo-pc/GITHUB/TFG/project_ws/install/location_controller/lib/python3.10/site-packages/location_controller
[0.629s] copying /home/pablo-pc/GITHUB/TFG/project_ws/build/location_controller/build/lib/location_controller/noisy_cloud_node.py -> /home/pablo-pc/GITHUB/TFG/project_ws/install/location_controller/lib/python3.10/site-packages/location_controller
[0.629s] copying /home/pablo-pc/GITHUB/TFG/project_ws/build/location_controller/build/lib/location_controller/utils.py -> /home/pablo-pc/GITHUB/TFG/project_ws/install/location_controller/lib/python3.10/site-packages/location_controller
[0.629s] copying /home/pablo-pc/GITHUB/TFG/project_ws/build/location_controller/build/lib/location_controller/input_data_module.py -> /home/pablo-pc/GITHUB/TFG/project_ws/install/location_controller/lib/python3.10/site-packages/location_controller
[0.629s] byte-compiling /home/pablo-pc/GITHUB/TFG/project_ws/install/location_controller/lib/python3.10/site-packages/location_controller/location_module.py to location_module.cpython-310.pyc
[0.630s] byte-compiling /home/pablo-pc/GITHUB/TFG/project_ws/install/location_controller/lib/python3.10/site-packages/location_controller/__init__.py to __init__.cpython-310.pyc
[0.630s] byte-compiling /home/pablo-pc/GITHUB/TFG/project_ws/install/location_controller/lib/python3.10/site-packages/location_controller/location_node.py to location_node.cpython-310.pyc
[0.631s] byte-compiling /home/pablo-pc/GITHUB/TFG/project_ws/install/location_controller/lib/python3.10/site-packages/location_controller/input_data_node.py to input_data_node.cpython-310.pyc
[0.631s] byte-compiling /home/pablo-pc/GITHUB/TFG/project_ws/install/location_controller/lib/python3.10/site-packages/location_controller/noisy_cloud_module.py to noisy_cloud_module.cpython-310.pyc
[0.631s] byte-compiling /home/pablo-pc/GITHUB/TFG/project_ws/install/location_controller/lib/python3.10/site-packages/location_controller/noisy_cloud_node.py to noisy_cloud_node.cpython-310.pyc
[0.631s] byte-compiling /home/pablo-pc/GITHUB/TFG/project_ws/install/location_controller/lib/python3.10/site-packages/location_controller/utils.py to utils.cpython-310.pyc
[0.632s] byte-compiling /home/pablo-pc/GITHUB/TFG/project_ws/install/location_controller/lib/python3.10/site-packages/location_controller/input_data_module.py to input_data_module.cpython-310.pyc
[0.634s] running install_data
[0.634s] creating /home/pablo-pc/GITHUB/TFG/project_ws/install/location_controller/share/ament_index
[0.634s] creating /home/pablo-pc/GITHUB/TFG/project_ws/install/location_controller/share/ament_index/resource_index
[0.634s] creating /home/pablo-pc/GITHUB/TFG/project_ws/install/location_controller/share/ament_index/resource_index/packages
[0.634s] copying resource/location_controller -> /home/pablo-pc/GITHUB/TFG/project_ws/install/location_controller/share/ament_index/resource_index/packages
[0.634s] copying package.xml -> /home/pablo-pc/GITHUB/TFG/project_ws/install/location_controller/share/location_controller
[0.634s] running install_egg_info
[0.636s] Copying ../../build/location_controller/location_controller.egg-info to /home/pablo-pc/GITHUB/TFG/project_ws/install/location_controller/lib/python3.10/site-packages/location_controller-0.0.0-py3.10.egg-info
[0.636s] running install_scripts
[0.651s] Installing input_data_node script to /home/pablo-pc/GITHUB/TFG/project_ws/install/location_controller/lib/location_controller
[0.651s] Installing location_node script to /home/pablo-pc/GITHUB/TFG/project_ws/install/location_controller/lib/location_controller
[0.651s] Installing noisy_cloud_node script to /home/pablo-pc/GITHUB/TFG/project_ws/install/location_controller/lib/location_controller
[0.652s] writing list of installed files to '/home/pablo-pc/GITHUB/TFG/project_ws/build/location_controller/install.log'
[0.667s] Invoked command in '/home/pablo-pc/GITHUB/TFG/project_ws/src/location_controller' returned '0': PYTHONPATH=/home/pablo-pc/GITHUB/TFG/project_ws/build/location_controller/prefix_override:/usr/lib/python3/dist-packages/colcon_core/task/python/colcon_distutils_commands:/home/pablo-pc/GITHUB/TFG/project_ws/install/location_controller/lib/python3.10/site-packages:${PYTHONPATH} /usr/bin/python3 -W ignore:setup.py install is deprecated -W ignore:easy_install command is deprecated setup.py egg_info --egg-base ../../build/location_controller build --build-base /home/pablo-pc/GITHUB/TFG/project_ws/build/location_controller/build install --record /home/pablo-pc/GITHUB/TFG/project_ws/build/location_controller/install.log --single-version-externally-managed install_data
