[0.601s] Invoking command in '/home/pablo-pc/GITHUB/TFG/project_ws/src/location_controller': PYTHONPATH=/home/pablo-pc/GITHUB/TFG/project_ws/build/location_controller/prefix_override:/usr/lib/python3/dist-packages/colcon_core/task/python/colcon_distutils_commands:/home/pablo-pc/GITHUB/TFG/project_ws/install/location_controller/lib/python3.10/site-packages:${PYTHONPATH} /usr/bin/python3 -W ignore:setup.py install is deprecated -W ignore:easy_install command is deprecated setup.py egg_info --egg-base ../../build/location_controller build --build-base /home/pablo-pc/GITHUB/TFG/project_ws/build/location_controller/build install --record /home/pablo-pc/GITHUB/TFG/project_ws/build/location_controller/install.log --single-version-externally-managed install_data
[0.776s] running egg_info
[0.776s] writing ../../build/location_controller/location_controller.egg-info/PKG-INFO
[0.777s] writing dependency_links to ../../build/location_controller/location_controller.egg-info/dependency_links.txt
[0.777s] writing entry points to ../../build/location_controller/location_controller.egg-info/entry_points.txt
[0.777s] writing requirements to ../../build/location_controller/location_controller.egg-info/requires.txt
[0.777s] writing top-level names to ../../build/location_controller/location_controller.egg-info/top_level.txt
[0.780s] reading manifest file '../../build/location_controller/location_controller.egg-info/SOURCES.txt'
[0.781s] writing manifest file '../../build/location_controller/location_controller.egg-info/SOURCES.txt'
[0.781s] running build
[0.781s] running build_py
[0.781s] running install
[0.782s] running install_lib
[0.783s] running install_data
[0.783s] running install_egg_info
[0.785s] removing '/home/pablo-pc/GITHUB/TFG/project_ws/install/location_controller/lib/python3.10/site-packages/location_controller-0.0.0-py3.10.egg-info' (and everything under it)
[0.785s] Copying ../../build/location_controller/location_controller.egg-info to /home/pablo-pc/GITHUB/TFG/project_ws/install/location_controller/lib/python3.10/site-packages/location_controller-0.0.0-py3.10.egg-info
[0.785s] running install_scripts
[0.802s] Installing input_data_node script to /home/pablo-pc/GITHUB/TFG/project_ws/install/location_controller/lib/location_controller
[0.802s] Installing location_node script to /home/pablo-pc/GITHUB/TFG/project_ws/install/location_controller/lib/location_controller
[0.802s] Installing noisy_cloud_node script to /home/pablo-pc/GITHUB/TFG/project_ws/install/location_controller/lib/location_controller
[0.803s] writing list of installed files to '/home/pablo-pc/GITHUB/TFG/project_ws/build/location_controller/install.log'
[0.820s] Invoked command in '/home/pablo-pc/GITHUB/TFG/project_ws/src/location_controller' returned '0': PYTHONPATH=/home/pablo-pc/GITHUB/TFG/project_ws/build/location_controller/prefix_override:/usr/lib/python3/dist-packages/colcon_core/task/python/colcon_distutils_commands:/home/pablo-pc/GITHUB/TFG/project_ws/install/location_controller/lib/python3.10/site-packages:${PYTHONPATH} /usr/bin/python3 -W ignore:setup.py install is deprecated -W ignore:easy_install command is deprecated setup.py egg_info --egg-base ../../build/location_controller build --build-base /home/pablo-pc/GITHUB/TFG/project_ws/build/location_controller/build install --record /home/pablo-pc/GITHUB/TFG/project_ws/build/location_controller/install.log --single-version-externally-managed install_data
