[0.015s] Invoking command in '/home/pablo-portatil/GITHUB/TFG/project_ws/build/bonxai_ros': CMAKE_PREFIX_PATH=/home/pablo-portatil/GITHUB/TFG/project_ws/install/location_controller:/opt/ros/humble /usr/bin/cmake --build /home/pablo-portatil/GITHUB/TFG/project_ws/build/bonxai_ros -- -j16 -l16
[0.213s] -- Eigen found (include: /usr/include/eigen3, version: 3.4.0)
[0.213s] -- OpenNI found (version: 1.5.4.0, include: /usr/include/ni, lib: /usr/lib/libOpenNI.so;libusb::libusb)
[0.213s] -- OpenNI2 found (version: 2.2.0.33, include: /usr/include/openni2, lib: /usr/lib/x86_64-linux-gnu/libOpenNI2.so;libusb::libusb)
[0.334s] -- Eigen found (include: /usr/include/eigen3, version: 3.4.0)
[0.461s] -- Building with colcon
[0.461s] -- Found ament_cmake_auto: 1.3.11 (/opt/ros/humble/share/ament_cmake_auto/cmake)
[0.604s] -- Found rosidl_generator_c: 3.1.6 (/opt/ros/humble/share/rosidl_generator_c/cmake)
[0.606s] -- Found rosidl_adapter: 3.1.6 (/opt/ros/humble/share/rosidl_adapter/cmake)
[0.611s] -- Found rosidl_generator_cpp: 3.1.6 (/opt/ros/humble/share/rosidl_generator_cpp/cmake)
[0.618s] -- Using all available rosidl_typesupport_c: rosidl_typesupport_fastrtps_c;rosidl_typesupport_introspection_c
[0.629s] -- Using all available rosidl_typesupport_cpp: rosidl_typesupport_fastrtps_cpp;rosidl_typesupport_introspection_cpp
[0.659s] -- Found rmw_implementation_cmake: 6.1.2 (/opt/ros/humble/share/rmw_implementation_cmake/cmake)
[0.661s] -- Found rmw_fastrtps_cpp: 6.2.7 (/opt/ros/humble/share/rmw_fastrtps_cpp/cmake)
[0.749s] -- Using RMW implementation 'rmw_fastrtps_cpp' as default
[0.903s] -- Found eigen3_cmake_module: 0.1.1 (/opt/ros/humble/share/eigen3_cmake_module/cmake)
[0.904s] -- Ensuring Eigen3 include directory is part of orocos-kdl CMake target
[0.945s] -- Configuring done
[0.980s] -- Generating done
[0.990s] -- Build files have been written to: /home/pablo-portatil/GITHUB/TFG/project_ws/build/bonxai_ros
[1.023s] [35m[1mConsolidate compiler generated dependencies of target bonxai_server_node[0m
[1.032s] [  0%] Built target bonxai_core
[1.044s] [35m[1mConsolidate compiler generated dependencies of target tutorial[0m
[1.045s] [35m[1mConsolidate compiler generated dependencies of target bonxai_map[0m
[1.046s] [35m[1mConsolidate compiler generated dependencies of target test_serialization[0m
[1.046s] [ 18%] Built target bonxai_server_node
[1.057s] [ 36%] Built target test_serialization
[1.058s] [ 54%] Built target tutorial
[1.065s] [ 81%] Built target bonxai_map
[1.074s] [35m[1mConsolidate compiler generated dependencies of target bonxai_server[0m
[1.096s] [100%] Built target bonxai_server
[1.106s] Invoked command in '/home/pablo-portatil/GITHUB/TFG/project_ws/build/bonxai_ros' returned '0': CMAKE_PREFIX_PATH=/home/pablo-portatil/GITHUB/TFG/project_ws/install/location_controller:/opt/ros/humble /usr/bin/cmake --build /home/pablo-portatil/GITHUB/TFG/project_ws/build/bonxai_ros -- -j16 -l16
[1.114s] Invoking command in '/home/pablo-portatil/GITHUB/TFG/project_ws/build/bonxai_ros': CMAKE_PREFIX_PATH=/home/pablo-portatil/GITHUB/TFG/project_ws/install/location_controller:/opt/ros/humble /usr/bin/cmake --install /home/pablo-portatil/GITHUB/TFG/project_ws/build/bonxai_ros
[1.121s] -- Install configuration: "RelWithDebInfo"
[1.121s] -- Up-to-date: /home/pablo-portatil/GITHUB/TFG/project_ws/install/bonxai_ros/lib/bonxai_ros/bonxai_server_node
[1.121s] -- Up-to-date: /home/pablo-portatil/GITHUB/TFG/project_ws/install/bonxai_ros/share/bonxai_ros/environment/library_path.sh
[1.122s] -- Installing: /home/pablo-portatil/GITHUB/TFG/project_ws/install/bonxai_ros/share/bonxai_ros/environment/library_path.dsv
[1.122s] -- Up-to-date: /home/pablo-portatil/GITHUB/TFG/project_ws/install/bonxai_ros/lib/libbonxai_server.so
[1.122s] -- Up-to-date: /home/pablo-portatil/GITHUB/TFG/project_ws/install/bonxai_ros/share/bonxai_ros/launch
[1.122s] -- Up-to-date: /home/pablo-portatil/GITHUB/TFG/project_ws/install/bonxai_ros/share/bonxai_ros/launch/bonxai_mapping.launch.xml
[1.122s] -- Up-to-date: /home/pablo-portatil/GITHUB/TFG/project_ws/install/bonxai_ros/share/bonxai_ros/launch/bonxai_mapping.launch.py
[1.123s] -- Up-to-date: /home/pablo-portatil/GITHUB/TFG/project_ws/install/bonxai_ros/share/bonxai_ros/rviz
[1.123s] -- Up-to-date: /home/pablo-portatil/GITHUB/TFG/project_ws/install/bonxai_ros/share/bonxai_ros/rviz/bonxai.rviz
[1.123s] -- Up-to-date: /home/pablo-portatil/GITHUB/TFG/project_ws/install/bonxai_ros/share/bonxai_ros/params
[1.123s] -- Up-to-date: /home/pablo-portatil/GITHUB/TFG/project_ws/install/bonxai_ros/share/bonxai_ros/params/bonxai_params.yaml
[1.123s] -- Up-to-date: /home/pablo-portatil/GITHUB/TFG/project_ws/install/bonxai_ros/share/ament_index/resource_index/package_run_dependencies/bonxai_ros
[1.123s] -- Up-to-date: /home/pablo-portatil/GITHUB/TFG/project_ws/install/bonxai_ros/share/ament_index/resource_index/parent_prefix_path/bonxai_ros
[1.123s] -- Up-to-date: /home/pablo-portatil/GITHUB/TFG/project_ws/install/bonxai_ros/share/bonxai_ros/environment/ament_prefix_path.sh
[1.123s] -- Installing: /home/pablo-portatil/GITHUB/TFG/project_ws/install/bonxai_ros/share/bonxai_ros/environment/ament_prefix_path.dsv
[1.123s] -- Up-to-date: /home/pablo-portatil/GITHUB/TFG/project_ws/install/bonxai_ros/share/bonxai_ros/environment/path.sh
[1.124s] -- Installing: /home/pablo-portatil/GITHUB/TFG/project_ws/install/bonxai_ros/share/bonxai_ros/environment/path.dsv
[1.124s] -- Up-to-date: /home/pablo-portatil/GITHUB/TFG/project_ws/install/bonxai_ros/share/bonxai_ros/local_setup.bash
[1.124s] -- Up-to-date: /home/pablo-portatil/GITHUB/TFG/project_ws/install/bonxai_ros/share/bonxai_ros/local_setup.sh
[1.124s] -- Up-to-date: /home/pablo-portatil/GITHUB/TFG/project_ws/install/bonxai_ros/share/bonxai_ros/local_setup.zsh
[1.125s] -- Installing: /home/pablo-portatil/GITHUB/TFG/project_ws/install/bonxai_ros/share/bonxai_ros/local_setup.dsv
[1.126s] -- Installing: /home/pablo-portatil/GITHUB/TFG/project_ws/install/bonxai_ros/share/bonxai_ros/package.dsv
[1.126s] -- Up-to-date: /home/pablo-portatil/GITHUB/TFG/project_ws/install/bonxai_ros/share/ament_index/resource_index/packages/bonxai_ros
[1.126s] -- Up-to-date: /home/pablo-portatil/GITHUB/TFG/project_ws/install/bonxai_ros/share/ament_index/resource_index/rclcpp_components/bonxai_ros
[1.126s] -- Up-to-date: /home/pablo-portatil/GITHUB/TFG/project_ws/install/bonxai_ros/share/bonxai_ros/cmake/ament_cmake_export_dependencies-extras.cmake
[1.127s] -- Up-to-date: /home/pablo-portatil/GITHUB/TFG/project_ws/install/bonxai_ros/share/bonxai_ros/cmake/ament_cmake_export_libraries-extras.cmake
[1.127s] -- Up-to-date: /home/pablo-portatil/GITHUB/TFG/project_ws/install/bonxai_ros/share/bonxai_ros/cmake/bonxai_rosConfig.cmake
[1.127s] -- Up-to-date: /home/pablo-portatil/GITHUB/TFG/project_ws/install/bonxai_ros/share/bonxai_ros/cmake/bonxai_rosConfig-version.cmake
[1.127s] -- Up-to-date: /home/pablo-portatil/GITHUB/TFG/project_ws/install/bonxai_ros/share/bonxai_ros/package.xml
[1.127s] Invoked command in '/home/pablo-portatil/GITHUB/TFG/project_ws/build/bonxai_ros' returned '0': CMAKE_PREFIX_PATH=/home/pablo-portatil/GITHUB/TFG/project_ws/install/location_controller:/opt/ros/humble /usr/bin/cmake --install /home/pablo-portatil/GITHUB/TFG/project_ws/build/bonxai_ros
