[0.201s] DEBUG:colcon:Command line arguments: ['/usr/bin/colcon', 'build']
[0.201s] DEBUG:colcon:Parsed command line arguments: Namespace(log_base=None, log_level=None, verb_name='build', build_base='build', install_base='install', merge_install=False, symlink_install=False, test_result_base=None, continue_on_error=False, executor='parallel', parallel_workers=16, event_handlers=None, ignore_user_meta=False, metas=['./colcon.meta'], base_paths=['.'], packages_ignore=None, packages_ignore_regex=None, paths=None, packages_up_to=None, packages_up_to_regex=None, packages_above=None, packages_above_and_dependencies=None, packages_above_depth=None, packages_select_by_dep=None, packages_skip_by_dep=None, packages_skip_up_to=None, packages_select_build_failed=False, packages_skip_build_finished=False, packages_select_test_failures=False, packages_skip_test_passed=False, packages_select=None, packages_skip=None, packages_select_regex=None, packages_skip_regex=None, packages_start=None, packages_end=None, allow_overriding=[], cmake_args=None, cmake_target=None, cmake_target_skip_unavailable=False, cmake_clean_cache=False, cmake_clean_first=False, cmake_force_configure=False, ament_cmake_args=None, catkin_cmake_args=None, catkin_skip_building_tests=False, mixin_files=None, mixin=None, verb_parser=<colcon_mixin.mixin.mixin_argument.MixinArgumentDecorator object at 0x742502f5e290>, verb_extension=<colcon_core.verb.build.BuildVerb object at 0x7425030538b0>, main=<bound method BuildVerb.main of <colcon_core.verb.build.BuildVerb object at 0x7425030538b0>>, mixin_verb=('build',))
[0.494s] Level 1:colcon.colcon_core.package_discovery:discover_packages(colcon_meta) check parameters
[0.494s] Level 1:colcon.colcon_core.package_discovery:discover_packages(recursive) check parameters
[0.494s] Level 1:colcon.colcon_core.package_discovery:discover_packages(ignore) check parameters
[0.494s] Level 1:colcon.colcon_core.package_discovery:discover_packages(path) check parameters
[0.494s] Level 1:colcon.colcon_core.package_discovery:discover_packages(colcon_meta) discover
[0.494s] Level 1:colcon.colcon_core.package_discovery:discover_packages(recursive) discover
[0.494s] INFO:colcon.colcon_core.package_discovery:Crawling recursively for packages in '/home/pablo-pc/GITHUB/TFG/project_ws'
[0.494s] Level 1:colcon.colcon_core.package_identification:_identify(.) by extensions ['ignore', 'ignore_ament_install']
[0.494s] Level 1:colcon.colcon_core.package_identification:_identify(.) by extension 'ignore'
[0.495s] Level 1:colcon.colcon_core.package_identification:_identify(.) by extension 'ignore_ament_install'
[0.495s] Level 1:colcon.colcon_core.package_identification:_identify(.) by extensions ['colcon_pkg']
[0.495s] Level 1:colcon.colcon_core.package_identification:_identify(.) by extension 'colcon_pkg'
[0.495s] Level 1:colcon.colcon_core.package_identification:_identify(.) by extensions ['colcon_meta']
[0.495s] Level 1:colcon.colcon_core.package_identification:_identify(.) by extension 'colcon_meta'
[0.495s] Level 1:colcon.colcon_core.package_identification:_identify(.) by extensions ['ros']
[0.495s] Level 1:colcon.colcon_core.package_identification:_identify(.) by extension 'ros'
[0.514s] Level 1:colcon.colcon_core.package_identification:_identify(.) by extensions ['cmake', 'python']
[0.515s] Level 1:colcon.colcon_core.package_identification:_identify(.) by extension 'cmake'
[0.515s] Level 1:colcon.colcon_core.package_identification:_identify(.) by extension 'python'
[0.515s] Level 1:colcon.colcon_core.package_identification:_identify(.) by extensions ['python_setup_py']
[0.515s] Level 1:colcon.colcon_core.package_identification:_identify(.) by extension 'python_setup_py'
[0.515s] Level 1:colcon.colcon_core.package_identification:_identify(build) by extensions ['ignore', 'ignore_ament_install']
[0.515s] Level 1:colcon.colcon_core.package_identification:_identify(build) by extension 'ignore'
[0.515s] Level 1:colcon.colcon_core.package_identification:_identify(build) ignored
[0.516s] Level 1:colcon.colcon_core.package_identification:_identify(install) by extensions ['ignore', 'ignore_ament_install']
[0.516s] Level 1:colcon.colcon_core.package_identification:_identify(install) by extension 'ignore'
[0.516s] Level 1:colcon.colcon_core.package_identification:_identify(install) ignored
[0.517s] Level 1:colcon.colcon_core.package_identification:_identify(log) by extensions ['ignore', 'ignore_ament_install']
[0.517s] Level 1:colcon.colcon_core.package_identification:_identify(log) by extension 'ignore'
[0.517s] Level 1:colcon.colcon_core.package_identification:_identify(log) ignored
[0.517s] Level 1:colcon.colcon_core.package_identification:_identify(src) by extensions ['ignore', 'ignore_ament_install']
[0.518s] Level 1:colcon.colcon_core.package_identification:_identify(src) by extension 'ignore'
[0.518s] Level 1:colcon.colcon_core.package_identification:_identify(src) by extension 'ignore_ament_install'
[0.518s] Level 1:colcon.colcon_core.package_identification:_identify(src) by extensions ['colcon_pkg']
[0.518s] Level 1:colcon.colcon_core.package_identification:_identify(src) by extension 'colcon_pkg'
[0.518s] Level 1:colcon.colcon_core.package_identification:_identify(src) by extensions ['colcon_meta']
[0.518s] Level 1:colcon.colcon_core.package_identification:_identify(src) by extension 'colcon_meta'
[0.518s] Level 1:colcon.colcon_core.package_identification:_identify(src) by extensions ['ros']
[0.518s] Level 1:colcon.colcon_core.package_identification:_identify(src) by extension 'ros'
[0.518s] Level 1:colcon.colcon_core.package_identification:_identify(src) by extensions ['cmake', 'python']
[0.519s] Level 1:colcon.colcon_core.package_identification:_identify(src) by extension 'cmake'
[0.519s] Level 1:colcon.colcon_core.package_identification:_identify(src) by extension 'python'
[0.519s] Level 1:colcon.colcon_core.package_identification:_identify(src) by extensions ['python_setup_py']
[0.519s] Level 1:colcon.colcon_core.package_identification:_identify(src) by extension 'python_setup_py'
[0.519s] Level 1:colcon.colcon_core.package_identification:_identify(src/bonxai_wrapper) by extensions ['ignore', 'ignore_ament_install']
[0.519s] Level 1:colcon.colcon_core.package_identification:_identify(src/bonxai_wrapper) by extension 'ignore'
[0.519s] Level 1:colcon.colcon_core.package_identification:_identify(src/bonxai_wrapper) by extension 'ignore_ament_install'
[0.519s] Level 1:colcon.colcon_core.package_identification:_identify(src/bonxai_wrapper) by extensions ['colcon_pkg']
[0.520s] Level 1:colcon.colcon_core.package_identification:_identify(src/bonxai_wrapper) by extension 'colcon_pkg'
[0.520s] Level 1:colcon.colcon_core.package_identification:_identify(src/bonxai_wrapper) by extensions ['colcon_meta']
[0.520s] Level 1:colcon.colcon_core.package_identification:_identify(src/bonxai_wrapper) by extension 'colcon_meta'
[0.520s] Level 1:colcon.colcon_core.package_identification:_identify(src/bonxai_wrapper) by extensions ['ros']
[0.520s] Level 1:colcon.colcon_core.package_identification:_identify(src/bonxai_wrapper) by extension 'ros'
[0.525s] DEBUG:colcon.colcon_core.package_identification:Package 'src/bonxai_wrapper' with type 'ros.ament_cmake' and name 'bonxai_wrapper'
[0.525s] Level 1:colcon.colcon_core.package_identification:_identify(src/config) by extensions ['ignore', 'ignore_ament_install']
[0.525s] Level 1:colcon.colcon_core.package_identification:_identify(src/config) by extension 'ignore'
[0.525s] Level 1:colcon.colcon_core.package_identification:_identify(src/config) by extension 'ignore_ament_install'
[0.525s] Level 1:colcon.colcon_core.package_identification:_identify(src/config) by extensions ['colcon_pkg']
[0.526s] Level 1:colcon.colcon_core.package_identification:_identify(src/config) by extension 'colcon_pkg'
[0.526s] Level 1:colcon.colcon_core.package_identification:_identify(src/config) by extensions ['colcon_meta']
[0.526s] Level 1:colcon.colcon_core.package_identification:_identify(src/config) by extension 'colcon_meta'
[0.526s] Level 1:colcon.colcon_core.package_identification:_identify(src/config) by extensions ['ros']
[0.526s] Level 1:colcon.colcon_core.package_identification:_identify(src/config) by extension 'ros'
[0.526s] Level 1:colcon.colcon_core.package_identification:_identify(src/config) by extensions ['cmake', 'python']
[0.526s] Level 1:colcon.colcon_core.package_identification:_identify(src/config) by extension 'cmake'
[0.526s] Level 1:colcon.colcon_core.package_identification:_identify(src/config) by extension 'python'
[0.526s] Level 1:colcon.colcon_core.package_identification:_identify(src/config) by extensions ['python_setup_py']
[0.526s] Level 1:colcon.colcon_core.package_identification:_identify(src/config) by extension 'python_setup_py'
[0.526s] Level 1:colcon.colcon_core.package_identification:_identify(src/documentation) by extensions ['ignore', 'ignore_ament_install']
[0.526s] Level 1:colcon.colcon_core.package_identification:_identify(src/documentation) by extension 'ignore'
[0.526s] Level 1:colcon.colcon_core.package_identification:_identify(src/documentation) by extension 'ignore_ament_install'
[0.526s] Level 1:colcon.colcon_core.package_identification:_identify(src/documentation) by extensions ['colcon_pkg']
[0.526s] Level 1:colcon.colcon_core.package_identification:_identify(src/documentation) by extension 'colcon_pkg'
[0.527s] Level 1:colcon.colcon_core.package_identification:_identify(src/documentation) by extensions ['colcon_meta']
[0.527s] Level 1:colcon.colcon_core.package_identification:_identify(src/documentation) by extension 'colcon_meta'
[0.527s] Level 1:colcon.colcon_core.package_identification:_identify(src/documentation) by extensions ['ros']
[0.527s] Level 1:colcon.colcon_core.package_identification:_identify(src/documentation) by extension 'ros'
[0.527s] Level 1:colcon.colcon_core.package_identification:_identify(src/documentation) by extensions ['cmake', 'python']
[0.527s] Level 1:colcon.colcon_core.package_identification:_identify(src/documentation) by extension 'cmake'
[0.527s] Level 1:colcon.colcon_core.package_identification:_identify(src/documentation) by extension 'python'
[0.527s] Level 1:colcon.colcon_core.package_identification:_identify(src/documentation) by extensions ['python_setup_py']
[0.527s] Level 1:colcon.colcon_core.package_identification:_identify(src/documentation) by extension 'python_setup_py'
[0.527s] Level 1:colcon.colcon_core.package_identification:_identify(src/documentation/images) by extensions ['ignore', 'ignore_ament_install']
[0.527s] Level 1:colcon.colcon_core.package_identification:_identify(src/documentation/images) by extension 'ignore'
[0.527s] Level 1:colcon.colcon_core.package_identification:_identify(src/documentation/images) by extension 'ignore_ament_install'
[0.527s] Level 1:colcon.colcon_core.package_identification:_identify(src/documentation/images) by extensions ['colcon_pkg']
[0.527s] Level 1:colcon.colcon_core.package_identification:_identify(src/documentation/images) by extension 'colcon_pkg'
[0.527s] Level 1:colcon.colcon_core.package_identification:_identify(src/documentation/images) by extensions ['colcon_meta']
[0.527s] Level 1:colcon.colcon_core.package_identification:_identify(src/documentation/images) by extension 'colcon_meta'
[0.528s] Level 1:colcon.colcon_core.package_identification:_identify(src/documentation/images) by extensions ['ros']
[0.528s] Level 1:colcon.colcon_core.package_identification:_identify(src/documentation/images) by extension 'ros'
[0.528s] Level 1:colcon.colcon_core.package_identification:_identify(src/documentation/images) by extensions ['cmake', 'python']
[0.528s] Level 1:colcon.colcon_core.package_identification:_identify(src/documentation/images) by extension 'cmake'
[0.528s] Level 1:colcon.colcon_core.package_identification:_identify(src/documentation/images) by extension 'python'
[0.528s] Level 1:colcon.colcon_core.package_identification:_identify(src/documentation/images) by extensions ['python_setup_py']
[0.528s] Level 1:colcon.colcon_core.package_identification:_identify(src/documentation/images) by extension 'python_setup_py'
[0.528s] Level 1:colcon.colcon_core.package_identification:_identify(src/location_controller) by extensions ['ignore', 'ignore_ament_install']
[0.528s] Level 1:colcon.colcon_core.package_identification:_identify(src/location_controller) by extension 'ignore'
[0.528s] Level 1:colcon.colcon_core.package_identification:_identify(src/location_controller) by extension 'ignore_ament_install'
[0.528s] Level 1:colcon.colcon_core.package_identification:_identify(src/location_controller) by extensions ['colcon_pkg']
[0.528s] Level 1:colcon.colcon_core.package_identification:_identify(src/location_controller) by extension 'colcon_pkg'
[0.528s] Level 1:colcon.colcon_core.package_identification:_identify(src/location_controller) by extensions ['colcon_meta']
[0.528s] Level 1:colcon.colcon_core.package_identification:_identify(src/location_controller) by extension 'colcon_meta'
[0.528s] Level 1:colcon.colcon_core.package_identification:_identify(src/location_controller) by extensions ['ros']
[0.528s] Level 1:colcon.colcon_core.package_identification:_identify(src/location_controller) by extension 'ros'
[0.529s] DEBUG:colcon.colcon_core.package_identification:Package 'src/location_controller' with type 'ros.ament_python' and name 'location_controller'
[0.530s] Level 1:colcon.colcon_core.package_identification:_identify(src/mapping_controller) by extensions ['ignore', 'ignore_ament_install']
[0.530s] Level 1:colcon.colcon_core.package_identification:_identify(src/mapping_controller) by extension 'ignore'
[0.530s] Level 1:colcon.colcon_core.package_identification:_identify(src/mapping_controller) by extension 'ignore_ament_install'
[0.530s] Level 1:colcon.colcon_core.package_identification:_identify(src/mapping_controller) by extensions ['colcon_pkg']
[0.530s] Level 1:colcon.colcon_core.package_identification:_identify(src/mapping_controller) by extension 'colcon_pkg'
[0.530s] Level 1:colcon.colcon_core.package_identification:_identify(src/mapping_controller) by extensions ['colcon_meta']
[0.530s] Level 1:colcon.colcon_core.package_identification:_identify(src/mapping_controller) by extension 'colcon_meta'
[0.530s] Level 1:colcon.colcon_core.package_identification:_identify(src/mapping_controller) by extensions ['ros']
[0.530s] Level 1:colcon.colcon_core.package_identification:_identify(src/mapping_controller) by extension 'ros'
[0.532s] DEBUG:colcon.colcon_core.package_identification:Package 'src/mapping_controller' with type 'ros.ament_cmake' and name 'mapping_controller'
[0.532s] Level 1:colcon.colcon_core.package_identification:_identify(src/metrics) by extensions ['ignore', 'ignore_ament_install']
[0.532s] Level 1:colcon.colcon_core.package_identification:_identify(src/metrics) by extension 'ignore'
[0.532s] Level 1:colcon.colcon_core.package_identification:_identify(src/metrics) by extension 'ignore_ament_install'
[0.532s] Level 1:colcon.colcon_core.package_identification:_identify(src/metrics) by extensions ['colcon_pkg']
[0.532s] Level 1:colcon.colcon_core.package_identification:_identify(src/metrics) by extension 'colcon_pkg'
[0.533s] Level 1:colcon.colcon_core.package_identification:_identify(src/metrics) by extensions ['colcon_meta']
[0.533s] Level 1:colcon.colcon_core.package_identification:_identify(src/metrics) by extension 'colcon_meta'
[0.533s] Level 1:colcon.colcon_core.package_identification:_identify(src/metrics) by extensions ['ros']
[0.533s] Level 1:colcon.colcon_core.package_identification:_identify(src/metrics) by extension 'ros'
[0.533s] Level 1:colcon.colcon_core.package_identification:_identify(src/metrics) by extensions ['cmake', 'python']
[0.533s] Level 1:colcon.colcon_core.package_identification:_identify(src/metrics) by extension 'cmake'
[0.533s] Level 1:colcon.colcon_core.package_identification:_identify(src/metrics) by extension 'python'
[0.533s] Level 1:colcon.colcon_core.package_identification:_identify(src/metrics) by extensions ['python_setup_py']
[0.533s] Level 1:colcon.colcon_core.package_identification:_identify(src/metrics) by extension 'python_setup_py'
[0.533s] Level 1:colcon.colcon_core.package_identification:_identify(src/recordings) by extensions ['ignore', 'ignore_ament_install']
[0.533s] Level 1:colcon.colcon_core.package_identification:_identify(src/recordings) by extension 'ignore'
[0.533s] Level 1:colcon.colcon_core.package_identification:_identify(src/recordings) by extension 'ignore_ament_install'
[0.533s] Level 1:colcon.colcon_core.package_identification:_identify(src/recordings) by extensions ['colcon_pkg']
[0.533s] Level 1:colcon.colcon_core.package_identification:_identify(src/recordings) by extension 'colcon_pkg'
[0.533s] Level 1:colcon.colcon_core.package_identification:_identify(src/recordings) by extensions ['colcon_meta']
[0.533s] Level 1:colcon.colcon_core.package_identification:_identify(src/recordings) by extension 'colcon_meta'
[0.534s] Level 1:colcon.colcon_core.package_identification:_identify(src/recordings) by extensions ['ros']
[0.534s] Level 1:colcon.colcon_core.package_identification:_identify(src/recordings) by extension 'ros'
[0.534s] Level 1:colcon.colcon_core.package_identification:_identify(src/recordings) by extensions ['cmake', 'python']
[0.534s] Level 1:colcon.colcon_core.package_identification:_identify(src/recordings) by extension 'cmake'
[0.534s] Level 1:colcon.colcon_core.package_identification:_identify(src/recordings) by extension 'python'
[0.534s] Level 1:colcon.colcon_core.package_identification:_identify(src/recordings) by extensions ['python_setup_py']
[0.534s] Level 1:colcon.colcon_core.package_identification:_identify(src/recordings) by extension 'python_setup_py'
[0.534s] Level 1:colcon.colcon_core.package_identification:_identify(src/recordings/map) by extensions ['ignore', 'ignore_ament_install']
[0.534s] Level 1:colcon.colcon_core.package_identification:_identify(src/recordings/map) by extension 'ignore'
[0.534s] Level 1:colcon.colcon_core.package_identification:_identify(src/recordings/map) by extension 'ignore_ament_install'
[0.534s] Level 1:colcon.colcon_core.package_identification:_identify(src/recordings/map) by extensions ['colcon_pkg']
[0.534s] Level 1:colcon.colcon_core.package_identification:_identify(src/recordings/map) by extension 'colcon_pkg'
[0.534s] Level 1:colcon.colcon_core.package_identification:_identify(src/recordings/map) by extensions ['colcon_meta']
[0.534s] Level 1:colcon.colcon_core.package_identification:_identify(src/recordings/map) by extension 'colcon_meta'
[0.534s] Level 1:colcon.colcon_core.package_identification:_identify(src/recordings/map) by extensions ['ros']
[0.535s] Level 1:colcon.colcon_core.package_identification:_identify(src/recordings/map) by extension 'ros'
[0.535s] Level 1:colcon.colcon_core.package_identification:_identify(src/recordings/map) by extensions ['cmake', 'python']
[0.535s] Level 1:colcon.colcon_core.package_identification:_identify(src/recordings/map) by extension 'cmake'
[0.535s] Level 1:colcon.colcon_core.package_identification:_identify(src/recordings/map) by extension 'python'
[0.535s] Level 1:colcon.colcon_core.package_identification:_identify(src/recordings/map) by extensions ['python_setup_py']
[0.535s] Level 1:colcon.colcon_core.package_identification:_identify(src/recordings/map) by extension 'python_setup_py'
[0.535s] Level 1:colcon.colcon_core.package_identification:_identify(src/recordings/map/clean_pcl) by extensions ['ignore', 'ignore_ament_install']
[0.535s] Level 1:colcon.colcon_core.package_identification:_identify(src/recordings/map/clean_pcl) by extension 'ignore'
[0.535s] Level 1:colcon.colcon_core.package_identification:_identify(src/recordings/map/clean_pcl) by extension 'ignore_ament_install'
[0.535s] Level 1:colcon.colcon_core.package_identification:_identify(src/recordings/map/clean_pcl) by extensions ['colcon_pkg']
[0.535s] Level 1:colcon.colcon_core.package_identification:_identify(src/recordings/map/clean_pcl) by extension 'colcon_pkg'
[0.535s] Level 1:colcon.colcon_core.package_identification:_identify(src/recordings/map/clean_pcl) by extensions ['colcon_meta']
[0.535s] Level 1:colcon.colcon_core.package_identification:_identify(src/recordings/map/clean_pcl) by extension 'colcon_meta'
[0.535s] Level 1:colcon.colcon_core.package_identification:_identify(src/recordings/map/clean_pcl) by extensions ['ros']
[0.535s] Level 1:colcon.colcon_core.package_identification:_identify(src/recordings/map/clean_pcl) by extension 'ros'
[0.536s] Level 1:colcon.colcon_core.package_identification:_identify(src/recordings/map/clean_pcl) by extensions ['cmake', 'python']
[0.536s] Level 1:colcon.colcon_core.package_identification:_identify(src/recordings/map/clean_pcl) by extension 'cmake'
[0.536s] Level 1:colcon.colcon_core.package_identification:_identify(src/recordings/map/clean_pcl) by extension 'python'
[0.536s] Level 1:colcon.colcon_core.package_identification:_identify(src/recordings/map/clean_pcl) by extensions ['python_setup_py']
[0.536s] Level 1:colcon.colcon_core.package_identification:_identify(src/recordings/map/clean_pcl) by extension 'python_setup_py'
[0.536s] Level 1:colcon.colcon_core.package_identification:_identify(src/recordings/map/clean_pcl/clean_pcl_map) by extensions ['ignore', 'ignore_ament_install']
[0.536s] Level 1:colcon.colcon_core.package_identification:_identify(src/recordings/map/clean_pcl/clean_pcl_map) by extension 'ignore'
[0.536s] Level 1:colcon.colcon_core.package_identification:_identify(src/recordings/map/clean_pcl/clean_pcl_map) by extension 'ignore_ament_install'
[0.536s] Level 1:colcon.colcon_core.package_identification:_identify(src/recordings/map/clean_pcl/clean_pcl_map) by extensions ['colcon_pkg']
[0.536s] Level 1:colcon.colcon_core.package_identification:_identify(src/recordings/map/clean_pcl/clean_pcl_map) by extension 'colcon_pkg'
[0.536s] Level 1:colcon.colcon_core.package_identification:_identify(src/recordings/map/clean_pcl/clean_pcl_map) by extensions ['colcon_meta']
[0.536s] Level 1:colcon.colcon_core.package_identification:_identify(src/recordings/map/clean_pcl/clean_pcl_map) by extension 'colcon_meta'
[0.536s] Level 1:colcon.colcon_core.package_identification:_identify(src/recordings/map/clean_pcl/clean_pcl_map) by extensions ['ros']
[0.536s] Level 1:colcon.colcon_core.package_identification:_identify(src/recordings/map/clean_pcl/clean_pcl_map) by extension 'ros'
[0.536s] Level 1:colcon.colcon_core.package_identification:_identify(src/recordings/map/clean_pcl/clean_pcl_map) by extensions ['cmake', 'python']
[0.536s] Level 1:colcon.colcon_core.package_identification:_identify(src/recordings/map/clean_pcl/clean_pcl_map) by extension 'cmake'
[0.537s] Level 1:colcon.colcon_core.package_identification:_identify(src/recordings/map/clean_pcl/clean_pcl_map) by extension 'python'
[0.537s] Level 1:colcon.colcon_core.package_identification:_identify(src/recordings/map/clean_pcl/clean_pcl_map) by extensions ['python_setup_py']
[0.537s] Level 1:colcon.colcon_core.package_identification:_identify(src/recordings/map/clean_pcl/clean_pcl_map) by extension 'python_setup_py'
[0.537s] Level 1:colcon.colcon_core.package_identification:_identify(src/recordings/map/clean_pcl/clean_pcl_map_1) by extensions ['ignore', 'ignore_ament_install']
[0.537s] Level 1:colcon.colcon_core.package_identification:_identify(src/recordings/map/clean_pcl/clean_pcl_map_1) by extension 'ignore'
[0.537s] Level 1:colcon.colcon_core.package_identification:_identify(src/recordings/map/clean_pcl/clean_pcl_map_1) by extension 'ignore_ament_install'
[0.537s] Level 1:colcon.colcon_core.package_identification:_identify(src/recordings/map/clean_pcl/clean_pcl_map_1) by extensions ['colcon_pkg']
[0.537s] Level 1:colcon.colcon_core.package_identification:_identify(src/recordings/map/clean_pcl/clean_pcl_map_1) by extension 'colcon_pkg'
[0.537s] Level 1:colcon.colcon_core.package_identification:_identify(src/recordings/map/clean_pcl/clean_pcl_map_1) by extensions ['colcon_meta']
[0.537s] Level 1:colcon.colcon_core.package_identification:_identify(src/recordings/map/clean_pcl/clean_pcl_map_1) by extension 'colcon_meta'
[0.537s] Level 1:colcon.colcon_core.package_identification:_identify(src/recordings/map/clean_pcl/clean_pcl_map_1) by extensions ['ros']
[0.537s] Level 1:colcon.colcon_core.package_identification:_identify(src/recordings/map/clean_pcl/clean_pcl_map_1) by extension 'ros'
[0.537s] Level 1:colcon.colcon_core.package_identification:_identify(src/recordings/map/clean_pcl/clean_pcl_map_1) by extensions ['cmake', 'python']
[0.537s] Level 1:colcon.colcon_core.package_identification:_identify(src/recordings/map/clean_pcl/clean_pcl_map_1) by extension 'cmake'
[0.537s] Level 1:colcon.colcon_core.package_identification:_identify(src/recordings/map/clean_pcl/clean_pcl_map_1) by extension 'python'
[0.538s] Level 1:colcon.colcon_core.package_identification:_identify(src/recordings/map/clean_pcl/clean_pcl_map_1) by extensions ['python_setup_py']
[0.538s] Level 1:colcon.colcon_core.package_identification:_identify(src/recordings/map/clean_pcl/clean_pcl_map_1) by extension 'python_setup_py'
[0.538s] Level 1:colcon.colcon_core.package_identification:_identify(src/recordings/map/noisy_pcl) by extensions ['ignore', 'ignore_ament_install']
[0.538s] Level 1:colcon.colcon_core.package_identification:_identify(src/recordings/map/noisy_pcl) by extension 'ignore'
[0.538s] Level 1:colcon.colcon_core.package_identification:_identify(src/recordings/map/noisy_pcl) by extension 'ignore_ament_install'
[0.538s] Level 1:colcon.colcon_core.package_identification:_identify(src/recordings/map/noisy_pcl) by extensions ['colcon_pkg']
[0.538s] Level 1:colcon.colcon_core.package_identification:_identify(src/recordings/map/noisy_pcl) by extension 'colcon_pkg'
[0.538s] Level 1:colcon.colcon_core.package_identification:_identify(src/recordings/map/noisy_pcl) by extensions ['colcon_meta']
[0.538s] Level 1:colcon.colcon_core.package_identification:_identify(src/recordings/map/noisy_pcl) by extension 'colcon_meta'
[0.538s] Level 1:colcon.colcon_core.package_identification:_identify(src/recordings/map/noisy_pcl) by extensions ['ros']
[0.538s] Level 1:colcon.colcon_core.package_identification:_identify(src/recordings/map/noisy_pcl) by extension 'ros'
[0.538s] Level 1:colcon.colcon_core.package_identification:_identify(src/recordings/map/noisy_pcl) by extensions ['cmake', 'python']
[0.538s] Level 1:colcon.colcon_core.package_identification:_identify(src/recordings/map/noisy_pcl) by extension 'cmake'
[0.538s] Level 1:colcon.colcon_core.package_identification:_identify(src/recordings/map/noisy_pcl) by extension 'python'
[0.538s] Level 1:colcon.colcon_core.package_identification:_identify(src/recordings/map/noisy_pcl) by extensions ['python_setup_py']
[0.538s] Level 1:colcon.colcon_core.package_identification:_identify(src/recordings/map/noisy_pcl) by extension 'python_setup_py'
[0.539s] Level 1:colcon.colcon_core.package_identification:_identify(src/recordings/map/noisy_pcl/noisy_pcl_map) by extensions ['ignore', 'ignore_ament_install']
[0.539s] Level 1:colcon.colcon_core.package_identification:_identify(src/recordings/map/noisy_pcl/noisy_pcl_map) by extension 'ignore'
[0.539s] Level 1:colcon.colcon_core.package_identification:_identify(src/recordings/map/noisy_pcl/noisy_pcl_map) by extension 'ignore_ament_install'
[0.539s] Level 1:colcon.colcon_core.package_identification:_identify(src/recordings/map/noisy_pcl/noisy_pcl_map) by extensions ['colcon_pkg']
[0.539s] Level 1:colcon.colcon_core.package_identification:_identify(src/recordings/map/noisy_pcl/noisy_pcl_map) by extension 'colcon_pkg'
[0.539s] Level 1:colcon.colcon_core.package_identification:_identify(src/recordings/map/noisy_pcl/noisy_pcl_map) by extensions ['colcon_meta']
[0.539s] Level 1:colcon.colcon_core.package_identification:_identify(src/recordings/map/noisy_pcl/noisy_pcl_map) by extension 'colcon_meta'
[0.539s] Level 1:colcon.colcon_core.package_identification:_identify(src/recordings/map/noisy_pcl/noisy_pcl_map) by extensions ['ros']
[0.539s] Level 1:colcon.colcon_core.package_identification:_identify(src/recordings/map/noisy_pcl/noisy_pcl_map) by extension 'ros'
[0.539s] Level 1:colcon.colcon_core.package_identification:_identify(src/recordings/map/noisy_pcl/noisy_pcl_map) by extensions ['cmake', 'python']
[0.539s] Level 1:colcon.colcon_core.package_identification:_identify(src/recordings/map/noisy_pcl/noisy_pcl_map) by extension 'cmake'
[0.539s] Level 1:colcon.colcon_core.package_identification:_identify(src/recordings/map/noisy_pcl/noisy_pcl_map) by extension 'python'
[0.539s] Level 1:colcon.colcon_core.package_identification:_identify(src/recordings/map/noisy_pcl/noisy_pcl_map) by extensions ['python_setup_py']
[0.539s] Level 1:colcon.colcon_core.package_identification:_identify(src/recordings/map/noisy_pcl/noisy_pcl_map) by extension 'python_setup_py'
[0.540s] Level 1:colcon.colcon_core.package_identification:_identify(src/recordings/map/original) by extensions ['ignore', 'ignore_ament_install']
[0.540s] Level 1:colcon.colcon_core.package_identification:_identify(src/recordings/map/original) by extension 'ignore'
[0.540s] Level 1:colcon.colcon_core.package_identification:_identify(src/recordings/map/original) by extension 'ignore_ament_install'
[0.540s] Level 1:colcon.colcon_core.package_identification:_identify(src/recordings/map/original) by extensions ['colcon_pkg']
[0.540s] Level 1:colcon.colcon_core.package_identification:_identify(src/recordings/map/original) by extension 'colcon_pkg'
[0.540s] Level 1:colcon.colcon_core.package_identification:_identify(src/recordings/map/original) by extensions ['colcon_meta']
[0.540s] Level 1:colcon.colcon_core.package_identification:_identify(src/recordings/map/original) by extension 'colcon_meta'
[0.540s] Level 1:colcon.colcon_core.package_identification:_identify(src/recordings/map/original) by extensions ['ros']
[0.540s] Level 1:colcon.colcon_core.package_identification:_identify(src/recordings/map/original) by extension 'ros'
[0.540s] Level 1:colcon.colcon_core.package_identification:_identify(src/recordings/map/original) by extensions ['cmake', 'python']
[0.540s] Level 1:colcon.colcon_core.package_identification:_identify(src/recordings/map/original) by extension 'cmake'
[0.540s] Level 1:colcon.colcon_core.package_identification:_identify(src/recordings/map/original) by extension 'python'
[0.540s] Level 1:colcon.colcon_core.package_identification:_identify(src/recordings/map/original) by extensions ['python_setup_py']
[0.540s] Level 1:colcon.colcon_core.package_identification:_identify(src/recordings/map/original) by extension 'python_setup_py'
[0.540s] Level 1:colcon.colcon_core.package_identification:_identify(src/recordings/map/original/original_map_04) by extensions ['ignore', 'ignore_ament_install']
[0.541s] Level 1:colcon.colcon_core.package_identification:_identify(src/recordings/map/original/original_map_04) by extension 'ignore'
[0.541s] Level 1:colcon.colcon_core.package_identification:_identify(src/recordings/map/original/original_map_04) by extension 'ignore_ament_install'
[0.541s] Level 1:colcon.colcon_core.package_identification:_identify(src/recordings/map/original/original_map_04) by extensions ['colcon_pkg']
[0.541s] Level 1:colcon.colcon_core.package_identification:_identify(src/recordings/map/original/original_map_04) by extension 'colcon_pkg'
[0.541s] Level 1:colcon.colcon_core.package_identification:_identify(src/recordings/map/original/original_map_04) by extensions ['colcon_meta']
[0.541s] Level 1:colcon.colcon_core.package_identification:_identify(src/recordings/map/original/original_map_04) by extension 'colcon_meta'
[0.541s] Level 1:colcon.colcon_core.package_identification:_identify(src/recordings/map/original/original_map_04) by extensions ['ros']
[0.541s] Level 1:colcon.colcon_core.package_identification:_identify(src/recordings/map/original/original_map_04) by extension 'ros'
[0.541s] Level 1:colcon.colcon_core.package_identification:_identify(src/recordings/map/original/original_map_04) by extensions ['cmake', 'python']
[0.541s] Level 1:colcon.colcon_core.package_identification:_identify(src/recordings/map/original/original_map_04) by extension 'cmake'
[0.541s] Level 1:colcon.colcon_core.package_identification:_identify(src/recordings/map/original/original_map_04) by extension 'python'
[0.541s] Level 1:colcon.colcon_core.package_identification:_identify(src/recordings/map/original/original_map_04) by extensions ['python_setup_py']
[0.541s] Level 1:colcon.colcon_core.package_identification:_identify(src/recordings/map/original/original_map_04) by extension 'python_setup_py'
[0.541s] Level 1:colcon.colcon_core.package_identification:_identify(src/recordings/pose) by extensions ['ignore', 'ignore_ament_install']
[0.541s] Level 1:colcon.colcon_core.package_identification:_identify(src/recordings/pose) by extension 'ignore'
[0.541s] Level 1:colcon.colcon_core.package_identification:_identify(src/recordings/pose) by extension 'ignore_ament_install'
[0.542s] Level 1:colcon.colcon_core.package_identification:_identify(src/recordings/pose) by extensions ['colcon_pkg']
[0.542s] Level 1:colcon.colcon_core.package_identification:_identify(src/recordings/pose) by extension 'colcon_pkg'
[0.542s] Level 1:colcon.colcon_core.package_identification:_identify(src/recordings/pose) by extensions ['colcon_meta']
[0.542s] Level 1:colcon.colcon_core.package_identification:_identify(src/recordings/pose) by extension 'colcon_meta'
[0.542s] Level 1:colcon.colcon_core.package_identification:_identify(src/recordings/pose) by extensions ['ros']
[0.542s] Level 1:colcon.colcon_core.package_identification:_identify(src/recordings/pose) by extension 'ros'
[0.542s] Level 1:colcon.colcon_core.package_identification:_identify(src/recordings/pose) by extensions ['cmake', 'python']
[0.542s] Level 1:colcon.colcon_core.package_identification:_identify(src/recordings/pose) by extension 'cmake'
[0.542s] Level 1:colcon.colcon_core.package_identification:_identify(src/recordings/pose) by extension 'python'
[0.542s] Level 1:colcon.colcon_core.package_identification:_identify(src/recordings/pose) by extensions ['python_setup_py']
[0.542s] Level 1:colcon.colcon_core.package_identification:_identify(src/recordings/pose) by extension 'python_setup_py'
[0.542s] Level 1:colcon.colcon_core.package_identification:_identify(src/recordings/pose/clean_pcl) by extensions ['ignore', 'ignore_ament_install']
[0.542s] Level 1:colcon.colcon_core.package_identification:_identify(src/recordings/pose/clean_pcl) by extension 'ignore'
[0.542s] Level 1:colcon.colcon_core.package_identification:_identify(src/recordings/pose/clean_pcl) by extension 'ignore_ament_install'
[0.542s] Level 1:colcon.colcon_core.package_identification:_identify(src/recordings/pose/clean_pcl) by extensions ['colcon_pkg']
[0.543s] Level 1:colcon.colcon_core.package_identification:_identify(src/recordings/pose/clean_pcl) by extension 'colcon_pkg'
[0.543s] Level 1:colcon.colcon_core.package_identification:_identify(src/recordings/pose/clean_pcl) by extensions ['colcon_meta']
[0.543s] Level 1:colcon.colcon_core.package_identification:_identify(src/recordings/pose/clean_pcl) by extension 'colcon_meta'
[0.543s] Level 1:colcon.colcon_core.package_identification:_identify(src/recordings/pose/clean_pcl) by extensions ['ros']
[0.543s] Level 1:colcon.colcon_core.package_identification:_identify(src/recordings/pose/clean_pcl) by extension 'ros'
[0.543s] Level 1:colcon.colcon_core.package_identification:_identify(src/recordings/pose/clean_pcl) by extensions ['cmake', 'python']
[0.543s] Level 1:colcon.colcon_core.package_identification:_identify(src/recordings/pose/clean_pcl) by extension 'cmake'
[0.543s] Level 1:colcon.colcon_core.package_identification:_identify(src/recordings/pose/clean_pcl) by extension 'python'
[0.543s] Level 1:colcon.colcon_core.package_identification:_identify(src/recordings/pose/clean_pcl) by extensions ['python_setup_py']
[0.543s] Level 1:colcon.colcon_core.package_identification:_identify(src/recordings/pose/clean_pcl) by extension 'python_setup_py'
[0.543s] Level 1:colcon.colcon_core.package_identification:_identify(src/recordings/pose/clean_pcl/clean_pcl_pose) by extensions ['ignore', 'ignore_ament_install']
[0.543s] Level 1:colcon.colcon_core.package_identification:_identify(src/recordings/pose/clean_pcl/clean_pcl_pose) by extension 'ignore'
[0.543s] Level 1:colcon.colcon_core.package_identification:_identify(src/recordings/pose/clean_pcl/clean_pcl_pose) by extension 'ignore_ament_install'
[0.543s] Level 1:colcon.colcon_core.package_identification:_identify(src/recordings/pose/clean_pcl/clean_pcl_pose) by extensions ['colcon_pkg']
[0.543s] Level 1:colcon.colcon_core.package_identification:_identify(src/recordings/pose/clean_pcl/clean_pcl_pose) by extension 'colcon_pkg'
[0.544s] Level 1:colcon.colcon_core.package_identification:_identify(src/recordings/pose/clean_pcl/clean_pcl_pose) by extensions ['colcon_meta']
[0.544s] Level 1:colcon.colcon_core.package_identification:_identify(src/recordings/pose/clean_pcl/clean_pcl_pose) by extension 'colcon_meta'
[0.544s] Level 1:colcon.colcon_core.package_identification:_identify(src/recordings/pose/clean_pcl/clean_pcl_pose) by extensions ['ros']
[0.544s] Level 1:colcon.colcon_core.package_identification:_identify(src/recordings/pose/clean_pcl/clean_pcl_pose) by extension 'ros'
[0.544s] Level 1:colcon.colcon_core.package_identification:_identify(src/recordings/pose/clean_pcl/clean_pcl_pose) by extensions ['cmake', 'python']
[0.544s] Level 1:colcon.colcon_core.package_identification:_identify(src/recordings/pose/clean_pcl/clean_pcl_pose) by extension 'cmake'
[0.544s] Level 1:colcon.colcon_core.package_identification:_identify(src/recordings/pose/clean_pcl/clean_pcl_pose) by extension 'python'
[0.544s] Level 1:colcon.colcon_core.package_identification:_identify(src/recordings/pose/clean_pcl/clean_pcl_pose) by extensions ['python_setup_py']
[0.544s] Level 1:colcon.colcon_core.package_identification:_identify(src/recordings/pose/clean_pcl/clean_pcl_pose) by extension 'python_setup_py'
[0.544s] Level 1:colcon.colcon_core.package_identification:_identify(src/recordings/pose/clean_pcl/clean_pcl_pose_1) by extensions ['ignore', 'ignore_ament_install']
[0.544s] Level 1:colcon.colcon_core.package_identification:_identify(src/recordings/pose/clean_pcl/clean_pcl_pose_1) by extension 'ignore'
[0.544s] Level 1:colcon.colcon_core.package_identification:_identify(src/recordings/pose/clean_pcl/clean_pcl_pose_1) by extension 'ignore_ament_install'
[0.545s] Level 1:colcon.colcon_core.package_identification:_identify(src/recordings/pose/clean_pcl/clean_pcl_pose_1) by extensions ['colcon_pkg']
[0.545s] Level 1:colcon.colcon_core.package_identification:_identify(src/recordings/pose/clean_pcl/clean_pcl_pose_1) by extension 'colcon_pkg'
[0.545s] Level 1:colcon.colcon_core.package_identification:_identify(src/recordings/pose/clean_pcl/clean_pcl_pose_1) by extensions ['colcon_meta']
[0.545s] Level 1:colcon.colcon_core.package_identification:_identify(src/recordings/pose/clean_pcl/clean_pcl_pose_1) by extension 'colcon_meta'
[0.545s] Level 1:colcon.colcon_core.package_identification:_identify(src/recordings/pose/clean_pcl/clean_pcl_pose_1) by extensions ['ros']
[0.545s] Level 1:colcon.colcon_core.package_identification:_identify(src/recordings/pose/clean_pcl/clean_pcl_pose_1) by extension 'ros'
[0.545s] Level 1:colcon.colcon_core.package_identification:_identify(src/recordings/pose/clean_pcl/clean_pcl_pose_1) by extensions ['cmake', 'python']
[0.545s] Level 1:colcon.colcon_core.package_identification:_identify(src/recordings/pose/clean_pcl/clean_pcl_pose_1) by extension 'cmake'
[0.545s] Level 1:colcon.colcon_core.package_identification:_identify(src/recordings/pose/clean_pcl/clean_pcl_pose_1) by extension 'python'
[0.545s] Level 1:colcon.colcon_core.package_identification:_identify(src/recordings/pose/clean_pcl/clean_pcl_pose_1) by extensions ['python_setup_py']
[0.545s] Level 1:colcon.colcon_core.package_identification:_identify(src/recordings/pose/clean_pcl/clean_pcl_pose_1) by extension 'python_setup_py'
[0.545s] Level 1:colcon.colcon_core.package_identification:_identify(src/recordings/pose/noisy_pcl) by extensions ['ignore', 'ignore_ament_install']
[0.545s] Level 1:colcon.colcon_core.package_identification:_identify(src/recordings/pose/noisy_pcl) by extension 'ignore'
[0.546s] Level 1:colcon.colcon_core.package_identification:_identify(src/recordings/pose/noisy_pcl) by extension 'ignore_ament_install'
[0.546s] Level 1:colcon.colcon_core.package_identification:_identify(src/recordings/pose/noisy_pcl) by extensions ['colcon_pkg']
[0.546s] Level 1:colcon.colcon_core.package_identification:_identify(src/recordings/pose/noisy_pcl) by extension 'colcon_pkg'
[0.546s] Level 1:colcon.colcon_core.package_identification:_identify(src/recordings/pose/noisy_pcl) by extensions ['colcon_meta']
[0.546s] Level 1:colcon.colcon_core.package_identification:_identify(src/recordings/pose/noisy_pcl) by extension 'colcon_meta'
[0.546s] Level 1:colcon.colcon_core.package_identification:_identify(src/recordings/pose/noisy_pcl) by extensions ['ros']
[0.546s] Level 1:colcon.colcon_core.package_identification:_identify(src/recordings/pose/noisy_pcl) by extension 'ros'
[0.546s] Level 1:colcon.colcon_core.package_identification:_identify(src/recordings/pose/noisy_pcl) by extensions ['cmake', 'python']
[0.546s] Level 1:colcon.colcon_core.package_identification:_identify(src/recordings/pose/noisy_pcl) by extension 'cmake'
[0.546s] Level 1:colcon.colcon_core.package_identification:_identify(src/recordings/pose/noisy_pcl) by extension 'python'
[0.546s] Level 1:colcon.colcon_core.package_identification:_identify(src/recordings/pose/noisy_pcl) by extensions ['python_setup_py']
[0.546s] Level 1:colcon.colcon_core.package_identification:_identify(src/recordings/pose/noisy_pcl) by extension 'python_setup_py'
[0.546s] Level 1:colcon.colcon_core.package_identification:_identify(src/recordings/pose/noisy_pcl/noisy_pcl_pose) by extensions ['ignore', 'ignore_ament_install']
[0.547s] Level 1:colcon.colcon_core.package_identification:_identify(src/recordings/pose/noisy_pcl/noisy_pcl_pose) by extension 'ignore'
[0.547s] Level 1:colcon.colcon_core.package_identification:_identify(src/recordings/pose/noisy_pcl/noisy_pcl_pose) by extension 'ignore_ament_install'
[0.547s] Level 1:colcon.colcon_core.package_identification:_identify(src/recordings/pose/noisy_pcl/noisy_pcl_pose) by extensions ['colcon_pkg']
[0.547s] Level 1:colcon.colcon_core.package_identification:_identify(src/recordings/pose/noisy_pcl/noisy_pcl_pose) by extension 'colcon_pkg'
[0.547s] Level 1:colcon.colcon_core.package_identification:_identify(src/recordings/pose/noisy_pcl/noisy_pcl_pose) by extensions ['colcon_meta']
[0.547s] Level 1:colcon.colcon_core.package_identification:_identify(src/recordings/pose/noisy_pcl/noisy_pcl_pose) by extension 'colcon_meta'
[0.547s] Level 1:colcon.colcon_core.package_identification:_identify(src/recordings/pose/noisy_pcl/noisy_pcl_pose) by extensions ['ros']
[0.547s] Level 1:colcon.colcon_core.package_identification:_identify(src/recordings/pose/noisy_pcl/noisy_pcl_pose) by extension 'ros'
[0.547s] Level 1:colcon.colcon_core.package_identification:_identify(src/recordings/pose/noisy_pcl/noisy_pcl_pose) by extensions ['cmake', 'python']
[0.547s] Level 1:colcon.colcon_core.package_identification:_identify(src/recordings/pose/noisy_pcl/noisy_pcl_pose) by extension 'cmake'
[0.547s] Level 1:colcon.colcon_core.package_identification:_identify(src/recordings/pose/noisy_pcl/noisy_pcl_pose) by extension 'python'
[0.547s] Level 1:colcon.colcon_core.package_identification:_identify(src/recordings/pose/noisy_pcl/noisy_pcl_pose) by extensions ['python_setup_py']
[0.547s] Level 1:colcon.colcon_core.package_identification:_identify(src/recordings/pose/noisy_pcl/noisy_pcl_pose) by extension 'python_setup_py'
[0.548s] Level 1:colcon.colcon_core.package_identification:_identify(src/recordings/pose/original) by extensions ['ignore', 'ignore_ament_install']
[0.548s] Level 1:colcon.colcon_core.package_identification:_identify(src/recordings/pose/original) by extension 'ignore'
[0.548s] Level 1:colcon.colcon_core.package_identification:_identify(src/recordings/pose/original) by extension 'ignore_ament_install'
[0.548s] Level 1:colcon.colcon_core.package_identification:_identify(src/recordings/pose/original) by extensions ['colcon_pkg']
[0.548s] Level 1:colcon.colcon_core.package_identification:_identify(src/recordings/pose/original) by extension 'colcon_pkg'
[0.548s] Level 1:colcon.colcon_core.package_identification:_identify(src/recordings/pose/original) by extensions ['colcon_meta']
[0.548s] Level 1:colcon.colcon_core.package_identification:_identify(src/recordings/pose/original) by extension 'colcon_meta'
[0.548s] Level 1:colcon.colcon_core.package_identification:_identify(src/recordings/pose/original) by extensions ['ros']
[0.548s] Level 1:colcon.colcon_core.package_identification:_identify(src/recordings/pose/original) by extension 'ros'
[0.548s] Level 1:colcon.colcon_core.package_identification:_identify(src/recordings/pose/original) by extensions ['cmake', 'python']
[0.548s] Level 1:colcon.colcon_core.package_identification:_identify(src/recordings/pose/original) by extension 'cmake'
[0.549s] Level 1:colcon.colcon_core.package_identification:_identify(src/recordings/pose/original) by extension 'python'
[0.549s] Level 1:colcon.colcon_core.package_identification:_identify(src/recordings/pose/original) by extensions ['python_setup_py']
[0.549s] Level 1:colcon.colcon_core.package_identification:_identify(src/recordings/pose/original) by extension 'python_setup_py'
[0.549s] Level 1:colcon.colcon_core.package_identification:_identify(src/recordings/pose/original/original_pose) by extensions ['ignore', 'ignore_ament_install']
[0.549s] Level 1:colcon.colcon_core.package_identification:_identify(src/recordings/pose/original/original_pose) by extension 'ignore'
[0.549s] Level 1:colcon.colcon_core.package_identification:_identify(src/recordings/pose/original/original_pose) by extension 'ignore_ament_install'
[0.549s] Level 1:colcon.colcon_core.package_identification:_identify(src/recordings/pose/original/original_pose) by extensions ['colcon_pkg']
[0.549s] Level 1:colcon.colcon_core.package_identification:_identify(src/recordings/pose/original/original_pose) by extension 'colcon_pkg'
[0.549s] Level 1:colcon.colcon_core.package_identification:_identify(src/recordings/pose/original/original_pose) by extensions ['colcon_meta']
[0.549s] Level 1:colcon.colcon_core.package_identification:_identify(src/recordings/pose/original/original_pose) by extension 'colcon_meta'
[0.550s] Level 1:colcon.colcon_core.package_identification:_identify(src/recordings/pose/original/original_pose) by extensions ['ros']
[0.550s] Level 1:colcon.colcon_core.package_identification:_identify(src/recordings/pose/original/original_pose) by extension 'ros'
[0.550s] Level 1:colcon.colcon_core.package_identification:_identify(src/recordings/pose/original/original_pose) by extensions ['cmake', 'python']
[0.550s] Level 1:colcon.colcon_core.package_identification:_identify(src/recordings/pose/original/original_pose) by extension 'cmake'
[0.550s] Level 1:colcon.colcon_core.package_identification:_identify(src/recordings/pose/original/original_pose) by extension 'python'
[0.550s] Level 1:colcon.colcon_core.package_identification:_identify(src/recordings/pose/original/original_pose) by extensions ['python_setup_py']
[0.550s] Level 1:colcon.colcon_core.package_identification:_identify(src/recordings/pose/original/original_pose) by extension 'python_setup_py'
[0.550s] Level 1:colcon.colcon_core.package_discovery:discover_packages(recursive) using defaults
[0.550s] Level 1:colcon.colcon_core.package_discovery:discover_packages(ignore) discover
[0.550s] Level 1:colcon.colcon_core.package_discovery:discover_packages(ignore) using defaults
[0.550s] Level 1:colcon.colcon_core.package_discovery:discover_packages(path) discover
[0.550s] Level 1:colcon.colcon_core.package_discovery:discover_packages(path) using defaults
[0.612s] Level 1:colcon.colcon_core.package_discovery:discover_packages(prefix_path) check parameters
[0.612s] Level 1:colcon.colcon_core.package_discovery:discover_packages(prefix_path) discover
[0.617s] DEBUG:colcon.colcon_installed_package_information.package_discovery:Found 1 installed packages in /home/pablo-pc/Descargas/Test/ros2_ws/src/install
[0.618s] DEBUG:colcon.colcon_installed_package_information.package_discovery:Found 3 installed packages in /home/pablo-pc/GITHUB/TFG/project_ws/install
[0.620s] DEBUG:colcon.colcon_installed_package_information.package_discovery:Found 272 installed packages in /opt/ros/humble
[0.622s] Level 1:colcon.colcon_core.package_discovery:discover_packages(prefix_path) using defaults
[0.687s] Level 5:colcon.colcon_core.verb:set package 'bonxai_wrapper' build argument 'cmake_args' from command line to 'None'
[0.687s] Level 5:colcon.colcon_core.verb:set package 'bonxai_wrapper' build argument 'cmake_target' from command line to 'None'
[0.687s] Level 5:colcon.colcon_core.verb:set package 'bonxai_wrapper' build argument 'cmake_target_skip_unavailable' from command line to 'False'
[0.687s] Level 5:colcon.colcon_core.verb:set package 'bonxai_wrapper' build argument 'cmake_clean_cache' from command line to 'False'
[0.687s] Level 5:colcon.colcon_core.verb:set package 'bonxai_wrapper' build argument 'cmake_clean_first' from command line to 'False'
[0.687s] Level 5:colcon.colcon_core.verb:set package 'bonxai_wrapper' build argument 'cmake_force_configure' from command line to 'False'
[0.687s] Level 5:colcon.colcon_core.verb:set package 'bonxai_wrapper' build argument 'ament_cmake_args' from command line to 'None'
[0.687s] Level 5:colcon.colcon_core.verb:set package 'bonxai_wrapper' build argument 'catkin_cmake_args' from command line to 'None'
[0.687s] Level 5:colcon.colcon_core.verb:set package 'bonxai_wrapper' build argument 'catkin_skip_building_tests' from command line to 'False'
[0.687s] DEBUG:colcon.colcon_core.verb:Building package 'bonxai_wrapper' with the following arguments: {'ament_cmake_args': None, 'build_base': '/home/pablo-pc/GITHUB/TFG/project_ws/build/bonxai_wrapper', 'catkin_cmake_args': None, 'catkin_skip_building_tests': False, 'cmake_args': None, 'cmake_clean_cache': False, 'cmake_clean_first': False, 'cmake_force_configure': False, 'cmake_target': None, 'cmake_target_skip_unavailable': False, 'install_base': '/home/pablo-pc/GITHUB/TFG/project_ws/install/bonxai_wrapper', 'merge_install': False, 'path': '/home/pablo-pc/GITHUB/TFG/project_ws/src/bonxai_wrapper', 'symlink_install': False, 'test_result_base': None}
[0.688s] Level 5:colcon.colcon_core.verb:set package 'location_controller' build argument 'cmake_args' from command line to 'None'
[0.688s] Level 5:colcon.colcon_core.verb:set package 'location_controller' build argument 'cmake_target' from command line to 'None'
[0.688s] Level 5:colcon.colcon_core.verb:set package 'location_controller' build argument 'cmake_target_skip_unavailable' from command line to 'False'
[0.688s] Level 5:colcon.colcon_core.verb:set package 'location_controller' build argument 'cmake_clean_cache' from command line to 'False'
[0.688s] Level 5:colcon.colcon_core.verb:set package 'location_controller' build argument 'cmake_clean_first' from command line to 'False'
[0.688s] Level 5:colcon.colcon_core.verb:set package 'location_controller' build argument 'cmake_force_configure' from command line to 'False'
[0.688s] Level 5:colcon.colcon_core.verb:set package 'location_controller' build argument 'ament_cmake_args' from command line to 'None'
[0.688s] Level 5:colcon.colcon_core.verb:set package 'location_controller' build argument 'catkin_cmake_args' from command line to 'None'
[0.688s] Level 5:colcon.colcon_core.verb:set package 'location_controller' build argument 'catkin_skip_building_tests' from command line to 'False'
[0.688s] DEBUG:colcon.colcon_core.verb:Building package 'location_controller' with the following arguments: {'ament_cmake_args': None, 'build_base': '/home/pablo-pc/GITHUB/TFG/project_ws/build/location_controller', 'catkin_cmake_args': None, 'catkin_skip_building_tests': False, 'cmake_args': None, 'cmake_clean_cache': False, 'cmake_clean_first': False, 'cmake_force_configure': False, 'cmake_target': None, 'cmake_target_skip_unavailable': False, 'install_base': '/home/pablo-pc/GITHUB/TFG/project_ws/install/location_controller', 'merge_install': False, 'path': '/home/pablo-pc/GITHUB/TFG/project_ws/src/location_controller', 'symlink_install': False, 'test_result_base': None}
[0.689s] Level 5:colcon.colcon_core.verb:set package 'mapping_controller' build argument 'cmake_args' from command line to 'None'
[0.689s] Level 5:colcon.colcon_core.verb:set package 'mapping_controller' build argument 'cmake_target' from command line to 'None'
[0.689s] Level 5:colcon.colcon_core.verb:set package 'mapping_controller' build argument 'cmake_target_skip_unavailable' from command line to 'False'
[0.689s] Level 5:colcon.colcon_core.verb:set package 'mapping_controller' build argument 'cmake_clean_cache' from command line to 'False'
[0.689s] Level 5:colcon.colcon_core.verb:set package 'mapping_controller' build argument 'cmake_clean_first' from command line to 'False'
[0.689s] Level 5:colcon.colcon_core.verb:set package 'mapping_controller' build argument 'cmake_force_configure' from command line to 'False'
[0.689s] Level 5:colcon.colcon_core.verb:set package 'mapping_controller' build argument 'ament_cmake_args' from command line to 'None'
[0.689s] Level 5:colcon.colcon_core.verb:set package 'mapping_controller' build argument 'catkin_cmake_args' from command line to 'None'
[0.689s] Level 5:colcon.colcon_core.verb:set package 'mapping_controller' build argument 'catkin_skip_building_tests' from command line to 'False'
[0.689s] DEBUG:colcon.colcon_core.verb:Building package 'mapping_controller' with the following arguments: {'ament_cmake_args': None, 'build_base': '/home/pablo-pc/GITHUB/TFG/project_ws/build/mapping_controller', 'catkin_cmake_args': None, 'catkin_skip_building_tests': False, 'cmake_args': None, 'cmake_clean_cache': False, 'cmake_clean_first': False, 'cmake_force_configure': False, 'cmake_target': None, 'cmake_target_skip_unavailable': False, 'install_base': '/home/pablo-pc/GITHUB/TFG/project_ws/install/mapping_controller', 'merge_install': False, 'path': '/home/pablo-pc/GITHUB/TFG/project_ws/src/mapping_controller', 'symlink_install': False, 'test_result_base': None}
[0.689s] INFO:colcon.colcon_core.executor:Executing jobs using 'parallel' executor
[0.692s] DEBUG:colcon.colcon_parallel_executor.executor.parallel:run_until_complete
[0.692s] INFO:colcon.colcon_ros.task.ament_cmake.build:Building ROS package in '/home/pablo-pc/GITHUB/TFG/project_ws/src/bonxai_wrapper' with build type 'ament_cmake'
[0.692s] INFO:colcon.colcon_cmake.task.cmake.build:Building CMake package in '/home/pablo-pc/GITHUB/TFG/project_ws/src/bonxai_wrapper'
[0.695s] INFO:colcon.colcon_core.plugin_system:Skipping extension 'colcon_core.shell.bat': Not used on non-Windows systems
[0.695s] INFO:colcon.colcon_core.shell:Skip shell extension 'powershell' for command environment: Not usable outside of PowerShell
[0.695s] DEBUG:colcon.colcon_core.shell:Skip shell extension 'dsv' for command environment
[0.703s] INFO:colcon.colcon_ros.task.ament_python.build:Building ROS package in '/home/pablo-pc/GITHUB/TFG/project_ws/src/location_controller' with build type 'ament_python'
[0.703s] Level 1:colcon.colcon_core.shell:create_environment_hook('location_controller', 'ament_prefix_path')
[0.704s] INFO:colcon.colcon_core.shell:Creating environment hook '/home/pablo-pc/GITHUB/TFG/project_ws/install/location_controller/share/location_controller/hook/ament_prefix_path.ps1'
[0.705s] INFO:colcon.colcon_core.shell:Creating environment descriptor '/home/pablo-pc/GITHUB/TFG/project_ws/install/location_controller/share/location_controller/hook/ament_prefix_path.dsv'
[0.707s] INFO:colcon.colcon_core.shell:Creating environment hook '/home/pablo-pc/GITHUB/TFG/project_ws/install/location_controller/share/location_controller/hook/ament_prefix_path.sh'
[0.709s] INFO:colcon.colcon_core.shell:Skip shell extension 'powershell' for command environment: Not usable outside of PowerShell
[0.709s] DEBUG:colcon.colcon_core.shell:Skip shell extension 'dsv' for command environment
[0.724s] DEBUG:colcon.colcon_core.event_handler.log_command:Invoking command in '/home/pablo-pc/GITHUB/TFG/project_ws/build/bonxai_wrapper': CMAKE_PREFIX_PATH=${CMAKE_PREFIX_PATH}:/home/pablo-pc/GITHUB/TFG/project_ws/install/location_controller:/opt/ros/humble /usr/bin/cmake --build /home/pablo-pc/GITHUB/TFG/project_ws/build/bonxai_wrapper -- -j16 -l16
[1.268s] INFO:colcon.colcon_core.task.python.build:Building Python package in '/home/pablo-pc/GITHUB/TFG/project_ws/src/location_controller'
[1.268s] INFO:colcon.colcon_core.shell:Skip shell extension 'powershell' for command environment: Not usable outside of PowerShell
[1.268s] DEBUG:colcon.colcon_core.shell:Skip shell extension 'dsv' for command environment
[1.276s] DEBUG:colcon.colcon_core.event_handler.log_command:Invoked command in '/home/pablo-pc/GITHUB/TFG/project_ws/build/bonxai_wrapper' returned '0': CMAKE_PREFIX_PATH=${CMAKE_PREFIX_PATH}:/home/pablo-pc/GITHUB/TFG/project_ws/install/location_controller:/opt/ros/humble /usr/bin/cmake --build /home/pablo-pc/GITHUB/TFG/project_ws/build/bonxai_wrapper -- -j16 -l16
[1.298s] DEBUG:colcon.colcon_core.event_handler.log_command:Invoking command in '/home/pablo-pc/GITHUB/TFG/project_ws/build/bonxai_wrapper': CMAKE_PREFIX_PATH=${CMAKE_PREFIX_PATH}:/home/pablo-pc/GITHUB/TFG/project_ws/install/location_controller:/opt/ros/humble /usr/bin/cmake --install /home/pablo-pc/GITHUB/TFG/project_ws/build/bonxai_wrapper
[1.323s] Level 1:colcon.colcon_core.environment:create_environment_scripts_only(bonxai_wrapper)
[1.327s] DEBUG:colcon.colcon_core.event_handler.log_command:Invoked command in '/home/pablo-pc/GITHUB/TFG/project_ws/build/bonxai_wrapper' returned '0': CMAKE_PREFIX_PATH=${CMAKE_PREFIX_PATH}:/home/pablo-pc/GITHUB/TFG/project_ws/install/location_controller:/opt/ros/humble /usr/bin/cmake --install /home/pablo-pc/GITHUB/TFG/project_ws/build/bonxai_wrapper
[1.329s] Level 1:colcon.colcon_core.environment:checking '/home/pablo-pc/GITHUB/TFG/project_ws/install/bonxai_wrapper' for CMake module files
[1.329s] Level 1:colcon.colcon_core.environment:checking '/home/pablo-pc/GITHUB/TFG/project_ws/install/bonxai_wrapper' for CMake config files
[1.330s] Level 1:colcon.colcon_core.shell:create_environment_hook('bonxai_wrapper', 'cmake_prefix_path')
[1.330s] INFO:colcon.colcon_core.shell:Creating environment hook '/home/pablo-pc/GITHUB/TFG/project_ws/install/bonxai_wrapper/share/bonxai_wrapper/hook/cmake_prefix_path.ps1'
[1.331s] INFO:colcon.colcon_core.shell:Creating environment descriptor '/home/pablo-pc/GITHUB/TFG/project_ws/install/bonxai_wrapper/share/bonxai_wrapper/hook/cmake_prefix_path.dsv'
[1.331s] INFO:colcon.colcon_core.shell:Creating environment hook '/home/pablo-pc/GITHUB/TFG/project_ws/install/bonxai_wrapper/share/bonxai_wrapper/hook/cmake_prefix_path.sh'
[1.332s] Level 1:colcon.colcon_core.environment:checking '/home/pablo-pc/GITHUB/TFG/project_ws/install/bonxai_wrapper/lib'
[1.333s] Level 1:colcon.colcon_core.environment:checking '/home/pablo-pc/GITHUB/TFG/project_ws/install/bonxai_wrapper/bin'
[1.333s] Level 1:colcon.colcon_core.environment:checking '/home/pablo-pc/GITHUB/TFG/project_ws/install/bonxai_wrapper/lib/pkgconfig/bonxai_wrapper.pc'
[1.333s] Level 1:colcon.colcon_core.environment:checking '/home/pablo-pc/GITHUB/TFG/project_ws/install/bonxai_wrapper/lib/python3.10/site-packages'
[1.334s] Level 1:colcon.colcon_core.environment:checking '/home/pablo-pc/GITHUB/TFG/project_ws/install/bonxai_wrapper/bin'
[1.334s] INFO:colcon.colcon_core.shell:Creating package script '/home/pablo-pc/GITHUB/TFG/project_ws/install/bonxai_wrapper/share/bonxai_wrapper/package.ps1'
[1.335s] INFO:colcon.colcon_core.shell:Creating package descriptor '/home/pablo-pc/GITHUB/TFG/project_ws/install/bonxai_wrapper/share/bonxai_wrapper/package.dsv'
[1.336s] INFO:colcon.colcon_core.shell:Creating package script '/home/pablo-pc/GITHUB/TFG/project_ws/install/bonxai_wrapper/share/bonxai_wrapper/package.sh'
[1.338s] INFO:colcon.colcon_core.shell:Creating package script '/home/pablo-pc/GITHUB/TFG/project_ws/install/bonxai_wrapper/share/bonxai_wrapper/package.bash'
[1.339s] INFO:colcon.colcon_core.shell:Creating package script '/home/pablo-pc/GITHUB/TFG/project_ws/install/bonxai_wrapper/share/bonxai_wrapper/package.zsh'
[1.340s] Level 1:colcon.colcon_core.environment:create_file_with_runtime_dependencies(/home/pablo-pc/GITHUB/TFG/project_ws/install/bonxai_wrapper/share/colcon-core/packages/bonxai_wrapper)
[1.341s] Level 1:colcon.colcon_core.environment:create_environment_scripts_only(bonxai_wrapper)
[1.342s] Level 1:colcon.colcon_core.environment:checking '/home/pablo-pc/GITHUB/TFG/project_ws/install/bonxai_wrapper' for CMake module files
[1.342s] Level 1:colcon.colcon_core.environment:checking '/home/pablo-pc/GITHUB/TFG/project_ws/install/bonxai_wrapper' for CMake config files
[1.343s] Level 1:colcon.colcon_core.shell:create_environment_hook('bonxai_wrapper', 'cmake_prefix_path')
[1.343s] INFO:colcon.colcon_core.shell:Creating environment hook '/home/pablo-pc/GITHUB/TFG/project_ws/install/bonxai_wrapper/share/bonxai_wrapper/hook/cmake_prefix_path.ps1'
[1.344s] INFO:colcon.colcon_core.shell:Creating environment descriptor '/home/pablo-pc/GITHUB/TFG/project_ws/install/bonxai_wrapper/share/bonxai_wrapper/hook/cmake_prefix_path.dsv'
[1.345s] INFO:colcon.colcon_core.shell:Creating environment hook '/home/pablo-pc/GITHUB/TFG/project_ws/install/bonxai_wrapper/share/bonxai_wrapper/hook/cmake_prefix_path.sh'
[1.346s] Level 1:colcon.colcon_core.environment:checking '/home/pablo-pc/GITHUB/TFG/project_ws/install/bonxai_wrapper/lib'
[1.346s] Level 1:colcon.colcon_core.environment:checking '/home/pablo-pc/GITHUB/TFG/project_ws/install/bonxai_wrapper/bin'
[1.346s] Level 1:colcon.colcon_core.environment:checking '/home/pablo-pc/GITHUB/TFG/project_ws/install/bonxai_wrapper/lib/pkgconfig/bonxai_wrapper.pc'
[1.347s] Level 1:colcon.colcon_core.environment:checking '/home/pablo-pc/GITHUB/TFG/project_ws/install/bonxai_wrapper/lib/python3.10/site-packages'
[1.347s] Level 1:colcon.colcon_core.environment:checking '/home/pablo-pc/GITHUB/TFG/project_ws/install/bonxai_wrapper/bin'
[1.348s] INFO:colcon.colcon_core.shell:Creating package script '/home/pablo-pc/GITHUB/TFG/project_ws/install/bonxai_wrapper/share/bonxai_wrapper/package.ps1'
[1.349s] INFO:colcon.colcon_core.shell:Creating package descriptor '/home/pablo-pc/GITHUB/TFG/project_ws/install/bonxai_wrapper/share/bonxai_wrapper/package.dsv'
[1.351s] INFO:colcon.colcon_core.shell:Creating package script '/home/pablo-pc/GITHUB/TFG/project_ws/install/bonxai_wrapper/share/bonxai_wrapper/package.sh'
[1.351s] INFO:colcon.colcon_core.shell:Creating package script '/home/pablo-pc/GITHUB/TFG/project_ws/install/bonxai_wrapper/share/bonxai_wrapper/package.bash'
[1.352s] INFO:colcon.colcon_core.shell:Creating package script '/home/pablo-pc/GITHUB/TFG/project_ws/install/bonxai_wrapper/share/bonxai_wrapper/package.zsh'
[1.353s] Level 1:colcon.colcon_core.environment:create_file_with_runtime_dependencies(/home/pablo-pc/GITHUB/TFG/project_ws/install/bonxai_wrapper/share/colcon-core/packages/bonxai_wrapper)
[1.354s] INFO:colcon.colcon_ros.task.ament_cmake.build:Building ROS package in '/home/pablo-pc/GITHUB/TFG/project_ws/src/mapping_controller' with build type 'ament_cmake'
[1.354s] INFO:colcon.colcon_cmake.task.cmake.build:Building CMake package in '/home/pablo-pc/GITHUB/TFG/project_ws/src/mapping_controller'
[1.355s] INFO:colcon.colcon_core.shell:Skip shell extension 'powershell' for command environment: Not usable outside of PowerShell
[1.355s] DEBUG:colcon.colcon_core.shell:Skip shell extension 'dsv' for command environment
[1.377s] DEBUG:colcon.colcon_core.event_handler.log_command:Invoking command in '/home/pablo-pc/GITHUB/TFG/project_ws/build/mapping_controller': CMAKE_PREFIX_PATH=/home/pablo-pc/GITHUB/TFG/project_ws/install/bonxai_wrapper:/home/pablo-pc/GITHUB/TFG/project_ws/install/mapping_controller:/home/pablo-pc/Descargas/Test/ros2_ws/src/install/bonxai_ros:/home/pablo-pc/GITHUB/TFG/project_ws/install/location_controller:/opt/ros/humble /usr/bin/cmake --build /home/pablo-pc/GITHUB/TFG/project_ws/build/mapping_controller -- -j16 -l16
[1.544s] DEBUG:colcon.colcon_core.event_handler.log_command:Invoked command in '/home/pablo-pc/GITHUB/TFG/project_ws/build/mapping_controller' returned '0': CMAKE_PREFIX_PATH=/home/pablo-pc/GITHUB/TFG/project_ws/install/bonxai_wrapper:/home/pablo-pc/GITHUB/TFG/project_ws/install/mapping_controller:/home/pablo-pc/Descargas/Test/ros2_ws/src/install/bonxai_ros:/home/pablo-pc/GITHUB/TFG/project_ws/install/location_controller:/opt/ros/humble /usr/bin/cmake --build /home/pablo-pc/GITHUB/TFG/project_ws/build/mapping_controller -- -j16 -l16
[1.550s] DEBUG:colcon.colcon_core.event_handler.log_command:Invoking command in '/home/pablo-pc/GITHUB/TFG/project_ws/build/mapping_controller': CMAKE_PREFIX_PATH=/home/pablo-pc/GITHUB/TFG/project_ws/install/bonxai_wrapper:/home/pablo-pc/GITHUB/TFG/project_ws/install/mapping_controller:/home/pablo-pc/Descargas/Test/ros2_ws/src/install/bonxai_ros:/home/pablo-pc/GITHUB/TFG/project_ws/install/location_controller:/opt/ros/humble /usr/bin/cmake --install /home/pablo-pc/GITHUB/TFG/project_ws/build/mapping_controller
[1.571s] Level 1:colcon.colcon_core.environment:create_environment_scripts_only(mapping_controller)
[1.572s] Level 1:colcon.colcon_core.environment:checking '/home/pablo-pc/GITHUB/TFG/project_ws/install/mapping_controller' for CMake module files
[1.574s] DEBUG:colcon.colcon_core.event_handler.log_command:Invoked command in '/home/pablo-pc/GITHUB/TFG/project_ws/build/mapping_controller' returned '0': CMAKE_PREFIX_PATH=/home/pablo-pc/GITHUB/TFG/project_ws/install/bonxai_wrapper:/home/pablo-pc/GITHUB/TFG/project_ws/install/mapping_controller:/home/pablo-pc/Descargas/Test/ros2_ws/src/install/bonxai_ros:/home/pablo-pc/GITHUB/TFG/project_ws/install/location_controller:/opt/ros/humble /usr/bin/cmake --install /home/pablo-pc/GITHUB/TFG/project_ws/build/mapping_controller
[1.576s] Level 1:colcon.colcon_core.environment:checking '/home/pablo-pc/GITHUB/TFG/project_ws/install/mapping_controller' for CMake config files
[1.577s] Level 1:colcon.colcon_core.shell:create_environment_hook('mapping_controller', 'cmake_prefix_path')
[1.577s] INFO:colcon.colcon_core.shell:Creating environment hook '/home/pablo-pc/GITHUB/TFG/project_ws/install/mapping_controller/share/mapping_controller/hook/cmake_prefix_path.ps1'
[1.578s] INFO:colcon.colcon_core.shell:Creating environment descriptor '/home/pablo-pc/GITHUB/TFG/project_ws/install/mapping_controller/share/mapping_controller/hook/cmake_prefix_path.dsv'
[1.579s] INFO:colcon.colcon_core.shell:Creating environment hook '/home/pablo-pc/GITHUB/TFG/project_ws/install/mapping_controller/share/mapping_controller/hook/cmake_prefix_path.sh'
[1.580s] Level 1:colcon.colcon_core.environment:checking '/home/pablo-pc/GITHUB/TFG/project_ws/install/mapping_controller/lib'
[1.580s] Level 1:colcon.colcon_core.environment:checking '/home/pablo-pc/GITHUB/TFG/project_ws/install/mapping_controller/bin'
[1.580s] Level 1:colcon.colcon_core.environment:checking '/home/pablo-pc/GITHUB/TFG/project_ws/install/mapping_controller/lib/pkgconfig/mapping_controller.pc'
[1.581s] Level 1:colcon.colcon_core.environment:checking '/home/pablo-pc/GITHUB/TFG/project_ws/install/mapping_controller/lib/python3.10/site-packages'
[1.581s] Level 1:colcon.colcon_core.environment:checking '/home/pablo-pc/GITHUB/TFG/project_ws/install/mapping_controller/bin'
[1.581s] INFO:colcon.colcon_core.shell:Creating package script '/home/pablo-pc/GITHUB/TFG/project_ws/install/mapping_controller/share/mapping_controller/package.ps1'
[1.582s] INFO:colcon.colcon_core.shell:Creating package descriptor '/home/pablo-pc/GITHUB/TFG/project_ws/install/mapping_controller/share/mapping_controller/package.dsv'
[1.583s] INFO:colcon.colcon_core.shell:Creating package script '/home/pablo-pc/GITHUB/TFG/project_ws/install/mapping_controller/share/mapping_controller/package.sh'
[1.584s] INFO:colcon.colcon_core.shell:Creating package script '/home/pablo-pc/GITHUB/TFG/project_ws/install/mapping_controller/share/mapping_controller/package.bash'
[1.584s] INFO:colcon.colcon_core.shell:Creating package script '/home/pablo-pc/GITHUB/TFG/project_ws/install/mapping_controller/share/mapping_controller/package.zsh'
[1.585s] Level 1:colcon.colcon_core.environment:create_file_with_runtime_dependencies(/home/pablo-pc/GITHUB/TFG/project_ws/install/mapping_controller/share/colcon-core/packages/mapping_controller)
[1.585s] Level 1:colcon.colcon_core.environment:create_environment_scripts_only(mapping_controller)
[1.586s] Level 1:colcon.colcon_core.environment:checking '/home/pablo-pc/GITHUB/TFG/project_ws/install/mapping_controller' for CMake module files
[1.586s] Level 1:colcon.colcon_core.environment:checking '/home/pablo-pc/GITHUB/TFG/project_ws/install/mapping_controller' for CMake config files
[1.587s] Level 1:colcon.colcon_core.shell:create_environment_hook('mapping_controller', 'cmake_prefix_path')
[1.587s] INFO:colcon.colcon_core.shell:Creating environment hook '/home/pablo-pc/GITHUB/TFG/project_ws/install/mapping_controller/share/mapping_controller/hook/cmake_prefix_path.ps1'
[1.588s] INFO:colcon.colcon_core.shell:Creating environment descriptor '/home/pablo-pc/GITHUB/TFG/project_ws/install/mapping_controller/share/mapping_controller/hook/cmake_prefix_path.dsv'
[1.588s] INFO:colcon.colcon_core.shell:Creating environment hook '/home/pablo-pc/GITHUB/TFG/project_ws/install/mapping_controller/share/mapping_controller/hook/cmake_prefix_path.sh'
[1.589s] Level 1:colcon.colcon_core.environment:checking '/home/pablo-pc/GITHUB/TFG/project_ws/install/mapping_controller/lib'
[1.589s] Level 1:colcon.colcon_core.environment:checking '/home/pablo-pc/GITHUB/TFG/project_ws/install/mapping_controller/bin'
[1.589s] Level 1:colcon.colcon_core.environment:checking '/home/pablo-pc/GITHUB/TFG/project_ws/install/mapping_controller/lib/pkgconfig/mapping_controller.pc'
[1.590s] Level 1:colcon.colcon_core.environment:checking '/home/pablo-pc/GITHUB/TFG/project_ws/install/mapping_controller/lib/python3.10/site-packages'
[1.590s] Level 1:colcon.colcon_core.environment:checking '/home/pablo-pc/GITHUB/TFG/project_ws/install/mapping_controller/bin'
[1.590s] INFO:colcon.colcon_core.shell:Creating package script '/home/pablo-pc/GITHUB/TFG/project_ws/install/mapping_controller/share/mapping_controller/package.ps1'
[1.591s] INFO:colcon.colcon_core.shell:Creating package descriptor '/home/pablo-pc/GITHUB/TFG/project_ws/install/mapping_controller/share/mapping_controller/package.dsv'
[1.592s] INFO:colcon.colcon_core.shell:Creating package script '/home/pablo-pc/GITHUB/TFG/project_ws/install/mapping_controller/share/mapping_controller/package.sh'
[1.593s] INFO:colcon.colcon_core.shell:Creating package script '/home/pablo-pc/GITHUB/TFG/project_ws/install/mapping_controller/share/mapping_controller/package.bash'
[1.593s] INFO:colcon.colcon_core.shell:Creating package script '/home/pablo-pc/GITHUB/TFG/project_ws/install/mapping_controller/share/mapping_controller/package.zsh'
[1.594s] Level 1:colcon.colcon_core.environment:create_file_with_runtime_dependencies(/home/pablo-pc/GITHUB/TFG/project_ws/install/mapping_controller/share/colcon-core/packages/mapping_controller)
[1.913s] DEBUG:colcon.colcon_core.event_handler.log_command:Invoking command in '/home/pablo-pc/GITHUB/TFG/project_ws/src/location_controller': PYTHONPATH=/home/pablo-pc/GITHUB/TFG/project_ws/build/location_controller/prefix_override:/usr/lib/python3/dist-packages/colcon_core/task/python/colcon_distutils_commands:/home/pablo-pc/GITHUB/TFG/project_ws/install/location_controller/lib/python3.10/site-packages:${PYTHONPATH} /usr/bin/python3 -W ignore:setup.py install is deprecated -W ignore:easy_install command is deprecated setup.py egg_info --egg-base ../../build/location_controller build --build-base /home/pablo-pc/GITHUB/TFG/project_ws/build/location_controller/build install --record /home/pablo-pc/GITHUB/TFG/project_ws/build/location_controller/install.log --single-version-externally-managed install_data
[2.436s] Level 1:colcon.colcon_core.environment:checking '/home/pablo-pc/GITHUB/TFG/project_ws/install/location_controller' for CMake module files
[2.437s] DEBUG:colcon.colcon_core.event_handler.log_command:Invoked command in '/home/pablo-pc/GITHUB/TFG/project_ws/src/location_controller' returned '0': PYTHONPATH=/home/pablo-pc/GITHUB/TFG/project_ws/build/location_controller/prefix_override:/usr/lib/python3/dist-packages/colcon_core/task/python/colcon_distutils_commands:/home/pablo-pc/GITHUB/TFG/project_ws/install/location_controller/lib/python3.10/site-packages:${PYTHONPATH} /usr/bin/python3 -W ignore:setup.py install is deprecated -W ignore:easy_install command is deprecated setup.py egg_info --egg-base ../../build/location_controller build --build-base /home/pablo-pc/GITHUB/TFG/project_ws/build/location_controller/build install --record /home/pablo-pc/GITHUB/TFG/project_ws/build/location_controller/install.log --single-version-externally-managed install_data
[2.439s] Level 1:colcon.colcon_core.environment:checking '/home/pablo-pc/GITHUB/TFG/project_ws/install/location_controller' for CMake config files
[2.441s] Level 1:colcon.colcon_core.environment:checking '/home/pablo-pc/GITHUB/TFG/project_ws/install/location_controller/lib'
[2.442s] Level 1:colcon.colcon_core.environment:checking '/home/pablo-pc/GITHUB/TFG/project_ws/install/location_controller/bin'
[2.442s] Level 1:colcon.colcon_core.environment:checking '/home/pablo-pc/GITHUB/TFG/project_ws/install/location_controller/lib/pkgconfig/location_controller.pc'
[2.442s] Level 1:colcon.colcon_core.environment:checking '/home/pablo-pc/GITHUB/TFG/project_ws/install/location_controller/lib/python3.10/site-packages'
[2.442s] Level 1:colcon.colcon_core.shell:create_environment_hook('location_controller', 'pythonpath')
[2.443s] INFO:colcon.colcon_core.shell:Creating environment hook '/home/pablo-pc/GITHUB/TFG/project_ws/install/location_controller/share/location_controller/hook/pythonpath.ps1'
[2.444s] INFO:colcon.colcon_core.shell:Creating environment descriptor '/home/pablo-pc/GITHUB/TFG/project_ws/install/location_controller/share/location_controller/hook/pythonpath.dsv'
[2.445s] INFO:colcon.colcon_core.shell:Creating environment hook '/home/pablo-pc/GITHUB/TFG/project_ws/install/location_controller/share/location_controller/hook/pythonpath.sh'
[2.446s] Level 1:colcon.colcon_core.environment:checking '/home/pablo-pc/GITHUB/TFG/project_ws/install/location_controller/bin'
[2.446s] Level 1:colcon.colcon_core.environment:create_environment_scripts_only(location_controller)
[2.446s] INFO:colcon.colcon_core.shell:Creating package script '/home/pablo-pc/GITHUB/TFG/project_ws/install/location_controller/share/location_controller/package.ps1'
[2.447s] INFO:colcon.colcon_core.shell:Creating package descriptor '/home/pablo-pc/GITHUB/TFG/project_ws/install/location_controller/share/location_controller/package.dsv'
[2.448s] INFO:colcon.colcon_core.shell:Creating package script '/home/pablo-pc/GITHUB/TFG/project_ws/install/location_controller/share/location_controller/package.sh'
[2.448s] INFO:colcon.colcon_core.shell:Creating package script '/home/pablo-pc/GITHUB/TFG/project_ws/install/location_controller/share/location_controller/package.bash'
[2.449s] INFO:colcon.colcon_core.shell:Creating package script '/home/pablo-pc/GITHUB/TFG/project_ws/install/location_controller/share/location_controller/package.zsh'
[2.449s] Level 1:colcon.colcon_core.environment:create_file_with_runtime_dependencies(/home/pablo-pc/GITHUB/TFG/project_ws/install/location_controller/share/colcon-core/packages/location_controller)
[2.450s] DEBUG:colcon.colcon_parallel_executor.executor.parallel:closing loop
[2.450s] DEBUG:colcon.colcon_parallel_executor.executor.parallel:loop closed
[2.450s] DEBUG:colcon.colcon_parallel_executor.executor.parallel:run_until_complete finished with '0'
[2.450s] DEBUG:colcon.colcon_core.event_reactor:joining thread
[2.460s] INFO:colcon.colcon_core.plugin_system:Skipping extension 'colcon_notification.desktop_notification.terminal_notifier': Not used on non-Darwin systems
[2.460s] INFO:colcon.colcon_core.plugin_system:Skipping extension 'colcon_notification.desktop_notification.win32': Not used on non-Windows systems
[2.460s] INFO:colcon.colcon_notification.desktop_notification:Sending desktop notification using 'notify2'
[2.484s] DEBUG:colcon.colcon_core.event_reactor:joined thread
[2.484s] INFO:colcon.colcon_core.shell:Creating prefix script '/home/pablo-pc/GITHUB/TFG/project_ws/install/local_setup.ps1'
[2.486s] INFO:colcon.colcon_core.shell:Creating prefix util module '/home/pablo-pc/GITHUB/TFG/project_ws/install/_local_setup_util_ps1.py'
[2.488s] INFO:colcon.colcon_core.shell:Creating prefix chain script '/home/pablo-pc/GITHUB/TFG/project_ws/install/setup.ps1'
[2.490s] INFO:colcon.colcon_core.shell:Creating prefix script '/home/pablo-pc/GITHUB/TFG/project_ws/install/local_setup.sh'
[2.491s] INFO:colcon.colcon_core.shell:Creating prefix util module '/home/pablo-pc/GITHUB/TFG/project_ws/install/_local_setup_util_sh.py'
[2.492s] INFO:colcon.colcon_core.shell:Creating prefix chain script '/home/pablo-pc/GITHUB/TFG/project_ws/install/setup.sh'
[2.494s] INFO:colcon.colcon_core.shell:Creating prefix script '/home/pablo-pc/GITHUB/TFG/project_ws/install/local_setup.bash'
[2.495s] INFO:colcon.colcon_core.shell:Creating prefix chain script '/home/pablo-pc/GITHUB/TFG/project_ws/install/setup.bash'
[2.497s] INFO:colcon.colcon_core.shell:Creating prefix script '/home/pablo-pc/GITHUB/TFG/project_ws/install/local_setup.zsh'
[2.499s] INFO:colcon.colcon_core.shell:Creating prefix chain script '/home/pablo-pc/GITHUB/TFG/project_ws/install/setup.zsh'
