[0.442s] Invoking command in '/home/pablo-pc/GITHUB/TFG/project_ws/src/location_controller': PYTHONPATH=/home/pablo-pc/GITHUB/TFG/project_ws/build/location_controller/prefix_override:/usr/lib/python3/dist-packages/colcon_core/task/python/colcon_distutils_commands:/home/pablo-pc/GITHUB/TFG/project_ws/install/location_controller/lib/python3.10/site-packages:${PYTHONPATH} /usr/bin/python3 -W ignore:setup.py install is deprecated -W ignore:easy_install command is deprecated setup.py egg_info --egg-base ../../build/location_controller build --build-base /home/pablo-pc/GITHUB/TFG/project_ws/build/location_controller/build install --record /home/pablo-pc/GITHUB/TFG/project_ws/build/location_controller/install.log --single-version-externally-managed install_data
[0.607s] running egg_info
[0.607s] writing ../../build/location_controller/location_controller.egg-info/PKG-INFO
[0.607s] writing dependency_links to ../../build/location_controller/location_controller.egg-info/dependency_links.txt
[0.607s] writing entry points to ../../build/location_controller/location_controller.egg-info/entry_points.txt
[0.607s] writing requirements to ../../build/location_controller/location_controller.egg-info/requires.txt
[0.607s] writing top-level names to ../../build/location_controller/location_controller.egg-info/top_level.txt
[0.609s] reading manifest file '../../build/location_controller/location_controller.egg-info/SOURCES.txt'
[0.609s] writing manifest file '../../build/location_controller/location_controller.egg-info/SOURCES.txt'
[0.609s] running build
[0.610s] running build_py
[0.610s] copying location_controller/location_module.py -> /home/pablo-pc/GITHUB/TFG/project_ws/build/location_controller/build/lib/location_controller
[0.610s] copying location_controller/utils.py -> /home/pablo-pc/GITHUB/TFG/project_ws/build/location_controller/build/lib/location_controller
[0.610s] running install
[0.610s] running install_lib
[0.610s] copying /home/pablo-pc/GITHUB/TFG/project_ws/build/location_controller/build/lib/location_controller/location_module.py -> /home/pablo-pc/GITHUB/TFG/project_ws/install/location_controller/lib/python3.10/site-packages/location_controller
[0.610s] copying /home/pablo-pc/GITHUB/TFG/project_ws/build/location_controller/build/lib/location_controller/utils.py -> /home/pablo-pc/GITHUB/TFG/project_ws/install/location_controller/lib/python3.10/site-packages/location_controller
[0.611s] byte-compiling /home/pablo-pc/GITHUB/TFG/project_ws/install/location_controller/lib/python3.10/site-packages/location_controller/location_module.py to location_module.cpython-310.pyc
[0.612s]   File "/home/pablo-pc/GITHUB/TFG/project_ws/install/location_controller/lib/python3.10/site-packages/location_controller/location_module.py", line 224
[0.612s]     frame_to_frame_reg = o3d.pipelines.registration.registration_icp(
[0.612s]                                                                     ^
[0.612s] SyntaxError: '(' was never closed
[0.612s] 
[0.612s] byte-compiling /home/pablo-pc/GITHUB/TFG/project_ws/install/location_controller/lib/python3.10/site-packages/location_controller/utils.py to utils.cpython-310.pyc
[0.613s] running install_data
[0.613s] running install_egg_info
[0.614s] removing '/home/pablo-pc/GITHUB/TFG/project_ws/install/location_controller/lib/python3.10/site-packages/location_controller-0.0.0-py3.10.egg-info' (and everything under it)
[0.614s] Copying ../../build/location_controller/location_controller.egg-info to /home/pablo-pc/GITHUB/TFG/project_ws/install/location_controller/lib/python3.10/site-packages/location_controller-0.0.0-py3.10.egg-info
[0.615s] running install_scripts
[0.629s] Installing input_data_node script to /home/pablo-pc/GITHUB/TFG/project_ws/install/location_controller/lib/location_controller
[0.629s] Installing location_node script to /home/pablo-pc/GITHUB/TFG/project_ws/install/location_controller/lib/location_controller
[0.630s] Installing noisy_cloud_node script to /home/pablo-pc/GITHUB/TFG/project_ws/install/location_controller/lib/location_controller
[0.630s] writing list of installed files to '/home/pablo-pc/GITHUB/TFG/project_ws/build/location_controller/install.log'
[0.648s] Invoked command in '/home/pablo-pc/GITHUB/TFG/project_ws/src/location_controller' returned '0': PYTHONPATH=/home/pablo-pc/GITHUB/TFG/project_ws/build/location_controller/prefix_override:/usr/lib/python3/dist-packages/colcon_core/task/python/colcon_distutils_commands:/home/pablo-pc/GITHUB/TFG/project_ws/install/location_controller/lib/python3.10/site-packages:${PYTHONPATH} /usr/bin/python3 -W ignore:setup.py install is deprecated -W ignore:easy_install command is deprecated setup.py egg_info --egg-base ../../build/location_controller build --build-base /home/pablo-pc/GITHUB/TFG/project_ws/build/location_controller/build install --record /home/pablo-pc/GITHUB/TFG/project_ws/build/location_controller/install.log --single-version-externally-managed install_data
