[0.027s] Invoking command in '/home/pablo-pc/GITHUB/TFG/project_ws/build/bonxai_wrapper': CMAKE_PREFIX_PATH=${CMAKE_PREFIX_PATH}:/home/pablo-pc/GITHUB/TFG/project_ws/install/location_controller:/opt/ros/humble /usr/bin/cmake --build /home/pablo-pc/GITHUB/TFG/project_ws/build/bonxai_wrapper -- -j16 -l16
[0.114s] [ 60%] Built target bonxai_map
[0.167s] [ 80%] [32mBuilding CXX object CMakeFiles/bonxai_server.dir/Bonxai/bonxai_ros/src/bonxai_server.cpp.o[0m
[16.317s] [100%] [32m[1mLinking CXX static library libbonxai_server.a[0m
[16.541s] [100%] Built target bonxai_server
[16.557s] Invoked command in '/home/pablo-pc/GITHUB/TFG/project_ws/build/bonxai_wrapper' returned '0': CMAKE_PREFIX_PATH=${CMAKE_PREFIX_PATH}:/home/pablo-pc/GITHUB/TFG/project_ws/install/location_controller:/opt/ros/humble /usr/bin/cmake --build /home/pablo-pc/GITHUB/TFG/project_ws/build/bonxai_wrapper -- -j16 -l16
[16.573s] Invoking command in '/home/pablo-pc/GITHUB/TFG/project_ws/build/bonxai_wrapper': CMAKE_PREFIX_PATH=${CMAKE_PREFIX_PATH}:/home/pablo-pc/GITHUB/TFG/project_ws/install/location_controller:/opt/ros/humble /usr/bin/cmake --install /home/pablo-pc/GITHUB/TFG/project_ws/build/bonxai_wrapper
[16.581s] -- Install configuration: ""
[16.581s] -- Installing: /home/pablo-pc/GITHUB/TFG/project_ws/install/bonxai_wrapper/lib/libbonxai_server.a
[16.600s] -- Up-to-date: /home/pablo-pc/GITHUB/TFG/project_ws/install/bonxai_wrapper/lib/libbonxai_map.a
[16.600s] -- Up-to-date: /home/pablo-pc/GITHUB/TFG/project_ws/install/bonxai_wrapper/share/bonxai_wrapper/cmake/bonxai_serverConfig.cmake
[16.600s] -- Up-to-date: /home/pablo-pc/GITHUB/TFG/project_ws/install/bonxai_wrapper/share/bonxai_wrapper/cmake/bonxai_serverConfig-noconfig.cmake
[16.601s] -- Up-to-date: /home/pablo-pc/GITHUB/TFG/project_ws/install/bonxai_wrapper/include
[16.601s] -- Up-to-date: /home/pablo-pc/GITHUB/TFG/project_ws/install/bonxai_wrapper/include/bonxai_server.hpp
[16.601s] -- Up-to-date: /home/pablo-pc/GITHUB/TFG/project_ws/install/bonxai_wrapper/include
[16.601s] -- Up-to-date: /home/pablo-pc/GITHUB/TFG/project_ws/install/bonxai_wrapper/include/bonxai_map
[16.601s] -- Up-to-date: /home/pablo-pc/GITHUB/TFG/project_ws/install/bonxai_wrapper/include/bonxai_map/pcl_utils.hpp
[16.601s] -- Up-to-date: /home/pablo-pc/GITHUB/TFG/project_ws/install/bonxai_wrapper/include/bonxai_map/probabilistic_map.hpp
[16.602s] -- Up-to-date: /home/pablo-pc/GITHUB/TFG/project_ws/install/bonxai_wrapper/include
[16.602s] -- Up-to-date: /home/pablo-pc/GITHUB/TFG/project_ws/install/bonxai_wrapper/include/bonxai
[16.602s] -- Up-to-date: /home/pablo-pc/GITHUB/TFG/project_ws/install/bonxai_wrapper/include/bonxai/serialization.hpp
[16.602s] -- Up-to-date: /home/pablo-pc/GITHUB/TFG/project_ws/install/bonxai_wrapper/include/bonxai/grid_coord.hpp
[16.602s] -- Up-to-date: /home/pablo-pc/GITHUB/TFG/project_ws/install/bonxai_wrapper/include/bonxai/grid_allocator.hpp
[16.604s] -- Up-to-date: /home/pablo-pc/GITHUB/TFG/project_ws/install/bonxai_wrapper/include/bonxai/mask.hpp
[16.606s] -- Up-to-date: /home/pablo-pc/GITHUB/TFG/project_ws/install/bonxai_wrapper/include/bonxai/bonxai.hpp
[16.607s] -- Up-to-date: /home/pablo-pc/GITHUB/TFG/project_ws/install/bonxai_wrapper/share/bonxai_wrapper/environment/library_path.sh
[16.607s] -- Up-to-date: /home/pablo-pc/GITHUB/TFG/project_ws/install/bonxai_wrapper/share/bonxai_wrapper/environment/library_path.dsv
[16.607s] -- Up-to-date: /home/pablo-pc/GITHUB/TFG/project_ws/install/bonxai_wrapper/share/ament_index/resource_index/package_run_dependencies/bonxai_wrapper
[16.608s] -- Up-to-date: /home/pablo-pc/GITHUB/TFG/project_ws/install/bonxai_wrapper/share/ament_index/resource_index/parent_prefix_path/bonxai_wrapper
[16.608s] -- Up-to-date: /home/pablo-pc/GITHUB/TFG/project_ws/install/bonxai_wrapper/share/bonxai_wrapper/environment/ament_prefix_path.sh
[16.609s] -- Up-to-date: /home/pablo-pc/GITHUB/TFG/project_ws/install/bonxai_wrapper/share/bonxai_wrapper/environment/ament_prefix_path.dsv
[16.610s] -- Up-to-date: /home/pablo-pc/GITHUB/TFG/project_ws/install/bonxai_wrapper/share/bonxai_wrapper/environment/path.sh
[16.610s] -- Up-to-date: /home/pablo-pc/GITHUB/TFG/project_ws/install/bonxai_wrapper/share/bonxai_wrapper/environment/path.dsv
[16.610s] -- Up-to-date: /home/pablo-pc/GITHUB/TFG/project_ws/install/bonxai_wrapper/share/bonxai_wrapper/local_setup.bash
[16.611s] -- Up-to-date: /home/pablo-pc/GITHUB/TFG/project_ws/install/bonxai_wrapper/share/bonxai_wrapper/local_setup.sh
[16.611s] -- Up-to-date: /home/pablo-pc/GITHUB/TFG/project_ws/install/bonxai_wrapper/share/bonxai_wrapper/local_setup.zsh
[16.612s] -- Up-to-date: /home/pablo-pc/GITHUB/TFG/project_ws/install/bonxai_wrapper/share/bonxai_wrapper/local_setup.dsv
[16.612s] -- Installing: /home/pablo-pc/GITHUB/TFG/project_ws/install/bonxai_wrapper/share/bonxai_wrapper/package.dsv
[16.612s] -- Up-to-date: /home/pablo-pc/GITHUB/TFG/project_ws/install/bonxai_wrapper/share/ament_index/resource_index/packages/bonxai_wrapper
[16.613s] -- Up-to-date: /home/pablo-pc/GITHUB/TFG/project_ws/install/bonxai_wrapper/share/bonxai_wrapper/cmake/bonxai_serverExport.cmake
[16.613s] -- Up-to-date: /home/pablo-pc/GITHUB/TFG/project_ws/install/bonxai_wrapper/share/bonxai_wrapper/cmake/bonxai_serverExport-noconfig.cmake
[16.613s] -- Up-to-date: /home/pablo-pc/GITHUB/TFG/project_ws/install/bonxai_wrapper/share/bonxai_wrapper/cmake/ament_cmake_export_include_directories-extras.cmake
[16.614s] -- Up-to-date: /home/pablo-pc/GITHUB/TFG/project_ws/install/bonxai_wrapper/share/bonxai_wrapper/cmake/ament_cmake_export_targets-extras.cmake
[16.614s] -- Up-to-date: /home/pablo-pc/GITHUB/TFG/project_ws/install/bonxai_wrapper/share/bonxai_wrapper/cmake/ament_cmake_export_libraries-extras.cmake
[16.614s] -- Up-to-date: /home/pablo-pc/GITHUB/TFG/project_ws/install/bonxai_wrapper/share/bonxai_wrapper/cmake/ament_cmake_export_dependencies-extras.cmake
[16.614s] -- Up-to-date: /home/pablo-pc/GITHUB/TFG/project_ws/install/bonxai_wrapper/share/bonxai_wrapper/cmake/bonxai_wrapperConfig.cmake
[16.615s] -- Up-to-date: /home/pablo-pc/GITHUB/TFG/project_ws/install/bonxai_wrapper/share/bonxai_wrapper/cmake/bonxai_wrapperConfig-version.cmake
[16.615s] -- Up-to-date: /home/pablo-pc/GITHUB/TFG/project_ws/install/bonxai_wrapper/share/bonxai_wrapper/package.xml
[16.615s] Invoked command in '/home/pablo-pc/GITHUB/TFG/project_ws/build/bonxai_wrapper' returned '0': CMAKE_PREFIX_PATH=${CMAKE_PREFIX_PATH}:/home/pablo-pc/GITHUB/TFG/project_ws/install/location_controller:/opt/ros/humble /usr/bin/cmake --install /home/pablo-pc/GITHUB/TFG/project_ws/build/bonxai_wrapper
