This is pdfTeX, Version 3.141592653-2.6-1.40.22 (TeX Live 2022/dev/Debian) (preloaded format=pdflatex 2025.7.1)  12 SEP 2025 17:05
entering extended mode
 restricted \write18 enabled.
 file:line:error style messages enabled.
 %&-line parsing enabled.
**/home/pablo-pc/GITHUB/TFG/project_ws/src/documentation/main.tex
(/home/pablo-pc/GITHUB/TFG/project_ws/src/documentation/main.tex
LaTeX2e <2021-11-15> patch level 1
L3 programming layer <2022-01-21> (/usr/share/texlive/texmf-dist/tex/latex/base/article.cls
Document Class: article 2021/10/04 v1.4n Standard LaTeX document class
(/usr/share/texlive/texmf-dist/tex/latex/base/size12.clo
File: size12.clo 2021/10/04 v1.4n Standard LaTeX file (size option)
)
\c@part=\count185
\c@section=\count186
\c@subsection=\count187
\c@subsubsection=\count188
\c@paragraph=\count189
\c@subparagraph=\count190
\c@figure=\count191
\c@table=\count192
\abovecaptionskip=\skip47
\belowcaptionskip=\skip48
\bibindent=\dimen138
) (./umatfgenglish.sty

LaTeX Warning: You have requested package `umatfgenglish',
               but the package provides `example'.

Package: example 
(/usr/share/texlive/texmf-dist/tex/latex/base/inputenc.sty
Package: inputenc 2021/02/14 v1.3d Input encoding file
\inpenc@prehook=\toks16
\inpenc@posthook=\toks17
) (/usr/share/texlive/texmf-dist/tex/latex/base/fontenc.sty
Package: fontenc 2021/04/29 v2.0v Standard LaTeX package
) (/usr/share/texlive/texmf-dist/tex/latex/libertine/libertine.sty
Package: libertine 2020/03/26 (Bob Tennent) Supports Libertine and Biolinum fonts for all LaTeX engines.
 (/usr/share/texlive/texmf-dist/tex/generic/iftex/ifxetex.sty
Package: ifxetex 2019/10/25 v0.7 ifxetex legacy package. Use iftex instead.
 (/usr/share/texlive/texmf-dist/tex/generic/iftex/iftex.sty
Package: iftex 2020/03/06 v1.0d TeX engine tests
)) (/usr/share/texlive/texmf-dist/tex/generic/iftex/ifluatex.sty
Package: ifluatex 2019/10/25 v1.5 ifluatex legacy package. Use iftex instead.
) (/usr/share/texlive/texmf-dist/tex/latex/xkeyval/xkeyval.sty
Package: xkeyval 2020/11/20 v2.8 package option processing (HA)
 (/usr/share/texlive/texmf-dist/tex/generic/xkeyval/xkeyval.tex (/usr/share/texlive/texmf-dist/tex/generic/xkeyval/xkvutils.tex
\XKV@toks=\toks18
\XKV@tempa@toks=\toks19
 (/usr/share/texlive/texmf-dist/tex/generic/xkeyval/keyval.tex))
\XKV@depth=\count193
File: xkeyval.tex 2014/12/03 v2.7a key=value parser (HA)
)) (/usr/share/texlive/texmf-dist/tex/latex/base/textcomp.sty
Package: textcomp 2020/02/02 v2.0n Standard LaTeX package
) (/usr/share/texlive/texmf-dist/tex/latex/base/fontenc.sty
Package: fontenc 2021/04/29 v2.0v Standard LaTeX package
) (/usr/share/texlive/texmf-dist/tex/latex/fontaxes/fontaxes.sty
Package: fontaxes 2020/07/21 v1.0e Font selection axes
LaTeX Info: Redefining \upshape on input line 29.
LaTeX Info: Redefining \itshape on input line 31.
LaTeX Info: Redefining \slshape on input line 33.
LaTeX Info: Redefining \swshape on input line 35.
LaTeX Info: Redefining \scshape on input line 37.
LaTeX Info: Redefining \sscshape on input line 39.
LaTeX Info: Redefining \ulcshape on input line 41.
LaTeX Info: Redefining \textsw on input line 47.
LaTeX Info: Redefining \textssc on input line 48.
LaTeX Info: Redefining \textulc on input line 49.
)
LaTeX Info: Redefining \oldstylenums on input line 484.
 (/usr/share/texlive/texmf-dist/tex/latex/libertine/LinLibertine_I.tex)) (/usr/share/texlive/texmf-dist/tex/latex/geometry/geometry.sty
Package: geometry 2020/01/02 v5.9 Page Geometry
 (/usr/share/texlive/texmf-dist/tex/generic/iftex/ifvtex.sty
Package: ifvtex 2019/10/25 v1.7 ifvtex legacy package. Use iftex instead.
)
\Gm@cnth=\count194
\Gm@cntv=\count195
\c@Gm@tempcnt=\count196
\Gm@bindingoffset=\dimen139
\Gm@wd@mp=\dimen140
\Gm@odd@mp=\dimen141
\Gm@even@mp=\dimen142
\Gm@layoutwidth=\dimen143
\Gm@layoutheight=\dimen144
\Gm@layouthoffset=\dimen145
\Gm@layoutvoffset=\dimen146
\Gm@dimlist=\toks20
) (/usr/share/texlive/texmf-dist/tex/latex/appendix/appendix.sty
Package: appendix 2020/02/08 v1.2c extra appendix facilities
\c@@pps=\count197
\c@@ppsavesec=\count198
\c@@ppsaveapp=\count199
) (/usr/share/texlive/texmf-dist/tex/latex/pdfpages/pdfpages.sty
Package: pdfpages 2022/01/29 v0.5u Insert pages of external PDF documents (AM)
 (/usr/share/texlive/texmf-dist/tex/latex/base/ifthen.sty
Package: ifthen 2020/11/24 v1.1c Standard LaTeX ifthen package (DPC)
) (/usr/share/texlive/texmf-dist/tex/latex/tools/calc.sty
Package: calc 2017/05/25 v4.3 Infix arithmetic (KKT,FJ)
\calc@Acount=\count266
\calc@Bcount=\count267
\calc@Adimen=\dimen147
\calc@Bdimen=\dimen148
\calc@Askip=\skip49
\calc@Bskip=\skip50
LaTeX Info: Redefining \setlength on input line 80.
LaTeX Info: Redefining \addtolength on input line 81.
\calc@Ccount=\count268
\calc@Cskip=\skip51
) (/usr/share/texlive/texmf-dist/tex/latex/eso-pic/eso-pic.sty
Package: eso-pic 2020/10/14 v3.0a eso-pic (RN)
\ESO@tempdima=\dimen149
\ESO@tempdimb=\dimen150
 (/usr/share/texlive/texmf-dist/tex/latex/xcolor/xcolor.sty
Package: xcolor 2021/10/31 v2.13 LaTeX color extensions (UK)
 (/usr/share/texlive/texmf-dist/tex/latex/graphics-cfg/color.cfg
File: color.cfg 2016/01/02 v1.6 sample color configuration
)
Package xcolor Info: Driver file: pdftex.def on input line 227.
 (/usr/share/texlive/texmf-dist/tex/latex/graphics-def/pdftex.def
File: pdftex.def 2020/10/05 v1.2a Graphics/color driver for pdftex
)
Package xcolor Info: Model `cmy' substituted by `cmy0' on input line 1352.
Package xcolor Info: Model `hsb' substituted by `rgb' on input line 1356.
Package xcolor Info: Model `RGB' extended on input line 1368.
Package xcolor Info: Model `HTML' substituted by `rgb' on input line 1370.
Package xcolor Info: Model `Hsb' substituted by `hsb' on input line 1371.
Package xcolor Info: Model `tHsb' substituted by `hsb' on input line 1372.
Package xcolor Info: Model `HSB' substituted by `hsb' on input line 1373.
Package xcolor Info: Model `Gray' substituted by `gray' on input line 1374.
Package xcolor Info: Model `wave' substituted by `hsb' on input line 1375.
)) (/usr/share/texlive/texmf-dist/tex/latex/graphics/graphicx.sty
Package: graphicx 2021/09/16 v1.2d Enhanced LaTeX Graphics (DPC,SPQR)
 (/usr/share/texlive/texmf-dist/tex/latex/graphics/graphics.sty
Package: graphics 2021/03/04 v1.4d Standard LaTeX Graphics (DPC,SPQR)
 (/usr/share/texlive/texmf-dist/tex/latex/graphics/trig.sty
Package: trig 2021/08/11 v1.11 sin cos tan (DPC)
) (/usr/share/texlive/texmf-dist/tex/latex/graphics-cfg/graphics.cfg
File: graphics.cfg 2016/06/04 v1.11 sample graphics configuration
)
Package graphics Info: Driver file: pdftex.def on input line 107.
)
\Gin@req@height=\dimen151
\Gin@req@width=\dimen152
)
\AM@pagewidth=\dimen153
\AM@pageheight=\dimen154
\AM@fboxrule=\dimen155
 (/usr/share/texlive/texmf-dist/tex/latex/pdfpages/pppdftex.def
File: pppdftex.def 2022/01/29 v0.5u Pdfpages driver for pdfTeX (AM)
)
\pdfpages@includegraphics@status=\count269
\AM@pagebox=\box50
\AM@global@opts=\toks21
\AM@pagecnt=\count270
\AM@toc@title=\toks22
\c@AM@survey=\count271
\AM@templatesizebox=\box51
) (/usr/share/texlive/texmf-dist/tex/latex/titlesec/titlesec.sty
Package: titlesec 2021/07/05 v2.14 Sectioning titles
\ttl@box=\box52
\beforetitleunit=\skip52
\aftertitleunit=\skip53
\ttl@plus=\dimen156
\ttl@minus=\dimen157
\ttl@toksa=\toks23
\titlewidth=\dimen158
\titlewidthlast=\dimen159
\titlewidthfirst=\dimen160
) (/usr/share/texlive/texmf-dist/tex/latex/etoolbox/etoolbox.sty
Package: etoolbox 2020/10/05 v2.5k e-TeX tools for LaTeX (JAW)
\etb@tempcnta=\count272
)) (/usr/share/texlive/texmf-dist/tex/latex/blindtext/blindtext.sty
Package: blindtext 2012/01/06 V2.0 blindtext-Package
 (/usr/share/texlive/texmf-dist/tex/latex/tools/xspace.sty
Package: xspace 2014/10/28 v1.13 Space after command names (DPC,MH)
)
\c@blindtext=\count273
\c@Blindtext=\count274
\c@blind@countparstart=\count275
\blind@countxx=\count276
\blindtext@numBlindtext=\count277
\blind@countyy=\count278
\c@blindlist=\count279
\c@blindlistlevel=\count280
\c@blindlist@level=\count281
\blind@listitem=\count282
\c@blind@listcount=\count283
\c@blind@levelcount=\count284
\blind@mathformula=\count285
\blind@Mathformula=\count286
\c@blind@randomcount=\count287
\c@blind@randommax=\count288
\c@blind@pangramcount=\count289
\c@blind@pangrammax=\count290
) (/usr/share/texlive/texmf-dist/tex/latex/amsfonts/amssymb.sty
Package: amssymb 2013/01/14 v3.01 AMS font symbols
 (/usr/share/texlive/texmf-dist/tex/latex/amsfonts/amsfonts.sty
Package: amsfonts 2013/01/14 v3.01 Basic AMSFonts support
\@emptytoks=\toks24
\symAMSa=\mathgroup4
\symAMSb=\mathgroup5
LaTeX Font Info:    Redeclaring math symbol \hbar on input line 98.
LaTeX Font Info:    Overwriting math alphabet `\mathfrak' in version `bold'
(Font)                  U/euf/m/n --> U/euf/b/n on input line 106.
)) (/usr/share/texlive/texmf-dist/tex/latex/amsmath/amsmath.sty
Package: amsmath 2021/10/15 v2.17l AMS math features
\@mathmargin=\skip54

For additional information on amsmath, use the `?' option.
(/usr/share/texlive/texmf-dist/tex/latex/amsmath/amstext.sty
Package: amstext 2021/08/26 v2.01 AMS text
 (/usr/share/texlive/texmf-dist/tex/latex/amsmath/amsgen.sty
File: amsgen.sty 1999/11/30 v2.0 generic functions
\@emptytoks=\toks25
\ex@=\dimen161
)) (/usr/share/texlive/texmf-dist/tex/latex/amsmath/amsbsy.sty
Package: amsbsy 1999/11/29 v1.2d Bold Symbols
\pmbraise@=\dimen162
) (/usr/share/texlive/texmf-dist/tex/latex/amsmath/amsopn.sty
Package: amsopn 2021/08/26 v2.02 operator names
)
\inf@bad=\count291
LaTeX Info: Redefining \frac on input line 234.
\uproot@=\count292
\leftroot@=\count293
LaTeX Info: Redefining \overline on input line 399.
\classnum@=\count294
\DOTSCASE@=\count295
LaTeX Info: Redefining \ldots on input line 496.
LaTeX Info: Redefining \dots on input line 499.
LaTeX Info: Redefining \cdots on input line 620.
\Mathstrutbox@=\box53
\strutbox@=\box54
\big@size=\dimen163
LaTeX Font Info:    Redeclaring font encoding OML on input line 743.
LaTeX Font Info:    Redeclaring font encoding OMS on input line 744.
\macc@depth=\count296
\c@MaxMatrixCols=\count297
\dotsspace@=\muskip16
\c@parentequation=\count298
\dspbrk@lvl=\count299
\tag@help=\toks26
\row@=\count300
\column@=\count301
\maxfields@=\count302
\andhelp@=\toks27
\eqnshift@=\dimen164
\alignsep@=\dimen165
\tagshift@=\dimen166
\tagwidth@=\dimen167
\totwidth@=\dimen168
\lineht@=\dimen169
\@envbody=\toks28
\multlinegap=\skip55
\multlinetaggap=\skip56
\mathdisplay@stack=\toks29
LaTeX Info: Redefining \[ on input line 2938.
LaTeX Info: Redefining \] on input line 2939.
) (/usr/share/texlive/texmf-dist/tex/latex/base/fontenc.sty
Package: fontenc 2021/04/29 v2.0v Standard LaTeX package
LaTeX Font Info:    Trying to load font information for T1+LinuxLibertineT-TLF on input line 112.
 (/usr/share/texlive/texmf-dist/tex/latex/libertine/T1LinuxLibertineT-TLF.fd
File: T1LinuxLibertineT-TLF.fd 2017/03/20 (autoinst) Font definitions for T1/LinuxLibertineT-TLF.
)
LaTeX Font Info:    Font shape `T1/LinuxLibertineT-TLF/m/n' will be
(Font)              scaled to size 12.0pt on input line 112.
) (/usr/share/texlive/texmf-dist/tex/latex/url/url.sty
\Urlmuskip=\muskip17
Package: url 2013/09/16  ver 3.4  Verb mode for urls, etc.
) (/usr/share/texlive/texmf-dist/tex/latex/hyperref/hyperref.sty
Package: hyperref 2021-06-07 v7.00m Hypertext links for LaTeX
 (/usr/share/texlive/texmf-dist/tex/generic/ltxcmds/ltxcmds.sty
Package: ltxcmds 2020-05-10 v1.25 LaTeX kernel commands for general use (HO)
) (/usr/share/texlive/texmf-dist/tex/generic/pdftexcmds/pdftexcmds.sty
Package: pdftexcmds 2020-06-27 v0.33 Utility functions of pdfTeX for LuaTeX (HO)
 (/usr/share/texlive/texmf-dist/tex/generic/infwarerr/infwarerr.sty
Package: infwarerr 2019/12/03 v1.5 Providing info/warning/error messages (HO)
)
Package pdftexcmds Info: \pdf@primitive is available.
Package pdftexcmds Info: \pdf@ifprimitive is available.
Package pdftexcmds Info: \pdfdraftmode found.
) (/usr/share/texlive/texmf-dist/tex/generic/kvsetkeys/kvsetkeys.sty
Package: kvsetkeys 2019/12/15 v1.18 Key value parser (HO)
) (/usr/share/texlive/texmf-dist/tex/generic/kvdefinekeys/kvdefinekeys.sty
Package: kvdefinekeys 2019-12-19 v1.6 Define keys (HO)
) (/usr/share/texlive/texmf-dist/tex/generic/pdfescape/pdfescape.sty
Package: pdfescape 2019/12/09 v1.15 Implements pdfTeX's escape features (HO)
) (/usr/share/texlive/texmf-dist/tex/latex/hycolor/hycolor.sty
Package: hycolor 2020-01-27 v1.10 Color options for hyperref/bookmark (HO)
) (/usr/share/texlive/texmf-dist/tex/latex/letltxmacro/letltxmacro.sty
Package: letltxmacro 2019/12/03 v1.6 Let assignment for LaTeX macros (HO)
) (/usr/share/texlive/texmf-dist/tex/latex/auxhook/auxhook.sty
Package: auxhook 2019-12-17 v1.6 Hooks for auxiliary files (HO)
) (/usr/share/texlive/texmf-dist/tex/latex/kvoptions/kvoptions.sty
Package: kvoptions 2020-10-07 v3.14 Key value format for package options (HO)
)
\@linkdim=\dimen170
\Hy@linkcounter=\count303
\Hy@pagecounter=\count304
 (/usr/share/texlive/texmf-dist/tex/latex/hyperref/pd1enc.def
File: pd1enc.def 2021-06-07 v7.00m Hyperref: PDFDocEncoding definition (HO)
Now handling font encoding PD1 ...
... no UTF-8 mapping file for font encoding PD1
) (/usr/share/texlive/texmf-dist/tex/latex/hyperref/hyperref-langpatches.def
File: hyperref-langpatches.def 2021-06-07 v7.00m Hyperref: patches for babel languages
) (/usr/share/texlive/texmf-dist/tex/generic/intcalc/intcalc.sty
Package: intcalc 2019/12/15 v1.3 Expandable calculations with integers (HO)
) (/usr/share/texlive/texmf-dist/tex/generic/etexcmds/etexcmds.sty
Package: etexcmds 2019/12/15 v1.7 Avoid name clashes with e-TeX commands (HO)
)
\Hy@SavedSpaceFactor=\count305
 (/usr/share/texlive/texmf-dist/tex/latex/hyperref/puenc.def
File: puenc.def 2021-06-07 v7.00m Hyperref: PDF Unicode definition (HO)
Now handling font encoding PU ...
... no UTF-8 mapping file for font encoding PU
)
Package hyperref Info: Hyper figures OFF on input line 4192.
Package hyperref Info: Link nesting OFF on input line 4197.
Package hyperref Info: Hyper index ON on input line 4200.
Package hyperref Info: Plain pages OFF on input line 4207.
Package hyperref Info: Backreferencing OFF on input line 4212.
Package hyperref Info: Implicit mode ON; LaTeX internals redefined.
Package hyperref Info: Bookmarks ON on input line 4445.
\c@Hy@tempcnt=\count306
LaTeX Info: Redefining \url on input line 4804.
\XeTeXLinkMargin=\dimen171
 (/usr/share/texlive/texmf-dist/tex/generic/bitset/bitset.sty
Package: bitset 2019/12/09 v1.3 Handle bit-vector datatype (HO)
 (/usr/share/texlive/texmf-dist/tex/generic/bigintcalc/bigintcalc.sty
Package: bigintcalc 2019/12/15 v1.5 Expandable calculations on big integers (HO)
))
\Fld@menulength=\count307
\Field@Width=\dimen172
\Fld@charsize=\dimen173
Package hyperref Info: Hyper figures OFF on input line 6076.
Package hyperref Info: Link nesting OFF on input line 6081.
Package hyperref Info: Hyper index ON on input line 6084.
Package hyperref Info: backreferencing OFF on input line 6091.
Package hyperref Info: Link coloring OFF on input line 6096.
Package hyperref Info: Link coloring with OCG OFF on input line 6101.
Package hyperref Info: PDF/A mode OFF on input line 6106.
LaTeX Info: Redefining \ref on input line 6146.
LaTeX Info: Redefining \pageref on input line 6150.
 (/usr/share/texlive/texmf-dist/tex/latex/base/atbegshi-ltx.sty
Package: atbegshi-ltx 2021/01/10 v1.0c Emulation of the original atbegshi
package with kernel methods
)
\Hy@abspage=\count308
\c@Item=\count309
\c@Hfootnote=\count310
)
Package hyperref Info: Driver (autodetected): hpdftex.
 (/usr/share/texlive/texmf-dist/tex/latex/hyperref/hpdftex.def
File: hpdftex.def 2021-06-07 v7.00m Hyperref driver for pdfTeX
 (/usr/share/texlive/texmf-dist/tex/latex/base/atveryend-ltx.sty
Package: atveryend-ltx 2020/08/19 v1.0a Emulation of the original atveryend package
with kernel methods
)
\Fld@listcount=\count311
\c@bookmark@seq@number=\count312
 (/usr/share/texlive/texmf-dist/tex/latex/rerunfilecheck/rerunfilecheck.sty
Package: rerunfilecheck 2019/12/05 v1.9 Rerun checks for auxiliary files (HO)
 (/usr/share/texlive/texmf-dist/tex/generic/uniquecounter/uniquecounter.sty
Package: uniquecounter 2019/12/15 v1.4 Provide unlimited unique counter (HO)
)
Package uniquecounter Info: New unique counter `rerunfilecheck' on input line 286.
)
\Hy@SectionHShift=\skip57
) (/usr/share/texlive/texmf-dist/tex/latex/cite/cite.sty
LaTeX Info: Redefining \cite on input line 302.
LaTeX Info: Redefining \nocite on input line 332.
Package: cite 2015/02/27  v 5.5
) (/usr/share/texlive/texmf-dist/tex/latex/l3backend/l3backend-pdftex.def
File: l3backend-pdftex.def 2022-01-12 L3 backend support: PDF output (pdfTeX)
\l__color_backend_stack_int=\count313
\l__pdf_internal_box=\box55
) (./main.aux)
\openout1 = `main.aux'.

LaTeX Font Info:    Checking defaults for OML/cmm/m/it on input line 16.
LaTeX Font Info:    ... okay on input line 16.
LaTeX Font Info:    Checking defaults for OMS/cmsy/m/n on input line 16.
LaTeX Font Info:    ... okay on input line 16.
LaTeX Font Info:    Checking defaults for OT1/cmr/m/n on input line 16.
LaTeX Font Info:    ... okay on input line 16.
LaTeX Font Info:    Checking defaults for T1/cmr/m/n on input line 16.
LaTeX Font Info:    ... okay on input line 16.
LaTeX Font Info:    Checking defaults for TS1/cmr/m/n on input line 16.
LaTeX Font Info:    ... okay on input line 16.
LaTeX Font Info:    Checking defaults for OMX/cmex/m/n on input line 16.
LaTeX Font Info:    ... okay on input line 16.
LaTeX Font Info:    Checking defaults for U/cmr/m/n on input line 16.
LaTeX Font Info:    ... okay on input line 16.
LaTeX Font Info:    Checking defaults for PD1/pdf/m/n on input line 16.
LaTeX Font Info:    ... okay on input line 16.
LaTeX Font Info:    Checking defaults for PU/pdf/m/n on input line 16.
LaTeX Font Info:    ... okay on input line 16.
\c@mv@tabular=\count314
\c@mv@boldtabular=\count315

*geometry* driver: auto-detecting
*geometry* detected driver: pdftex
*geometry* verbose mode - [ preamble ] result:
* driver: pdftex
* paper: a4paper
* layout: <same size as paper>
* layoutoffset:(h,v)=(0.0pt,0.0pt)
* modes: twoside 
* h-part:(L,W,R)=(71.13188pt, 454.67433pt, 71.70166pt)
* v-part:(T,H,B)=(71.13188pt, 672.50832pt, 101.40665pt)
* \paperwidth=597.50787pt
* \paperheight=845.04684pt
* \textwidth=454.67433pt
* \textheight=672.50832pt
* \oddsidemargin=-1.1381pt
* \evensidemargin=-0.56833pt
* \topmargin=-38.1381pt
* \headheight=12.0pt
* \headsep=25.0pt
* \topskip=12.0pt
* \footskip=30.0pt
* \marginparwidth=85.0pt
* \marginparsep=10.0pt
* \columnsep=10.0pt
* \skip\footins=10.8pt plus 4.0pt minus 2.0pt
* \hoffset=0.0pt
* \voffset=0.0pt
* \mag=1000
* \@twocolumnfalse
* \@twosidetrue
* \@mparswitchtrue
* \@reversemarginfalse
* (1in=72.27pt=25.4mm, 1cm=28.453pt)

(/usr/share/texlive/texmf-dist/tex/context/base/mkii/supp-pdf.mkii
[Loading MPS to PDF converter (version 2006.09.02).]
\scratchcounter=\count316
\scratchdimen=\dimen174
\scratchbox=\box56
\nofMPsegments=\count317
\nofMParguments=\count318
\everyMPshowfont=\toks30
\MPscratchCnt=\count319
\MPscratchDim=\dimen175
\MPnumerator=\count320
\makeMPintoPDFobject=\count321
\everyMPtoPDFconversion=\toks31
) (/usr/share/texlive/texmf-dist/tex/latex/epstopdf-pkg/epstopdf-base.sty
Package: epstopdf-base 2020-01-24 v2.11 Base part for package epstopdf
Package epstopdf-base Info: Redefining graphics rule for `.eps' on input line 485.
 (/usr/share/texlive/texmf-dist/tex/latex/latexconfig/epstopdf-sys.cfg
File: epstopdf-sys.cfg 2010/07/13 v1.3 Configuration of (r)epstopdf for TeX Live
)) (/usr/share/texlive/texmf-dist/tex/latex/pdflscape/pdflscape.sty
Package: pdflscape 2019/12/05 v0.12 Display of landscape pages in PDF (HO)
 (/usr/share/texlive/texmf-dist/tex/latex/graphics/lscape.sty
Package: lscape 2020/05/28 v3.02 Landscape Pages (DPC)
)
Package pdflscape Info: Auto-detected driver: pdftex on input line 81.
)
Package hyperref Info: Link coloring OFF on input line 16.
 (/usr/share/texlive/texmf-dist/tex/latex/hyperref/nameref.sty
Package: nameref 2021-04-02 v2.47 Cross-referencing by name of section
 (/usr/share/texlive/texmf-dist/tex/latex/refcount/refcount.sty
Package: refcount 2019/12/15 v3.6 Data extraction from label references (HO)
) (/usr/share/texlive/texmf-dist/tex/generic/gettitlestring/gettitlestring.sty
Package: gettitlestring 2019/12/15 v1.6 Cleanup title references (HO)
)
\c@section@level=\count322
)
LaTeX Info: Redefining \ref on input line 16.
LaTeX Info: Redefining \pageref on input line 16.
LaTeX Info: Redefining \nameref on input line 16.
 (./main.out) (./main.out)
\@outlinefile=\write3
\openout3 = `main.out'.



pdfTeX warning: pdflatex (file ./portada.pdf): PDF inclusion: found PDF version <1.7>, but at most version <1.5> allowed
<portada.pdf, id=108, 597.23125pt x 845.1575pt>
File: portada.pdf Graphic file (type pdf)
<use portada.pdf>
Package pdftex.def Info: portada.pdf  used on input line 18.
(pdftex.def)             Requested size: 597.22978pt x 845.15544pt.


pdfTeX warning: pdflatex (file ./portada.pdf): PDF inclusion: found PDF version <1.7>, but at most version <1.5> allowed
File: portada.pdf Graphic file (type pdf)
<use portada.pdf>
Package pdftex.def Info: portada.pdf  used on input line 18.
(pdftex.def)             Requested size: 597.22978pt x 845.15544pt.


pdfTeX warning: pdflatex (file ./portada.pdf): PDF inclusion: found PDF version <1.7>, but at most version <1.5> allowed


pdfTeX warning: pdflatex (file ./portada.pdf): PDF inclusion: found PDF version <1.7>, but at most version <1.5> allowed
<portada.pdf, id=111, page=1, 597.23125pt x 845.1575pt>
File: portada.pdf Graphic file (type pdf)
<use portada.pdf, page 1>
Package pdftex.def Info: portada.pdf , page1 used on input line 18.
(pdftex.def)             Requested size: 597.22978pt x 845.15544pt.
File: portada.pdf Graphic file (type pdf)
<use portada.pdf, page 1>
Package pdftex.def Info: portada.pdf , page1 used on input line 18.
(pdftex.def)             Requested size: 597.22978pt x 845.15544pt.
File: portada.pdf Graphic file (type pdf)
<use portada.pdf, page 1>
Package pdftex.def Info: portada.pdf , page1 used on input line 18.
(pdftex.def)             Requested size: 597.22978pt x 845.15544pt.
File: portada.pdf Graphic file (type pdf)
<use portada.pdf, page 1>
Package pdftex.def Info: portada.pdf , page1 used on input line 18.
(pdftex.def)             Requested size: 597.22978pt x 845.15544pt.
[1

 <./portada.pdf>]
LaTeX Font Info:    Font shape `T1/LinuxLibertineT-TLF/m/n' will be
(Font)              scaled to size 24.88pt on input line 21.
LaTeX Font Info:    Font shape `T1/LinuxLibertineT-TLF/b/n' will be
(Font)              scaled to size 24.88pt on input line 21.
LaTeX Font Info:    Font shape `T1/LinuxLibertineT-TLF/b/n' will be
(Font)              scaled to size 48.0pt on input line 21.
<./images//clean_map_intro.png, id=140, 1891.065pt x 1010.77625pt>
File: ./images//clean_map_intro.png Graphic file (type png)
<use ./images//clean_map_intro.png>
Package pdftex.def Info: ./images//clean_map_intro.png  used on input line 30.
(pdftex.def)             Requested size: 272.80737pt x 145.81078pt.
 [2{/var/lib/texmf/fonts/map/pdftex/updmap/pdftex.map} <./images//clean_map_intro.png>]
Underfull \hbox (badness 10000) in paragraph at lines 36--39

 []

LaTeX Font Info:    Font shape `T1/LinuxLibertineT-TLF/b/n' will be
(Font)              scaled to size 12.0pt on input line 40.
LaTeX Font Info:    Font shape `T1/LinuxLibertineT-TLF/b/n' will be
(Font)              scaled to size 14.4pt on input line 40.
[3]
File: ./images//clean_map_intro.png Graphic file (type png)
<use ./images//clean_map_intro.png>
Package pdftex.def Info: ./images//clean_map_intro.png  used on input line 57.
(pdftex.def)             Requested size: 272.80737pt x 145.81078pt.
 [4]
Underfull \hbox (badness 10000) in paragraph at lines 63--66

 []

[5] [6

] (./main.toc
LaTeX Font Info:    Trying to load font information for U+msa on input line 2.
 (/usr/share/texlive/texmf-dist/tex/latex/amsfonts/umsa.fd
File: umsa.fd 2013/01/14 v3.01 AMS symbols A
)
LaTeX Font Info:    Trying to load font information for U+msb on input line 2.
 (/usr/share/texlive/texmf-dist/tex/latex/amsfonts/umsb.fd
File: umsb.fd 2013/01/14 v3.01 AMS symbols B
))
\tf@toc=\write4
\openout4 = `main.toc'.

 [7] [8]
LaTeX Font Info:    Font shape `T1/LinuxLibertineT-TLF/b/n' will be
(Font)              scaled to size 112.0pt on input line 74.
LaTeX Font Info:    Font shape `T1/LinuxLibertineT-TLF/m/n' will be
(Font)              scaled to size 14.4pt on input line 76.
LaTeX Font Info:    Trying to load font information for TS1+LinuxLibertineT-TLF on input line 92.
 (/usr/share/texlive/texmf-dist/tex/latex/libertine/TS1LinuxLibertineT-TLF.fd
File: TS1LinuxLibertineT-TLF.fd 2017/03/20 (autoinst) Font definitions for TS1/LinuxLibertineT-TLF.
)
LaTeX Font Info:    Font shape `TS1/LinuxLibertineT-TLF/m/n' will be
(Font)              scaled to size 12.0pt on input line 92.
 [9

]
<./images//Point_cloud_example.png, id=219, 2126.94624pt x 1105.12875pt>
File: ./images//Point_cloud_example.png Graphic file (type png)
<use ./images//Point_cloud_example.png>
Package pdftex.def Info: ./images//Point_cloud_example.png  used on input line 102.
(pdftex.def)             Requested size: 227.33716pt x 118.10764pt.

Underfull \hbox (badness 10000) in paragraph at lines 105--115

 []

[10 <./images//Point_cloud_example.png>] [11] [12] [13

]
Underfull \hbox (badness 10000) in paragraph at lines 212--216

 []

<./images//Voxel_map_example.png, id=256, 1179.40625pt x 904.37875pt>
File: ./images//Voxel_map_example.png Graphic file (type png)
<use ./images//Voxel_map_example.png>
Package pdftex.def Info: ./images//Voxel_map_example.png  used on input line 219.
(pdftex.def)             Requested size: 227.33716pt x 174.31769pt.
[14 <./images//Voxel_map_example.png>]
Overfull \hbox (0.56374pt too wide) in paragraph at lines 241--244
[]\T1/LinuxLibertineT-TLF/b/n/12 Representación volumétrica disc-reta: \T1/LinuxLibertineT-TLF/m/n/12 Los ma-pas vox-eliza-dos div-i-den el es-pa-cio tridi-
 []


Overfull \hbox (10.79617pt too wide) in paragraph at lines 244--247
[]\T1/LinuxLibertineT-TLF/b/n/12 Resolución con-fig-urable: \T1/LinuxLibertineT-TLF/m/n/12 La res-olu-ción del mapa puede ajus-tarse mod-i-f-i-cando el tamaño
 []

[15]
Overfull \hbox (1.01128pt too wide) in paragraph at lines 276--279
[]\T1/LinuxLibertineT-TLF/b/n/12 Idoneidad para en-tornos dinámi-cos: \T1/LinuxLibertineT-TLF/m/n/12 La rep-re-sentación vox-elizada puede ac-tu-alizarse
 []

[16] [17] [18]
<./images//Python_logo.png, id=294, 2569.6pt x 760.8425pt>
File: ./images//Python_logo.png Graphic file (type png)
<use ./images//Python_logo.png>
Package pdftex.def Info: ./images//Python_logo.png  used on input line 355.
(pdftex.def)             Requested size: 227.33716pt x 67.31192pt.
<./images//C++_logo.png, id=301, 1828.8325pt x 2058.69125pt>
File: ./images//C++_logo.png Graphic file (type png)
<use ./images//C++_logo.png>
Package pdftex.def Info: ./images//C++_logo.png  used on input line 367.
(pdftex.def)             Requested size: 90.93347pt x 102.34373pt.
 [19

 <./images//Python_logo.png>]
<./images//xml_logo.png, id=317, 2569.6pt x 999.735pt>
File: ./images//xml_logo.png Graphic file (type png)
<use ./images//xml_logo.png>
Package pdftex.def Info: ./images//xml_logo.png  used on input line 377.
(pdftex.def)             Requested size: 227.33716pt x 88.4468pt.
<./images//yaml_logo.png, id=325, 234.8775pt x 215.80624pt>
File: ./images//yaml_logo.png Graphic file (type png)
<use ./images//yaml_logo.png>
Package pdftex.def Info: ./images//yaml_logo.png  used on input line 388.
(pdftex.def)             Requested size: 90.93347pt x 83.54831pt.
 [20 <./images//C++_logo.png> <./images//xml_logo.png>]
<./images//cmake_logo.png, id=341, 225.84375pt x 225.84375pt>
File: ./images//cmake_logo.png Graphic file (type png)
<use ./images//cmake_logo.png>
Package pdftex.def Info: ./images//cmake_logo.png  used on input line 398.
(pdftex.def)             Requested size: 90.93347pt x 90.9355pt.
<./images//Latex_logo.png, id=345, 321.2pt x 321.2pt>
File: ./images//Latex_logo.png Graphic file (type png)
<use ./images//Latex_logo.png>
Package pdftex.def Info: ./images//Latex_logo.png  used on input line 406.
(pdftex.def)             Requested size: 90.93347pt x 90.93031pt.
 [21 <./images//yaml_logo.png> <./images//cmake_logo.png>] [22 <./images//Latex_logo.png>]
<./images//Ros2_humble.png, id=367, 633.94737pt x 773.09882pt>
File: ./images//Ros2_humble.png Graphic file (type png)
<use ./images//Ros2_humble.png>
Package pdftex.def Info: ./images//Ros2_humble.png  used on input line 438.
(pdftex.def)             Requested size: 90.93347pt x 110.88731pt.
 [23 <./images//Ros2_humble.png>]
<./images//Ubuntu_logo.jpg, id=377, 1284.8pt x 722.7pt>
File: ./images//Ubuntu_logo.jpg Graphic file (type jpg)
<use ./images//Ubuntu_logo.jpg>
Package pdftex.def Info: ./images//Ubuntu_logo.jpg  used on input line 461.
(pdftex.def)             Requested size: 136.40369pt x 76.7183pt.
<./images//Vs_code_logo.png, id=387, 315.1775pt x 161.60374pt>
File: ./images//Vs_code_logo.png Graphic file (type png)
<use ./images//Vs_code_logo.png>
Package pdftex.def Info: ./images//Vs_code_logo.png  used on input line 471.
(pdftex.def)             Requested size: 136.40369pt x 69.9395pt.


LaTeX Warning: `h' float specifier changed to `ht'.

[24 <./images//Ubuntu_logo.jpg>]
<./images//Github_logo.png, id=397, 321.2pt x 321.2pt>
File: ./images//Github_logo.png Graphic file (type png)
<use ./images//Github_logo.png>
Package pdftex.def Info: ./images//Github_logo.png  used on input line 480.
(pdftex.def)             Requested size: 90.93347pt x 90.93031pt.
<./images//Jupyter_logo.png, id=403, 602.25pt x 602.25pt>
File: ./images//Jupyter_logo.png Graphic file (type png)
<use ./images//Jupyter_logo.png>
Package pdftex.def Info: ./images//Jupyter_logo.png  used on input line 490.
(pdftex.def)             Requested size: 90.93347pt x 90.93092pt.


LaTeX Warning: `h' float specifier changed to `ht'.

[25 <./images//Vs_code_logo.png> <./images//Github_logo.png>]
<./images//Terminator.png, id=419, 349.305pt x 349.305pt>
File: ./images//Terminator.png Graphic file (type png)
<use ./images//Terminator.png>
Package pdftex.def Info: ./images//Terminator.png  used on input line 501.
(pdftex.def)             Requested size: 90.93347pt x 90.9344pt.
 [26 <./images//Jupyter_logo.png> <./images//Terminator.png>]
LaTeX Font Info:    Font shape `T1/LinuxLibertineT-TLF/m/it' will be
(Font)              scaled to size 12.0pt on input line 522.
 [27

]
LaTeX Font Info:    Font shape `T1/LinuxLibertineT-TLF/b/it' will be
(Font)              scaled to size 12.0pt on input line 532.
 [28]
Overfull \hbox (3.10948pt too wide) in paragraph at lines 567--569
[]\T1/LinuxLibertineT-TLF/b/n/12 Inicialización de vari-ables aux-il-iares para la eje-cu-ción\T1/LinuxLibertineT-TLF/m/n/12 : Es nece-sario ini-cializar
 []


Overfull \hbox (17.37643pt too wide) in paragraph at lines 570--572
[]\T1/LinuxLibertineT-TLF/b/n/12 Respuestas provo-cadas por la re-cep-ción de men-sajes a través del tópico ''new_pose''\T1/LinuxLibertineT-TLF/m/n/12 :
 []

[29]
<./images//rosbag_output.png, id=453, 1198.4775pt x 596.2275pt>
File: ./images//rosbag_output.png Graphic file (type png)
<use ./images//rosbag_output.png>
Package pdftex.def Info: ./images//rosbag_output.png  used on input line 584.
(pdftex.def)             Requested size: 318.27063pt x 158.33615pt.
 [30 <./images//rosbag_output.png>] [31]
Overfull \hbox (15.34843pt too wide) in paragraph at lines 632--635
[]\T1/LinuxLibertineT-TLF/b/n/12 Respuestas provo-cadas por la re-cep-ción de men-sajes a través del tópico ''clean_pcl''\T1/LinuxLibertineT-TLF/m/n/12 :
 []

<./images//noisy_pcl.png, id=469, 2734.215pt x 853.1875pt>
File: ./images//noisy_pcl.png Graphic file (type png)
<use ./images//noisy_pcl.png>
Package pdftex.def Info: ./images//noisy_pcl.png  used on input line 638.
(pdftex.def)             Requested size: 454.67433pt x 141.87643pt.
[32 <./images//noisy_pcl.png>] [33]
<./images//preprocessed_pcl.png, id=483, 3056.41875pt x 914.41624pt>
File: ./images//preprocessed_pcl.png Graphic file (type png)
<use ./images//preprocessed_pcl.png>
Package pdftex.def Info: ./images//preprocessed_pcl.png  used on input line 681.
(pdftex.def)             Requested size: 454.67433pt x 136.02634pt.
 [34 <./images//preprocessed_pcl.png>]
Overfull \hbox (12.21194pt too wide) in paragraph at lines 703--705
[]\T1/LinuxLibertineT-TLF/b/n/12 Inicialización: \T1/LinuxLibertineT-TLF/m/n/12 Se es-tablece una es-ti-mación ini-cial de la trans-for-ma-ción $\OT1/cmr/m/n/12 (\OT1/cmr/bx/n/12 R[]\OML/cmm/m/it/12 ; \OT1/cmr/bx/n/12 t[]\OT1/cmr/m/n/12 )$\T1/LinuxLibertineT-TLF/m/n/12 ,
 []


Overfull \hbox (21.25732pt too wide) in paragraph at lines 735--736
[]\T1/LinuxLibertineT-TLF/b/n/12 Transformación: \T1/LinuxLibertineT-TLF/m/n/12 Ac-tu-alizar la nube fuente apli-cando la trans-for-ma-ción obtenida. 
 []

[35]
<./images//misaligned_frames.png, id=507, 2729.19624pt x 838.13126pt>
File: ./images//misaligned_frames.png Graphic file (type png)
<use ./images//misaligned_frames.png>
Package pdftex.def Info: ./images//misaligned_frames.png  used on input line 763.
(pdftex.def)             Requested size: 454.67433pt x 139.62851pt.


LaTeX Warning: `h' float specifier changed to `ht'.

<./images//aligned_frames.png, id=508, 2582.64874pt x 894.34125pt>
File: ./images//aligned_frames.png Graphic file (type png)
<use ./images//aligned_frames.png>
Package pdftex.def Info: ./images//aligned_frames.png  used on input line 769.
(pdftex.def)             Requested size: 454.67433pt x 157.44002pt.

LaTeX Warning: `h' float specifier changed to `ht'.

[36] [37 <./images//misaligned_frames.png> <./images//aligned_frames.png>]
LaTeX Font Info:    Font shape `T1/LinuxLibertineT-TLF/m/n' will be
(Font)              scaled to size 8.0pt on input line 785.
LaTeX Font Info:    Font shape `T1/LinuxLibertineT-TLF/m/n' will be
(Font)              scaled to size 6.0pt on input line 785.
 [38]
Overfull \hbox (12.51643pt too wide) in paragraph at lines 833--836
[]\T1/LinuxLibertineT-TLF/b/n/12 Respuestas provo-cadas por la re-cep-ción de men-sajes a través del tópico ''clean_pcl''
 []

[39]
Overfull \hbox (18.42111pt too wide) in paragraph at lines 839--843
\T1/LinuxLibertineT-TLF/m/n/12 Aquí se trans-forma desde el tipo ''Point-Cloud2'' a ''open3d.geometry.PointCloud()'',
 []


Overfull \hbox (18.84111pt too wide) in paragraph at lines 850--854
\T1/LinuxLibertineT-TLF/m/n/12 nube se trans-forma desde el tipo ''Point-Cloud2'' a ''open3d.geometry.PointCloud()'',
 []

[40]
Overfull \hbox (3.59291pt too wide) in paragraph at lines 870--878
[]\T1/LinuxLibertineT-TLF/b/n/12 Evaluación de fo-tograma clave: \T1/LinuxLibertineT-TLF/m/n/12 Si la eval-u-ación an-te-rior no ha cumplido
 []

[41]
Overfull \hbox (9.94882pt too wide) in paragraph at lines 889--898
\T1/LinuxLibertineT-TLF/m/n/12 que per-mite al-ma-ce-nar y con-sul-tar in-for-ma-ción es-pa-cial de man-era efi-ciente. Para este propósito,
 []

[42] [43]
Overfull \hbox (0.89212pt too wide) in paragraph at lines 943--945
[]\T1/LinuxLibertineT-TLF/b/n/12 Operaciones prin-ci-pales\T1/LinuxLibertineT-TLF/m/n/12 : Además de in-ser-ción y con-sulta, Bonxai [[]4[]] so-porta it-eración
 []


Overfull \hbox (9.43246pt too wide) in paragraph at lines 962--966
[]\T1/LinuxLibertineT-TLF/b/n/12 Respuestas provo-cadas por la re-cep-ción de men-sajes a través del tópico ''new_pcl''\T1/LinuxLibertineT-TLF/m/n/12 :
 []

[44]
<./images//Diagrama.png, id=570, 1185.42876pt x 310.15875pt>
File: ./images//Diagrama.png Graphic file (type png)
<use ./images//Diagrama.png>
Package pdftex.def Info: ./images//Diagrama.png  used on input line 972.
(pdftex.def)             Requested size: 454.67433pt x 118.95952pt.
 [45 <./images//Diagrama.png>] [46] [47

] [48]
<./images//ate_clean.png, id=618, 411.2163pt x 327.3831pt>
File: ./images//ate_clean.png Graphic file (type png)
<use ./images//ate_clean.png>
Package pdftex.def Info: ./images//ate_clean.png  used on input line 1059.
(pdftex.def)             Requested size: 272.80737pt x 217.20248pt.
<./images//ate_noisy.png, id=623, 411.2163pt x 327.3831pt>
File: ./images//ate_noisy.png Graphic file (type png)
<use ./images//ate_noisy.png>
Package pdftex.def Info: ./images//ate_noisy.png  used on input line 1070.
(pdftex.def)             Requested size: 272.80737pt x 217.20248pt.


LaTeX Warning: `h' float specifier changed to `ht'.

[49 <./images//ate_clean.png>] [50 <./images//ate_noisy.png>] [51]
Underfull \hbox (badness 10000) in paragraph at lines 1140--1141

 []

<./images//rpe_clean.png, id=661, 412.6617pt x 327.3831pt>
File: ./images//rpe_clean.png Graphic file (type png)
<use ./images//rpe_clean.png>
Package pdftex.def Info: ./images//rpe_clean.png  used on input line 1144.
(pdftex.def)             Requested size: 268.25618pt x 212.82146pt.
<./images//rpe_noisy.png, id=662, 413.3844pt x 327.3831pt>
File: ./images//rpe_noisy.png Graphic file (type png)
<use ./images//rpe_noisy.png>
Package pdftex.def Info: ./images//rpe_noisy.png  used on input line 1150.
(pdftex.def)             Requested size: 268.25618pt x 212.4518pt.

Underfull \hbox (badness 10000) in paragraph at lines 1157--1162

 []

[52 <./images//rpe_clean.png> <./images//rpe_noisy.png>] [53]
<./images//kitty_clean.png, id=689, 614.295pt x 338.2236pt>
File: ./images//kitty_clean.png Graphic file (type png)
<use ./images//kitty_clean.png>
Package pdftex.def Info: ./images//kitty_clean.png  used on input line 1205.
(pdftex.def)             Requested size: 363.74084pt x 200.27272pt.
<./images//kitty_noisy.png, id=691, 614.295pt x 338.2236pt>
File: ./images//kitty_noisy.png Graphic file (type png)
<use ./images//kitty_noisy.png>
Package pdftex.def Info: ./images//kitty_noisy.png  used on input line 1216.
(pdftex.def)             Requested size: 363.74084pt x 200.27272pt.


LaTeX Warning: `h' float specifier changed to `ht'.

[54 <./images//kitty_clean.png>]
Underfull \hbox (badness 10000) in paragraph at lines 1222--1231

 []


Underfull \vbox (badness 1281) has occurred while \output is active []

 [55 <./images//kitty_noisy.png>]
<./images//full_path.png, id=716, 822.07124pt x 451.6875pt>
File: ./images//full_path.png Graphic file (type png)
<use ./images//full_path.png>
Package pdftex.def Info: ./images//full_path.png  used on input line 1241.
(pdftex.def)             Requested size: 454.67433pt x 249.8211pt.
 [56 <./images//full_path.png>]
<./images//chamfer_clean.png, id=733, 627.3036pt x 282.5757pt>
File: ./images//chamfer_clean.png Graphic file (type png)
<use ./images//chamfer_clean.png>
Package pdftex.def Info: ./images//chamfer_clean.png  used on input line 1297.
(pdftex.def)             Requested size: 454.67433pt x 204.81685pt.


LaTeX Warning: `h' float specifier changed to `ht'.

[57]
<./images//chamfer_noisy.png, id=744, 630.9171pt x 282.5757pt>
File: ./images//chamfer_noisy.png Graphic file (type png)
<use ./images//chamfer_noisy.png>
Package pdftex.def Info: ./images//chamfer_noisy.png  used on input line 1308.
(pdftex.def)             Requested size: 454.67433pt x 203.63974pt.
 [58 <./images//chamfer_clean.png> <./images//chamfer_noisy.png>] [59] [60] [61]
<./images//ed_clean.png, id=801, 425.6703pt x 327.3831pt>
File: ./images//ed_clean.png Graphic file (type png)
<use ./images//ed_clean.png>
Package pdftex.def Info: ./images//ed_clean.png  used on input line 1429.
(pdftex.def)             Requested size: 272.80737pt x 209.8192pt.


LaTeX Warning: `h' float specifier changed to `ht'.

[62]
<./images//ed_noisy.png, id=810, 430.7292pt x 327.3831pt>
File: ./images//ed_noisy.png Graphic file (type png)
<use ./images//ed_noisy.png>
Package pdftex.def Info: ./images//ed_noisy.png  used on input line 1442.
(pdftex.def)             Requested size: 272.80737pt x 207.35144pt.
 [63 <./images//ed_clean.png> <./images//ed_noisy.png>]
<./images//map_clean.png, id=824, 1472.50125pt x 758.835pt>
File: ./images//map_clean.png Graphic file (type png)
<use ./images//map_clean.png>
Package pdftex.def Info: ./images//map_clean.png  used on input line 1467.
(pdftex.def)             Requested size: 454.67433pt x 234.3101pt.


LaTeX Warning: `h' float specifier changed to `ht'.

<./images//map_noisy.png, id=825, 1472.50125pt x 758.835pt>
File: ./images//map_noisy.png Graphic file (type png)
<use ./images//map_noisy.png>
Package pdftex.def Info: ./images//map_noisy.png  used on input line 1473.
(pdftex.def)             Requested size: 454.67433pt x 234.3101pt.

LaTeX Warning: `h' float specifier changed to `ht'.

[64] [65 <./images//map_clean.png> <./images//map_noisy.png>] [66

] [67] (./main.bbl [68]
LaTeX Font Info:    Trying to load font information for T1+LinuxLibertineMonoT-TLF on input line 19.
 (/usr/share/texlive/texmf-dist/tex/latex/libertine/T1LinuxLibertineMonoT-TLF.fd
File: T1LinuxLibertineMonoT-TLF.fd 2019/05/20 (autoinst) Font definitions for T1/LinuxLibertineMonoT-TLF.
)
LaTeX Font Info:    Font shape `T1/LinuxLibertineMonoT-TLF/m/n' in size <12> not available
(Font)              Font shape `T1/LinuxLibertineMonoT-TLF/regular/n' tried instead on input line 19.
LaTeX Font Info:    Font shape `T1/LinuxLibertineMonoT-TLF/regular/n' will be
(Font)              scaled to size 12.0pt on input line 19.
 [69

]
LaTeX Font Info:    Font shape `T1/LinuxLibertineT-TLF/m/it' will be
(Font)              scaled to size 8.0pt on input line 67.
 [70]) [71] [72

]

pdfTeX warning: pdflatex (file ./contraportada.pdf): PDF inclusion: found PDF version <1.7>, but at most version <1.5> allowed
<contraportada.pdf, id=881, 597.23125pt x 845.1575pt>
File: contraportada.pdf Graphic file (type pdf)
<use contraportada.pdf>
Package pdftex.def Info: contraportada.pdf  used on input line 1504.
(pdftex.def)             Requested size: 597.22978pt x 845.15544pt.


pdfTeX warning: pdflatex (file ./contraportada.pdf): PDF inclusion: found PDF version <1.7>, but at most version <1.5> allowed
File: contraportada.pdf Graphic file (type pdf)
<use contraportada.pdf>
Package pdftex.def Info: contraportada.pdf  used on input line 1504.
(pdftex.def)             Requested size: 597.22978pt x 845.15544pt.


pdfTeX warning: pdflatex (file ./contraportada.pdf): PDF inclusion: found PDF version <1.7>, but at most version <1.5> allowed


pdfTeX warning: pdflatex (file ./contraportada.pdf): PDF inclusion: found PDF version <1.7>, but at most version <1.5> allowed
<contraportada.pdf, id=884, page=1, 597.23125pt x 845.1575pt>
File: contraportada.pdf Graphic file (type pdf)
<use contraportada.pdf, page 1>
Package pdftex.def Info: contraportada.pdf , page1 used on input line 1504.
(pdftex.def)             Requested size: 597.22978pt x 845.15544pt.
[73]
File: contraportada.pdf Graphic file (type pdf)
<use contraportada.pdf, page 1>
Package pdftex.def Info: contraportada.pdf , page1 used on input line 1504.
(pdftex.def)             Requested size: 597.22978pt x 845.15544pt.
File: contraportada.pdf Graphic file (type pdf)
<use contraportada.pdf, page 1>
Package pdftex.def Info: contraportada.pdf , page1 used on input line 1504.
(pdftex.def)             Requested size: 597.22978pt x 845.15544pt.
File: contraportada.pdf Graphic file (type pdf)
<use contraportada.pdf, page 1>
Package pdftex.def Info: contraportada.pdf , page1 used on input line 1504.
(pdftex.def)             Requested size: 597.22978pt x 845.15544pt.
 [74 <./contraportada.pdf>] (./main.aux)
Package rerunfilecheck Info: File `main.out' has not changed.
(rerunfilecheck)             Checksum: 74EDA50CF9BED98FCB6BAEC4E3BFE9FD;5355.
 ) 
Here is how much of TeX's memory you used:
 14276 strings out of 480171
 230983 string characters out of 5894490
 507716 words of memory out of 5000000
 31716 multiletter control sequences out of 15000+600000
 544131 words of font info for 76 fonts, out of 8000000 for 9000
 59 hyphenation exceptions out of 8191
 85i,17n,90p,445b,615s stack positions out of 5000i,500n,10000p,200000b,80000s
{/usr/share/texlive/texmf-dist/fonts/enc/dvips/libertine/lbtn_dhi6qf.enc}{/usr/share/texlive/texmf-dist/fonts/enc/dvips/libertine/lbtn_ki75ao.enc}{/usr/share/texlive/texmf-dist/fonts/enc/dvips/libertine/lbtn_7grukw.enc}{/usr/share/texlive/texmf-dist/fonts/enc/dvips/libertine/lbtn_naooyc.enc}{/usr/share/texlive/texmf-dist/fonts/enc/dvips/libertine/lbtn_76gpa5.enc}{/usr/share/texlive/texmf-dist/fonts/enc/dvips/libertine/lbtn_nh77jq.enc}</usr/share/texlive/texmf-dist/fonts/type1/public/libertine/LinLibertineMT.pfb></usr/share/texlive/texmf-dist/fonts/type1/public/libertine/LinLibertineT.pfb></usr/share/texlive/texmf-dist/fonts/type1/public/libertine/LinLibertineTB.pfb></usr/share/texlive/texmf-dist/fonts/type1/public/libertine/LinLibertineTBI.pfb></usr/share/texlive/texmf-dist/fonts/type1/public/libertine/LinLibertineTI.pfb></usr/share/texlive/texmf-dist/fonts/type1/public/amsfonts/cm/cmbx12.pfb></usr/share/texlive/texmf-dist/fonts/type1/public/amsfonts/cm/cmbx8.pfb></usr/share/texlive/texmf-dist/fonts/type1/public/amsfonts/cm/cmex10.pfb></usr/share/texlive/texmf-dist/fonts/type1/public/amsfonts/cm/cmmi12.pfb></usr/share/texlive/texmf-dist/fonts/type1/public/amsfonts/cm/cmmi6.pfb></usr/share/texlive/texmf-dist/fonts/type1/public/amsfonts/cm/cmmi8.pfb></usr/share/texlive/texmf-dist/fonts/type1/public/amsfonts/cm/cmr12.pfb></usr/share/texlive/texmf-dist/fonts/type1/public/amsfonts/cm/cmr6.pfb></usr/share/texlive/texmf-dist/fonts/type1/public/amsfonts/cm/cmr8.pfb></usr/share/texlive/texmf-dist/fonts/type1/public/amsfonts/cm/cmsy10.pfb></usr/share/texlive/texmf-dist/fonts/type1/public/amsfonts/cm/cmsy8.pfb></usr/share/texlive/texmf-dist/fonts/type1/public/amsfonts/symbols/msbm10.pfb>
Output written on main.pdf (74 pages, 6629025 bytes).
PDF statistics:
 1041 PDF objects out of 1200 (max. 8388607)
 837 compressed objects within 9 object streams
 226 named destinations out of 1000 (max. 500000)
 419 words of extra memory for PDF output out of 10000 (max. 10000000)

