[0.075s] DEBUG:colcon:Command line arguments: ['/usr/bin/colcon', 'build']
[0.075s] DEBUG:colcon:Parsed command line arguments: Namespace(log_base=None, log_level=None, verb_name='build', build_base='build', install_base='install', merge_install=False, symlink_install=False, test_result_base=None, continue_on_error=False, executor='parallel', parallel_workers=16, event_handlers=None, ignore_user_meta=False, metas=['./colcon.meta'], base_paths=['.'], packages_ignore=None, packages_ignore_regex=None, paths=None, packages_up_to=None, packages_up_to_regex=None, packages_above=None, packages_above_and_dependencies=None, packages_above_depth=None, packages_select_by_dep=None, packages_skip_by_dep=None, packages_skip_up_to=None, packages_select_build_failed=False, packages_skip_build_finished=False, packages_select_test_failures=False, packages_skip_test_passed=False, packages_select=None, packages_skip=None, packages_select_regex=None, packages_skip_regex=None, packages_start=None, packages_end=None, allow_overriding=[], cmake_args=None, cmake_target=None, cmake_target_skip_unavailable=False, cmake_clean_cache=False, cmake_clean_first=False, cmake_force_configure=False, ament_cmake_args=None, catkin_cmake_args=None, catkin_skip_building_tests=False, verb_parser=<colcon_defaults.argument_parser.defaults.DefaultArgumentsDecorator object at 0x7d73af4480a0>, verb_extension=<colcon_core.verb.build.BuildVerb object at 0x7d73af5713f0>, main=<bound method BuildVerb.main of <colcon_core.verb.build.BuildVerb object at 0x7d73af5713f0>>)
[0.208s] Level 1:colcon.colcon_core.package_discovery:discover_packages(colcon_meta) check parameters
[0.208s] Level 1:colcon.colcon_core.package_discovery:discover_packages(recursive) check parameters
[0.208s] Level 1:colcon.colcon_core.package_discovery:discover_packages(ignore) check parameters
[0.208s] Level 1:colcon.colcon_core.package_discovery:discover_packages(path) check parameters
[0.208s] Level 1:colcon.colcon_core.package_discovery:discover_packages(colcon_meta) discover
[0.208s] Level 1:colcon.colcon_core.package_discovery:discover_packages(recursive) discover
[0.208s] INFO:colcon.colcon_core.package_discovery:Crawling recursively for packages in '/home/pablo-portatil/GITHUB/TFG/project_ws'
[0.208s] Level 1:colcon.colcon_core.package_identification:_identify(.) by extensions ['ignore', 'ignore_ament_install']
[0.208s] Level 1:colcon.colcon_core.package_identification:_identify(.) by extension 'ignore'
[0.208s] Level 1:colcon.colcon_core.package_identification:_identify(.) by extension 'ignore_ament_install'
[0.208s] Level 1:colcon.colcon_core.package_identification:_identify(.) by extensions ['colcon_pkg']
[0.208s] Level 1:colcon.colcon_core.package_identification:_identify(.) by extension 'colcon_pkg'
[0.208s] Level 1:colcon.colcon_core.package_identification:_identify(.) by extensions ['colcon_meta']
[0.208s] Level 1:colcon.colcon_core.package_identification:_identify(.) by extension 'colcon_meta'
[0.209s] Level 1:colcon.colcon_core.package_identification:_identify(.) by extensions ['ros']
[0.209s] Level 1:colcon.colcon_core.package_identification:_identify(.) by extension 'ros'
[0.219s] Level 1:colcon.colcon_core.package_identification:_identify(.) by extensions ['cmake', 'python']
[0.219s] Level 1:colcon.colcon_core.package_identification:_identify(.) by extension 'cmake'
[0.219s] Level 1:colcon.colcon_core.package_identification:_identify(.) by extension 'python'
[0.219s] Level 1:colcon.colcon_core.package_identification:_identify(.) by extensions ['python_setup_py']
[0.219s] Level 1:colcon.colcon_core.package_identification:_identify(.) by extension 'python_setup_py'
[0.219s] Level 1:colcon.colcon_core.package_identification:_identify(build) by extensions ['ignore', 'ignore_ament_install']
[0.219s] Level 1:colcon.colcon_core.package_identification:_identify(build) by extension 'ignore'
[0.219s] Level 1:colcon.colcon_core.package_identification:_identify(build) ignored
[0.220s] Level 1:colcon.colcon_core.package_identification:_identify(install) by extensions ['ignore', 'ignore_ament_install']
[0.220s] Level 1:colcon.colcon_core.package_identification:_identify(install) by extension 'ignore'
[0.220s] Level 1:colcon.colcon_core.package_identification:_identify(install) ignored
[0.220s] Level 1:colcon.colcon_core.package_identification:_identify(log) by extensions ['ignore', 'ignore_ament_install']
[0.220s] Level 1:colcon.colcon_core.package_identification:_identify(log) by extension 'ignore'
[0.220s] Level 1:colcon.colcon_core.package_identification:_identify(log) ignored
[0.220s] Level 1:colcon.colcon_core.package_identification:_identify(src) by extensions ['ignore', 'ignore_ament_install']
[0.220s] Level 1:colcon.colcon_core.package_identification:_identify(src) by extension 'ignore'
[0.220s] Level 1:colcon.colcon_core.package_identification:_identify(src) by extension 'ignore_ament_install'
[0.220s] Level 1:colcon.colcon_core.package_identification:_identify(src) by extensions ['colcon_pkg']
[0.220s] Level 1:colcon.colcon_core.package_identification:_identify(src) by extension 'colcon_pkg'
[0.220s] Level 1:colcon.colcon_core.package_identification:_identify(src) by extensions ['colcon_meta']
[0.220s] Level 1:colcon.colcon_core.package_identification:_identify(src) by extension 'colcon_meta'
[0.220s] Level 1:colcon.colcon_core.package_identification:_identify(src) by extensions ['ros']
[0.220s] Level 1:colcon.colcon_core.package_identification:_identify(src) by extension 'ros'
[0.220s] Level 1:colcon.colcon_core.package_identification:_identify(src) by extensions ['cmake', 'python']
[0.220s] Level 1:colcon.colcon_core.package_identification:_identify(src) by extension 'cmake'
[0.220s] Level 1:colcon.colcon_core.package_identification:_identify(src) by extension 'python'
[0.220s] Level 1:colcon.colcon_core.package_identification:_identify(src) by extensions ['python_setup_py']
[0.220s] Level 1:colcon.colcon_core.package_identification:_identify(src) by extension 'python_setup_py'
[0.221s] Level 1:colcon.colcon_core.package_identification:_identify(src/Bonxai) by extensions ['ignore', 'ignore_ament_install']
[0.221s] Level 1:colcon.colcon_core.package_identification:_identify(src/Bonxai) by extension 'ignore'
[0.221s] Level 1:colcon.colcon_core.package_identification:_identify(src/Bonxai) by extension 'ignore_ament_install'
[0.221s] Level 1:colcon.colcon_core.package_identification:_identify(src/Bonxai) by extensions ['colcon_pkg']
[0.221s] Level 1:colcon.colcon_core.package_identification:_identify(src/Bonxai) by extension 'colcon_pkg'
[0.221s] Level 1:colcon.colcon_core.package_identification:_identify(src/Bonxai) by extensions ['colcon_meta']
[0.221s] Level 1:colcon.colcon_core.package_identification:_identify(src/Bonxai) by extension 'colcon_meta'
[0.221s] Level 1:colcon.colcon_core.package_identification:_identify(src/Bonxai) by extensions ['ros']
[0.221s] Level 1:colcon.colcon_core.package_identification:_identify(src/Bonxai) by extension 'ros'
[0.223s] DEBUG:colcon.colcon_core.package_identification:Package 'src/Bonxai' with type 'ros.ament_cmake' and name 'bonxai_ros'
[0.223s] Level 1:colcon.colcon_core.package_identification:_identify(src/location_controller) by extensions ['ignore', 'ignore_ament_install']
[0.223s] Level 1:colcon.colcon_core.package_identification:_identify(src/location_controller) by extension 'ignore'
[0.223s] Level 1:colcon.colcon_core.package_identification:_identify(src/location_controller) by extension 'ignore_ament_install'
[0.223s] Level 1:colcon.colcon_core.package_identification:_identify(src/location_controller) by extensions ['colcon_pkg']
[0.223s] Level 1:colcon.colcon_core.package_identification:_identify(src/location_controller) by extension 'colcon_pkg'
[0.223s] Level 1:colcon.colcon_core.package_identification:_identify(src/location_controller) by extensions ['colcon_meta']
[0.223s] Level 1:colcon.colcon_core.package_identification:_identify(src/location_controller) by extension 'colcon_meta'
[0.223s] Level 1:colcon.colcon_core.package_identification:_identify(src/location_controller) by extensions ['ros']
[0.223s] Level 1:colcon.colcon_core.package_identification:_identify(src/location_controller) by extension 'ros'
[0.224s] DEBUG:colcon.colcon_core.package_identification:Package 'src/location_controller' with type 'ros.ament_python' and name 'location_controller'
[0.224s] Level 1:colcon.colcon_core.package_identification:_identify(src/mapping_controller) by extensions ['ignore', 'ignore_ament_install']
[0.225s] Level 1:colcon.colcon_core.package_identification:_identify(src/mapping_controller) by extension 'ignore'
[0.225s] Level 1:colcon.colcon_core.package_identification:_identify(src/mapping_controller) by extension 'ignore_ament_install'
[0.225s] Level 1:colcon.colcon_core.package_identification:_identify(src/mapping_controller) by extensions ['colcon_pkg']
[0.225s] Level 1:colcon.colcon_core.package_identification:_identify(src/mapping_controller) by extension 'colcon_pkg'
[0.225s] Level 1:colcon.colcon_core.package_identification:_identify(src/mapping_controller) by extensions ['colcon_meta']
[0.225s] Level 1:colcon.colcon_core.package_identification:_identify(src/mapping_controller) by extension 'colcon_meta'
[0.225s] Level 1:colcon.colcon_core.package_identification:_identify(src/mapping_controller) by extensions ['ros']
[0.225s] Level 1:colcon.colcon_core.package_identification:_identify(src/mapping_controller) by extension 'ros'
[0.225s] DEBUG:colcon.colcon_core.package_identification:Package 'src/mapping_controller' with type 'ros.ament_python' and name 'mapping_controller'
[0.225s] Level 1:colcon.colcon_core.package_identification:_identify(src/metrics) by extensions ['ignore', 'ignore_ament_install']
[0.226s] Level 1:colcon.colcon_core.package_identification:_identify(src/metrics) by extension 'ignore'
[0.226s] Level 1:colcon.colcon_core.package_identification:_identify(src/metrics) by extension 'ignore_ament_install'
[0.226s] Level 1:colcon.colcon_core.package_identification:_identify(src/metrics) by extensions ['colcon_pkg']
[0.226s] Level 1:colcon.colcon_core.package_identification:_identify(src/metrics) by extension 'colcon_pkg'
[0.226s] Level 1:colcon.colcon_core.package_identification:_identify(src/metrics) by extensions ['colcon_meta']
[0.226s] Level 1:colcon.colcon_core.package_identification:_identify(src/metrics) by extension 'colcon_meta'
[0.226s] Level 1:colcon.colcon_core.package_identification:_identify(src/metrics) by extensions ['ros']
[0.226s] Level 1:colcon.colcon_core.package_identification:_identify(src/metrics) by extension 'ros'
[0.226s] Level 1:colcon.colcon_core.package_identification:_identify(src/metrics) by extensions ['cmake', 'python']
[0.226s] Level 1:colcon.colcon_core.package_identification:_identify(src/metrics) by extension 'cmake'
[0.226s] Level 1:colcon.colcon_core.package_identification:_identify(src/metrics) by extension 'python'
[0.226s] Level 1:colcon.colcon_core.package_identification:_identify(src/metrics) by extensions ['python_setup_py']
[0.226s] Level 1:colcon.colcon_core.package_identification:_identify(src/metrics) by extension 'python_setup_py'
[0.226s] Level 1:colcon.colcon_core.package_identification:_identify(src/recordings) by extensions ['ignore', 'ignore_ament_install']
[0.226s] Level 1:colcon.colcon_core.package_identification:_identify(src/recordings) by extension 'ignore'
[0.226s] Level 1:colcon.colcon_core.package_identification:_identify(src/recordings) by extension 'ignore_ament_install'
[0.226s] Level 1:colcon.colcon_core.package_identification:_identify(src/recordings) by extensions ['colcon_pkg']
[0.226s] Level 1:colcon.colcon_core.package_identification:_identify(src/recordings) by extension 'colcon_pkg'
[0.226s] Level 1:colcon.colcon_core.package_identification:_identify(src/recordings) by extensions ['colcon_meta']
[0.226s] Level 1:colcon.colcon_core.package_identification:_identify(src/recordings) by extension 'colcon_meta'
[0.226s] Level 1:colcon.colcon_core.package_identification:_identify(src/recordings) by extensions ['ros']
[0.226s] Level 1:colcon.colcon_core.package_identification:_identify(src/recordings) by extension 'ros'
[0.226s] Level 1:colcon.colcon_core.package_identification:_identify(src/recordings) by extensions ['cmake', 'python']
[0.226s] Level 1:colcon.colcon_core.package_identification:_identify(src/recordings) by extension 'cmake'
[0.226s] Level 1:colcon.colcon_core.package_identification:_identify(src/recordings) by extension 'python'
[0.226s] Level 1:colcon.colcon_core.package_identification:_identify(src/recordings) by extensions ['python_setup_py']
[0.226s] Level 1:colcon.colcon_core.package_identification:_identify(src/recordings) by extension 'python_setup_py'
[0.226s] Level 1:colcon.colcon_core.package_identification:_identify(src/recordings/calculated_pose) by extensions ['ignore', 'ignore_ament_install']
[0.226s] Level 1:colcon.colcon_core.package_identification:_identify(src/recordings/calculated_pose) by extension 'ignore'
[0.226s] Level 1:colcon.colcon_core.package_identification:_identify(src/recordings/calculated_pose) by extension 'ignore_ament_install'
[0.226s] Level 1:colcon.colcon_core.package_identification:_identify(src/recordings/calculated_pose) by extensions ['colcon_pkg']
[0.226s] Level 1:colcon.colcon_core.package_identification:_identify(src/recordings/calculated_pose) by extension 'colcon_pkg'
[0.226s] Level 1:colcon.colcon_core.package_identification:_identify(src/recordings/calculated_pose) by extensions ['colcon_meta']
[0.226s] Level 1:colcon.colcon_core.package_identification:_identify(src/recordings/calculated_pose) by extension 'colcon_meta'
[0.226s] Level 1:colcon.colcon_core.package_identification:_identify(src/recordings/calculated_pose) by extensions ['ros']
[0.226s] Level 1:colcon.colcon_core.package_identification:_identify(src/recordings/calculated_pose) by extension 'ros'
[0.227s] Level 1:colcon.colcon_core.package_identification:_identify(src/recordings/calculated_pose) by extensions ['cmake', 'python']
[0.227s] Level 1:colcon.colcon_core.package_identification:_identify(src/recordings/calculated_pose) by extension 'cmake'
[0.227s] Level 1:colcon.colcon_core.package_identification:_identify(src/recordings/calculated_pose) by extension 'python'
[0.227s] Level 1:colcon.colcon_core.package_identification:_identify(src/recordings/calculated_pose) by extensions ['python_setup_py']
[0.227s] Level 1:colcon.colcon_core.package_identification:_identify(src/recordings/calculated_pose) by extension 'python_setup_py'
[0.227s] Level 1:colcon.colcon_core.package_identification:_identify(src/recordings/calculated_pose_old) by extensions ['ignore', 'ignore_ament_install']
[0.227s] Level 1:colcon.colcon_core.package_identification:_identify(src/recordings/calculated_pose_old) by extension 'ignore'
[0.227s] Level 1:colcon.colcon_core.package_identification:_identify(src/recordings/calculated_pose_old) by extension 'ignore_ament_install'
[0.227s] Level 1:colcon.colcon_core.package_identification:_identify(src/recordings/calculated_pose_old) by extensions ['colcon_pkg']
[0.227s] Level 1:colcon.colcon_core.package_identification:_identify(src/recordings/calculated_pose_old) by extension 'colcon_pkg'
[0.227s] Level 1:colcon.colcon_core.package_identification:_identify(src/recordings/calculated_pose_old) by extensions ['colcon_meta']
[0.227s] Level 1:colcon.colcon_core.package_identification:_identify(src/recordings/calculated_pose_old) by extension 'colcon_meta'
[0.227s] Level 1:colcon.colcon_core.package_identification:_identify(src/recordings/calculated_pose_old) by extensions ['ros']
[0.227s] Level 1:colcon.colcon_core.package_identification:_identify(src/recordings/calculated_pose_old) by extension 'ros'
[0.227s] Level 1:colcon.colcon_core.package_identification:_identify(src/recordings/calculated_pose_old) by extensions ['cmake', 'python']
[0.227s] Level 1:colcon.colcon_core.package_identification:_identify(src/recordings/calculated_pose_old) by extension 'cmake'
[0.227s] Level 1:colcon.colcon_core.package_identification:_identify(src/recordings/calculated_pose_old) by extension 'python'
[0.227s] Level 1:colcon.colcon_core.package_identification:_identify(src/recordings/calculated_pose_old) by extensions ['python_setup_py']
[0.227s] Level 1:colcon.colcon_core.package_identification:_identify(src/recordings/calculated_pose_old) by extension 'python_setup_py'
[0.227s] Level 1:colcon.colcon_core.package_identification:_identify(src/recordings/original_pose) by extensions ['ignore', 'ignore_ament_install']
[0.227s] Level 1:colcon.colcon_core.package_identification:_identify(src/recordings/original_pose) by extension 'ignore'
[0.227s] Level 1:colcon.colcon_core.package_identification:_identify(src/recordings/original_pose) by extension 'ignore_ament_install'
[0.227s] Level 1:colcon.colcon_core.package_identification:_identify(src/recordings/original_pose) by extensions ['colcon_pkg']
[0.227s] Level 1:colcon.colcon_core.package_identification:_identify(src/recordings/original_pose) by extension 'colcon_pkg'
[0.227s] Level 1:colcon.colcon_core.package_identification:_identify(src/recordings/original_pose) by extensions ['colcon_meta']
[0.227s] Level 1:colcon.colcon_core.package_identification:_identify(src/recordings/original_pose) by extension 'colcon_meta'
[0.227s] Level 1:colcon.colcon_core.package_identification:_identify(src/recordings/original_pose) by extensions ['ros']
[0.227s] Level 1:colcon.colcon_core.package_identification:_identify(src/recordings/original_pose) by extension 'ros'
[0.227s] Level 1:colcon.colcon_core.package_identification:_identify(src/recordings/original_pose) by extensions ['cmake', 'python']
[0.227s] Level 1:colcon.colcon_core.package_identification:_identify(src/recordings/original_pose) by extension 'cmake'
[0.227s] Level 1:colcon.colcon_core.package_identification:_identify(src/recordings/original_pose) by extension 'python'
[0.227s] Level 1:colcon.colcon_core.package_identification:_identify(src/recordings/original_pose) by extensions ['python_setup_py']
[0.227s] Level 1:colcon.colcon_core.package_identification:_identify(src/recordings/original_pose) by extension 'python_setup_py'
[0.227s] Level 1:colcon.colcon_core.package_identification:_identify(src/recordings/original_pose_old) by extensions ['ignore', 'ignore_ament_install']
[0.228s] Level 1:colcon.colcon_core.package_identification:_identify(src/recordings/original_pose_old) by extension 'ignore'
[0.228s] Level 1:colcon.colcon_core.package_identification:_identify(src/recordings/original_pose_old) by extension 'ignore_ament_install'
[0.228s] Level 1:colcon.colcon_core.package_identification:_identify(src/recordings/original_pose_old) by extensions ['colcon_pkg']
[0.228s] Level 1:colcon.colcon_core.package_identification:_identify(src/recordings/original_pose_old) by extension 'colcon_pkg'
[0.228s] Level 1:colcon.colcon_core.package_identification:_identify(src/recordings/original_pose_old) by extensions ['colcon_meta']
[0.228s] Level 1:colcon.colcon_core.package_identification:_identify(src/recordings/original_pose_old) by extension 'colcon_meta'
[0.228s] Level 1:colcon.colcon_core.package_identification:_identify(src/recordings/original_pose_old) by extensions ['ros']
[0.228s] Level 1:colcon.colcon_core.package_identification:_identify(src/recordings/original_pose_old) by extension 'ros'
[0.228s] Level 1:colcon.colcon_core.package_identification:_identify(src/recordings/original_pose_old) by extensions ['cmake', 'python']
[0.228s] Level 1:colcon.colcon_core.package_identification:_identify(src/recordings/original_pose_old) by extension 'cmake'
[0.228s] Level 1:colcon.colcon_core.package_identification:_identify(src/recordings/original_pose_old) by extension 'python'
[0.228s] Level 1:colcon.colcon_core.package_identification:_identify(src/recordings/original_pose_old) by extensions ['python_setup_py']
[0.228s] Level 1:colcon.colcon_core.package_identification:_identify(src/recordings/original_pose_old) by extension 'python_setup_py'
[0.228s] Level 1:colcon.colcon_core.package_discovery:discover_packages(recursive) using defaults
[0.228s] Level 1:colcon.colcon_core.package_discovery:discover_packages(ignore) discover
[0.228s] Level 1:colcon.colcon_core.package_discovery:discover_packages(ignore) using defaults
[0.228s] Level 1:colcon.colcon_core.package_discovery:discover_packages(path) discover
[0.228s] Level 1:colcon.colcon_core.package_discovery:discover_packages(path) using defaults
[0.254s] Level 1:colcon.colcon_core.package_discovery:discover_packages(prefix_path) check parameters
[0.254s] Level 1:colcon.colcon_core.package_discovery:discover_packages(prefix_path) discover
[0.256s] DEBUG:colcon.colcon_installed_package_information.package_discovery:Found 3 installed packages in /home/pablo-portatil/GITHUB/TFG/project_ws/install
[0.257s] DEBUG:colcon.colcon_installed_package_information.package_discovery:Found 271 installed packages in /opt/ros/humble
[0.258s] Level 1:colcon.colcon_core.package_discovery:discover_packages(prefix_path) using defaults
[0.288s] Level 5:colcon.colcon_core.verb:set package 'bonxai_ros' build argument 'cmake_args' from command line to 'None'
[0.288s] Level 5:colcon.colcon_core.verb:set package 'bonxai_ros' build argument 'cmake_target' from command line to 'None'
[0.288s] Level 5:colcon.colcon_core.verb:set package 'bonxai_ros' build argument 'cmake_target_skip_unavailable' from command line to 'False'
[0.288s] Level 5:colcon.colcon_core.verb:set package 'bonxai_ros' build argument 'cmake_clean_cache' from command line to 'False'
[0.288s] Level 5:colcon.colcon_core.verb:set package 'bonxai_ros' build argument 'cmake_clean_first' from command line to 'False'
[0.288s] Level 5:colcon.colcon_core.verb:set package 'bonxai_ros' build argument 'cmake_force_configure' from command line to 'False'
[0.288s] Level 5:colcon.colcon_core.verb:set package 'bonxai_ros' build argument 'ament_cmake_args' from command line to 'None'
[0.288s] Level 5:colcon.colcon_core.verb:set package 'bonxai_ros' build argument 'catkin_cmake_args' from command line to 'None'
[0.288s] Level 5:colcon.colcon_core.verb:set package 'bonxai_ros' build argument 'catkin_skip_building_tests' from command line to 'False'
[0.288s] DEBUG:colcon.colcon_core.verb:Building package 'bonxai_ros' with the following arguments: {'ament_cmake_args': None, 'build_base': '/home/pablo-portatil/GITHUB/TFG/project_ws/build/bonxai_ros', 'catkin_cmake_args': None, 'catkin_skip_building_tests': False, 'cmake_args': None, 'cmake_clean_cache': False, 'cmake_clean_first': False, 'cmake_force_configure': False, 'cmake_target': None, 'cmake_target_skip_unavailable': False, 'install_base': '/home/pablo-portatil/GITHUB/TFG/project_ws/install/bonxai_ros', 'merge_install': False, 'path': '/home/pablo-portatil/GITHUB/TFG/project_ws/src/Bonxai', 'symlink_install': False, 'test_result_base': None}
[0.289s] Level 5:colcon.colcon_core.verb:set package 'location_controller' build argument 'cmake_args' from command line to 'None'
[0.289s] Level 5:colcon.colcon_core.verb:set package 'location_controller' build argument 'cmake_target' from command line to 'None'
[0.289s] Level 5:colcon.colcon_core.verb:set package 'location_controller' build argument 'cmake_target_skip_unavailable' from command line to 'False'
[0.289s] Level 5:colcon.colcon_core.verb:set package 'location_controller' build argument 'cmake_clean_cache' from command line to 'False'
[0.289s] Level 5:colcon.colcon_core.verb:set package 'location_controller' build argument 'cmake_clean_first' from command line to 'False'
[0.289s] Level 5:colcon.colcon_core.verb:set package 'location_controller' build argument 'cmake_force_configure' from command line to 'False'
[0.289s] Level 5:colcon.colcon_core.verb:set package 'location_controller' build argument 'ament_cmake_args' from command line to 'None'
[0.289s] Level 5:colcon.colcon_core.verb:set package 'location_controller' build argument 'catkin_cmake_args' from command line to 'None'
[0.289s] Level 5:colcon.colcon_core.verb:set package 'location_controller' build argument 'catkin_skip_building_tests' from command line to 'False'
[0.289s] DEBUG:colcon.colcon_core.verb:Building package 'location_controller' with the following arguments: {'ament_cmake_args': None, 'build_base': '/home/pablo-portatil/GITHUB/TFG/project_ws/build/location_controller', 'catkin_cmake_args': None, 'catkin_skip_building_tests': False, 'cmake_args': None, 'cmake_clean_cache': False, 'cmake_clean_first': False, 'cmake_force_configure': False, 'cmake_target': None, 'cmake_target_skip_unavailable': False, 'install_base': '/home/pablo-portatil/GITHUB/TFG/project_ws/install/location_controller', 'merge_install': False, 'path': '/home/pablo-portatil/GITHUB/TFG/project_ws/src/location_controller', 'symlink_install': False, 'test_result_base': None}
[0.289s] Level 5:colcon.colcon_core.verb:set package 'mapping_controller' build argument 'cmake_args' from command line to 'None'
[0.289s] Level 5:colcon.colcon_core.verb:set package 'mapping_controller' build argument 'cmake_target' from command line to 'None'
[0.289s] Level 5:colcon.colcon_core.verb:set package 'mapping_controller' build argument 'cmake_target_skip_unavailable' from command line to 'False'
[0.289s] Level 5:colcon.colcon_core.verb:set package 'mapping_controller' build argument 'cmake_clean_cache' from command line to 'False'
[0.289s] Level 5:colcon.colcon_core.verb:set package 'mapping_controller' build argument 'cmake_clean_first' from command line to 'False'
[0.289s] Level 5:colcon.colcon_core.verb:set package 'mapping_controller' build argument 'cmake_force_configure' from command line to 'False'
[0.289s] Level 5:colcon.colcon_core.verb:set package 'mapping_controller' build argument 'ament_cmake_args' from command line to 'None'
[0.290s] Level 5:colcon.colcon_core.verb:set package 'mapping_controller' build argument 'catkin_cmake_args' from command line to 'None'
[0.290s] Level 5:colcon.colcon_core.verb:set package 'mapping_controller' build argument 'catkin_skip_building_tests' from command line to 'False'
[0.290s] DEBUG:colcon.colcon_core.verb:Building package 'mapping_controller' with the following arguments: {'ament_cmake_args': None, 'build_base': '/home/pablo-portatil/GITHUB/TFG/project_ws/build/mapping_controller', 'catkin_cmake_args': None, 'catkin_skip_building_tests': False, 'cmake_args': None, 'cmake_clean_cache': False, 'cmake_clean_first': False, 'cmake_force_configure': False, 'cmake_target': None, 'cmake_target_skip_unavailable': False, 'install_base': '/home/pablo-portatil/GITHUB/TFG/project_ws/install/mapping_controller', 'merge_install': False, 'path': '/home/pablo-portatil/GITHUB/TFG/project_ws/src/mapping_controller', 'symlink_install': False, 'test_result_base': None}
[0.290s] INFO:colcon.colcon_core.executor:Executing jobs using 'parallel' executor
[0.291s] DEBUG:colcon.colcon_parallel_executor.executor.parallel:run_until_complete
[0.291s] INFO:colcon.colcon_ros.task.ament_cmake.build:Building ROS package in '/home/pablo-portatil/GITHUB/TFG/project_ws/src/Bonxai' with build type 'ament_cmake'
[0.291s] INFO:colcon.colcon_cmake.task.cmake.build:Building CMake package in '/home/pablo-portatil/GITHUB/TFG/project_ws/src/Bonxai'
[0.293s] INFO:colcon.colcon_core.plugin_system:Skipping extension 'colcon_core.shell.bat': Not used on non-Windows systems
[0.293s] INFO:colcon.colcon_core.shell:Skip shell extension 'powershell' for command environment: Not usable outside of PowerShell
[0.293s] DEBUG:colcon.colcon_core.shell:Skip shell extension 'dsv' for command environment
[0.296s] INFO:colcon.colcon_ros.task.ament_python.build:Building ROS package in '/home/pablo-portatil/GITHUB/TFG/project_ws/src/location_controller' with build type 'ament_python'
[0.296s] Level 1:colcon.colcon_core.shell:create_environment_hook('location_controller', 'ament_prefix_path')
[0.296s] INFO:colcon.colcon_core.shell:Creating environment hook '/home/pablo-portatil/GITHUB/TFG/project_ws/install/location_controller/share/location_controller/hook/ament_prefix_path.ps1'
[0.297s] INFO:colcon.colcon_core.shell:Creating environment descriptor '/home/pablo-portatil/GITHUB/TFG/project_ws/install/location_controller/share/location_controller/hook/ament_prefix_path.dsv'
[0.298s] INFO:colcon.colcon_core.shell:Creating environment hook '/home/pablo-portatil/GITHUB/TFG/project_ws/install/location_controller/share/location_controller/hook/ament_prefix_path.sh'
[0.298s] INFO:colcon.colcon_core.shell:Skip shell extension 'powershell' for command environment: Not usable outside of PowerShell
[0.298s] DEBUG:colcon.colcon_core.shell:Skip shell extension 'dsv' for command environment
[0.301s] INFO:colcon.colcon_ros.task.ament_python.build:Building ROS package in '/home/pablo-portatil/GITHUB/TFG/project_ws/src/mapping_controller' with build type 'ament_python'
[0.301s] Level 1:colcon.colcon_core.shell:create_environment_hook('mapping_controller', 'ament_prefix_path')
[0.301s] INFO:colcon.colcon_core.shell:Creating environment hook '/home/pablo-portatil/GITHUB/TFG/project_ws/install/mapping_controller/share/mapping_controller/hook/ament_prefix_path.ps1'
[0.302s] INFO:colcon.colcon_core.shell:Creating environment descriptor '/home/pablo-portatil/GITHUB/TFG/project_ws/install/mapping_controller/share/mapping_controller/hook/ament_prefix_path.dsv'
[0.302s] INFO:colcon.colcon_core.shell:Creating environment hook '/home/pablo-portatil/GITHUB/TFG/project_ws/install/mapping_controller/share/mapping_controller/hook/ament_prefix_path.sh'
[0.303s] INFO:colcon.colcon_core.shell:Skip shell extension 'powershell' for command environment: Not usable outside of PowerShell
[0.303s] DEBUG:colcon.colcon_core.shell:Skip shell extension 'dsv' for command environment
[0.353s] DEBUG:colcon.colcon_core.event_handler.log_command:Invoking command in '/home/pablo-portatil/GITHUB/TFG/project_ws/build/bonxai_ros': CMAKE_PREFIX_PATH=${CMAKE_PREFIX_PATH}:/home/pablo-portatil/GITHUB/TFG/project_ws/install/mapping_controller:/home/pablo-portatil/GITHUB/TFG/project_ws/install/location_controller:/opt/ros/humble /usr/bin/cmake --build /home/pablo-portatil/GITHUB/TFG/project_ws/build/bonxai_ros -- -j16 -l16
[1.557s] INFO:colcon.colcon_core.task.python.build:Building Python package in '/home/pablo-portatil/GITHUB/TFG/project_ws/src/location_controller'
[1.557s] INFO:colcon.colcon_core.shell:Skip shell extension 'powershell' for command environment: Not usable outside of PowerShell
[1.557s] DEBUG:colcon.colcon_core.shell:Skip shell extension 'dsv' for command environment
[1.762s] INFO:colcon.colcon_core.task.python.build:Building Python package in '/home/pablo-portatil/GITHUB/TFG/project_ws/src/mapping_controller'
[1.762s] INFO:colcon.colcon_core.shell:Skip shell extension 'powershell' for command environment: Not usable outside of PowerShell
[1.762s] DEBUG:colcon.colcon_core.shell:Skip shell extension 'dsv' for command environment
[1.767s] DEBUG:colcon.colcon_core.event_handler.log_command:Invoked command in '/home/pablo-portatil/GITHUB/TFG/project_ws/build/bonxai_ros' returned '0': CMAKE_PREFIX_PATH=${CMAKE_PREFIX_PATH}:/home/pablo-portatil/GITHUB/TFG/project_ws/install/mapping_controller:/home/pablo-portatil/GITHUB/TFG/project_ws/install/location_controller:/opt/ros/humble /usr/bin/cmake --build /home/pablo-portatil/GITHUB/TFG/project_ws/build/bonxai_ros -- -j16 -l16
[1.778s] DEBUG:colcon.colcon_core.event_handler.log_command:Invoking command in '/home/pablo-portatil/GITHUB/TFG/project_ws/build/bonxai_ros': CMAKE_PREFIX_PATH=${CMAKE_PREFIX_PATH}:/home/pablo-portatil/GITHUB/TFG/project_ws/install/mapping_controller:/home/pablo-portatil/GITHUB/TFG/project_ws/install/location_controller:/opt/ros/humble /usr/bin/cmake --install /home/pablo-portatil/GITHUB/TFG/project_ws/build/bonxai_ros
[1.793s] Level 1:colcon.colcon_core.environment:create_environment_scripts_only(bonxai_ros)
[1.794s] DEBUG:colcon.colcon_core.event_handler.log_command:Invoked command in '/home/pablo-portatil/GITHUB/TFG/project_ws/build/bonxai_ros' returned '0': CMAKE_PREFIX_PATH=${CMAKE_PREFIX_PATH}:/home/pablo-portatil/GITHUB/TFG/project_ws/install/mapping_controller:/home/pablo-portatil/GITHUB/TFG/project_ws/install/location_controller:/opt/ros/humble /usr/bin/cmake --install /home/pablo-portatil/GITHUB/TFG/project_ws/build/bonxai_ros
[1.801s] Level 1:colcon.colcon_core.environment:checking '/home/pablo-portatil/GITHUB/TFG/project_ws/install/bonxai_ros' for CMake module files
[1.804s] Level 1:colcon.colcon_core.environment:checking '/home/pablo-portatil/GITHUB/TFG/project_ws/install/bonxai_ros' for CMake config files
[1.804s] Level 1:colcon.colcon_core.shell:create_environment_hook('bonxai_ros', 'cmake_prefix_path')
[1.806s] INFO:colcon.colcon_core.shell:Creating environment hook '/home/pablo-portatil/GITHUB/TFG/project_ws/install/bonxai_ros/share/bonxai_ros/hook/cmake_prefix_path.ps1'
[1.809s] INFO:colcon.colcon_core.shell:Creating environment descriptor '/home/pablo-portatil/GITHUB/TFG/project_ws/install/bonxai_ros/share/bonxai_ros/hook/cmake_prefix_path.dsv'
[1.811s] INFO:colcon.colcon_core.shell:Creating environment hook '/home/pablo-portatil/GITHUB/TFG/project_ws/install/bonxai_ros/share/bonxai_ros/hook/cmake_prefix_path.sh'
[1.815s] Level 1:colcon.colcon_core.environment:checking '/home/pablo-portatil/GITHUB/TFG/project_ws/install/bonxai_ros/lib'
[1.816s] Level 1:colcon.colcon_core.shell:create_environment_hook('bonxai_ros', 'ld_library_path_lib')
[1.818s] INFO:colcon.colcon_core.shell:Creating environment hook '/home/pablo-portatil/GITHUB/TFG/project_ws/install/bonxai_ros/share/bonxai_ros/hook/ld_library_path_lib.ps1'
[1.820s] INFO:colcon.colcon_core.shell:Creating environment descriptor '/home/pablo-portatil/GITHUB/TFG/project_ws/install/bonxai_ros/share/bonxai_ros/hook/ld_library_path_lib.dsv'
[1.821s] INFO:colcon.colcon_core.shell:Creating environment hook '/home/pablo-portatil/GITHUB/TFG/project_ws/install/bonxai_ros/share/bonxai_ros/hook/ld_library_path_lib.sh'
[1.823s] Level 1:colcon.colcon_core.environment:checking '/home/pablo-portatil/GITHUB/TFG/project_ws/install/bonxai_ros/bin'
[1.823s] Level 1:colcon.colcon_core.environment:checking '/home/pablo-portatil/GITHUB/TFG/project_ws/install/bonxai_ros/lib/pkgconfig/bonxai_ros.pc'
[1.825s] Level 1:colcon.colcon_core.environment:checking '/home/pablo-portatil/GITHUB/TFG/project_ws/install/bonxai_ros/lib/python3.10/site-packages'
[1.826s] Level 1:colcon.colcon_core.environment:checking '/home/pablo-portatil/GITHUB/TFG/project_ws/install/bonxai_ros/bin'
[1.828s] INFO:colcon.colcon_core.shell:Creating package script '/home/pablo-portatil/GITHUB/TFG/project_ws/install/bonxai_ros/share/bonxai_ros/package.ps1'
[1.832s] INFO:colcon.colcon_core.shell:Creating package descriptor '/home/pablo-portatil/GITHUB/TFG/project_ws/install/bonxai_ros/share/bonxai_ros/package.dsv'
[1.835s] INFO:colcon.colcon_core.shell:Creating package script '/home/pablo-portatil/GITHUB/TFG/project_ws/install/bonxai_ros/share/bonxai_ros/package.sh'
[1.839s] INFO:colcon.colcon_core.shell:Creating package script '/home/pablo-portatil/GITHUB/TFG/project_ws/install/bonxai_ros/share/bonxai_ros/package.bash'
[1.843s] INFO:colcon.colcon_core.shell:Creating package script '/home/pablo-portatil/GITHUB/TFG/project_ws/install/bonxai_ros/share/bonxai_ros/package.zsh'
[1.846s] Level 1:colcon.colcon_core.environment:create_file_with_runtime_dependencies(/home/pablo-portatil/GITHUB/TFG/project_ws/install/bonxai_ros/share/colcon-core/packages/bonxai_ros)
[1.849s] Level 1:colcon.colcon_core.environment:create_environment_scripts_only(bonxai_ros)
[1.850s] Level 1:colcon.colcon_core.environment:checking '/home/pablo-portatil/GITHUB/TFG/project_ws/install/bonxai_ros' for CMake module files
[1.853s] Level 1:colcon.colcon_core.environment:checking '/home/pablo-portatil/GITHUB/TFG/project_ws/install/bonxai_ros' for CMake config files
[1.854s] Level 1:colcon.colcon_core.shell:create_environment_hook('bonxai_ros', 'cmake_prefix_path')
[1.855s] INFO:colcon.colcon_core.shell:Creating environment hook '/home/pablo-portatil/GITHUB/TFG/project_ws/install/bonxai_ros/share/bonxai_ros/hook/cmake_prefix_path.ps1'
[1.858s] INFO:colcon.colcon_core.shell:Creating environment descriptor '/home/pablo-portatil/GITHUB/TFG/project_ws/install/bonxai_ros/share/bonxai_ros/hook/cmake_prefix_path.dsv'
[1.860s] INFO:colcon.colcon_core.shell:Creating environment hook '/home/pablo-portatil/GITHUB/TFG/project_ws/install/bonxai_ros/share/bonxai_ros/hook/cmake_prefix_path.sh'
[1.863s] Level 1:colcon.colcon_core.environment:checking '/home/pablo-portatil/GITHUB/TFG/project_ws/install/bonxai_ros/lib'
[1.863s] Level 1:colcon.colcon_core.shell:create_environment_hook('bonxai_ros', 'ld_library_path_lib')
[1.864s] INFO:colcon.colcon_core.shell:Creating environment hook '/home/pablo-portatil/GITHUB/TFG/project_ws/install/bonxai_ros/share/bonxai_ros/hook/ld_library_path_lib.ps1'
[1.866s] INFO:colcon.colcon_core.shell:Creating environment descriptor '/home/pablo-portatil/GITHUB/TFG/project_ws/install/bonxai_ros/share/bonxai_ros/hook/ld_library_path_lib.dsv'
[1.868s] INFO:colcon.colcon_core.shell:Creating environment hook '/home/pablo-portatil/GITHUB/TFG/project_ws/install/bonxai_ros/share/bonxai_ros/hook/ld_library_path_lib.sh'
[1.870s] Level 1:colcon.colcon_core.environment:checking '/home/pablo-portatil/GITHUB/TFG/project_ws/install/bonxai_ros/bin'
[1.870s] Level 1:colcon.colcon_core.environment:checking '/home/pablo-portatil/GITHUB/TFG/project_ws/install/bonxai_ros/lib/pkgconfig/bonxai_ros.pc'
[1.871s] Level 1:colcon.colcon_core.environment:checking '/home/pablo-portatil/GITHUB/TFG/project_ws/install/bonxai_ros/lib/python3.10/site-packages'
[1.872s] Level 1:colcon.colcon_core.environment:checking '/home/pablo-portatil/GITHUB/TFG/project_ws/install/bonxai_ros/bin'
[1.874s] INFO:colcon.colcon_core.shell:Creating package script '/home/pablo-portatil/GITHUB/TFG/project_ws/install/bonxai_ros/share/bonxai_ros/package.ps1'
[1.877s] INFO:colcon.colcon_core.shell:Creating package descriptor '/home/pablo-portatil/GITHUB/TFG/project_ws/install/bonxai_ros/share/bonxai_ros/package.dsv'
[1.880s] INFO:colcon.colcon_core.shell:Creating package script '/home/pablo-portatil/GITHUB/TFG/project_ws/install/bonxai_ros/share/bonxai_ros/package.sh'
[1.882s] INFO:colcon.colcon_core.shell:Creating package script '/home/pablo-portatil/GITHUB/TFG/project_ws/install/bonxai_ros/share/bonxai_ros/package.bash'
[1.884s] INFO:colcon.colcon_core.shell:Creating package script '/home/pablo-portatil/GITHUB/TFG/project_ws/install/bonxai_ros/share/bonxai_ros/package.zsh'
[1.886s] Level 1:colcon.colcon_core.environment:create_file_with_runtime_dependencies(/home/pablo-portatil/GITHUB/TFG/project_ws/install/bonxai_ros/share/colcon-core/packages/bonxai_ros)
[2.962s] DEBUG:colcon.colcon_core.event_handler.log_command:Invoking command in '/home/pablo-portatil/GITHUB/TFG/project_ws/src/mapping_controller': PYTHONPATH=/home/pablo-portatil/GITHUB/TFG/project_ws/build/mapping_controller/prefix_override:/usr/lib/python3/dist-packages/colcon_core/task/python/colcon_distutils_commands:/home/pablo-portatil/GITHUB/TFG/project_ws/install/mapping_controller/lib/python3.10/site-packages:${PYTHONPATH} /usr/bin/python3 -W ignore:setup.py install is deprecated -W ignore:easy_install command is deprecated setup.py egg_info --egg-base ../../build/mapping_controller build --build-base /home/pablo-portatil/GITHUB/TFG/project_ws/build/mapping_controller/build install --record /home/pablo-portatil/GITHUB/TFG/project_ws/build/mapping_controller/install.log --single-version-externally-managed install_data
[2.970s] DEBUG:colcon.colcon_core.event_handler.log_command:Invoking command in '/home/pablo-portatil/GITHUB/TFG/project_ws/src/location_controller': PYTHONPATH=/home/pablo-portatil/GITHUB/TFG/project_ws/build/location_controller/prefix_override:/usr/lib/python3/dist-packages/colcon_core/task/python/colcon_distutils_commands:/home/pablo-portatil/GITHUB/TFG/project_ws/install/location_controller/lib/python3.10/site-packages:${PYTHONPATH} /usr/bin/python3 -W ignore:setup.py install is deprecated -W ignore:easy_install command is deprecated setup.py egg_info --egg-base ../../build/location_controller build --build-base /home/pablo-portatil/GITHUB/TFG/project_ws/build/location_controller/build install --record /home/pablo-portatil/GITHUB/TFG/project_ws/build/location_controller/install.log --single-version-externally-managed install_data
[3.225s] Level 1:colcon.colcon_core.environment:checking '/home/pablo-portatil/GITHUB/TFG/project_ws/install/mapping_controller' for CMake module files
[3.226s] DEBUG:colcon.colcon_core.event_handler.log_command:Invoked command in '/home/pablo-portatil/GITHUB/TFG/project_ws/src/mapping_controller' returned '0': PYTHONPATH=/home/pablo-portatil/GITHUB/TFG/project_ws/build/mapping_controller/prefix_override:/usr/lib/python3/dist-packages/colcon_core/task/python/colcon_distutils_commands:/home/pablo-portatil/GITHUB/TFG/project_ws/install/mapping_controller/lib/python3.10/site-packages:${PYTHONPATH} /usr/bin/python3 -W ignore:setup.py install is deprecated -W ignore:easy_install command is deprecated setup.py egg_info --egg-base ../../build/mapping_controller build --build-base /home/pablo-portatil/GITHUB/TFG/project_ws/build/mapping_controller/build install --record /home/pablo-portatil/GITHUB/TFG/project_ws/build/mapping_controller/install.log --single-version-externally-managed install_data
[3.227s] Level 1:colcon.colcon_core.environment:checking '/home/pablo-portatil/GITHUB/TFG/project_ws/install/mapping_controller' for CMake config files
[3.227s] Level 1:colcon.colcon_core.environment:checking '/home/pablo-portatil/GITHUB/TFG/project_ws/install/mapping_controller/lib'
[3.227s] Level 1:colcon.colcon_core.environment:checking '/home/pablo-portatil/GITHUB/TFG/project_ws/install/mapping_controller/bin'
[3.227s] Level 1:colcon.colcon_core.environment:checking '/home/pablo-portatil/GITHUB/TFG/project_ws/install/mapping_controller/lib/pkgconfig/mapping_controller.pc'
[3.228s] Level 1:colcon.colcon_core.environment:checking '/home/pablo-portatil/GITHUB/TFG/project_ws/install/mapping_controller/lib/python3.10/site-packages'
[3.228s] Level 1:colcon.colcon_core.shell:create_environment_hook('mapping_controller', 'pythonpath')
[3.228s] INFO:colcon.colcon_core.shell:Creating environment hook '/home/pablo-portatil/GITHUB/TFG/project_ws/install/mapping_controller/share/mapping_controller/hook/pythonpath.ps1'
[3.229s] INFO:colcon.colcon_core.shell:Creating environment descriptor '/home/pablo-portatil/GITHUB/TFG/project_ws/install/mapping_controller/share/mapping_controller/hook/pythonpath.dsv'
[3.229s] INFO:colcon.colcon_core.shell:Creating environment hook '/home/pablo-portatil/GITHUB/TFG/project_ws/install/mapping_controller/share/mapping_controller/hook/pythonpath.sh'
[3.230s] Level 1:colcon.colcon_core.environment:checking '/home/pablo-portatil/GITHUB/TFG/project_ws/install/mapping_controller/bin'
[3.230s] Level 1:colcon.colcon_core.environment:create_environment_scripts_only(mapping_controller)
[3.230s] INFO:colcon.colcon_core.shell:Creating package script '/home/pablo-portatil/GITHUB/TFG/project_ws/install/mapping_controller/share/mapping_controller/package.ps1'
[3.231s] INFO:colcon.colcon_core.shell:Creating package descriptor '/home/pablo-portatil/GITHUB/TFG/project_ws/install/mapping_controller/share/mapping_controller/package.dsv'
[3.232s] INFO:colcon.colcon_core.shell:Creating package script '/home/pablo-portatil/GITHUB/TFG/project_ws/install/mapping_controller/share/mapping_controller/package.sh'
[3.232s] INFO:colcon.colcon_core.shell:Creating package script '/home/pablo-portatil/GITHUB/TFG/project_ws/install/mapping_controller/share/mapping_controller/package.bash'
[3.233s] INFO:colcon.colcon_core.shell:Creating package script '/home/pablo-portatil/GITHUB/TFG/project_ws/install/mapping_controller/share/mapping_controller/package.zsh'
[3.234s] Level 1:colcon.colcon_core.environment:create_file_with_runtime_dependencies(/home/pablo-portatil/GITHUB/TFG/project_ws/install/mapping_controller/share/colcon-core/packages/mapping_controller)
[3.237s] Level 1:colcon.colcon_core.environment:checking '/home/pablo-portatil/GITHUB/TFG/project_ws/install/location_controller' for CMake module files
[3.238s] DEBUG:colcon.colcon_core.event_handler.log_command:Invoked command in '/home/pablo-portatil/GITHUB/TFG/project_ws/src/location_controller' returned '0': PYTHONPATH=/home/pablo-portatil/GITHUB/TFG/project_ws/build/location_controller/prefix_override:/usr/lib/python3/dist-packages/colcon_core/task/python/colcon_distutils_commands:/home/pablo-portatil/GITHUB/TFG/project_ws/install/location_controller/lib/python3.10/site-packages:${PYTHONPATH} /usr/bin/python3 -W ignore:setup.py install is deprecated -W ignore:easy_install command is deprecated setup.py egg_info --egg-base ../../build/location_controller build --build-base /home/pablo-portatil/GITHUB/TFG/project_ws/build/location_controller/build install --record /home/pablo-portatil/GITHUB/TFG/project_ws/build/location_controller/install.log --single-version-externally-managed install_data
[3.238s] Level 1:colcon.colcon_core.environment:checking '/home/pablo-portatil/GITHUB/TFG/project_ws/install/location_controller' for CMake config files
[3.239s] Level 1:colcon.colcon_core.environment:checking '/home/pablo-portatil/GITHUB/TFG/project_ws/install/location_controller/lib'
[3.239s] Level 1:colcon.colcon_core.environment:checking '/home/pablo-portatil/GITHUB/TFG/project_ws/install/location_controller/bin'
[3.239s] Level 1:colcon.colcon_core.environment:checking '/home/pablo-portatil/GITHUB/TFG/project_ws/install/location_controller/lib/pkgconfig/location_controller.pc'
[3.239s] Level 1:colcon.colcon_core.environment:checking '/home/pablo-portatil/GITHUB/TFG/project_ws/install/location_controller/lib/python3.10/site-packages'
[3.239s] Level 1:colcon.colcon_core.shell:create_environment_hook('location_controller', 'pythonpath')
[3.239s] INFO:colcon.colcon_core.shell:Creating environment hook '/home/pablo-portatil/GITHUB/TFG/project_ws/install/location_controller/share/location_controller/hook/pythonpath.ps1'
[3.239s] INFO:colcon.colcon_core.shell:Creating environment descriptor '/home/pablo-portatil/GITHUB/TFG/project_ws/install/location_controller/share/location_controller/hook/pythonpath.dsv'
[3.240s] INFO:colcon.colcon_core.shell:Creating environment hook '/home/pablo-portatil/GITHUB/TFG/project_ws/install/location_controller/share/location_controller/hook/pythonpath.sh'
[3.240s] Level 1:colcon.colcon_core.environment:checking '/home/pablo-portatil/GITHUB/TFG/project_ws/install/location_controller/bin'
[3.240s] Level 1:colcon.colcon_core.environment:create_environment_scripts_only(location_controller)
[3.241s] INFO:colcon.colcon_core.shell:Creating package script '/home/pablo-portatil/GITHUB/TFG/project_ws/install/location_controller/share/location_controller/package.ps1'
[3.241s] INFO:colcon.colcon_core.shell:Creating package descriptor '/home/pablo-portatil/GITHUB/TFG/project_ws/install/location_controller/share/location_controller/package.dsv'
[3.242s] INFO:colcon.colcon_core.shell:Creating package script '/home/pablo-portatil/GITHUB/TFG/project_ws/install/location_controller/share/location_controller/package.sh'
[3.242s] INFO:colcon.colcon_core.shell:Creating package script '/home/pablo-portatil/GITHUB/TFG/project_ws/install/location_controller/share/location_controller/package.bash'
[3.242s] INFO:colcon.colcon_core.shell:Creating package script '/home/pablo-portatil/GITHUB/TFG/project_ws/install/location_controller/share/location_controller/package.zsh'
[3.243s] Level 1:colcon.colcon_core.environment:create_file_with_runtime_dependencies(/home/pablo-portatil/GITHUB/TFG/project_ws/install/location_controller/share/colcon-core/packages/location_controller)
[3.243s] DEBUG:colcon.colcon_parallel_executor.executor.parallel:closing loop
[3.243s] DEBUG:colcon.colcon_parallel_executor.executor.parallel:loop closed
[3.243s] DEBUG:colcon.colcon_parallel_executor.executor.parallel:run_until_complete finished with '0'
[3.243s] DEBUG:colcon.colcon_core.event_reactor:joining thread
[3.247s] INFO:colcon.colcon_core.plugin_system:Skipping extension 'colcon_notification.desktop_notification.terminal_notifier': Not used on non-Darwin systems
[3.247s] INFO:colcon.colcon_core.plugin_system:Skipping extension 'colcon_notification.desktop_notification.win32': Not used on non-Windows systems
[3.247s] INFO:colcon.colcon_notification.desktop_notification:Sending desktop notification using 'notify2'
[3.260s] DEBUG:colcon.colcon_core.event_reactor:joined thread
[3.261s] INFO:colcon.colcon_core.shell:Creating prefix script '/home/pablo-portatil/GITHUB/TFG/project_ws/install/local_setup.ps1'
[3.262s] INFO:colcon.colcon_core.shell:Creating prefix util module '/home/pablo-portatil/GITHUB/TFG/project_ws/install/_local_setup_util_ps1.py'
[3.263s] INFO:colcon.colcon_core.shell:Creating prefix chain script '/home/pablo-portatil/GITHUB/TFG/project_ws/install/setup.ps1'
[3.264s] INFO:colcon.colcon_core.shell:Creating prefix script '/home/pablo-portatil/GITHUB/TFG/project_ws/install/local_setup.sh'
[3.265s] INFO:colcon.colcon_core.shell:Creating prefix util module '/home/pablo-portatil/GITHUB/TFG/project_ws/install/_local_setup_util_sh.py'
[3.265s] INFO:colcon.colcon_core.shell:Creating prefix chain script '/home/pablo-portatil/GITHUB/TFG/project_ws/install/setup.sh'
[3.266s] INFO:colcon.colcon_core.shell:Creating prefix script '/home/pablo-portatil/GITHUB/TFG/project_ws/install/local_setup.bash'
[3.266s] INFO:colcon.colcon_core.shell:Creating prefix chain script '/home/pablo-portatil/GITHUB/TFG/project_ws/install/setup.bash'
[3.267s] INFO:colcon.colcon_core.shell:Creating prefix script '/home/pablo-portatil/GITHUB/TFG/project_ws/install/local_setup.zsh'
[3.267s] INFO:colcon.colcon_core.shell:Creating prefix chain script '/home/pablo-portatil/GITHUB/TFG/project_ws/install/setup.zsh'
