[0.012s] Invoking command in '/home/pablo-pc/GITHUB/TFG/project_ws/build/bonxai_wrapper': CMAKE_PREFIX_PATH=${CMAKE_PREFIX_PATH}:/home/pablo-pc/GITHUB/TFG/project_ws/install/location_controller:/opt/ros/humble /usr/bin/cmake --build /home/pablo-pc/GITHUB/TFG/project_ws/build/bonxai_wrapper -- -j16 -l16
[0.067s] [ 60%] Built target bonxai_map
[0.081s] [35m[1mConsolidate compiler generated dependencies of target bonxai_server[0m
[0.102s] [ 80%] [32mBuilding CXX object CMakeFiles/bonxai_server.dir/Bonxai/bonxai_ros/src/bonxai_server.cpp.o[0m
[4.148s] [01m[K/home/pablo-pc/GITHUB/TFG/project_ws/src/bonxai_wrapper/Bonxai/bonxai_ros/src/bonxai_server.cpp:[m[K In constructor ‘[01m[Kbonxai_server::BonxaiServer::BonxaiServer(const rclcpp::NodeOptions&)[m[K’:
[4.148s] [01m[K/home/pablo-pc/GITHUB/TFG/project_ws/src/bonxai_wrapper/Bonxai/bonxai_ros/src/bonxai_server.cpp:61:20:[m[K [01;31m[Kerror: [m[K‘[01m[Kpath[m[K’ is not a member of ‘[01m[Kstd::filesystem[m[K’; did you mean ‘[01m[Krcpputils::fs::path[m[K’?
[4.148s]    61 |   std::filesystem::[01;31m[Kpath[m[K exe_path = std::filesystem::canonical().parent_path();
[4.148s]       |                    [01;31m[K^~~~[m[K
[4.148s] In file included from [01m[K/opt/ros/humble/include/rclcpp/rclcpp/logger.hpp:25[m[K,
[4.148s]                  from [01m[K/opt/ros/humble/include/rclcpp/rclcpp/logging.hpp:23[m[K,
[4.148s]                  from [01m[K/opt/ros/humble/include/rclcpp/rclcpp/client.hpp:40[m[K,
[4.149s]                  from [01m[K/opt/ros/humble/include/rclcpp/rclcpp/callback_group.hpp:24[m[K,
[4.149s]                  from [01m[K/opt/ros/humble/include/rclcpp/rclcpp/any_executable.hpp:20[m[K,
[4.149s]                  from [01m[K/opt/ros/humble/include/rclcpp/rclcpp/memory_strategy.hpp:25[m[K,
[4.149s]                  from [01m[K/opt/ros/humble/include/rclcpp/rclcpp/memory_strategies.hpp:18[m[K,
[4.149s]                  from [01m[K/opt/ros/humble/include/rclcpp/rclcpp/executor_options.hpp:20[m[K,
[4.149s]                  from [01m[K/opt/ros/humble/include/rclcpp/rclcpp/executor.hpp:37[m[K,
[4.149s]                  from [01m[K/opt/ros/humble/include/rclcpp/rclcpp/executors/multi_threaded_executor.hpp:25[m[K,
[4.149s]                  from [01m[K/opt/ros/humble/include/rclcpp/rclcpp/executors.hpp:21[m[K,
[4.149s]                  from [01m[K/opt/ros/humble/include/rclcpp/rclcpp/rclcpp.hpp:155[m[K,
[4.149s]                  from [01m[K/opt/ros/humble/include/message_filters/message_filters/subscriber.h:40[m[K,
[4.149s]                  from [01m[K/home/pablo-pc/GITHUB/TFG/project_ws/src/bonxai_wrapper/Bonxai/bonxai_ros/include/bonxai_server.hpp:19[m[K,
[4.149s]                  from [01m[K/home/pablo-pc/GITHUB/TFG/project_ws/src/bonxai_wrapper/Bonxai/bonxai_ros/src/bonxai_server.cpp:1[m[K:
[4.149s] [01m[K/opt/ros/humble/include/rcpputils/rcpputils/filesystem_helper.hpp:76:7:[m[K [01;36m[Knote: [m[K‘[01m[Krcpputils::fs::path[m[K’ declared here
[4.150s]    76 | class [01;36m[Kpath[m[K
[4.150s]       |       [01;36m[K^~~~[m[K
[7.482s] gmake[2]: *** [CMakeFiles/bonxai_server.dir/build.make:76: CMakeFiles/bonxai_server.dir/Bonxai/bonxai_ros/src/bonxai_server.cpp.o] Error 1
[7.482s] gmake[1]: *** [CMakeFiles/Makefile2:139: CMakeFiles/bonxai_server.dir/all] Error 2
[7.482s] gmake: *** [Makefile:146: all] Error 2
[7.485s] Invoked command in '/home/pablo-pc/GITHUB/TFG/project_ws/build/bonxai_wrapper' returned '2': CMAKE_PREFIX_PATH=${CMAKE_PREFIX_PATH}:/home/pablo-pc/GITHUB/TFG/project_ws/install/location_controller:/opt/ros/humble /usr/bin/cmake --build /home/pablo-pc/GITHUB/TFG/project_ws/build/bonxai_wrapper -- -j16 -l16
