[0.025s] Invoking command in '/home/pablo-pc/GITHUB/TFG/project_ws/build/bonxai_wrapper': CMAKE_PREFIX_PATH=${CMAKE_PREFIX_PATH}:/home/pablo-pc/GITHUB/TFG/project_ws/install/location_controller:/opt/ros/humble /usr/bin/cmake --build /home/pablo-pc/GITHUB/TFG/project_ws/build/bonxai_wrapper -- -j16 -l16
[0.118s] [ 60%] Built target bonxai_map
[0.168s] [100%] Built target bonxai_server
[0.357s] Invoked command in '/home/pablo-pc/GITHUB/TFG/project_ws/build/bonxai_wrapper' returned '0': CMAKE_PREFIX_PATH=${CMAKE_PREFIX_PATH}:/home/pablo-pc/GITHUB/TFG/project_ws/install/location_controller:/opt/ros/humble /usr/bin/cmake --build /home/pablo-pc/GITHUB/TFG/project_ws/build/bonxai_wrapper -- -j16 -l16
[0.373s] Invoking command in '/home/pablo-pc/GITHUB/TFG/project_ws/build/bonxai_wrapper': CMAKE_PREFIX_PATH=${CMAKE_PREFIX_PATH}:/home/pablo-pc/GITHUB/TFG/project_ws/install/location_controller:/opt/ros/humble /usr/bin/cmake --install /home/pablo-pc/GITHUB/TFG/project_ws/build/bonxai_wrapper
[0.385s] -- Install configuration: ""
[0.385s] -- Up-to-date: /home/pablo-pc/GITHUB/TFG/project_ws/install/bonxai_wrapper/lib/libbonxai_server.a
[0.385s] -- Up-to-date: /home/pablo-pc/GITHUB/TFG/project_ws/install/bonxai_wrapper/lib/libbonxai_map.a
[0.386s] -- Up-to-date: /home/pablo-pc/GITHUB/TFG/project_ws/install/bonxai_wrapper/share/bonxai_wrapper/cmake/bonxai_serverConfig.cmake
[0.386s] -- Up-to-date: /home/pablo-pc/GITHUB/TFG/project_ws/install/bonxai_wrapper/share/bonxai_wrapper/cmake/bonxai_serverConfig-noconfig.cmake
[0.387s] -- Up-to-date: /home/pablo-pc/GITHUB/TFG/project_ws/install/bonxai_wrapper/include
[0.387s] -- Up-to-date: /home/pablo-pc/GITHUB/TFG/project_ws/install/bonxai_wrapper/include/bonxai_server.hpp
[0.387s] -- Up-to-date: /home/pablo-pc/GITHUB/TFG/project_ws/install/bonxai_wrapper/include
[0.388s] -- Up-to-date: /home/pablo-pc/GITHUB/TFG/project_ws/install/bonxai_wrapper/include/bonxai_map
[0.388s] -- Up-to-date: /home/pablo-pc/GITHUB/TFG/project_ws/install/bonxai_wrapper/include/bonxai_map/pcl_utils.hpp
[0.388s] -- Up-to-date: /home/pablo-pc/GITHUB/TFG/project_ws/install/bonxai_wrapper/include/bonxai_map/probabilistic_map.hpp
[0.388s] -- Up-to-date: /home/pablo-pc/GITHUB/TFG/project_ws/install/bonxai_wrapper/include
[0.389s] -- Up-to-date: /home/pablo-pc/GITHUB/TFG/project_ws/install/bonxai_wrapper/include/bonxai
[0.389s] -- Up-to-date: /home/pablo-pc/GITHUB/TFG/project_ws/install/bonxai_wrapper/include/bonxai/serialization.hpp
[0.389s] -- Up-to-date: /home/pablo-pc/GITHUB/TFG/project_ws/install/bonxai_wrapper/include/bonxai/grid_coord.hpp
[0.389s] -- Up-to-date: /home/pablo-pc/GITHUB/TFG/project_ws/install/bonxai_wrapper/include/bonxai/grid_allocator.hpp
[0.390s] -- Up-to-date: /home/pablo-pc/GITHUB/TFG/project_ws/install/bonxai_wrapper/include/bonxai/mask.hpp
[0.390s] -- Up-to-date: /home/pablo-pc/GITHUB/TFG/project_ws/install/bonxai_wrapper/include/bonxai/bonxai.hpp
[0.391s] -- Up-to-date: /home/pablo-pc/GITHUB/TFG/project_ws/install/bonxai_wrapper/share/bonxai_wrapper/environment/library_path.sh
[0.392s] -- Up-to-date: /home/pablo-pc/GITHUB/TFG/project_ws/install/bonxai_wrapper/share/bonxai_wrapper/environment/library_path.dsv
[0.392s] -- Up-to-date: /home/pablo-pc/GITHUB/TFG/project_ws/install/bonxai_wrapper/share/ament_index/resource_index/package_run_dependencies/bonxai_wrapper
[0.393s] -- Up-to-date: /home/pablo-pc/GITHUB/TFG/project_ws/install/bonxai_wrapper/share/ament_index/resource_index/parent_prefix_path/bonxai_wrapper
[0.394s] -- Up-to-date: /home/pablo-pc/GITHUB/TFG/project_ws/install/bonxai_wrapper/share/bonxai_wrapper/environment/ament_prefix_path.sh
[0.394s] -- Up-to-date: /home/pablo-pc/GITHUB/TFG/project_ws/install/bonxai_wrapper/share/bonxai_wrapper/environment/ament_prefix_path.dsv
[0.394s] -- Up-to-date: /home/pablo-pc/GITHUB/TFG/project_ws/install/bonxai_wrapper/share/bonxai_wrapper/environment/path.sh
[0.395s] -- Up-to-date: /home/pablo-pc/GITHUB/TFG/project_ws/install/bonxai_wrapper/share/bonxai_wrapper/environment/path.dsv
[0.395s] -- Up-to-date: /home/pablo-pc/GITHUB/TFG/project_ws/install/bonxai_wrapper/share/bonxai_wrapper/local_setup.bash
[0.396s] -- Up-to-date: /home/pablo-pc/GITHUB/TFG/project_ws/install/bonxai_wrapper/share/bonxai_wrapper/local_setup.sh
[0.396s] -- Up-to-date: /home/pablo-pc/GITHUB/TFG/project_ws/install/bonxai_wrapper/share/bonxai_wrapper/local_setup.zsh
[0.397s] -- Up-to-date: /home/pablo-pc/GITHUB/TFG/project_ws/install/bonxai_wrapper/share/bonxai_wrapper/local_setup.dsv
[0.397s] -- Installing: /home/pablo-pc/GITHUB/TFG/project_ws/install/bonxai_wrapper/share/bonxai_wrapper/package.dsv
[0.398s] -- Up-to-date: /home/pablo-pc/GITHUB/TFG/project_ws/install/bonxai_wrapper/share/ament_index/resource_index/packages/bonxai_wrapper
[0.398s] -- Up-to-date: /home/pablo-pc/GITHUB/TFG/project_ws/install/bonxai_wrapper/share/bonxai_wrapper/cmake/bonxai_serverExport.cmake
[0.398s] -- Up-to-date: /home/pablo-pc/GITHUB/TFG/project_ws/install/bonxai_wrapper/share/bonxai_wrapper/cmake/bonxai_serverExport-noconfig.cmake
[0.399s] -- Up-to-date: /home/pablo-pc/GITHUB/TFG/project_ws/install/bonxai_wrapper/share/bonxai_wrapper/cmake/ament_cmake_export_include_directories-extras.cmake
[0.399s] -- Up-to-date: /home/pablo-pc/GITHUB/TFG/project_ws/install/bonxai_wrapper/share/bonxai_wrapper/cmake/ament_cmake_export_targets-extras.cmake
[0.400s] -- Up-to-date: /home/pablo-pc/GITHUB/TFG/project_ws/install/bonxai_wrapper/share/bonxai_wrapper/cmake/ament_cmake_export_libraries-extras.cmake
[0.400s] -- Up-to-date: /home/pablo-pc/GITHUB/TFG/project_ws/install/bonxai_wrapper/share/bonxai_wrapper/cmake/ament_cmake_export_dependencies-extras.cmake
[0.400s] -- Up-to-date: /home/pablo-pc/GITHUB/TFG/project_ws/install/bonxai_wrapper/share/bonxai_wrapper/cmake/bonxai_wrapperConfig.cmake
[0.400s] -- Up-to-date: /home/pablo-pc/GITHUB/TFG/project_ws/install/bonxai_wrapper/share/bonxai_wrapper/cmake/bonxai_wrapperConfig-version.cmake
[0.400s] -- Up-to-date: /home/pablo-pc/GITHUB/TFG/project_ws/install/bonxai_wrapper/share/bonxai_wrapper/package.xml
[0.401s] Invoked command in '/home/pablo-pc/GITHUB/TFG/project_ws/build/bonxai_wrapper' returned '0': CMAKE_PREFIX_PATH=${CMAKE_PREFIX_PATH}:/home/pablo-pc/GITHUB/TFG/project_ws/install/location_controller:/opt/ros/humble /usr/bin/cmake --install /home/pablo-pc/GITHUB/TFG/project_ws/build/bonxai_wrapper
