[1.048s] Invoking command in '/home/pablo-pc/GITHUB/TFG/project_ws/src/location_controller': PYTHONPATH=/home/pablo-pc/GITHUB/TFG/project_ws/build/location_controller/prefix_override:/usr/lib/python3/dist-packages/colcon_core/task/python/colcon_distutils_commands:/home/pablo-pc/GITHUB/TFG/project_ws/install/location_controller/lib/python3.10/site-packages:${PYTHONPATH} /usr/bin/python3 -W ignore:setup.py install is deprecated -W ignore:easy_install command is deprecated setup.py egg_info --egg-base ../../build/location_controller build --build-base /home/pablo-pc/GITHUB/TFG/project_ws/build/location_controller/build install --record /home/pablo-pc/GITHUB/TFG/project_ws/build/location_controller/install.log --single-version-externally-managed install_data
[1.363s] running egg_info
[1.363s] writing ../../build/location_controller/location_controller.egg-info/PKG-INFO
[1.370s] writing dependency_links to ../../build/location_controller/location_controller.egg-info/dependency_links.txt
[1.370s] writing entry points to ../../build/location_controller/location_controller.egg-info/entry_points.txt
[1.371s] writing requirements to ../../build/location_controller/location_controller.egg-info/requires.txt
[1.371s] writing top-level names to ../../build/location_controller/location_controller.egg-info/top_level.txt
[1.377s] reading manifest file '../../build/location_controller/location_controller.egg-info/SOURCES.txt'
[1.379s] writing manifest file '../../build/location_controller/location_controller.egg-info/SOURCES.txt'
[1.380s] running build
[1.380s] running build_py
[1.380s] copying location_controller/location_module.py -> /home/pablo-pc/GITHUB/TFG/project_ws/build/location_controller/build/lib/location_controller
[1.381s] running install
[1.382s] running install_lib
[1.383s] copying /home/pablo-pc/GITHUB/TFG/project_ws/build/location_controller/build/lib/location_controller/location_module.py -> /home/pablo-pc/GITHUB/TFG/project_ws/install/location_controller/lib/python3.10/site-packages/location_controller
[1.385s] byte-compiling /home/pablo-pc/GITHUB/TFG/project_ws/install/location_controller/lib/python3.10/site-packages/location_controller/location_module.py to location_module.cpython-310.pyc
[1.388s] running install_data
[1.388s] running install_egg_info
[1.392s] removing '/home/pablo-pc/GITHUB/TFG/project_ws/install/location_controller/lib/python3.10/site-packages/location_controller-0.0.0-py3.10.egg-info' (and everything under it)
[1.392s] Copying ../../build/location_controller/location_controller.egg-info to /home/pablo-pc/GITHUB/TFG/project_ws/install/location_controller/lib/python3.10/site-packages/location_controller-0.0.0-py3.10.egg-info
[1.393s] running install_scripts
[1.421s] Installing input_data_node script to /home/pablo-pc/GITHUB/TFG/project_ws/install/location_controller/lib/location_controller
[1.421s] Installing location_node script to /home/pablo-pc/GITHUB/TFG/project_ws/install/location_controller/lib/location_controller
[1.421s] Installing noisy_cloud_node script to /home/pablo-pc/GITHUB/TFG/project_ws/install/location_controller/lib/location_controller
[1.421s] writing list of installed files to '/home/pablo-pc/GITHUB/TFG/project_ws/build/location_controller/install.log'
[1.462s] Invoked command in '/home/pablo-pc/GITHUB/TFG/project_ws/src/location_controller' returned '0': PYTHONPATH=/home/pablo-pc/GITHUB/TFG/project_ws/build/location_controller/prefix_override:/usr/lib/python3/dist-packages/colcon_core/task/python/colcon_distutils_commands:/home/pablo-pc/GITHUB/TFG/project_ws/install/location_controller/lib/python3.10/site-packages:${PYTHONPATH} /usr/bin/python3 -W ignore:setup.py install is deprecated -W ignore:easy_install command is deprecated setup.py egg_info --egg-base ../../build/location_controller build --build-base /home/pablo-pc/GITHUB/TFG/project_ws/build/location_controller/build install --record /home/pablo-pc/GITHUB/TFG/project_ws/build/location_controller/install.log --single-version-externally-managed install_data
