[ 50%] [32mBuilding CXX object CMakeFiles/mapping_node.dir/src/mapping_node.cpp.o[0m
In file included from [01m[K/usr/include/x86_64-linux-gnu/c++/11/bits/c++allocator.h:33[m[K,
                 from [01m[K/usr/include/c++/11/bits/allocator.h:46[m[K,
                 from [01m[K/usr/include/c++/11/memory:64[m[K,
                 from [01m[K/opt/ros/humble/include/rclcpp/rclcpp/rclcpp.hpp:153[m[K,
                 from [01m[K/home/pablo-pc/GITHUB/TFG/project_ws/src/mapping_controller/src/mapping_node.cpp:1[m[K:
/usr/include/c++/11/ext/new_allocator.h: In instantiation of ‘[01m[Kvoid __gnu_cxx::new_allocator<_Tp>::construct(_Up*, _Args&& ...) [with _Up = sensor_msgs::msg::PointCloud2_<std::allocator<void> >; _Args = {std::shared_ptr<sensor_msgs::msg::PointCloud2_<std::allocator<void> > >&}; _Tp = sensor_msgs::msg::PointCloud2_<std::allocator<void> >][m[K’:
[01m[K/usr/include/c++/11/bits/alloc_traits.h:516:17:[m[K   required from ‘[01m[Kstatic void std::allocator_traits<std::allocator<_Tp1> >::construct(std::allocator_traits<std::allocator<_Tp1> >::allocator_type&, _Up*, _Args&& ...) [with _Up = sensor_msgs::msg::PointCloud2_<std::allocator<void> >; _Args = {std::shared_ptr<sensor_msgs::msg::PointCloud2_<std::allocator<void> > >&}; _Tp = sensor_msgs::msg::PointCloud2_<std::allocator<void> >; std::allocator_traits<std::allocator<_Tp1> >::allocator_type = std::allocator<sensor_msgs::msg::PointCloud2_<std::allocator<void> > >][m[K’
[01m[K/usr/include/c++/11/bits/shared_ptr_base.h:519:39:[m[K   required from ‘[01m[Kstd::_Sp_counted_ptr_inplace<_Tp, _Alloc, _Lp>::_Sp_counted_ptr_inplace(_Alloc, _Args&& ...) [with _Args = {std::shared_ptr<sensor_msgs::msg::PointCloud2_<std::allocator<void> > >&}; _Tp = sensor_msgs::msg::PointCloud2_<std::allocator<void> >; _Alloc = std::allocator<sensor_msgs::msg::PointCloud2_<std::allocator<void> > >; __gnu_cxx::_Lock_policy _Lp = __gnu_cxx::_S_atomic][m[K’
[01m[K/usr/include/c++/11/bits/shared_ptr_base.h:650:16:[m[K   required from ‘[01m[Kstd::__shared_count<_Lp>::__shared_count(_Tp*&, std::_Sp_alloc_shared_tag<_Alloc>, _Args&& ...) [with _Tp = sensor_msgs::msg::PointCloud2_<std::allocator<void> >; _Alloc = std::allocator<sensor_msgs::msg::PointCloud2_<std::allocator<void> > >; _Args = {std::shared_ptr<sensor_msgs::msg::PointCloud2_<std::allocator<void> > >&}; __gnu_cxx::_Lock_policy _Lp = __gnu_cxx::_S_atomic][m[K’
[01m[K/usr/include/c++/11/bits/shared_ptr_base.h:1342:14:[m[K   required from ‘[01m[Kstd::__shared_ptr<_Tp, _Lp>::__shared_ptr(std::_Sp_alloc_shared_tag<_Tp>, _Args&& ...) [with _Alloc = std::allocator<sensor_msgs::msg::PointCloud2_<std::allocator<void> > >; _Args = {std::shared_ptr<sensor_msgs::msg::PointCloud2_<std::allocator<void> > >&}; _Tp = sensor_msgs::msg::PointCloud2_<std::allocator<void> >; __gnu_cxx::_Lock_policy _Lp = __gnu_cxx::_S_atomic][m[K’
[01m[K/usr/include/c++/11/bits/shared_ptr.h:409:59:[m[K   required from ‘[01m[Kstd::shared_ptr<_Tp>::shared_ptr(std::_Sp_alloc_shared_tag<_Tp>, _Args&& ...) [with _Alloc = std::allocator<sensor_msgs::msg::PointCloud2_<std::allocator<void> > >; _Args = {std::shared_ptr<sensor_msgs::msg::PointCloud2_<std::allocator<void> > >&}; _Tp = sensor_msgs::msg::PointCloud2_<std::allocator<void> >][m[K’
[01m[K/usr/include/c++/11/bits/shared_ptr.h:862:14:[m[K   required from ‘[01m[Kstd::shared_ptr<_Tp> std::allocate_shared(const _Alloc&, _Args&& ...) [with _Tp = sensor_msgs::msg::PointCloud2_<std::allocator<void> >; _Alloc = std::allocator<sensor_msgs::msg::PointCloud2_<std::allocator<void> > >; _Args = {std::shared_ptr<sensor_msgs::msg::PointCloud2_<std::allocator<void> > >&}][m[K’
[01m[K/usr/include/c++/11/bits/shared_ptr.h:878:39:[m[K   required from ‘[01m[Kstd::shared_ptr<_Tp> std::make_shared(_Args&& ...) [with _Tp = sensor_msgs::msg::PointCloud2_<std::allocator<void> >; _Args = {std::shared_ptr<sensor_msgs::msg::PointCloud2_<std::allocator<void> > >&}][m[K’
[01m[K/home/pablo-pc/GITHUB/TFG/project_ws/src/mapping_controller/src/mapping_node.cpp:61:92:[m[K   required from here
[01m[K/usr/include/c++/11/ext/new_allocator.h:162:11:[m[K [01;31m[Kerror: [m[Kno matching function for call to ‘[01m[Ksensor_msgs::msg::PointCloud2_<std::allocator<void> >::PointCloud2_(std::shared_ptr<sensor_msgs::msg::PointCloud2_<std::allocator<void> > >&)[m[K’
  162 |         { [01;31m[K::new((void *)__p) _Up(std::forward<_Args>(__args)...)[m[K; }
      |           [01;31m[K^~~~~~~~~~~~~~~~~~~~~~~~~~~~~~~~~~~~~~~~~~~~~~~~~~~~~~[m[K
In file included from [01m[K/opt/ros/humble/include/sensor_msgs/sensor_msgs/msg/point_cloud2.hpp:7[m[K,
                 from [01m[K/opt/ros/humble/include/pcl_conversions/pcl_conversions/pcl_conversions.h:59[m[K,
                 from [01m[K/home/pablo-pc/GITHUB/TFG/project_ws/install/bonxai_wrapper/include/bonxai_server.hpp:20[m[K,
                 from [01m[K/home/pablo-pc/GITHUB/TFG/project_ws/src/mapping_controller/src/mapping_node.cpp:2[m[K:
[01m[K/opt/ros/humble/include/sensor_msgs/sensor_msgs/msg/detail/point_cloud2__struct.hpp:57:12:[m[K [01;36m[Knote: [m[Kcandidate: ‘[01m[Ksensor_msgs::msg::PointCloud2_<ContainerAllocator>::PointCloud2_(const ContainerAllocator&, rosidl_runtime_cpp::MessageInitialization) [with ContainerAllocator = std::allocator<void>][m[K’
   57 |   explicit [01;36m[KPointCloud2_[m[K(const ContainerAllocator & _alloc, rosidl_runtime_cpp::MessageInitialization _init = rosidl_runtime_cpp::MessageInitialization::ALL)
      |            [01;36m[K^~~~~~~~~~~~[m[K
[01m[K/opt/ros/humble/include/sensor_msgs/sensor_msgs/msg/detail/point_cloud2__struct.hpp:57:52:[m[K [01;36m[Knote: [m[K  no known conversion for argument 1 from ‘[01m[Kstd::shared_ptr<sensor_msgs::msg::PointCloud2_<std::allocator<void> > >[m[K’ to ‘[01m[Kconst std::allocator<void>&[m[K’
   57 |   explicit PointCloud2_([01;36m[Kconst ContainerAllocator & _alloc[m[K, rosidl_runtime_cpp::MessageInitialization _init = rosidl_runtime_cpp::MessageInitialization::ALL)
      |                         [01;36m[K~~~~~~~~~~~~~~~~~~~~~~~~~~~^~~~~~[m[K
[01m[K/opt/ros/humble/include/sensor_msgs/sensor_msgs/msg/detail/point_cloud2__struct.hpp:42:12:[m[K [01;36m[Knote: [m[Kcandidate: ‘[01m[Ksensor_msgs::msg::PointCloud2_<ContainerAllocator>::PointCloud2_(rosidl_runtime_cpp::MessageInitialization) [with ContainerAllocator = std::allocator<void>][m[K’
   42 |   explicit [01;36m[KPointCloud2_[m[K(rosidl_runtime_cpp::MessageInitialization _init = rosidl_runtime_cpp::MessageInitialization::ALL)
      |            [01;36m[K^~~~~~~~~~~~[m[K
[01m[K/opt/ros/humble/include/sensor_msgs/sensor_msgs/msg/detail/point_cloud2__struct.hpp:42:67:[m[K [01;36m[Knote: [m[K  no known conversion for argument 1 from ‘[01m[Kstd::shared_ptr<sensor_msgs::msg::PointCloud2_<std::allocator<void> > >[m[K’ to ‘[01m[Krosidl_runtime_cpp::MessageInitialization[m[K’
   42 |   explicit PointCloud2_([01;36m[Krosidl_runtime_cpp::MessageInitialization _init = rosidl_runtime_cpp::MessageInitialization::ALL[m[K)
      |                         [01;36m[K~~~~~~~~~~~~~~~~~~~~~~~~~~~~~~~~~~~~~~~~~~^~~~~~~~~~~~~~~~~~~~~~~~~~~~~~~~~~~~~~~~~~~~~~~~~~~~~~[m[K
[01m[K/opt/ros/humble/include/sensor_msgs/sensor_msgs/msg/detail/point_cloud2__struct.hpp:38:8:[m[K [01;36m[Knote: [m[Kcandidate: ‘[01m[Ksensor_msgs::msg::PointCloud2_<std::allocator<void> >::PointCloud2_(const sensor_msgs::msg::PointCloud2_<std::allocator<void> >&)[m[K’
   38 | struct [01;36m[KPointCloud2_[m[K
      |        [01;36m[K^~~~~~~~~~~~[m[K
[01m[K/opt/ros/humble/include/sensor_msgs/sensor_msgs/msg/detail/point_cloud2__struct.hpp:38:8:[m[K [01;36m[Knote: [m[K  no known conversion for argument 1 from ‘[01m[Kstd::shared_ptr<sensor_msgs::msg::PointCloud2_<std::allocator<void> > >[m[K’ to ‘[01m[Kconst sensor_msgs::msg::PointCloud2_<std::allocator<void> >&[m[K’
[01m[K/opt/ros/humble/include/sensor_msgs/sensor_msgs/msg/detail/point_cloud2__struct.hpp:38:8:[m[K [01;36m[Knote: [m[Kcandidate: ‘[01m[Ksensor_msgs::msg::PointCloud2_<std::allocator<void> >::PointCloud2_(sensor_msgs::msg::PointCloud2_<std::allocator<void> >&&)[m[K’
[01m[K/opt/ros/humble/include/sensor_msgs/sensor_msgs/msg/detail/point_cloud2__struct.hpp:38:8:[m[K [01;36m[Knote: [m[K  no known conversion for argument 1 from ‘[01m[Kstd::shared_ptr<sensor_msgs::msg::PointCloud2_<std::allocator<void> > >[m[K’ to ‘[01m[Ksensor_msgs::msg::PointCloud2_<std::allocator<void> >&&[m[K’
gmake[2]: *** [CMakeFiles/mapping_node.dir/build.make:76: CMakeFiles/mapping_node.dir/src/mapping_node.cpp.o] Error 1
gmake[1]: *** [CMakeFiles/Makefile2:137: CMakeFiles/mapping_node.dir/all] Error 2
gmake: *** [Makefile:146: all] Error 2
