[0.085s] DEBUG:colcon:Command line arguments: ['/usr/bin/colcon', 'build']
[0.085s] DEBUG:colcon:Parsed command line arguments: Namespace(log_base=None, log_level=None, verb_name='build', build_base='build', install_base='install', merge_install=False, symlink_install=False, test_result_base=None, continue_on_error=False, executor='parallel', parallel_workers=16, event_handlers=None, ignore_user_meta=False, metas=['./colcon.meta'], base_paths=['.'], packages_ignore=None, packages_ignore_regex=None, paths=None, packages_up_to=None, packages_up_to_regex=None, packages_above=None, packages_above_and_dependencies=None, packages_above_depth=None, packages_select_by_dep=None, packages_skip_by_dep=None, packages_skip_up_to=None, packages_select_build_failed=False, packages_skip_build_finished=False, packages_select_test_failures=False, packages_skip_test_passed=False, packages_select=None, packages_skip=None, packages_select_regex=None, packages_skip_regex=None, packages_start=None, packages_end=None, allow_overriding=[], cmake_args=None, cmake_target=None, cmake_target_skip_unavailable=False, cmake_clean_cache=False, cmake_clean_first=False, cmake_force_configure=False, ament_cmake_args=None, catkin_cmake_args=None, catkin_skip_building_tests=False, verb_parser=<colcon_defaults.argument_parser.defaults.DefaultArgumentsDecorator object at 0x70b833337ac0>, verb_extension=<colcon_core.verb.build.BuildVerb object at 0x70b833478e50>, main=<bound method BuildVerb.main of <colcon_core.verb.build.BuildVerb object at 0x70b833478e50>>)
[0.278s] Level 1:colcon.colcon_core.package_discovery:discover_packages(colcon_meta) check parameters
[0.278s] Level 1:colcon.colcon_core.package_discovery:discover_packages(recursive) check parameters
[0.278s] Level 1:colcon.colcon_core.package_discovery:discover_packages(ignore) check parameters
[0.278s] Level 1:colcon.colcon_core.package_discovery:discover_packages(path) check parameters
[0.278s] Level 1:colcon.colcon_core.package_discovery:discover_packages(colcon_meta) discover
[0.278s] Level 1:colcon.colcon_core.package_discovery:discover_packages(recursive) discover
[0.278s] INFO:colcon.colcon_core.package_discovery:Crawling recursively for packages in '/home/pablo-portatil/GITHUB/TFG/project_ws'
[0.278s] Level 1:colcon.colcon_core.package_identification:_identify(.) by extensions ['ignore', 'ignore_ament_install']
[0.278s] Level 1:colcon.colcon_core.package_identification:_identify(.) by extension 'ignore'
[0.278s] Level 1:colcon.colcon_core.package_identification:_identify(.) by extension 'ignore_ament_install'
[0.278s] Level 1:colcon.colcon_core.package_identification:_identify(.) by extensions ['colcon_pkg']
[0.278s] Level 1:colcon.colcon_core.package_identification:_identify(.) by extension 'colcon_pkg'
[0.278s] Level 1:colcon.colcon_core.package_identification:_identify(.) by extensions ['colcon_meta']
[0.278s] Level 1:colcon.colcon_core.package_identification:_identify(.) by extension 'colcon_meta'
[0.278s] Level 1:colcon.colcon_core.package_identification:_identify(.) by extensions ['ros']
[0.278s] Level 1:colcon.colcon_core.package_identification:_identify(.) by extension 'ros'
[0.285s] Level 1:colcon.colcon_core.package_identification:_identify(.) by extensions ['cmake', 'python']
[0.285s] Level 1:colcon.colcon_core.package_identification:_identify(.) by extension 'cmake'
[0.285s] Level 1:colcon.colcon_core.package_identification:_identify(.) by extension 'python'
[0.285s] Level 1:colcon.colcon_core.package_identification:_identify(.) by extensions ['python_setup_py']
[0.285s] Level 1:colcon.colcon_core.package_identification:_identify(.) by extension 'python_setup_py'
[0.285s] Level 1:colcon.colcon_core.package_identification:_identify(build) by extensions ['ignore', 'ignore_ament_install']
[0.286s] Level 1:colcon.colcon_core.package_identification:_identify(build) by extension 'ignore'
[0.286s] Level 1:colcon.colcon_core.package_identification:_identify(build) ignored
[0.286s] Level 1:colcon.colcon_core.package_identification:_identify(install) by extensions ['ignore', 'ignore_ament_install']
[0.286s] Level 1:colcon.colcon_core.package_identification:_identify(install) by extension 'ignore'
[0.286s] Level 1:colcon.colcon_core.package_identification:_identify(install) ignored
[0.286s] Level 1:colcon.colcon_core.package_identification:_identify(log) by extensions ['ignore', 'ignore_ament_install']
[0.286s] Level 1:colcon.colcon_core.package_identification:_identify(log) by extension 'ignore'
[0.286s] Level 1:colcon.colcon_core.package_identification:_identify(log) ignored
[0.286s] Level 1:colcon.colcon_core.package_identification:_identify(src) by extensions ['ignore', 'ignore_ament_install']
[0.286s] Level 1:colcon.colcon_core.package_identification:_identify(src) by extension 'ignore'
[0.286s] Level 1:colcon.colcon_core.package_identification:_identify(src) by extension 'ignore_ament_install'
[0.286s] Level 1:colcon.colcon_core.package_identification:_identify(src) by extensions ['colcon_pkg']
[0.286s] Level 1:colcon.colcon_core.package_identification:_identify(src) by extension 'colcon_pkg'
[0.286s] Level 1:colcon.colcon_core.package_identification:_identify(src) by extensions ['colcon_meta']
[0.286s] Level 1:colcon.colcon_core.package_identification:_identify(src) by extension 'colcon_meta'
[0.286s] Level 1:colcon.colcon_core.package_identification:_identify(src) by extensions ['ros']
[0.286s] Level 1:colcon.colcon_core.package_identification:_identify(src) by extension 'ros'
[0.286s] Level 1:colcon.colcon_core.package_identification:_identify(src) by extensions ['cmake', 'python']
[0.286s] Level 1:colcon.colcon_core.package_identification:_identify(src) by extension 'cmake'
[0.286s] Level 1:colcon.colcon_core.package_identification:_identify(src) by extension 'python'
[0.286s] Level 1:colcon.colcon_core.package_identification:_identify(src) by extensions ['python_setup_py']
[0.286s] Level 1:colcon.colcon_core.package_identification:_identify(src) by extension 'python_setup_py'
[0.286s] Level 1:colcon.colcon_core.package_identification:_identify(src/Bonxai) by extensions ['ignore', 'ignore_ament_install']
[0.286s] Level 1:colcon.colcon_core.package_identification:_identify(src/Bonxai) by extension 'ignore'
[0.286s] Level 1:colcon.colcon_core.package_identification:_identify(src/Bonxai) by extension 'ignore_ament_install'
[0.286s] Level 1:colcon.colcon_core.package_identification:_identify(src/Bonxai) by extensions ['colcon_pkg']
[0.286s] Level 1:colcon.colcon_core.package_identification:_identify(src/Bonxai) by extension 'colcon_pkg'
[0.287s] Level 1:colcon.colcon_core.package_identification:_identify(src/Bonxai) by extensions ['colcon_meta']
[0.287s] Level 1:colcon.colcon_core.package_identification:_identify(src/Bonxai) by extension 'colcon_meta'
[0.287s] Level 1:colcon.colcon_core.package_identification:_identify(src/Bonxai) by extensions ['ros']
[0.287s] Level 1:colcon.colcon_core.package_identification:_identify(src/Bonxai) by extension 'ros'
[0.289s] DEBUG:colcon.colcon_core.package_identification:Package 'src/Bonxai' with type 'ros.ament_cmake' and name 'bonxai_ros'
[0.289s] Level 1:colcon.colcon_core.package_identification:_identify(src/location_controller) by extensions ['ignore', 'ignore_ament_install']
[0.289s] Level 1:colcon.colcon_core.package_identification:_identify(src/location_controller) by extension 'ignore'
[0.290s] Level 1:colcon.colcon_core.package_identification:_identify(src/location_controller) by extension 'ignore_ament_install'
[0.290s] Level 1:colcon.colcon_core.package_identification:_identify(src/location_controller) by extensions ['colcon_pkg']
[0.290s] Level 1:colcon.colcon_core.package_identification:_identify(src/location_controller) by extension 'colcon_pkg'
[0.290s] Level 1:colcon.colcon_core.package_identification:_identify(src/location_controller) by extensions ['colcon_meta']
[0.290s] Level 1:colcon.colcon_core.package_identification:_identify(src/location_controller) by extension 'colcon_meta'
[0.290s] Level 1:colcon.colcon_core.package_identification:_identify(src/location_controller) by extensions ['ros']
[0.290s] Level 1:colcon.colcon_core.package_identification:_identify(src/location_controller) by extension 'ros'
[0.290s] DEBUG:colcon.colcon_core.package_identification:Package 'src/location_controller' with type 'ros.ament_python' and name 'location_controller'
[0.290s] Level 1:colcon.colcon_core.package_identification:_identify(src/mapping_controller) by extensions ['ignore', 'ignore_ament_install']
[0.291s] Level 1:colcon.colcon_core.package_identification:_identify(src/mapping_controller) by extension 'ignore'
[0.291s] Level 1:colcon.colcon_core.package_identification:_identify(src/mapping_controller) by extension 'ignore_ament_install'
[0.291s] Level 1:colcon.colcon_core.package_identification:_identify(src/mapping_controller) by extensions ['colcon_pkg']
[0.291s] Level 1:colcon.colcon_core.package_identification:_identify(src/mapping_controller) by extension 'colcon_pkg'
[0.291s] Level 1:colcon.colcon_core.package_identification:_identify(src/mapping_controller) by extensions ['colcon_meta']
[0.291s] Level 1:colcon.colcon_core.package_identification:_identify(src/mapping_controller) by extension 'colcon_meta'
[0.291s] Level 1:colcon.colcon_core.package_identification:_identify(src/mapping_controller) by extensions ['ros']
[0.291s] Level 1:colcon.colcon_core.package_identification:_identify(src/mapping_controller) by extension 'ros'
[0.292s] DEBUG:colcon.colcon_core.package_identification:Package 'src/mapping_controller' with type 'ros.ament_python' and name 'mapping_controller'
[0.292s] Level 1:colcon.colcon_core.package_discovery:discover_packages(recursive) using defaults
[0.292s] Level 1:colcon.colcon_core.package_discovery:discover_packages(ignore) discover
[0.292s] Level 1:colcon.colcon_core.package_discovery:discover_packages(ignore) using defaults
[0.292s] Level 1:colcon.colcon_core.package_discovery:discover_packages(path) discover
[0.292s] Level 1:colcon.colcon_core.package_discovery:discover_packages(path) using defaults
[0.315s] Level 1:colcon.colcon_core.package_discovery:discover_packages(prefix_path) check parameters
[0.315s] Level 1:colcon.colcon_core.package_discovery:discover_packages(prefix_path) discover
[0.317s] DEBUG:colcon.colcon_installed_package_information.package_discovery:Found 2 installed packages in /home/pablo-portatil/GITHUB/TFG/project_ws/install
[0.318s] DEBUG:colcon.colcon_installed_package_information.package_discovery:Found 271 installed packages in /opt/ros/humble
[0.319s] Level 1:colcon.colcon_core.package_discovery:discover_packages(prefix_path) using defaults
[0.341s] Level 5:colcon.colcon_core.verb:set package 'bonxai_ros' build argument 'cmake_args' from command line to 'None'
[0.341s] Level 5:colcon.colcon_core.verb:set package 'bonxai_ros' build argument 'cmake_target' from command line to 'None'
[0.341s] Level 5:colcon.colcon_core.verb:set package 'bonxai_ros' build argument 'cmake_target_skip_unavailable' from command line to 'False'
[0.341s] Level 5:colcon.colcon_core.verb:set package 'bonxai_ros' build argument 'cmake_clean_cache' from command line to 'False'
[0.341s] Level 5:colcon.colcon_core.verb:set package 'bonxai_ros' build argument 'cmake_clean_first' from command line to 'False'
[0.341s] Level 5:colcon.colcon_core.verb:set package 'bonxai_ros' build argument 'cmake_force_configure' from command line to 'False'
[0.341s] Level 5:colcon.colcon_core.verb:set package 'bonxai_ros' build argument 'ament_cmake_args' from command line to 'None'
[0.341s] Level 5:colcon.colcon_core.verb:set package 'bonxai_ros' build argument 'catkin_cmake_args' from command line to 'None'
[0.341s] Level 5:colcon.colcon_core.verb:set package 'bonxai_ros' build argument 'catkin_skip_building_tests' from command line to 'False'
[0.341s] DEBUG:colcon.colcon_core.verb:Building package 'bonxai_ros' with the following arguments: {'ament_cmake_args': None, 'build_base': '/home/pablo-portatil/GITHUB/TFG/project_ws/build/bonxai_ros', 'catkin_cmake_args': None, 'catkin_skip_building_tests': False, 'cmake_args': None, 'cmake_clean_cache': False, 'cmake_clean_first': False, 'cmake_force_configure': False, 'cmake_target': None, 'cmake_target_skip_unavailable': False, 'install_base': '/home/pablo-portatil/GITHUB/TFG/project_ws/install/bonxai_ros', 'merge_install': False, 'path': '/home/pablo-portatil/GITHUB/TFG/project_ws/src/Bonxai', 'symlink_install': False, 'test_result_base': None}
[0.342s] Level 5:colcon.colcon_core.verb:set package 'location_controller' build argument 'cmake_args' from command line to 'None'
[0.342s] Level 5:colcon.colcon_core.verb:set package 'location_controller' build argument 'cmake_target' from command line to 'None'
[0.342s] Level 5:colcon.colcon_core.verb:set package 'location_controller' build argument 'cmake_target_skip_unavailable' from command line to 'False'
[0.342s] Level 5:colcon.colcon_core.verb:set package 'location_controller' build argument 'cmake_clean_cache' from command line to 'False'
[0.342s] Level 5:colcon.colcon_core.verb:set package 'location_controller' build argument 'cmake_clean_first' from command line to 'False'
[0.342s] Level 5:colcon.colcon_core.verb:set package 'location_controller' build argument 'cmake_force_configure' from command line to 'False'
[0.342s] Level 5:colcon.colcon_core.verb:set package 'location_controller' build argument 'ament_cmake_args' from command line to 'None'
[0.342s] Level 5:colcon.colcon_core.verb:set package 'location_controller' build argument 'catkin_cmake_args' from command line to 'None'
[0.342s] Level 5:colcon.colcon_core.verb:set package 'location_controller' build argument 'catkin_skip_building_tests' from command line to 'False'
[0.342s] DEBUG:colcon.colcon_core.verb:Building package 'location_controller' with the following arguments: {'ament_cmake_args': None, 'build_base': '/home/pablo-portatil/GITHUB/TFG/project_ws/build/location_controller', 'catkin_cmake_args': None, 'catkin_skip_building_tests': False, 'cmake_args': None, 'cmake_clean_cache': False, 'cmake_clean_first': False, 'cmake_force_configure': False, 'cmake_target': None, 'cmake_target_skip_unavailable': False, 'install_base': '/home/pablo-portatil/GITHUB/TFG/project_ws/install/location_controller', 'merge_install': False, 'path': '/home/pablo-portatil/GITHUB/TFG/project_ws/src/location_controller', 'symlink_install': False, 'test_result_base': None}
[0.342s] Level 5:colcon.colcon_core.verb:set package 'mapping_controller' build argument 'cmake_args' from command line to 'None'
[0.342s] Level 5:colcon.colcon_core.verb:set package 'mapping_controller' build argument 'cmake_target' from command line to 'None'
[0.342s] Level 5:colcon.colcon_core.verb:set package 'mapping_controller' build argument 'cmake_target_skip_unavailable' from command line to 'False'
[0.342s] Level 5:colcon.colcon_core.verb:set package 'mapping_controller' build argument 'cmake_clean_cache' from command line to 'False'
[0.342s] Level 5:colcon.colcon_core.verb:set package 'mapping_controller' build argument 'cmake_clean_first' from command line to 'False'
[0.342s] Level 5:colcon.colcon_core.verb:set package 'mapping_controller' build argument 'cmake_force_configure' from command line to 'False'
[0.342s] Level 5:colcon.colcon_core.verb:set package 'mapping_controller' build argument 'ament_cmake_args' from command line to 'None'
[0.342s] Level 5:colcon.colcon_core.verb:set package 'mapping_controller' build argument 'catkin_cmake_args' from command line to 'None'
[0.342s] Level 5:colcon.colcon_core.verb:set package 'mapping_controller' build argument 'catkin_skip_building_tests' from command line to 'False'
[0.342s] DEBUG:colcon.colcon_core.verb:Building package 'mapping_controller' with the following arguments: {'ament_cmake_args': None, 'build_base': '/home/pablo-portatil/GITHUB/TFG/project_ws/build/mapping_controller', 'catkin_cmake_args': None, 'catkin_skip_building_tests': False, 'cmake_args': None, 'cmake_clean_cache': False, 'cmake_clean_first': False, 'cmake_force_configure': False, 'cmake_target': None, 'cmake_target_skip_unavailable': False, 'install_base': '/home/pablo-portatil/GITHUB/TFG/project_ws/install/mapping_controller', 'merge_install': False, 'path': '/home/pablo-portatil/GITHUB/TFG/project_ws/src/mapping_controller', 'symlink_install': False, 'test_result_base': None}
[0.342s] INFO:colcon.colcon_core.executor:Executing jobs using 'parallel' executor
[0.343s] DEBUG:colcon.colcon_parallel_executor.executor.parallel:run_until_complete
[0.343s] INFO:colcon.colcon_ros.task.ament_cmake.build:Building ROS package in '/home/pablo-portatil/GITHUB/TFG/project_ws/src/Bonxai' with build type 'ament_cmake'
[0.343s] INFO:colcon.colcon_cmake.task.cmake.build:Building CMake package in '/home/pablo-portatil/GITHUB/TFG/project_ws/src/Bonxai'
[0.346s] INFO:colcon.colcon_core.plugin_system:Skipping extension 'colcon_core.shell.bat': Not used on non-Windows systems
[0.346s] INFO:colcon.colcon_core.shell:Skip shell extension 'powershell' for command environment: Not usable outside of PowerShell
[0.346s] DEBUG:colcon.colcon_core.shell:Skip shell extension 'dsv' for command environment
[0.349s] INFO:colcon.colcon_ros.task.ament_python.build:Building ROS package in '/home/pablo-portatil/GITHUB/TFG/project_ws/src/location_controller' with build type 'ament_python'
[0.349s] Level 1:colcon.colcon_core.shell:create_environment_hook('location_controller', 'ament_prefix_path')
[0.349s] INFO:colcon.colcon_core.shell:Creating environment hook '/home/pablo-portatil/GITHUB/TFG/project_ws/install/location_controller/share/location_controller/hook/ament_prefix_path.ps1'
[0.350s] INFO:colcon.colcon_core.shell:Creating environment descriptor '/home/pablo-portatil/GITHUB/TFG/project_ws/install/location_controller/share/location_controller/hook/ament_prefix_path.dsv'
[0.350s] INFO:colcon.colcon_core.shell:Creating environment hook '/home/pablo-portatil/GITHUB/TFG/project_ws/install/location_controller/share/location_controller/hook/ament_prefix_path.sh'
[0.351s] INFO:colcon.colcon_core.shell:Skip shell extension 'powershell' for command environment: Not usable outside of PowerShell
[0.351s] DEBUG:colcon.colcon_core.shell:Skip shell extension 'dsv' for command environment
[0.352s] INFO:colcon.colcon_ros.task.ament_python.build:Building ROS package in '/home/pablo-portatil/GITHUB/TFG/project_ws/src/mapping_controller' with build type 'ament_python'
[0.352s] Level 1:colcon.colcon_core.shell:create_environment_hook('mapping_controller', 'ament_prefix_path')
[0.353s] INFO:colcon.colcon_core.shell:Creating environment hook '/home/pablo-portatil/GITHUB/TFG/project_ws/install/mapping_controller/share/mapping_controller/hook/ament_prefix_path.ps1'
[0.353s] INFO:colcon.colcon_core.shell:Creating environment descriptor '/home/pablo-portatil/GITHUB/TFG/project_ws/install/mapping_controller/share/mapping_controller/hook/ament_prefix_path.dsv'
[0.353s] INFO:colcon.colcon_core.shell:Creating environment hook '/home/pablo-portatil/GITHUB/TFG/project_ws/install/mapping_controller/share/mapping_controller/hook/ament_prefix_path.sh'
[0.354s] INFO:colcon.colcon_core.shell:Skip shell extension 'powershell' for command environment: Not usable outside of PowerShell
[0.354s] DEBUG:colcon.colcon_core.shell:Skip shell extension 'dsv' for command environment
[0.365s] DEBUG:colcon.colcon_core.event_handler.log_command:Invoking command in '/home/pablo-portatil/GITHUB/TFG/project_ws/build/bonxai_ros': CMAKE_PREFIX_PATH=${CMAKE_PREFIX_PATH}:/home/pablo-portatil/GITHUB/TFG/project_ws/install/location_controller:/opt/ros/humble /usr/bin/cmake --build /home/pablo-portatil/GITHUB/TFG/project_ws/build/bonxai_ros -- -j16 -l16
[0.594s] INFO:colcon.colcon_core.task.python.build:Building Python package in '/home/pablo-portatil/GITHUB/TFG/project_ws/src/location_controller'
[0.594s] INFO:colcon.colcon_core.shell:Skip shell extension 'powershell' for command environment: Not usable outside of PowerShell
[0.594s] DEBUG:colcon.colcon_core.shell:Skip shell extension 'dsv' for command environment
[0.828s] INFO:colcon.colcon_core.task.python.build:Building Python package in '/home/pablo-portatil/GITHUB/TFG/project_ws/src/mapping_controller'
[0.829s] INFO:colcon.colcon_core.shell:Skip shell extension 'powershell' for command environment: Not usable outside of PowerShell
[0.829s] DEBUG:colcon.colcon_core.shell:Skip shell extension 'dsv' for command environment
[0.832s] DEBUG:colcon.colcon_core.event_handler.log_command:Invoked command in '/home/pablo-portatil/GITHUB/TFG/project_ws/build/bonxai_ros' returned '0': CMAKE_PREFIX_PATH=${CMAKE_PREFIX_PATH}:/home/pablo-portatil/GITHUB/TFG/project_ws/install/location_controller:/opt/ros/humble /usr/bin/cmake --build /home/pablo-portatil/GITHUB/TFG/project_ws/build/bonxai_ros -- -j16 -l16
[0.842s] DEBUG:colcon.colcon_core.event_handler.log_command:Invoking command in '/home/pablo-portatil/GITHUB/TFG/project_ws/build/bonxai_ros': CMAKE_PREFIX_PATH=${CMAKE_PREFIX_PATH}:/home/pablo-portatil/GITHUB/TFG/project_ws/install/location_controller:/opt/ros/humble /usr/bin/cmake --install /home/pablo-portatil/GITHUB/TFG/project_ws/build/bonxai_ros
[0.860s] Level 1:colcon.colcon_core.environment:create_environment_scripts_only(bonxai_ros)
[0.861s] DEBUG:colcon.colcon_core.event_handler.log_command:Invoked command in '/home/pablo-portatil/GITHUB/TFG/project_ws/build/bonxai_ros' returned '0': CMAKE_PREFIX_PATH=${CMAKE_PREFIX_PATH}:/home/pablo-portatil/GITHUB/TFG/project_ws/install/location_controller:/opt/ros/humble /usr/bin/cmake --install /home/pablo-portatil/GITHUB/TFG/project_ws/build/bonxai_ros
[0.866s] Level 1:colcon.colcon_core.environment:checking '/home/pablo-portatil/GITHUB/TFG/project_ws/install/bonxai_ros' for CMake module files
[0.867s] Level 1:colcon.colcon_core.environment:checking '/home/pablo-portatil/GITHUB/TFG/project_ws/install/bonxai_ros' for CMake config files
[0.867s] Level 1:colcon.colcon_core.shell:create_environment_hook('bonxai_ros', 'cmake_prefix_path')
[0.867s] INFO:colcon.colcon_core.shell:Creating environment hook '/home/pablo-portatil/GITHUB/TFG/project_ws/install/bonxai_ros/share/bonxai_ros/hook/cmake_prefix_path.ps1'
[0.868s] INFO:colcon.colcon_core.shell:Creating environment descriptor '/home/pablo-portatil/GITHUB/TFG/project_ws/install/bonxai_ros/share/bonxai_ros/hook/cmake_prefix_path.dsv'
[0.868s] INFO:colcon.colcon_core.shell:Creating environment hook '/home/pablo-portatil/GITHUB/TFG/project_ws/install/bonxai_ros/share/bonxai_ros/hook/cmake_prefix_path.sh'
[0.869s] Level 1:colcon.colcon_core.environment:checking '/home/pablo-portatil/GITHUB/TFG/project_ws/install/bonxai_ros/lib'
[0.870s] Level 1:colcon.colcon_core.shell:create_environment_hook('bonxai_ros', 'ld_library_path_lib')
[0.870s] INFO:colcon.colcon_core.shell:Creating environment hook '/home/pablo-portatil/GITHUB/TFG/project_ws/install/bonxai_ros/share/bonxai_ros/hook/ld_library_path_lib.ps1'
[0.871s] INFO:colcon.colcon_core.shell:Creating environment descriptor '/home/pablo-portatil/GITHUB/TFG/project_ws/install/bonxai_ros/share/bonxai_ros/hook/ld_library_path_lib.dsv'
[0.871s] INFO:colcon.colcon_core.shell:Creating environment hook '/home/pablo-portatil/GITHUB/TFG/project_ws/install/bonxai_ros/share/bonxai_ros/hook/ld_library_path_lib.sh'
[0.872s] Level 1:colcon.colcon_core.environment:checking '/home/pablo-portatil/GITHUB/TFG/project_ws/install/bonxai_ros/bin'
[0.872s] Level 1:colcon.colcon_core.environment:checking '/home/pablo-portatil/GITHUB/TFG/project_ws/install/bonxai_ros/lib/pkgconfig/bonxai_ros.pc'
[0.872s] Level 1:colcon.colcon_core.environment:checking '/home/pablo-portatil/GITHUB/TFG/project_ws/install/bonxai_ros/lib/python3.10/site-packages'
[0.873s] Level 1:colcon.colcon_core.environment:checking '/home/pablo-portatil/GITHUB/TFG/project_ws/install/bonxai_ros/bin'
[0.874s] INFO:colcon.colcon_core.shell:Creating package script '/home/pablo-portatil/GITHUB/TFG/project_ws/install/bonxai_ros/share/bonxai_ros/package.ps1'
[0.875s] INFO:colcon.colcon_core.shell:Creating package descriptor '/home/pablo-portatil/GITHUB/TFG/project_ws/install/bonxai_ros/share/bonxai_ros/package.dsv'
[0.876s] INFO:colcon.colcon_core.shell:Creating package script '/home/pablo-portatil/GITHUB/TFG/project_ws/install/bonxai_ros/share/bonxai_ros/package.sh'
[0.877s] INFO:colcon.colcon_core.shell:Creating package script '/home/pablo-portatil/GITHUB/TFG/project_ws/install/bonxai_ros/share/bonxai_ros/package.bash'
[0.879s] INFO:colcon.colcon_core.shell:Creating package script '/home/pablo-portatil/GITHUB/TFG/project_ws/install/bonxai_ros/share/bonxai_ros/package.zsh'
[0.880s] Level 1:colcon.colcon_core.environment:create_file_with_runtime_dependencies(/home/pablo-portatil/GITHUB/TFG/project_ws/install/bonxai_ros/share/colcon-core/packages/bonxai_ros)
[0.881s] Level 1:colcon.colcon_core.environment:create_environment_scripts_only(bonxai_ros)
[0.882s] Level 1:colcon.colcon_core.environment:checking '/home/pablo-portatil/GITHUB/TFG/project_ws/install/bonxai_ros' for CMake module files
[0.882s] Level 1:colcon.colcon_core.environment:checking '/home/pablo-portatil/GITHUB/TFG/project_ws/install/bonxai_ros' for CMake config files
[0.883s] Level 1:colcon.colcon_core.shell:create_environment_hook('bonxai_ros', 'cmake_prefix_path')
[0.883s] INFO:colcon.colcon_core.shell:Creating environment hook '/home/pablo-portatil/GITHUB/TFG/project_ws/install/bonxai_ros/share/bonxai_ros/hook/cmake_prefix_path.ps1'
[0.883s] INFO:colcon.colcon_core.shell:Creating environment descriptor '/home/pablo-portatil/GITHUB/TFG/project_ws/install/bonxai_ros/share/bonxai_ros/hook/cmake_prefix_path.dsv'
[0.883s] INFO:colcon.colcon_core.shell:Creating environment hook '/home/pablo-portatil/GITHUB/TFG/project_ws/install/bonxai_ros/share/bonxai_ros/hook/cmake_prefix_path.sh'
[0.884s] Level 1:colcon.colcon_core.environment:checking '/home/pablo-portatil/GITHUB/TFG/project_ws/install/bonxai_ros/lib'
[0.884s] Level 1:colcon.colcon_core.shell:create_environment_hook('bonxai_ros', 'ld_library_path_lib')
[0.884s] INFO:colcon.colcon_core.shell:Creating environment hook '/home/pablo-portatil/GITHUB/TFG/project_ws/install/bonxai_ros/share/bonxai_ros/hook/ld_library_path_lib.ps1'
[0.884s] INFO:colcon.colcon_core.shell:Creating environment descriptor '/home/pablo-portatil/GITHUB/TFG/project_ws/install/bonxai_ros/share/bonxai_ros/hook/ld_library_path_lib.dsv'
[0.885s] INFO:colcon.colcon_core.shell:Creating environment hook '/home/pablo-portatil/GITHUB/TFG/project_ws/install/bonxai_ros/share/bonxai_ros/hook/ld_library_path_lib.sh'
[0.885s] Level 1:colcon.colcon_core.environment:checking '/home/pablo-portatil/GITHUB/TFG/project_ws/install/bonxai_ros/bin'
[0.885s] Level 1:colcon.colcon_core.environment:checking '/home/pablo-portatil/GITHUB/TFG/project_ws/install/bonxai_ros/lib/pkgconfig/bonxai_ros.pc'
[0.885s] Level 1:colcon.colcon_core.environment:checking '/home/pablo-portatil/GITHUB/TFG/project_ws/install/bonxai_ros/lib/python3.10/site-packages'
[0.886s] Level 1:colcon.colcon_core.environment:checking '/home/pablo-portatil/GITHUB/TFG/project_ws/install/bonxai_ros/bin'
[0.886s] INFO:colcon.colcon_core.shell:Creating package script '/home/pablo-portatil/GITHUB/TFG/project_ws/install/bonxai_ros/share/bonxai_ros/package.ps1'
[0.886s] INFO:colcon.colcon_core.shell:Creating package descriptor '/home/pablo-portatil/GITHUB/TFG/project_ws/install/bonxai_ros/share/bonxai_ros/package.dsv'
[0.887s] INFO:colcon.colcon_core.shell:Creating package script '/home/pablo-portatil/GITHUB/TFG/project_ws/install/bonxai_ros/share/bonxai_ros/package.sh'
[0.887s] INFO:colcon.colcon_core.shell:Creating package script '/home/pablo-portatil/GITHUB/TFG/project_ws/install/bonxai_ros/share/bonxai_ros/package.bash'
[0.887s] INFO:colcon.colcon_core.shell:Creating package script '/home/pablo-portatil/GITHUB/TFG/project_ws/install/bonxai_ros/share/bonxai_ros/package.zsh'
[0.888s] Level 1:colcon.colcon_core.environment:create_file_with_runtime_dependencies(/home/pablo-portatil/GITHUB/TFG/project_ws/install/bonxai_ros/share/colcon-core/packages/bonxai_ros)
[1.181s] DEBUG:colcon.colcon_core.event_handler.log_command:Invoking command in '/home/pablo-portatil/GITHUB/TFG/project_ws/src/location_controller': PYTHONPATH=/home/pablo-portatil/GITHUB/TFG/project_ws/build/location_controller/prefix_override:/usr/lib/python3/dist-packages/colcon_core/task/python/colcon_distutils_commands:/home/pablo-portatil/GITHUB/TFG/project_ws/install/location_controller/lib/python3.10/site-packages:${PYTHONPATH} /usr/bin/python3 -W ignore:setup.py install is deprecated -W ignore:easy_install command is deprecated setup.py egg_info --egg-base ../../build/location_controller build --build-base /home/pablo-portatil/GITHUB/TFG/project_ws/build/location_controller/build install --record /home/pablo-portatil/GITHUB/TFG/project_ws/build/location_controller/install.log --single-version-externally-managed install_data
[1.187s] DEBUG:colcon.colcon_core.event_handler.log_command:Invoking command in '/home/pablo-portatil/GITHUB/TFG/project_ws/src/mapping_controller': PYTHONPATH=/home/pablo-portatil/GITHUB/TFG/project_ws/build/mapping_controller/prefix_override:/usr/lib/python3/dist-packages/colcon_core/task/python/colcon_distutils_commands:/home/pablo-portatil/GITHUB/TFG/project_ws/install/mapping_controller/lib/python3.10/site-packages:${PYTHONPATH} /usr/bin/python3 -W ignore:setup.py install is deprecated -W ignore:easy_install command is deprecated setup.py egg_info --egg-base ../../build/mapping_controller build --build-base /home/pablo-portatil/GITHUB/TFG/project_ws/build/mapping_controller/build install --record /home/pablo-portatil/GITHUB/TFG/project_ws/build/mapping_controller/install.log --single-version-externally-managed install_data
[1.412s] Level 1:colcon.colcon_core.environment:checking '/home/pablo-portatil/GITHUB/TFG/project_ws/install/location_controller' for CMake module files
[1.413s] DEBUG:colcon.colcon_core.event_handler.log_command:Invoked command in '/home/pablo-portatil/GITHUB/TFG/project_ws/src/location_controller' returned '0': PYTHONPATH=/home/pablo-portatil/GITHUB/TFG/project_ws/build/location_controller/prefix_override:/usr/lib/python3/dist-packages/colcon_core/task/python/colcon_distutils_commands:/home/pablo-portatil/GITHUB/TFG/project_ws/install/location_controller/lib/python3.10/site-packages:${PYTHONPATH} /usr/bin/python3 -W ignore:setup.py install is deprecated -W ignore:easy_install command is deprecated setup.py egg_info --egg-base ../../build/location_controller build --build-base /home/pablo-portatil/GITHUB/TFG/project_ws/build/location_controller/build install --record /home/pablo-portatil/GITHUB/TFG/project_ws/build/location_controller/install.log --single-version-externally-managed install_data
[1.413s] Level 1:colcon.colcon_core.environment:checking '/home/pablo-portatil/GITHUB/TFG/project_ws/install/location_controller' for CMake config files
[1.414s] Level 1:colcon.colcon_core.environment:checking '/home/pablo-portatil/GITHUB/TFG/project_ws/install/location_controller/lib'
[1.414s] Level 1:colcon.colcon_core.environment:checking '/home/pablo-portatil/GITHUB/TFG/project_ws/install/location_controller/bin'
[1.414s] Level 1:colcon.colcon_core.environment:checking '/home/pablo-portatil/GITHUB/TFG/project_ws/install/location_controller/lib/pkgconfig/location_controller.pc'
[1.414s] Level 1:colcon.colcon_core.environment:checking '/home/pablo-portatil/GITHUB/TFG/project_ws/install/location_controller/lib/python3.10/site-packages'
[1.414s] Level 1:colcon.colcon_core.shell:create_environment_hook('location_controller', 'pythonpath')
[1.414s] INFO:colcon.colcon_core.shell:Creating environment hook '/home/pablo-portatil/GITHUB/TFG/project_ws/install/location_controller/share/location_controller/hook/pythonpath.ps1'
[1.415s] INFO:colcon.colcon_core.shell:Creating environment descriptor '/home/pablo-portatil/GITHUB/TFG/project_ws/install/location_controller/share/location_controller/hook/pythonpath.dsv'
[1.415s] INFO:colcon.colcon_core.shell:Creating environment hook '/home/pablo-portatil/GITHUB/TFG/project_ws/install/location_controller/share/location_controller/hook/pythonpath.sh'
[1.416s] Level 1:colcon.colcon_core.environment:checking '/home/pablo-portatil/GITHUB/TFG/project_ws/install/location_controller/bin'
[1.416s] Level 1:colcon.colcon_core.environment:create_environment_scripts_only(location_controller)
[1.416s] INFO:colcon.colcon_core.shell:Creating package script '/home/pablo-portatil/GITHUB/TFG/project_ws/install/location_controller/share/location_controller/package.ps1'
[1.416s] INFO:colcon.colcon_core.shell:Creating package descriptor '/home/pablo-portatil/GITHUB/TFG/project_ws/install/location_controller/share/location_controller/package.dsv'
[1.417s] INFO:colcon.colcon_core.shell:Creating package script '/home/pablo-portatil/GITHUB/TFG/project_ws/install/location_controller/share/location_controller/package.sh'
[1.417s] INFO:colcon.colcon_core.shell:Creating package script '/home/pablo-portatil/GITHUB/TFG/project_ws/install/location_controller/share/location_controller/package.bash'
[1.417s] INFO:colcon.colcon_core.shell:Creating package script '/home/pablo-portatil/GITHUB/TFG/project_ws/install/location_controller/share/location_controller/package.zsh'
[1.418s] Level 1:colcon.colcon_core.environment:create_file_with_runtime_dependencies(/home/pablo-portatil/GITHUB/TFG/project_ws/install/location_controller/share/colcon-core/packages/location_controller)
[1.430s] Level 1:colcon.colcon_core.environment:checking '/home/pablo-portatil/GITHUB/TFG/project_ws/install/mapping_controller' for CMake module files
[1.431s] DEBUG:colcon.colcon_core.event_handler.log_command:Invoked command in '/home/pablo-portatil/GITHUB/TFG/project_ws/src/mapping_controller' returned '0': PYTHONPATH=/home/pablo-portatil/GITHUB/TFG/project_ws/build/mapping_controller/prefix_override:/usr/lib/python3/dist-packages/colcon_core/task/python/colcon_distutils_commands:/home/pablo-portatil/GITHUB/TFG/project_ws/install/mapping_controller/lib/python3.10/site-packages:${PYTHONPATH} /usr/bin/python3 -W ignore:setup.py install is deprecated -W ignore:easy_install command is deprecated setup.py egg_info --egg-base ../../build/mapping_controller build --build-base /home/pablo-portatil/GITHUB/TFG/project_ws/build/mapping_controller/build install --record /home/pablo-portatil/GITHUB/TFG/project_ws/build/mapping_controller/install.log --single-version-externally-managed install_data
[1.431s] Level 1:colcon.colcon_core.environment:checking '/home/pablo-portatil/GITHUB/TFG/project_ws/install/mapping_controller' for CMake config files
[1.432s] Level 1:colcon.colcon_core.environment:checking '/home/pablo-portatil/GITHUB/TFG/project_ws/install/mapping_controller/lib'
[1.432s] Level 1:colcon.colcon_core.environment:checking '/home/pablo-portatil/GITHUB/TFG/project_ws/install/mapping_controller/bin'
[1.432s] Level 1:colcon.colcon_core.environment:checking '/home/pablo-portatil/GITHUB/TFG/project_ws/install/mapping_controller/lib/pkgconfig/mapping_controller.pc'
[1.432s] Level 1:colcon.colcon_core.environment:checking '/home/pablo-portatil/GITHUB/TFG/project_ws/install/mapping_controller/lib/python3.10/site-packages'
[1.432s] Level 1:colcon.colcon_core.shell:create_environment_hook('mapping_controller', 'pythonpath')
[1.432s] INFO:colcon.colcon_core.shell:Creating environment hook '/home/pablo-portatil/GITHUB/TFG/project_ws/install/mapping_controller/share/mapping_controller/hook/pythonpath.ps1'
[1.433s] INFO:colcon.colcon_core.shell:Creating environment descriptor '/home/pablo-portatil/GITHUB/TFG/project_ws/install/mapping_controller/share/mapping_controller/hook/pythonpath.dsv'
[1.433s] INFO:colcon.colcon_core.shell:Creating environment hook '/home/pablo-portatil/GITHUB/TFG/project_ws/install/mapping_controller/share/mapping_controller/hook/pythonpath.sh'
[1.434s] Level 1:colcon.colcon_core.environment:checking '/home/pablo-portatil/GITHUB/TFG/project_ws/install/mapping_controller/bin'
[1.434s] Level 1:colcon.colcon_core.environment:create_environment_scripts_only(mapping_controller)
[1.434s] INFO:colcon.colcon_core.shell:Creating package script '/home/pablo-portatil/GITHUB/TFG/project_ws/install/mapping_controller/share/mapping_controller/package.ps1'
[1.435s] INFO:colcon.colcon_core.shell:Creating package descriptor '/home/pablo-portatil/GITHUB/TFG/project_ws/install/mapping_controller/share/mapping_controller/package.dsv'
[1.435s] INFO:colcon.colcon_core.shell:Creating package script '/home/pablo-portatil/GITHUB/TFG/project_ws/install/mapping_controller/share/mapping_controller/package.sh'
[1.436s] INFO:colcon.colcon_core.shell:Creating package script '/home/pablo-portatil/GITHUB/TFG/project_ws/install/mapping_controller/share/mapping_controller/package.bash'
[1.436s] INFO:colcon.colcon_core.shell:Creating package script '/home/pablo-portatil/GITHUB/TFG/project_ws/install/mapping_controller/share/mapping_controller/package.zsh'
[1.436s] Level 1:colcon.colcon_core.environment:create_file_with_runtime_dependencies(/home/pablo-portatil/GITHUB/TFG/project_ws/install/mapping_controller/share/colcon-core/packages/mapping_controller)
[1.436s] DEBUG:colcon.colcon_parallel_executor.executor.parallel:closing loop
[1.437s] DEBUG:colcon.colcon_parallel_executor.executor.parallel:loop closed
[1.437s] DEBUG:colcon.colcon_parallel_executor.executor.parallel:run_until_complete finished with '0'
[1.437s] DEBUG:colcon.colcon_core.event_reactor:joining thread
[1.445s] INFO:colcon.colcon_core.plugin_system:Skipping extension 'colcon_notification.desktop_notification.terminal_notifier': Not used on non-Darwin systems
[1.446s] INFO:colcon.colcon_core.plugin_system:Skipping extension 'colcon_notification.desktop_notification.win32': Not used on non-Windows systems
[1.446s] INFO:colcon.colcon_notification.desktop_notification:Sending desktop notification using 'notify2'
[1.463s] DEBUG:colcon.colcon_core.event_reactor:joined thread
[1.464s] INFO:colcon.colcon_core.shell:Creating prefix script '/home/pablo-portatil/GITHUB/TFG/project_ws/install/local_setup.ps1'
[1.465s] INFO:colcon.colcon_core.shell:Creating prefix util module '/home/pablo-portatil/GITHUB/TFG/project_ws/install/_local_setup_util_ps1.py'
[1.467s] INFO:colcon.colcon_core.shell:Creating prefix chain script '/home/pablo-portatil/GITHUB/TFG/project_ws/install/setup.ps1'
[1.469s] INFO:colcon.colcon_core.shell:Creating prefix script '/home/pablo-portatil/GITHUB/TFG/project_ws/install/local_setup.sh'
[1.470s] INFO:colcon.colcon_core.shell:Creating prefix util module '/home/pablo-portatil/GITHUB/TFG/project_ws/install/_local_setup_util_sh.py'
[1.470s] INFO:colcon.colcon_core.shell:Creating prefix chain script '/home/pablo-portatil/GITHUB/TFG/project_ws/install/setup.sh'
[1.472s] INFO:colcon.colcon_core.shell:Creating prefix script '/home/pablo-portatil/GITHUB/TFG/project_ws/install/local_setup.bash'
[1.472s] INFO:colcon.colcon_core.shell:Creating prefix chain script '/home/pablo-portatil/GITHUB/TFG/project_ws/install/setup.bash'
[1.473s] INFO:colcon.colcon_core.shell:Creating prefix script '/home/pablo-portatil/GITHUB/TFG/project_ws/install/local_setup.zsh'
[1.474s] INFO:colcon.colcon_core.shell:Creating prefix chain script '/home/pablo-portatil/GITHUB/TFG/project_ws/install/setup.zsh'
