[0.011s] Invoking command in '/home/pablo-pc/GITHUB/TFG/project_ws/build/bonxai_wrapper': CMAKE_PREFIX_PATH=${CMAKE_PREFIX_PATH}:/home/pablo-pc/GITHUB/TFG/project_ws/install/location_controller:/opt/ros/humble /usr/bin/cmake --build /home/pablo-pc/GITHUB/TFG/project_ws/build/bonxai_wrapper -- -j16 -l16
[0.067s] [ 20%] [32mBuilding CXX object CMakeFiles/bonxai_map.dir/Bonxai/bonxai_map/src/probabilistic_map.cpp.o[0m
[0.068s] [ 40%] [32mBuilding CXX object CMakeFiles/bonxai_map.dir/Bonxai/bonxai_map/src/pcl_utils.cpp.o[0m
[2.696s] [ 60%] [32m[1mLinking CXX static library libbonxai_map.a[0m
[2.751s] [ 60%] Built target bonxai_map
[2.807s] [100%] Built target bonxai_server
[2.821s] Invoked command in '/home/pablo-pc/GITHUB/TFG/project_ws/build/bonxai_wrapper' returned '0': CMAKE_PREFIX_PATH=${CMAKE_PREFIX_PATH}:/home/pablo-pc/GITHUB/TFG/project_ws/install/location_controller:/opt/ros/humble /usr/bin/cmake --build /home/pablo-pc/GITHUB/TFG/project_ws/build/bonxai_wrapper -- -j16 -l16
[2.839s] Invoking command in '/home/pablo-pc/GITHUB/TFG/project_ws/build/bonxai_wrapper': CMAKE_PREFIX_PATH=${CMAKE_PREFIX_PATH}:/home/pablo-pc/GITHUB/TFG/project_ws/install/location_controller:/opt/ros/humble /usr/bin/cmake --install /home/pablo-pc/GITHUB/TFG/project_ws/build/bonxai_wrapper
[2.847s] -- Install configuration: ""
[2.847s] -- Up-to-date: /home/pablo-pc/GITHUB/TFG/project_ws/install/bonxai_wrapper/lib/libbonxai_server.a
[2.847s] -- Installing: /home/pablo-pc/GITHUB/TFG/project_ws/install/bonxai_wrapper/lib/libbonxai_map.a
[2.849s] -- Up-to-date: /home/pablo-pc/GITHUB/TFG/project_ws/install/bonxai_wrapper/share/bonxai_wrapper/cmake/bonxai_serverConfig.cmake
[2.849s] -- Up-to-date: /home/pablo-pc/GITHUB/TFG/project_ws/install/bonxai_wrapper/share/bonxai_wrapper/cmake/bonxai_serverConfig-noconfig.cmake
[2.849s] -- Up-to-date: /home/pablo-pc/GITHUB/TFG/project_ws/install/bonxai_wrapper/include
[2.849s] -- Up-to-date: /home/pablo-pc/GITHUB/TFG/project_ws/install/bonxai_wrapper/include/bonxai_server.hpp
[2.849s] -- Up-to-date: /home/pablo-pc/GITHUB/TFG/project_ws/install/bonxai_wrapper/include
[2.849s] -- Up-to-date: /home/pablo-pc/GITHUB/TFG/project_ws/install/bonxai_wrapper/include/bonxai_map
[2.849s] -- Up-to-date: /home/pablo-pc/GITHUB/TFG/project_ws/install/bonxai_wrapper/include/bonxai_map/pcl_utils.hpp
[2.849s] -- Up-to-date: /home/pablo-pc/GITHUB/TFG/project_ws/install/bonxai_wrapper/include/bonxai_map/probabilistic_map.hpp
[2.849s] -- Up-to-date: /home/pablo-pc/GITHUB/TFG/project_ws/install/bonxai_wrapper/include
[2.849s] -- Up-to-date: /home/pablo-pc/GITHUB/TFG/project_ws/install/bonxai_wrapper/include/bonxai
[2.849s] -- Up-to-date: /home/pablo-pc/GITHUB/TFG/project_ws/install/bonxai_wrapper/include/bonxai/serialization.hpp
[2.849s] -- Up-to-date: /home/pablo-pc/GITHUB/TFG/project_ws/install/bonxai_wrapper/include/bonxai/grid_coord.hpp
[2.849s] -- Up-to-date: /home/pablo-pc/GITHUB/TFG/project_ws/install/bonxai_wrapper/include/bonxai/grid_allocator.hpp
[2.849s] -- Up-to-date: /home/pablo-pc/GITHUB/TFG/project_ws/install/bonxai_wrapper/include/bonxai/mask.hpp
[2.849s] -- Up-to-date: /home/pablo-pc/GITHUB/TFG/project_ws/install/bonxai_wrapper/include/bonxai/bonxai.hpp
[2.849s] -- Up-to-date: /home/pablo-pc/GITHUB/TFG/project_ws/install/bonxai_wrapper/share/bonxai_wrapper/environment/library_path.sh
[2.849s] -- Up-to-date: /home/pablo-pc/GITHUB/TFG/project_ws/install/bonxai_wrapper/share/bonxai_wrapper/environment/library_path.dsv
[2.849s] -- Up-to-date: /home/pablo-pc/GITHUB/TFG/project_ws/install/bonxai_wrapper/share/ament_index/resource_index/package_run_dependencies/bonxai_wrapper
[2.849s] -- Up-to-date: /home/pablo-pc/GITHUB/TFG/project_ws/install/bonxai_wrapper/share/ament_index/resource_index/parent_prefix_path/bonxai_wrapper
[2.849s] -- Up-to-date: /home/pablo-pc/GITHUB/TFG/project_ws/install/bonxai_wrapper/share/bonxai_wrapper/environment/ament_prefix_path.sh
[2.849s] -- Up-to-date: /home/pablo-pc/GITHUB/TFG/project_ws/install/bonxai_wrapper/share/bonxai_wrapper/environment/ament_prefix_path.dsv
[2.850s] -- Up-to-date: /home/pablo-pc/GITHUB/TFG/project_ws/install/bonxai_wrapper/share/bonxai_wrapper/environment/path.sh
[2.850s] -- Up-to-date: /home/pablo-pc/GITHUB/TFG/project_ws/install/bonxai_wrapper/share/bonxai_wrapper/environment/path.dsv
[2.850s] -- Up-to-date: /home/pablo-pc/GITHUB/TFG/project_ws/install/bonxai_wrapper/share/bonxai_wrapper/local_setup.bash
[2.850s] -- Up-to-date: /home/pablo-pc/GITHUB/TFG/project_ws/install/bonxai_wrapper/share/bonxai_wrapper/local_setup.sh
[2.850s] -- Up-to-date: /home/pablo-pc/GITHUB/TFG/project_ws/install/bonxai_wrapper/share/bonxai_wrapper/local_setup.zsh
[2.850s] -- Up-to-date: /home/pablo-pc/GITHUB/TFG/project_ws/install/bonxai_wrapper/share/bonxai_wrapper/local_setup.dsv
[2.850s] -- Installing: /home/pablo-pc/GITHUB/TFG/project_ws/install/bonxai_wrapper/share/bonxai_wrapper/package.dsv
[2.850s] -- Up-to-date: /home/pablo-pc/GITHUB/TFG/project_ws/install/bonxai_wrapper/share/ament_index/resource_index/packages/bonxai_wrapper
[2.850s] -- Up-to-date: /home/pablo-pc/GITHUB/TFG/project_ws/install/bonxai_wrapper/share/bonxai_wrapper/cmake/bonxai_serverExport.cmake
[2.850s] -- Up-to-date: /home/pablo-pc/GITHUB/TFG/project_ws/install/bonxai_wrapper/share/bonxai_wrapper/cmake/bonxai_serverExport-noconfig.cmake
[2.850s] -- Up-to-date: /home/pablo-pc/GITHUB/TFG/project_ws/install/bonxai_wrapper/share/bonxai_wrapper/cmake/ament_cmake_export_include_directories-extras.cmake
[2.850s] -- Up-to-date: /home/pablo-pc/GITHUB/TFG/project_ws/install/bonxai_wrapper/share/bonxai_wrapper/cmake/ament_cmake_export_targets-extras.cmake
[2.850s] -- Up-to-date: /home/pablo-pc/GITHUB/TFG/project_ws/install/bonxai_wrapper/share/bonxai_wrapper/cmake/ament_cmake_export_libraries-extras.cmake
[2.850s] -- Up-to-date: /home/pablo-pc/GITHUB/TFG/project_ws/install/bonxai_wrapper/share/bonxai_wrapper/cmake/ament_cmake_export_dependencies-extras.cmake
[2.850s] -- Up-to-date: /home/pablo-pc/GITHUB/TFG/project_ws/install/bonxai_wrapper/share/bonxai_wrapper/cmake/bonxai_wrapperConfig.cmake
[2.850s] -- Up-to-date: /home/pablo-pc/GITHUB/TFG/project_ws/install/bonxai_wrapper/share/bonxai_wrapper/cmake/bonxai_wrapperConfig-version.cmake
[2.850s] -- Up-to-date: /home/pablo-pc/GITHUB/TFG/project_ws/install/bonxai_wrapper/share/bonxai_wrapper/package.xml
[2.851s] Invoked command in '/home/pablo-pc/GITHUB/TFG/project_ws/build/bonxai_wrapper' returned '0': CMAKE_PREFIX_PATH=${CMAKE_PREFIX_PATH}:/home/pablo-pc/GITHUB/TFG/project_ws/install/location_controller:/opt/ros/humble /usr/bin/cmake --install /home/pablo-pc/GITHUB/TFG/project_ws/build/bonxai_wrapper
