[0.533s] Invoking command in '/home/pablo-portatil/GITHUB/TFG/project_ws/src/location_controller': PYTHONPATH=/home/pablo-portatil/GITHUB/TFG/project_ws/build/location_controller/prefix_override:/usr/lib/python3/dist-packages/colcon_core/task/python/colcon_distutils_commands:/home/pablo-portatil/GITHUB/TFG/project_ws/install/location_controller/lib/python3.10/site-packages:${PYTHONPATH} /usr/bin/python3 -W ignore:setup.py install is deprecated setup.py egg_info --egg-base ../../build/location_controller build --build-base /home/pablo-portatil/GITHUB/TFG/project_ws/build/location_controller/build install --record /home/pablo-portatil/GITHUB/TFG/project_ws/build/location_controller/install.log --single-version-externally-managed install_data
[0.711s] running egg_info
[0.711s] writing ../../build/location_controller/location_controller.egg-info/PKG-INFO
[0.711s] writing dependency_links to ../../build/location_controller/location_controller.egg-info/dependency_links.txt
[0.711s] writing entry points to ../../build/location_controller/location_controller.egg-info/entry_points.txt
[0.712s] writing requirements to ../../build/location_controller/location_controller.egg-info/requires.txt
[0.712s] writing top-level names to ../../build/location_controller/location_controller.egg-info/top_level.txt
[0.713s] reading manifest file '../../build/location_controller/location_controller.egg-info/SOURCES.txt'
[0.713s] writing manifest file '../../build/location_controller/location_controller.egg-info/SOURCES.txt'
[0.714s] running build
[0.714s] running build_py
[0.714s] copying location_controller/pointcloud2_converter.py -> /home/pablo-portatil/GITHUB/TFG/project_ws/build/location_controller/build/lib/location_controller
[0.714s] running install
[0.714s] running install_lib
[0.715s] copying /home/pablo-portatil/GITHUB/TFG/project_ws/build/location_controller/build/lib/location_controller/pointcloud2_converter.py -> /home/pablo-portatil/GITHUB/TFG/project_ws/install/location_controller/lib/python3.10/site-packages/location_controller
[0.716s] byte-compiling /home/pablo-portatil/GITHUB/TFG/project_ws/install/location_controller/lib/python3.10/site-packages/location_controller/pointcloud2_converter.py to pointcloud2_converter.cpython-310.pyc
[0.716s] running install_data
[0.717s] running install_egg_info
[0.719s] removing '/home/pablo-portatil/GITHUB/TFG/project_ws/install/location_controller/lib/python3.10/site-packages/location_controller-0.0.0-py3.10.egg-info' (and everything under it)
[0.719s] Copying ../../build/location_controller/location_controller.egg-info to /home/pablo-portatil/GITHUB/TFG/project_ws/install/location_controller/lib/python3.10/site-packages/location_controller-0.0.0-py3.10.egg-info
[0.720s] running install_scripts
[0.736s] Installing location_node script to /home/pablo-portatil/GITHUB/TFG/project_ws/install/location_controller/lib/location_controller
[0.736s] writing list of installed files to '/home/pablo-portatil/GITHUB/TFG/project_ws/build/location_controller/install.log'
[0.757s] Invoked command in '/home/pablo-portatil/GITHUB/TFG/project_ws/src/location_controller' returned '0': PYTHONPATH=/home/pablo-portatil/GITHUB/TFG/project_ws/build/location_controller/prefix_override:/usr/lib/python3/dist-packages/colcon_core/task/python/colcon_distutils_commands:/home/pablo-portatil/GITHUB/TFG/project_ws/install/location_controller/lib/python3.10/site-packages:${PYTHONPATH} /usr/bin/python3 -W ignore:setup.py install is deprecated setup.py egg_info --egg-base ../../build/location_controller build --build-base /home/pablo-portatil/GITHUB/TFG/project_ws/build/location_controller/build install --record /home/pablo-portatil/GITHUB/TFG/project_ws/build/location_controller/install.log --single-version-externally-managed install_data
