[0.392s] Invoking command in '/home/pablo-portatil/GITHUB/TFG/project_ws/src/location_controller': PYTHONPATH=/home/pablo-portatil/GITHUB/TFG/project_ws/build/location_controller/prefix_override:/usr/lib/python3/dist-packages/colcon_core/task/python/colcon_distutils_commands:/home/pablo-portatil/GITHUB/TFG/project_ws/install/location_controller/lib/python3.10/site-packages:${PYTHONPATH} /usr/bin/python3 -W ignore:setup.py install is deprecated setup.py egg_info --egg-base ../../build/location_controller build --build-base /home/pablo-portatil/GITHUB/TFG/project_ws/build/location_controller/build install --record /home/pablo-portatil/GITHUB/TFG/project_ws/build/location_controller/install.log --single-version-externally-managed install_data
[0.525s] running egg_info
[0.526s] creating ../../build/location_controller/location_controller.egg-info
[0.526s] writing ../../build/location_controller/location_controller.egg-info/PKG-INFO
[0.526s] writing dependency_links to ../../build/location_controller/location_controller.egg-info/dependency_links.txt
[0.526s] writing entry points to ../../build/location_controller/location_controller.egg-info/entry_points.txt
[0.526s] writing requirements to ../../build/location_controller/location_controller.egg-info/requires.txt
[0.526s] writing top-level names to ../../build/location_controller/location_controller.egg-info/top_level.txt
[0.526s] writing manifest file '../../build/location_controller/location_controller.egg-info/SOURCES.txt'
[0.527s] reading manifest file '../../build/location_controller/location_controller.egg-info/SOURCES.txt'
[0.528s] writing manifest file '../../build/location_controller/location_controller.egg-info/SOURCES.txt'
[0.528s] running build
[0.528s] running build_py
[0.528s] creating /home/pablo-portatil/GITHUB/TFG/project_ws/build/location_controller/build
[0.528s] creating /home/pablo-portatil/GITHUB/TFG/project_ws/build/location_controller/build/lib
[0.528s] creating /home/pablo-portatil/GITHUB/TFG/project_ws/build/location_controller/build/lib/location_controller
[0.528s] copying location_controller/__init__.py -> /home/pablo-portatil/GITHUB/TFG/project_ws/build/location_controller/build/lib/location_controller
[0.528s] running install
[0.528s] running install_lib
[0.528s] creating /home/pablo-portatil/GITHUB/TFG/project_ws/install/location_controller/lib/python3.10/site-packages/location_controller
[0.529s] copying /home/pablo-portatil/GITHUB/TFG/project_ws/build/location_controller/build/lib/location_controller/__init__.py -> /home/pablo-portatil/GITHUB/TFG/project_ws/install/location_controller/lib/python3.10/site-packages/location_controller
[0.529s] byte-compiling /home/pablo-portatil/GITHUB/TFG/project_ws/install/location_controller/lib/python3.10/site-packages/location_controller/__init__.py to __init__.cpython-310.pyc
[0.529s] running install_data
[0.529s] creating /home/pablo-portatil/GITHUB/TFG/project_ws/install/location_controller/share/ament_index
[0.529s] creating /home/pablo-portatil/GITHUB/TFG/project_ws/install/location_controller/share/ament_index/resource_index
[0.529s] creating /home/pablo-portatil/GITHUB/TFG/project_ws/install/location_controller/share/ament_index/resource_index/packages
[0.529s] copying resource/location_controller -> /home/pablo-portatil/GITHUB/TFG/project_ws/install/location_controller/share/ament_index/resource_index/packages
[0.529s] copying package.xml -> /home/pablo-portatil/GITHUB/TFG/project_ws/install/location_controller/share/location_controller
[0.529s] running install_egg_info
[0.530s] Copying ../../build/location_controller/location_controller.egg-info to /home/pablo-portatil/GITHUB/TFG/project_ws/install/location_controller/lib/python3.10/site-packages/location_controller-0.0.0-py3.10.egg-info
[0.530s] running install_scripts
[0.544s] writing list of installed files to '/home/pablo-portatil/GITHUB/TFG/project_ws/build/location_controller/install.log'
[0.559s] Invoked command in '/home/pablo-portatil/GITHUB/TFG/project_ws/src/location_controller' returned '0': PYTHONPATH=/home/pablo-portatil/GITHUB/TFG/project_ws/build/location_controller/prefix_override:/usr/lib/python3/dist-packages/colcon_core/task/python/colcon_distutils_commands:/home/pablo-portatil/GITHUB/TFG/project_ws/install/location_controller/lib/python3.10/site-packages:${PYTHONPATH} /usr/bin/python3 -W ignore:setup.py install is deprecated setup.py egg_info --egg-base ../../build/location_controller build --build-base /home/pablo-portatil/GITHUB/TFG/project_ws/build/location_controller/build install --record /home/pablo-portatil/GITHUB/TFG/project_ws/build/location_controller/install.log --single-version-externally-managed install_data
