[0.085s] DEBUG:colcon:Command line arguments: ['/usr/bin/colcon', 'build']
[0.085s] DEBUG:colcon:Parsed command line arguments: Namespace(log_base=None, log_level=None, verb_name='build', build_base='build', install_base='install', merge_install=False, symlink_install=False, test_result_base=None, continue_on_error=False, executor='parallel', parallel_workers=16, event_handlers=None, ignore_user_meta=False, metas=['./colcon.meta'], base_paths=['.'], packages_ignore=None, packages_ignore_regex=None, paths=None, packages_up_to=None, packages_up_to_regex=None, packages_above=None, packages_above_and_dependencies=None, packages_above_depth=None, packages_select_by_dep=None, packages_skip_by_dep=None, packages_skip_up_to=None, packages_select_build_failed=False, packages_skip_build_finished=False, packages_select_test_failures=False, packages_skip_test_passed=False, packages_select=None, packages_skip=None, packages_select_regex=None, packages_skip_regex=None, packages_start=None, packages_end=None, allow_overriding=[], cmake_args=None, cmake_target=None, cmake_target_skip_unavailable=False, cmake_clean_cache=False, cmake_clean_first=False, cmake_force_configure=False, ament_cmake_args=None, catkin_cmake_args=None, catkin_skip_building_tests=False, mixin_files=None, mixin=None, verb_parser=<colcon_mixin.mixin.mixin_argument.MixinArgumentDecorator object at 0x7e9a8084dff0>, verb_extension=<colcon_core.verb.build.BuildVerb object at 0x7e9a8094ef80>, main=<bound method BuildVerb.main of <colcon_core.verb.build.BuildVerb object at 0x7e9a8094ef80>>, mixin_verb=('build',))
[0.202s] Level 1:colcon.colcon_core.package_discovery:discover_packages(colcon_meta) check parameters
[0.202s] Level 1:colcon.colcon_core.package_discovery:discover_packages(recursive) check parameters
[0.202s] Level 1:colcon.colcon_core.package_discovery:discover_packages(ignore) check parameters
[0.202s] Level 1:colcon.colcon_core.package_discovery:discover_packages(path) check parameters
[0.202s] Level 1:colcon.colcon_core.package_discovery:discover_packages(colcon_meta) discover
[0.202s] Level 1:colcon.colcon_core.package_discovery:discover_packages(recursive) discover
[0.202s] INFO:colcon.colcon_core.package_discovery:Crawling recursively for packages in '/home/pablo-pc/GITHUB/TFG/project_ws'
[0.202s] Level 1:colcon.colcon_core.package_identification:_identify(.) by extensions ['ignore', 'ignore_ament_install']
[0.202s] Level 1:colcon.colcon_core.package_identification:_identify(.) by extension 'ignore'
[0.202s] Level 1:colcon.colcon_core.package_identification:_identify(.) by extension 'ignore_ament_install'
[0.202s] Level 1:colcon.colcon_core.package_identification:_identify(.) by extensions ['colcon_pkg']
[0.202s] Level 1:colcon.colcon_core.package_identification:_identify(.) by extension 'colcon_pkg'
[0.202s] Level 1:colcon.colcon_core.package_identification:_identify(.) by extensions ['colcon_meta']
[0.202s] Level 1:colcon.colcon_core.package_identification:_identify(.) by extension 'colcon_meta'
[0.202s] Level 1:colcon.colcon_core.package_identification:_identify(.) by extensions ['ros']
[0.202s] Level 1:colcon.colcon_core.package_identification:_identify(.) by extension 'ros'
[0.211s] Level 1:colcon.colcon_core.package_identification:_identify(.) by extensions ['cmake', 'python']
[0.211s] Level 1:colcon.colcon_core.package_identification:_identify(.) by extension 'cmake'
[0.211s] Level 1:colcon.colcon_core.package_identification:_identify(.) by extension 'python'
[0.211s] Level 1:colcon.colcon_core.package_identification:_identify(.) by extensions ['python_setup_py']
[0.211s] Level 1:colcon.colcon_core.package_identification:_identify(.) by extension 'python_setup_py'
[0.211s] Level 1:colcon.colcon_core.package_identification:_identify(build) by extensions ['ignore', 'ignore_ament_install']
[0.211s] Level 1:colcon.colcon_core.package_identification:_identify(build) by extension 'ignore'
[0.211s] Level 1:colcon.colcon_core.package_identification:_identify(build) ignored
[0.211s] Level 1:colcon.colcon_core.package_identification:_identify(install) by extensions ['ignore', 'ignore_ament_install']
[0.211s] Level 1:colcon.colcon_core.package_identification:_identify(install) by extension 'ignore'
[0.211s] Level 1:colcon.colcon_core.package_identification:_identify(install) ignored
[0.211s] Level 1:colcon.colcon_core.package_identification:_identify(log) by extensions ['ignore', 'ignore_ament_install']
[0.211s] Level 1:colcon.colcon_core.package_identification:_identify(log) by extension 'ignore'
[0.212s] Level 1:colcon.colcon_core.package_identification:_identify(log) ignored
[0.212s] Level 1:colcon.colcon_core.package_identification:_identify(src) by extensions ['ignore', 'ignore_ament_install']
[0.212s] Level 1:colcon.colcon_core.package_identification:_identify(src) by extension 'ignore'
[0.212s] Level 1:colcon.colcon_core.package_identification:_identify(src) by extension 'ignore_ament_install'
[0.212s] Level 1:colcon.colcon_core.package_identification:_identify(src) by extensions ['colcon_pkg']
[0.212s] Level 1:colcon.colcon_core.package_identification:_identify(src) by extension 'colcon_pkg'
[0.212s] Level 1:colcon.colcon_core.package_identification:_identify(src) by extensions ['colcon_meta']
[0.212s] Level 1:colcon.colcon_core.package_identification:_identify(src) by extension 'colcon_meta'
[0.212s] Level 1:colcon.colcon_core.package_identification:_identify(src) by extensions ['ros']
[0.212s] Level 1:colcon.colcon_core.package_identification:_identify(src) by extension 'ros'
[0.212s] Level 1:colcon.colcon_core.package_identification:_identify(src) by extensions ['cmake', 'python']
[0.212s] Level 1:colcon.colcon_core.package_identification:_identify(src) by extension 'cmake'
[0.212s] Level 1:colcon.colcon_core.package_identification:_identify(src) by extension 'python'
[0.212s] Level 1:colcon.colcon_core.package_identification:_identify(src) by extensions ['python_setup_py']
[0.212s] Level 1:colcon.colcon_core.package_identification:_identify(src) by extension 'python_setup_py'
[0.212s] Level 1:colcon.colcon_core.package_identification:_identify(src/bonxai_wrapper) by extensions ['ignore', 'ignore_ament_install']
[0.212s] Level 1:colcon.colcon_core.package_identification:_identify(src/bonxai_wrapper) by extension 'ignore'
[0.212s] Level 1:colcon.colcon_core.package_identification:_identify(src/bonxai_wrapper) by extension 'ignore_ament_install'
[0.212s] Level 1:colcon.colcon_core.package_identification:_identify(src/bonxai_wrapper) by extensions ['colcon_pkg']
[0.212s] Level 1:colcon.colcon_core.package_identification:_identify(src/bonxai_wrapper) by extension 'colcon_pkg'
[0.212s] Level 1:colcon.colcon_core.package_identification:_identify(src/bonxai_wrapper) by extensions ['colcon_meta']
[0.212s] Level 1:colcon.colcon_core.package_identification:_identify(src/bonxai_wrapper) by extension 'colcon_meta'
[0.212s] Level 1:colcon.colcon_core.package_identification:_identify(src/bonxai_wrapper) by extensions ['ros']
[0.212s] Level 1:colcon.colcon_core.package_identification:_identify(src/bonxai_wrapper) by extension 'ros'
[0.214s] DEBUG:colcon.colcon_core.package_identification:Package 'src/bonxai_wrapper' with type 'ros.ament_cmake' and name 'bonxai_wrapper'
[0.215s] Level 1:colcon.colcon_core.package_identification:_identify(src/location_controller) by extensions ['ignore', 'ignore_ament_install']
[0.215s] Level 1:colcon.colcon_core.package_identification:_identify(src/location_controller) by extension 'ignore'
[0.215s] Level 1:colcon.colcon_core.package_identification:_identify(src/location_controller) by extension 'ignore_ament_install'
[0.215s] Level 1:colcon.colcon_core.package_identification:_identify(src/location_controller) by extensions ['colcon_pkg']
[0.215s] Level 1:colcon.colcon_core.package_identification:_identify(src/location_controller) by extension 'colcon_pkg'
[0.215s] Level 1:colcon.colcon_core.package_identification:_identify(src/location_controller) by extensions ['colcon_meta']
[0.215s] Level 1:colcon.colcon_core.package_identification:_identify(src/location_controller) by extension 'colcon_meta'
[0.215s] Level 1:colcon.colcon_core.package_identification:_identify(src/location_controller) by extensions ['ros']
[0.215s] Level 1:colcon.colcon_core.package_identification:_identify(src/location_controller) by extension 'ros'
[0.215s] DEBUG:colcon.colcon_core.package_identification:Package 'src/location_controller' with type 'ros.ament_python' and name 'location_controller'
[0.215s] Level 1:colcon.colcon_core.package_identification:_identify(src/mapping_controller) by extensions ['ignore', 'ignore_ament_install']
[0.215s] Level 1:colcon.colcon_core.package_identification:_identify(src/mapping_controller) by extension 'ignore'
[0.215s] Level 1:colcon.colcon_core.package_identification:_identify(src/mapping_controller) by extension 'ignore_ament_install'
[0.216s] Level 1:colcon.colcon_core.package_identification:_identify(src/mapping_controller) by extensions ['colcon_pkg']
[0.216s] Level 1:colcon.colcon_core.package_identification:_identify(src/mapping_controller) by extension 'colcon_pkg'
[0.216s] Level 1:colcon.colcon_core.package_identification:_identify(src/mapping_controller) by extensions ['colcon_meta']
[0.216s] Level 1:colcon.colcon_core.package_identification:_identify(src/mapping_controller) by extension 'colcon_meta'
[0.216s] Level 1:colcon.colcon_core.package_identification:_identify(src/mapping_controller) by extensions ['ros']
[0.216s] Level 1:colcon.colcon_core.package_identification:_identify(src/mapping_controller) by extension 'ros'
[0.216s] DEBUG:colcon.colcon_core.package_identification:Package 'src/mapping_controller' with type 'ros.ament_cmake' and name 'mapping_controller'
[0.216s] Level 1:colcon.colcon_core.package_identification:_identify(src/metrics) by extensions ['ignore', 'ignore_ament_install']
[0.217s] Level 1:colcon.colcon_core.package_identification:_identify(src/metrics) by extension 'ignore'
[0.217s] Level 1:colcon.colcon_core.package_identification:_identify(src/metrics) by extension 'ignore_ament_install'
[0.217s] Level 1:colcon.colcon_core.package_identification:_identify(src/metrics) by extensions ['colcon_pkg']
[0.217s] Level 1:colcon.colcon_core.package_identification:_identify(src/metrics) by extension 'colcon_pkg'
[0.217s] Level 1:colcon.colcon_core.package_identification:_identify(src/metrics) by extensions ['colcon_meta']
[0.217s] Level 1:colcon.colcon_core.package_identification:_identify(src/metrics) by extension 'colcon_meta'
[0.217s] Level 1:colcon.colcon_core.package_identification:_identify(src/metrics) by extensions ['ros']
[0.217s] Level 1:colcon.colcon_core.package_identification:_identify(src/metrics) by extension 'ros'
[0.217s] Level 1:colcon.colcon_core.package_identification:_identify(src/metrics) by extensions ['cmake', 'python']
[0.217s] Level 1:colcon.colcon_core.package_identification:_identify(src/metrics) by extension 'cmake'
[0.217s] Level 1:colcon.colcon_core.package_identification:_identify(src/metrics) by extension 'python'
[0.217s] Level 1:colcon.colcon_core.package_identification:_identify(src/metrics) by extensions ['python_setup_py']
[0.217s] Level 1:colcon.colcon_core.package_identification:_identify(src/metrics) by extension 'python_setup_py'
[0.217s] Level 1:colcon.colcon_core.package_identification:_identify(src/recordings) by extensions ['ignore', 'ignore_ament_install']
[0.217s] Level 1:colcon.colcon_core.package_identification:_identify(src/recordings) by extension 'ignore'
[0.217s] Level 1:colcon.colcon_core.package_identification:_identify(src/recordings) by extension 'ignore_ament_install'
[0.217s] Level 1:colcon.colcon_core.package_identification:_identify(src/recordings) by extensions ['colcon_pkg']
[0.217s] Level 1:colcon.colcon_core.package_identification:_identify(src/recordings) by extension 'colcon_pkg'
[0.217s] Level 1:colcon.colcon_core.package_identification:_identify(src/recordings) by extensions ['colcon_meta']
[0.217s] Level 1:colcon.colcon_core.package_identification:_identify(src/recordings) by extension 'colcon_meta'
[0.217s] Level 1:colcon.colcon_core.package_identification:_identify(src/recordings) by extensions ['ros']
[0.217s] Level 1:colcon.colcon_core.package_identification:_identify(src/recordings) by extension 'ros'
[0.217s] Level 1:colcon.colcon_core.package_identification:_identify(src/recordings) by extensions ['cmake', 'python']
[0.217s] Level 1:colcon.colcon_core.package_identification:_identify(src/recordings) by extension 'cmake'
[0.217s] Level 1:colcon.colcon_core.package_identification:_identify(src/recordings) by extension 'python'
[0.217s] Level 1:colcon.colcon_core.package_identification:_identify(src/recordings) by extensions ['python_setup_py']
[0.217s] Level 1:colcon.colcon_core.package_identification:_identify(src/recordings) by extension 'python_setup_py'
[0.217s] Level 1:colcon.colcon_core.package_discovery:discover_packages(recursive) using defaults
[0.217s] Level 1:colcon.colcon_core.package_discovery:discover_packages(ignore) discover
[0.217s] Level 1:colcon.colcon_core.package_discovery:discover_packages(ignore) using defaults
[0.217s] Level 1:colcon.colcon_core.package_discovery:discover_packages(path) discover
[0.217s] Level 1:colcon.colcon_core.package_discovery:discover_packages(path) using defaults
[0.239s] Level 1:colcon.colcon_core.package_discovery:discover_packages(prefix_path) check parameters
[0.239s] Level 1:colcon.colcon_core.package_discovery:discover_packages(prefix_path) discover
[0.241s] DEBUG:colcon.colcon_installed_package_information.package_discovery:Found 3 installed packages in /home/pablo-pc/GITHUB/TFG/project_ws/install
[0.242s] DEBUG:colcon.colcon_installed_package_information.package_discovery:Found 272 installed packages in /opt/ros/humble
[0.243s] Level 1:colcon.colcon_core.package_discovery:discover_packages(prefix_path) using defaults
[0.265s] Level 5:colcon.colcon_core.verb:set package 'bonxai_wrapper' build argument 'cmake_args' from command line to 'None'
[0.265s] Level 5:colcon.colcon_core.verb:set package 'bonxai_wrapper' build argument 'cmake_target' from command line to 'None'
[0.265s] Level 5:colcon.colcon_core.verb:set package 'bonxai_wrapper' build argument 'cmake_target_skip_unavailable' from command line to 'False'
[0.265s] Level 5:colcon.colcon_core.verb:set package 'bonxai_wrapper' build argument 'cmake_clean_cache' from command line to 'False'
[0.265s] Level 5:colcon.colcon_core.verb:set package 'bonxai_wrapper' build argument 'cmake_clean_first' from command line to 'False'
[0.265s] Level 5:colcon.colcon_core.verb:set package 'bonxai_wrapper' build argument 'cmake_force_configure' from command line to 'False'
[0.265s] Level 5:colcon.colcon_core.verb:set package 'bonxai_wrapper' build argument 'ament_cmake_args' from command line to 'None'
[0.265s] Level 5:colcon.colcon_core.verb:set package 'bonxai_wrapper' build argument 'catkin_cmake_args' from command line to 'None'
[0.265s] Level 5:colcon.colcon_core.verb:set package 'bonxai_wrapper' build argument 'catkin_skip_building_tests' from command line to 'False'
[0.265s] DEBUG:colcon.colcon_core.verb:Building package 'bonxai_wrapper' with the following arguments: {'ament_cmake_args': None, 'build_base': '/home/pablo-pc/GITHUB/TFG/project_ws/build/bonxai_wrapper', 'catkin_cmake_args': None, 'catkin_skip_building_tests': False, 'cmake_args': None, 'cmake_clean_cache': False, 'cmake_clean_first': False, 'cmake_force_configure': False, 'cmake_target': None, 'cmake_target_skip_unavailable': False, 'install_base': '/home/pablo-pc/GITHUB/TFG/project_ws/install/bonxai_wrapper', 'merge_install': False, 'path': '/home/pablo-pc/GITHUB/TFG/project_ws/src/bonxai_wrapper', 'symlink_install': False, 'test_result_base': None}
[0.265s] Level 5:colcon.colcon_core.verb:set package 'location_controller' build argument 'cmake_args' from command line to 'None'
[0.265s] Level 5:colcon.colcon_core.verb:set package 'location_controller' build argument 'cmake_target' from command line to 'None'
[0.265s] Level 5:colcon.colcon_core.verb:set package 'location_controller' build argument 'cmake_target_skip_unavailable' from command line to 'False'
[0.265s] Level 5:colcon.colcon_core.verb:set package 'location_controller' build argument 'cmake_clean_cache' from command line to 'False'
[0.265s] Level 5:colcon.colcon_core.verb:set package 'location_controller' build argument 'cmake_clean_first' from command line to 'False'
[0.265s] Level 5:colcon.colcon_core.verb:set package 'location_controller' build argument 'cmake_force_configure' from command line to 'False'
[0.265s] Level 5:colcon.colcon_core.verb:set package 'location_controller' build argument 'ament_cmake_args' from command line to 'None'
[0.265s] Level 5:colcon.colcon_core.verb:set package 'location_controller' build argument 'catkin_cmake_args' from command line to 'None'
[0.266s] Level 5:colcon.colcon_core.verb:set package 'location_controller' build argument 'catkin_skip_building_tests' from command line to 'False'
[0.266s] DEBUG:colcon.colcon_core.verb:Building package 'location_controller' with the following arguments: {'ament_cmake_args': None, 'build_base': '/home/pablo-pc/GITHUB/TFG/project_ws/build/location_controller', 'catkin_cmake_args': None, 'catkin_skip_building_tests': False, 'cmake_args': None, 'cmake_clean_cache': False, 'cmake_clean_first': False, 'cmake_force_configure': False, 'cmake_target': None, 'cmake_target_skip_unavailable': False, 'install_base': '/home/pablo-pc/GITHUB/TFG/project_ws/install/location_controller', 'merge_install': False, 'path': '/home/pablo-pc/GITHUB/TFG/project_ws/src/location_controller', 'symlink_install': False, 'test_result_base': None}
[0.266s] Level 5:colcon.colcon_core.verb:set package 'mapping_controller' build argument 'cmake_args' from command line to 'None'
[0.266s] Level 5:colcon.colcon_core.verb:set package 'mapping_controller' build argument 'cmake_target' from command line to 'None'
[0.266s] Level 5:colcon.colcon_core.verb:set package 'mapping_controller' build argument 'cmake_target_skip_unavailable' from command line to 'False'
[0.266s] Level 5:colcon.colcon_core.verb:set package 'mapping_controller' build argument 'cmake_clean_cache' from command line to 'False'
[0.266s] Level 5:colcon.colcon_core.verb:set package 'mapping_controller' build argument 'cmake_clean_first' from command line to 'False'
[0.266s] Level 5:colcon.colcon_core.verb:set package 'mapping_controller' build argument 'cmake_force_configure' from command line to 'False'
[0.266s] Level 5:colcon.colcon_core.verb:set package 'mapping_controller' build argument 'ament_cmake_args' from command line to 'None'
[0.266s] Level 5:colcon.colcon_core.verb:set package 'mapping_controller' build argument 'catkin_cmake_args' from command line to 'None'
[0.266s] Level 5:colcon.colcon_core.verb:set package 'mapping_controller' build argument 'catkin_skip_building_tests' from command line to 'False'
[0.266s] DEBUG:colcon.colcon_core.verb:Building package 'mapping_controller' with the following arguments: {'ament_cmake_args': None, 'build_base': '/home/pablo-pc/GITHUB/TFG/project_ws/build/mapping_controller', 'catkin_cmake_args': None, 'catkin_skip_building_tests': False, 'cmake_args': None, 'cmake_clean_cache': False, 'cmake_clean_first': False, 'cmake_force_configure': False, 'cmake_target': None, 'cmake_target_skip_unavailable': False, 'install_base': '/home/pablo-pc/GITHUB/TFG/project_ws/install/mapping_controller', 'merge_install': False, 'path': '/home/pablo-pc/GITHUB/TFG/project_ws/src/mapping_controller', 'symlink_install': False, 'test_result_base': None}
[0.266s] INFO:colcon.colcon_core.executor:Executing jobs using 'parallel' executor
[0.267s] DEBUG:colcon.colcon_parallel_executor.executor.parallel:run_until_complete
[0.268s] INFO:colcon.colcon_ros.task.ament_cmake.build:Building ROS package in '/home/pablo-pc/GITHUB/TFG/project_ws/src/bonxai_wrapper' with build type 'ament_cmake'
[0.268s] INFO:colcon.colcon_cmake.task.cmake.build:Building CMake package in '/home/pablo-pc/GITHUB/TFG/project_ws/src/bonxai_wrapper'
[0.269s] INFO:colcon.colcon_core.plugin_system:Skipping extension 'colcon_core.shell.bat': Not used on non-Windows systems
[0.269s] INFO:colcon.colcon_core.shell:Skip shell extension 'powershell' for command environment: Not usable outside of PowerShell
[0.269s] DEBUG:colcon.colcon_core.shell:Skip shell extension 'dsv' for command environment
[0.272s] INFO:colcon.colcon_ros.task.ament_python.build:Building ROS package in '/home/pablo-pc/GITHUB/TFG/project_ws/src/location_controller' with build type 'ament_python'
[0.273s] Level 1:colcon.colcon_core.shell:create_environment_hook('location_controller', 'ament_prefix_path')
[0.273s] INFO:colcon.colcon_core.shell:Creating environment hook '/home/pablo-pc/GITHUB/TFG/project_ws/install/location_controller/share/location_controller/hook/ament_prefix_path.ps1'
[0.274s] INFO:colcon.colcon_core.shell:Creating environment descriptor '/home/pablo-pc/GITHUB/TFG/project_ws/install/location_controller/share/location_controller/hook/ament_prefix_path.dsv'
[0.275s] INFO:colcon.colcon_core.shell:Creating environment hook '/home/pablo-pc/GITHUB/TFG/project_ws/install/location_controller/share/location_controller/hook/ament_prefix_path.sh'
[0.275s] INFO:colcon.colcon_core.shell:Skip shell extension 'powershell' for command environment: Not usable outside of PowerShell
[0.275s] DEBUG:colcon.colcon_core.shell:Skip shell extension 'dsv' for command environment
[0.284s] DEBUG:colcon.colcon_core.event_handler.log_command:Invoking command in '/home/pablo-pc/GITHUB/TFG/project_ws/build/bonxai_wrapper': CMAKE_PREFIX_PATH=${CMAKE_PREFIX_PATH}:/home/pablo-pc/GITHUB/TFG/project_ws/install/location_controller:/opt/ros/humble /usr/bin/cmake --build /home/pablo-pc/GITHUB/TFG/project_ws/build/bonxai_wrapper -- -j16 -l16
[0.496s] INFO:colcon.colcon_core.task.python.build:Building Python package in '/home/pablo-pc/GITHUB/TFG/project_ws/src/location_controller'
[0.497s] INFO:colcon.colcon_core.shell:Skip shell extension 'powershell' for command environment: Not usable outside of PowerShell
[0.497s] DEBUG:colcon.colcon_core.shell:Skip shell extension 'dsv' for command environment
[0.503s] DEBUG:colcon.colcon_core.event_handler.log_command:Invoked command in '/home/pablo-pc/GITHUB/TFG/project_ws/build/bonxai_wrapper' returned '0': CMAKE_PREFIX_PATH=${CMAKE_PREFIX_PATH}:/home/pablo-pc/GITHUB/TFG/project_ws/install/location_controller:/opt/ros/humble /usr/bin/cmake --build /home/pablo-pc/GITHUB/TFG/project_ws/build/bonxai_wrapper -- -j16 -l16
[0.511s] DEBUG:colcon.colcon_core.event_handler.log_command:Invoking command in '/home/pablo-pc/GITHUB/TFG/project_ws/build/bonxai_wrapper': CMAKE_PREFIX_PATH=${CMAKE_PREFIX_PATH}:/home/pablo-pc/GITHUB/TFG/project_ws/install/location_controller:/opt/ros/humble /usr/bin/cmake --install /home/pablo-pc/GITHUB/TFG/project_ws/build/bonxai_wrapper
[0.525s] Level 1:colcon.colcon_core.environment:create_environment_scripts_only(bonxai_wrapper)
[0.530s] DEBUG:colcon.colcon_core.event_handler.log_command:Invoked command in '/home/pablo-pc/GITHUB/TFG/project_ws/build/bonxai_wrapper' returned '0': CMAKE_PREFIX_PATH=${CMAKE_PREFIX_PATH}:/home/pablo-pc/GITHUB/TFG/project_ws/install/location_controller:/opt/ros/humble /usr/bin/cmake --install /home/pablo-pc/GITHUB/TFG/project_ws/build/bonxai_wrapper
[0.531s] Level 1:colcon.colcon_core.environment:checking '/home/pablo-pc/GITHUB/TFG/project_ws/install/bonxai_wrapper' for CMake module files
[0.532s] Level 1:colcon.colcon_core.environment:checking '/home/pablo-pc/GITHUB/TFG/project_ws/install/bonxai_wrapper' for CMake config files
[0.532s] Level 1:colcon.colcon_core.shell:create_environment_hook('bonxai_wrapper', 'cmake_prefix_path')
[0.532s] INFO:colcon.colcon_core.shell:Creating environment hook '/home/pablo-pc/GITHUB/TFG/project_ws/install/bonxai_wrapper/share/bonxai_wrapper/hook/cmake_prefix_path.ps1'
[0.532s] INFO:colcon.colcon_core.shell:Creating environment descriptor '/home/pablo-pc/GITHUB/TFG/project_ws/install/bonxai_wrapper/share/bonxai_wrapper/hook/cmake_prefix_path.dsv'
[0.533s] INFO:colcon.colcon_core.shell:Creating environment hook '/home/pablo-pc/GITHUB/TFG/project_ws/install/bonxai_wrapper/share/bonxai_wrapper/hook/cmake_prefix_path.sh'
[0.533s] Level 1:colcon.colcon_core.environment:checking '/home/pablo-pc/GITHUB/TFG/project_ws/install/bonxai_wrapper/lib'
[0.534s] Level 1:colcon.colcon_core.environment:checking '/home/pablo-pc/GITHUB/TFG/project_ws/install/bonxai_wrapper/bin'
[0.534s] Level 1:colcon.colcon_core.environment:checking '/home/pablo-pc/GITHUB/TFG/project_ws/install/bonxai_wrapper/lib/pkgconfig/bonxai_wrapper.pc'
[0.534s] Level 1:colcon.colcon_core.environment:checking '/home/pablo-pc/GITHUB/TFG/project_ws/install/bonxai_wrapper/lib/python3.10/site-packages'
[0.534s] Level 1:colcon.colcon_core.environment:checking '/home/pablo-pc/GITHUB/TFG/project_ws/install/bonxai_wrapper/bin'
[0.535s] INFO:colcon.colcon_core.shell:Creating package script '/home/pablo-pc/GITHUB/TFG/project_ws/install/bonxai_wrapper/share/bonxai_wrapper/package.ps1'
[0.536s] INFO:colcon.colcon_core.shell:Creating package descriptor '/home/pablo-pc/GITHUB/TFG/project_ws/install/bonxai_wrapper/share/bonxai_wrapper/package.dsv'
[0.536s] INFO:colcon.colcon_core.shell:Creating package script '/home/pablo-pc/GITHUB/TFG/project_ws/install/bonxai_wrapper/share/bonxai_wrapper/package.sh'
[0.537s] INFO:colcon.colcon_core.shell:Creating package script '/home/pablo-pc/GITHUB/TFG/project_ws/install/bonxai_wrapper/share/bonxai_wrapper/package.bash'
[0.537s] INFO:colcon.colcon_core.shell:Creating package script '/home/pablo-pc/GITHUB/TFG/project_ws/install/bonxai_wrapper/share/bonxai_wrapper/package.zsh'
[0.538s] Level 1:colcon.colcon_core.environment:create_file_with_runtime_dependencies(/home/pablo-pc/GITHUB/TFG/project_ws/install/bonxai_wrapper/share/colcon-core/packages/bonxai_wrapper)
[0.539s] Level 1:colcon.colcon_core.environment:create_environment_scripts_only(bonxai_wrapper)
[0.539s] Level 1:colcon.colcon_core.environment:checking '/home/pablo-pc/GITHUB/TFG/project_ws/install/bonxai_wrapper' for CMake module files
[0.539s] Level 1:colcon.colcon_core.environment:checking '/home/pablo-pc/GITHUB/TFG/project_ws/install/bonxai_wrapper' for CMake config files
[0.539s] Level 1:colcon.colcon_core.shell:create_environment_hook('bonxai_wrapper', 'cmake_prefix_path')
[0.539s] INFO:colcon.colcon_core.shell:Creating environment hook '/home/pablo-pc/GITHUB/TFG/project_ws/install/bonxai_wrapper/share/bonxai_wrapper/hook/cmake_prefix_path.ps1'
[0.540s] INFO:colcon.colcon_core.shell:Creating environment descriptor '/home/pablo-pc/GITHUB/TFG/project_ws/install/bonxai_wrapper/share/bonxai_wrapper/hook/cmake_prefix_path.dsv'
[0.540s] INFO:colcon.colcon_core.shell:Creating environment hook '/home/pablo-pc/GITHUB/TFG/project_ws/install/bonxai_wrapper/share/bonxai_wrapper/hook/cmake_prefix_path.sh'
[0.541s] Level 1:colcon.colcon_core.environment:checking '/home/pablo-pc/GITHUB/TFG/project_ws/install/bonxai_wrapper/lib'
[0.541s] Level 1:colcon.colcon_core.environment:checking '/home/pablo-pc/GITHUB/TFG/project_ws/install/bonxai_wrapper/bin'
[0.541s] Level 1:colcon.colcon_core.environment:checking '/home/pablo-pc/GITHUB/TFG/project_ws/install/bonxai_wrapper/lib/pkgconfig/bonxai_wrapper.pc'
[0.541s] Level 1:colcon.colcon_core.environment:checking '/home/pablo-pc/GITHUB/TFG/project_ws/install/bonxai_wrapper/lib/python3.10/site-packages'
[0.541s] Level 1:colcon.colcon_core.environment:checking '/home/pablo-pc/GITHUB/TFG/project_ws/install/bonxai_wrapper/bin'
[0.542s] INFO:colcon.colcon_core.shell:Creating package script '/home/pablo-pc/GITHUB/TFG/project_ws/install/bonxai_wrapper/share/bonxai_wrapper/package.ps1'
[0.542s] INFO:colcon.colcon_core.shell:Creating package descriptor '/home/pablo-pc/GITHUB/TFG/project_ws/install/bonxai_wrapper/share/bonxai_wrapper/package.dsv'
[0.543s] INFO:colcon.colcon_core.shell:Creating package script '/home/pablo-pc/GITHUB/TFG/project_ws/install/bonxai_wrapper/share/bonxai_wrapper/package.sh'
[0.544s] INFO:colcon.colcon_core.shell:Creating package script '/home/pablo-pc/GITHUB/TFG/project_ws/install/bonxai_wrapper/share/bonxai_wrapper/package.bash'
[0.544s] INFO:colcon.colcon_core.shell:Creating package script '/home/pablo-pc/GITHUB/TFG/project_ws/install/bonxai_wrapper/share/bonxai_wrapper/package.zsh'
[0.545s] Level 1:colcon.colcon_core.environment:create_file_with_runtime_dependencies(/home/pablo-pc/GITHUB/TFG/project_ws/install/bonxai_wrapper/share/colcon-core/packages/bonxai_wrapper)
[0.545s] INFO:colcon.colcon_ros.task.ament_cmake.build:Building ROS package in '/home/pablo-pc/GITHUB/TFG/project_ws/src/mapping_controller' with build type 'ament_cmake'
[0.545s] INFO:colcon.colcon_cmake.task.cmake.build:Building CMake package in '/home/pablo-pc/GITHUB/TFG/project_ws/src/mapping_controller'
[0.545s] INFO:colcon.colcon_core.shell:Skip shell extension 'powershell' for command environment: Not usable outside of PowerShell
[0.545s] DEBUG:colcon.colcon_core.shell:Skip shell extension 'dsv' for command environment
[0.556s] DEBUG:colcon.colcon_core.event_handler.log_command:Invoking command in '/home/pablo-pc/GITHUB/TFG/project_ws/build/mapping_controller': CMAKE_PREFIX_PATH=/home/pablo-pc/GITHUB/TFG/project_ws/install/bonxai_wrapper:/home/pablo-pc/GITHUB/TFG/project_ws/install/mapping_controller:/home/pablo-pc/GITHUB/TFG/project_ws/install/location_controller:/opt/ros/humble /usr/bin/cmake --build /home/pablo-pc/GITHUB/TFG/project_ws/build/mapping_controller -- -j16 -l16
[0.824s] DEBUG:colcon.colcon_core.event_handler.log_command:Invoking command in '/home/pablo-pc/GITHUB/TFG/project_ws/src/location_controller': PYTHONPATH=/home/pablo-pc/GITHUB/TFG/project_ws/build/location_controller/prefix_override:/usr/lib/python3/dist-packages/colcon_core/task/python/colcon_distutils_commands:/home/pablo-pc/GITHUB/TFG/project_ws/install/location_controller/lib/python3.10/site-packages:${PYTHONPATH} /usr/bin/python3 -W ignore:setup.py install is deprecated -W ignore:easy_install command is deprecated setup.py egg_info --egg-base ../../build/location_controller build --build-base /home/pablo-pc/GITHUB/TFG/project_ws/build/location_controller/build install --record /home/pablo-pc/GITHUB/TFG/project_ws/build/location_controller/install.log --single-version-externally-managed install_data
[1.079s] Level 1:colcon.colcon_core.environment:checking '/home/pablo-pc/GITHUB/TFG/project_ws/install/location_controller' for CMake module files
[1.080s] DEBUG:colcon.colcon_core.event_handler.log_command:Invoked command in '/home/pablo-pc/GITHUB/TFG/project_ws/src/location_controller' returned '0': PYTHONPATH=/home/pablo-pc/GITHUB/TFG/project_ws/build/location_controller/prefix_override:/usr/lib/python3/dist-packages/colcon_core/task/python/colcon_distutils_commands:/home/pablo-pc/GITHUB/TFG/project_ws/install/location_controller/lib/python3.10/site-packages:${PYTHONPATH} /usr/bin/python3 -W ignore:setup.py install is deprecated -W ignore:easy_install command is deprecated setup.py egg_info --egg-base ../../build/location_controller build --build-base /home/pablo-pc/GITHUB/TFG/project_ws/build/location_controller/build install --record /home/pablo-pc/GITHUB/TFG/project_ws/build/location_controller/install.log --single-version-externally-managed install_data
[1.080s] Level 1:colcon.colcon_core.environment:checking '/home/pablo-pc/GITHUB/TFG/project_ws/install/location_controller' for CMake config files
[1.081s] Level 1:colcon.colcon_core.environment:checking '/home/pablo-pc/GITHUB/TFG/project_ws/install/location_controller/lib'
[1.081s] Level 1:colcon.colcon_core.environment:checking '/home/pablo-pc/GITHUB/TFG/project_ws/install/location_controller/bin'
[1.082s] Level 1:colcon.colcon_core.environment:checking '/home/pablo-pc/GITHUB/TFG/project_ws/install/location_controller/lib/pkgconfig/location_controller.pc'
[1.082s] Level 1:colcon.colcon_core.environment:checking '/home/pablo-pc/GITHUB/TFG/project_ws/install/location_controller/lib/python3.10/site-packages'
[1.082s] Level 1:colcon.colcon_core.shell:create_environment_hook('location_controller', 'pythonpath')
[1.082s] INFO:colcon.colcon_core.shell:Creating environment hook '/home/pablo-pc/GITHUB/TFG/project_ws/install/location_controller/share/location_controller/hook/pythonpath.ps1'
[1.083s] INFO:colcon.colcon_core.shell:Creating environment descriptor '/home/pablo-pc/GITHUB/TFG/project_ws/install/location_controller/share/location_controller/hook/pythonpath.dsv'
[1.083s] INFO:colcon.colcon_core.shell:Creating environment hook '/home/pablo-pc/GITHUB/TFG/project_ws/install/location_controller/share/location_controller/hook/pythonpath.sh'
[1.084s] Level 1:colcon.colcon_core.environment:checking '/home/pablo-pc/GITHUB/TFG/project_ws/install/location_controller/bin'
[1.084s] Level 1:colcon.colcon_core.environment:create_environment_scripts_only(location_controller)
[1.084s] INFO:colcon.colcon_core.shell:Creating package script '/home/pablo-pc/GITHUB/TFG/project_ws/install/location_controller/share/location_controller/package.ps1'
[1.085s] INFO:colcon.colcon_core.shell:Creating package descriptor '/home/pablo-pc/GITHUB/TFG/project_ws/install/location_controller/share/location_controller/package.dsv'
[1.085s] INFO:colcon.colcon_core.shell:Creating package script '/home/pablo-pc/GITHUB/TFG/project_ws/install/location_controller/share/location_controller/package.sh'
[1.085s] INFO:colcon.colcon_core.shell:Creating package script '/home/pablo-pc/GITHUB/TFG/project_ws/install/location_controller/share/location_controller/package.bash'
[1.086s] INFO:colcon.colcon_core.shell:Creating package script '/home/pablo-pc/GITHUB/TFG/project_ws/install/location_controller/share/location_controller/package.zsh'
[1.086s] Level 1:colcon.colcon_core.environment:create_file_with_runtime_dependencies(/home/pablo-pc/GITHUB/TFG/project_ws/install/location_controller/share/colcon-core/packages/location_controller)
[12.432s] DEBUG:colcon.colcon_core.event_handler.log_command:Invoked command in '/home/pablo-pc/GITHUB/TFG/project_ws/build/mapping_controller' returned '0': CMAKE_PREFIX_PATH=/home/pablo-pc/GITHUB/TFG/project_ws/install/bonxai_wrapper:/home/pablo-pc/GITHUB/TFG/project_ws/install/mapping_controller:/home/pablo-pc/GITHUB/TFG/project_ws/install/location_controller:/opt/ros/humble /usr/bin/cmake --build /home/pablo-pc/GITHUB/TFG/project_ws/build/mapping_controller -- -j16 -l16
[12.435s] DEBUG:colcon.colcon_core.event_handler.log_command:Invoking command in '/home/pablo-pc/GITHUB/TFG/project_ws/build/mapping_controller': CMAKE_PREFIX_PATH=/home/pablo-pc/GITHUB/TFG/project_ws/install/bonxai_wrapper:/home/pablo-pc/GITHUB/TFG/project_ws/install/mapping_controller:/home/pablo-pc/GITHUB/TFG/project_ws/install/location_controller:/opt/ros/humble /usr/bin/cmake --install /home/pablo-pc/GITHUB/TFG/project_ws/build/mapping_controller
[12.454s] Level 1:colcon.colcon_core.environment:create_environment_scripts_only(mapping_controller)
[12.454s] DEBUG:colcon.colcon_core.event_handler.log_command:Invoked command in '/home/pablo-pc/GITHUB/TFG/project_ws/build/mapping_controller' returned '0': CMAKE_PREFIX_PATH=/home/pablo-pc/GITHUB/TFG/project_ws/install/bonxai_wrapper:/home/pablo-pc/GITHUB/TFG/project_ws/install/mapping_controller:/home/pablo-pc/GITHUB/TFG/project_ws/install/location_controller:/opt/ros/humble /usr/bin/cmake --install /home/pablo-pc/GITHUB/TFG/project_ws/build/mapping_controller
[12.454s] Level 1:colcon.colcon_core.environment:checking '/home/pablo-pc/GITHUB/TFG/project_ws/install/mapping_controller' for CMake module files
[12.455s] Level 1:colcon.colcon_core.environment:checking '/home/pablo-pc/GITHUB/TFG/project_ws/install/mapping_controller' for CMake config files
[12.456s] Level 1:colcon.colcon_core.shell:create_environment_hook('mapping_controller', 'cmake_prefix_path')
[12.456s] INFO:colcon.colcon_core.shell:Creating environment hook '/home/pablo-pc/GITHUB/TFG/project_ws/install/mapping_controller/share/mapping_controller/hook/cmake_prefix_path.ps1'
[12.456s] INFO:colcon.colcon_core.shell:Creating environment descriptor '/home/pablo-pc/GITHUB/TFG/project_ws/install/mapping_controller/share/mapping_controller/hook/cmake_prefix_path.dsv'
[12.456s] INFO:colcon.colcon_core.shell:Creating environment hook '/home/pablo-pc/GITHUB/TFG/project_ws/install/mapping_controller/share/mapping_controller/hook/cmake_prefix_path.sh'
[12.457s] Level 1:colcon.colcon_core.environment:checking '/home/pablo-pc/GITHUB/TFG/project_ws/install/mapping_controller/lib'
[12.457s] Level 1:colcon.colcon_core.environment:checking '/home/pablo-pc/GITHUB/TFG/project_ws/install/mapping_controller/bin'
[12.457s] Level 1:colcon.colcon_core.environment:checking '/home/pablo-pc/GITHUB/TFG/project_ws/install/mapping_controller/lib/pkgconfig/mapping_controller.pc'
[12.457s] Level 1:colcon.colcon_core.environment:checking '/home/pablo-pc/GITHUB/TFG/project_ws/install/mapping_controller/lib/python3.10/site-packages'
[12.457s] Level 1:colcon.colcon_core.environment:checking '/home/pablo-pc/GITHUB/TFG/project_ws/install/mapping_controller/bin'
[12.458s] INFO:colcon.colcon_core.shell:Creating package script '/home/pablo-pc/GITHUB/TFG/project_ws/install/mapping_controller/share/mapping_controller/package.ps1'
[12.458s] INFO:colcon.colcon_core.shell:Creating package descriptor '/home/pablo-pc/GITHUB/TFG/project_ws/install/mapping_controller/share/mapping_controller/package.dsv'
[12.458s] INFO:colcon.colcon_core.shell:Creating package script '/home/pablo-pc/GITHUB/TFG/project_ws/install/mapping_controller/share/mapping_controller/package.sh'
[12.459s] INFO:colcon.colcon_core.shell:Creating package script '/home/pablo-pc/GITHUB/TFG/project_ws/install/mapping_controller/share/mapping_controller/package.bash'
[12.459s] INFO:colcon.colcon_core.shell:Creating package script '/home/pablo-pc/GITHUB/TFG/project_ws/install/mapping_controller/share/mapping_controller/package.zsh'
[12.459s] Level 1:colcon.colcon_core.environment:create_file_with_runtime_dependencies(/home/pablo-pc/GITHUB/TFG/project_ws/install/mapping_controller/share/colcon-core/packages/mapping_controller)
[12.459s] Level 1:colcon.colcon_core.environment:create_environment_scripts_only(mapping_controller)
[12.460s] Level 1:colcon.colcon_core.environment:checking '/home/pablo-pc/GITHUB/TFG/project_ws/install/mapping_controller' for CMake module files
[12.460s] Level 1:colcon.colcon_core.environment:checking '/home/pablo-pc/GITHUB/TFG/project_ws/install/mapping_controller' for CMake config files
[12.460s] Level 1:colcon.colcon_core.shell:create_environment_hook('mapping_controller', 'cmake_prefix_path')
[12.460s] INFO:colcon.colcon_core.shell:Creating environment hook '/home/pablo-pc/GITHUB/TFG/project_ws/install/mapping_controller/share/mapping_controller/hook/cmake_prefix_path.ps1'
[12.460s] INFO:colcon.colcon_core.shell:Creating environment descriptor '/home/pablo-pc/GITHUB/TFG/project_ws/install/mapping_controller/share/mapping_controller/hook/cmake_prefix_path.dsv'
[12.461s] INFO:colcon.colcon_core.shell:Creating environment hook '/home/pablo-pc/GITHUB/TFG/project_ws/install/mapping_controller/share/mapping_controller/hook/cmake_prefix_path.sh'
[12.461s] Level 1:colcon.colcon_core.environment:checking '/home/pablo-pc/GITHUB/TFG/project_ws/install/mapping_controller/lib'
[12.461s] Level 1:colcon.colcon_core.environment:checking '/home/pablo-pc/GITHUB/TFG/project_ws/install/mapping_controller/bin'
[12.461s] Level 1:colcon.colcon_core.environment:checking '/home/pablo-pc/GITHUB/TFG/project_ws/install/mapping_controller/lib/pkgconfig/mapping_controller.pc'
[12.461s] Level 1:colcon.colcon_core.environment:checking '/home/pablo-pc/GITHUB/TFG/project_ws/install/mapping_controller/lib/python3.10/site-packages'
[12.461s] Level 1:colcon.colcon_core.environment:checking '/home/pablo-pc/GITHUB/TFG/project_ws/install/mapping_controller/bin'
[12.462s] INFO:colcon.colcon_core.shell:Creating package script '/home/pablo-pc/GITHUB/TFG/project_ws/install/mapping_controller/share/mapping_controller/package.ps1'
[12.462s] INFO:colcon.colcon_core.shell:Creating package descriptor '/home/pablo-pc/GITHUB/TFG/project_ws/install/mapping_controller/share/mapping_controller/package.dsv'
[12.462s] INFO:colcon.colcon_core.shell:Creating package script '/home/pablo-pc/GITHUB/TFG/project_ws/install/mapping_controller/share/mapping_controller/package.sh'
[12.463s] INFO:colcon.colcon_core.shell:Creating package script '/home/pablo-pc/GITHUB/TFG/project_ws/install/mapping_controller/share/mapping_controller/package.bash'
[12.463s] INFO:colcon.colcon_core.shell:Creating package script '/home/pablo-pc/GITHUB/TFG/project_ws/install/mapping_controller/share/mapping_controller/package.zsh'
[12.464s] Level 1:colcon.colcon_core.environment:create_file_with_runtime_dependencies(/home/pablo-pc/GITHUB/TFG/project_ws/install/mapping_controller/share/colcon-core/packages/mapping_controller)
[12.464s] DEBUG:colcon.colcon_parallel_executor.executor.parallel:closing loop
[12.465s] DEBUG:colcon.colcon_parallel_executor.executor.parallel:loop closed
[12.465s] DEBUG:colcon.colcon_parallel_executor.executor.parallel:run_until_complete finished with '0'
[12.465s] DEBUG:colcon.colcon_core.event_reactor:joining thread
[12.470s] INFO:colcon.colcon_core.plugin_system:Skipping extension 'colcon_notification.desktop_notification.terminal_notifier': Not used on non-Darwin systems
[12.470s] INFO:colcon.colcon_core.plugin_system:Skipping extension 'colcon_notification.desktop_notification.win32': Not used on non-Windows systems
[12.470s] INFO:colcon.colcon_notification.desktop_notification:Sending desktop notification using 'notify2'
[12.487s] DEBUG:colcon.colcon_core.event_reactor:joined thread
[12.487s] INFO:colcon.colcon_core.shell:Creating prefix script '/home/pablo-pc/GITHUB/TFG/project_ws/install/local_setup.ps1'
[12.488s] INFO:colcon.colcon_core.shell:Creating prefix util module '/home/pablo-pc/GITHUB/TFG/project_ws/install/_local_setup_util_ps1.py'
[12.489s] INFO:colcon.colcon_core.shell:Creating prefix chain script '/home/pablo-pc/GITHUB/TFG/project_ws/install/setup.ps1'
[12.490s] INFO:colcon.colcon_core.shell:Creating prefix script '/home/pablo-pc/GITHUB/TFG/project_ws/install/local_setup.sh'
[12.490s] INFO:colcon.colcon_core.shell:Creating prefix util module '/home/pablo-pc/GITHUB/TFG/project_ws/install/_local_setup_util_sh.py'
[12.491s] INFO:colcon.colcon_core.shell:Creating prefix chain script '/home/pablo-pc/GITHUB/TFG/project_ws/install/setup.sh'
[12.493s] INFO:colcon.colcon_core.shell:Creating prefix script '/home/pablo-pc/GITHUB/TFG/project_ws/install/local_setup.bash'
[12.493s] INFO:colcon.colcon_core.shell:Creating prefix chain script '/home/pablo-pc/GITHUB/TFG/project_ws/install/setup.bash'
[12.495s] INFO:colcon.colcon_core.shell:Creating prefix script '/home/pablo-pc/GITHUB/TFG/project_ws/install/local_setup.zsh'
[12.495s] INFO:colcon.colcon_core.shell:Creating prefix chain script '/home/pablo-pc/GITHUB/TFG/project_ws/install/setup.zsh'
