[0.631s] Invoking command in '/home/pablo-portatil/GITHUB/TFG/project_ws/build/location_controller': PYTHONPATH=/home/pablo-portatil/GITHUB/TFG/project_ws/build/location_controller/prefix_override:/usr/lib/python3/dist-packages/colcon_core/task/python/colcon_distutils_commands:/home/pablo-portatil/GITHUB/TFG/project_ws/install/location_controller/lib/python3.10/site-packages:${PYTHONPATH} /usr/bin/python3 -W ignore:setup.py install is deprecated -W ignore:easy_install command is deprecated setup.py develop --editable --build-directory /home/pablo-portatil/GITHUB/TFG/project_ws/build/location_controller/build --no-deps symlink_data --force
[0.874s] running develop
[1.005s] running egg_info
[1.005s] writing location_controller.egg-info/PKG-INFO
[1.005s] writing dependency_links to location_controller.egg-info/dependency_links.txt
[1.005s] writing entry points to location_controller.egg-info/entry_points.txt
[1.005s] writing requirements to location_controller.egg-info/requires.txt
[1.006s] writing top-level names to location_controller.egg-info/top_level.txt
[1.008s] reading manifest file 'location_controller.egg-info/SOURCES.txt'
[1.009s] writing manifest file 'location_controller.egg-info/SOURCES.txt'
[1.011s] running build_ext
[1.012s] Creating /home/pablo-portatil/GITHUB/TFG/project_ws/install/location_controller/lib/python3.10/site-packages/location-controller.egg-link (link to .)
[1.013s] Installing location_node_err script to /home/pablo-portatil/GITHUB/TFG/project_ws/install/location_controller/lib/location_controller
[1.014s] Installing location_node_no_err script to /home/pablo-portatil/GITHUB/TFG/project_ws/install/location_controller/lib/location_controller
[1.014s] 
[1.015s] Installed /home/pablo-portatil/GITHUB/TFG/project_ws/build/location_controller
[1.015s] running symlink_data
[1.015s] symbolically linking /home/pablo-portatil/GITHUB/TFG/project_ws/build/location_controller/resource/location_controller -> /home/pablo-portatil/GITHUB/TFG/project_ws/install/location_controller/share/ament_index/resource_index/packages
[1.015s] symbolically linking /home/pablo-portatil/GITHUB/TFG/project_ws/build/location_controller/package.xml -> /home/pablo-portatil/GITHUB/TFG/project_ws/install/location_controller/share/location_controller
[1.043s] Invoked command in '/home/pablo-portatil/GITHUB/TFG/project_ws/build/location_controller' returned '0': PYTHONPATH=/home/pablo-portatil/GITHUB/TFG/project_ws/build/location_controller/prefix_override:/usr/lib/python3/dist-packages/colcon_core/task/python/colcon_distutils_commands:/home/pablo-portatil/GITHUB/TFG/project_ws/install/location_controller/lib/python3.10/site-packages:${PYTHONPATH} /usr/bin/python3 -W ignore:setup.py install is deprecated -W ignore:easy_install command is deprecated setup.py develop --editable --build-directory /home/pablo-portatil/GITHUB/TFG/project_ws/build/location_controller/build --no-deps symlink_data --force
