[0.107s] DEBUG:colcon:Command line arguments: ['/usr/bin/colcon', 'build']
[0.107s] DEBUG:colcon:Parsed command line arguments: Namespace(log_base=None, log_level=None, verb_name='build', build_base='build', install_base='install', merge_install=False, symlink_install=False, test_result_base=None, continue_on_error=False, executor='parallel', parallel_workers=16, event_handlers=None, ignore_user_meta=False, metas=['./colcon.meta'], base_paths=['.'], packages_ignore=None, packages_ignore_regex=None, paths=None, packages_up_to=None, packages_up_to_regex=None, packages_above=None, packages_above_and_dependencies=None, packages_above_depth=None, packages_select_by_dep=None, packages_skip_by_dep=None, packages_skip_up_to=None, packages_select_build_failed=False, packages_skip_build_finished=False, packages_select_test_failures=False, packages_skip_test_passed=False, packages_select=None, packages_skip=None, packages_select_regex=None, packages_skip_regex=None, packages_start=None, packages_end=None, allow_overriding=[], cmake_args=None, cmake_target=None, cmake_target_skip_unavailable=False, cmake_clean_cache=False, cmake_clean_first=False, cmake_force_configure=False, ament_cmake_args=None, catkin_cmake_args=None, catkin_skip_building_tests=False, verb_parser=<colcon_defaults.argument_parser.defaults.DefaultArgumentsDecorator object at 0x7938ededc0a0>, verb_extension=<colcon_core.verb.build.BuildVerb object at 0x7938ee0653f0>, main=<bound method BuildVerb.main of <colcon_core.verb.build.BuildVerb object at 0x7938ee0653f0>>)
[0.258s] Level 1:colcon.colcon_core.package_discovery:discover_packages(colcon_meta) check parameters
[0.258s] Level 1:colcon.colcon_core.package_discovery:discover_packages(recursive) check parameters
[0.258s] Level 1:colcon.colcon_core.package_discovery:discover_packages(ignore) check parameters
[0.258s] Level 1:colcon.colcon_core.package_discovery:discover_packages(path) check parameters
[0.258s] Level 1:colcon.colcon_core.package_discovery:discover_packages(colcon_meta) discover
[0.258s] Level 1:colcon.colcon_core.package_discovery:discover_packages(recursive) discover
[0.258s] INFO:colcon.colcon_core.package_discovery:Crawling recursively for packages in '/home/pablo-portatil/GITHUB/TFG/project_ws'
[0.258s] Level 1:colcon.colcon_core.package_identification:_identify(.) by extensions ['ignore', 'ignore_ament_install']
[0.258s] Level 1:colcon.colcon_core.package_identification:_identify(.) by extension 'ignore'
[0.258s] Level 1:colcon.colcon_core.package_identification:_identify(.) by extension 'ignore_ament_install'
[0.258s] Level 1:colcon.colcon_core.package_identification:_identify(.) by extensions ['colcon_pkg']
[0.258s] Level 1:colcon.colcon_core.package_identification:_identify(.) by extension 'colcon_pkg'
[0.258s] Level 1:colcon.colcon_core.package_identification:_identify(.) by extensions ['colcon_meta']
[0.259s] Level 1:colcon.colcon_core.package_identification:_identify(.) by extension 'colcon_meta'
[0.259s] Level 1:colcon.colcon_core.package_identification:_identify(.) by extensions ['ros']
[0.259s] Level 1:colcon.colcon_core.package_identification:_identify(.) by extension 'ros'
[0.269s] Level 1:colcon.colcon_core.package_identification:_identify(.) by extensions ['cmake', 'python']
[0.269s] Level 1:colcon.colcon_core.package_identification:_identify(.) by extension 'cmake'
[0.269s] Level 1:colcon.colcon_core.package_identification:_identify(.) by extension 'python'
[0.269s] Level 1:colcon.colcon_core.package_identification:_identify(.) by extensions ['python_setup_py']
[0.269s] Level 1:colcon.colcon_core.package_identification:_identify(.) by extension 'python_setup_py'
[0.269s] Level 1:colcon.colcon_core.package_identification:_identify(build) by extensions ['ignore', 'ignore_ament_install']
[0.269s] Level 1:colcon.colcon_core.package_identification:_identify(build) by extension 'ignore'
[0.269s] Level 1:colcon.colcon_core.package_identification:_identify(build) ignored
[0.269s] Level 1:colcon.colcon_core.package_identification:_identify(install) by extensions ['ignore', 'ignore_ament_install']
[0.269s] Level 1:colcon.colcon_core.package_identification:_identify(install) by extension 'ignore'
[0.269s] Level 1:colcon.colcon_core.package_identification:_identify(install) ignored
[0.269s] Level 1:colcon.colcon_core.package_identification:_identify(log) by extensions ['ignore', 'ignore_ament_install']
[0.270s] Level 1:colcon.colcon_core.package_identification:_identify(log) by extension 'ignore'
[0.270s] Level 1:colcon.colcon_core.package_identification:_identify(log) ignored
[0.270s] Level 1:colcon.colcon_core.package_identification:_identify(src) by extensions ['ignore', 'ignore_ament_install']
[0.270s] Level 1:colcon.colcon_core.package_identification:_identify(src) by extension 'ignore'
[0.270s] Level 1:colcon.colcon_core.package_identification:_identify(src) by extension 'ignore_ament_install'
[0.270s] Level 1:colcon.colcon_core.package_identification:_identify(src) by extensions ['colcon_pkg']
[0.270s] Level 1:colcon.colcon_core.package_identification:_identify(src) by extension 'colcon_pkg'
[0.270s] Level 1:colcon.colcon_core.package_identification:_identify(src) by extensions ['colcon_meta']
[0.270s] Level 1:colcon.colcon_core.package_identification:_identify(src) by extension 'colcon_meta'
[0.270s] Level 1:colcon.colcon_core.package_identification:_identify(src) by extensions ['ros']
[0.270s] Level 1:colcon.colcon_core.package_identification:_identify(src) by extension 'ros'
[0.270s] Level 1:colcon.colcon_core.package_identification:_identify(src) by extensions ['cmake', 'python']
[0.270s] Level 1:colcon.colcon_core.package_identification:_identify(src) by extension 'cmake'
[0.270s] Level 1:colcon.colcon_core.package_identification:_identify(src) by extension 'python'
[0.270s] Level 1:colcon.colcon_core.package_identification:_identify(src) by extensions ['python_setup_py']
[0.270s] Level 1:colcon.colcon_core.package_identification:_identify(src) by extension 'python_setup_py'
[0.270s] Level 1:colcon.colcon_core.package_identification:_identify(src/Bonxai) by extensions ['ignore', 'ignore_ament_install']
[0.271s] Level 1:colcon.colcon_core.package_identification:_identify(src/Bonxai) by extension 'ignore'
[0.271s] Level 1:colcon.colcon_core.package_identification:_identify(src/Bonxai) by extension 'ignore_ament_install'
[0.271s] Level 1:colcon.colcon_core.package_identification:_identify(src/Bonxai) by extensions ['colcon_pkg']
[0.271s] Level 1:colcon.colcon_core.package_identification:_identify(src/Bonxai) by extension 'colcon_pkg'
[0.271s] Level 1:colcon.colcon_core.package_identification:_identify(src/Bonxai) by extensions ['colcon_meta']
[0.271s] Level 1:colcon.colcon_core.package_identification:_identify(src/Bonxai) by extension 'colcon_meta'
[0.271s] Level 1:colcon.colcon_core.package_identification:_identify(src/Bonxai) by extensions ['ros']
[0.271s] Level 1:colcon.colcon_core.package_identification:_identify(src/Bonxai) by extension 'ros'
[0.275s] DEBUG:colcon.colcon_core.package_identification:Package 'src/Bonxai' with type 'ros.ament_cmake' and name 'bonxai_ros'
[0.275s] Level 1:colcon.colcon_core.package_identification:_identify(src/location_controller) by extensions ['ignore', 'ignore_ament_install']
[0.275s] Level 1:colcon.colcon_core.package_identification:_identify(src/location_controller) by extension 'ignore'
[0.275s] Level 1:colcon.colcon_core.package_identification:_identify(src/location_controller) by extension 'ignore_ament_install'
[0.275s] Level 1:colcon.colcon_core.package_identification:_identify(src/location_controller) by extensions ['colcon_pkg']
[0.275s] Level 1:colcon.colcon_core.package_identification:_identify(src/location_controller) by extension 'colcon_pkg'
[0.275s] Level 1:colcon.colcon_core.package_identification:_identify(src/location_controller) by extensions ['colcon_meta']
[0.275s] Level 1:colcon.colcon_core.package_identification:_identify(src/location_controller) by extension 'colcon_meta'
[0.275s] Level 1:colcon.colcon_core.package_identification:_identify(src/location_controller) by extensions ['ros']
[0.275s] Level 1:colcon.colcon_core.package_identification:_identify(src/location_controller) by extension 'ros'
[0.276s] DEBUG:colcon.colcon_core.package_identification:Package 'src/location_controller' with type 'ros.ament_python' and name 'location_controller'
[0.276s] Level 1:colcon.colcon_core.package_identification:_identify(src/mapping_controller) by extensions ['ignore', 'ignore_ament_install']
[0.277s] Level 1:colcon.colcon_core.package_identification:_identify(src/mapping_controller) by extension 'ignore'
[0.277s] Level 1:colcon.colcon_core.package_identification:_identify(src/mapping_controller) by extension 'ignore_ament_install'
[0.277s] Level 1:colcon.colcon_core.package_identification:_identify(src/mapping_controller) by extensions ['colcon_pkg']
[0.277s] Level 1:colcon.colcon_core.package_identification:_identify(src/mapping_controller) by extension 'colcon_pkg'
[0.277s] Level 1:colcon.colcon_core.package_identification:_identify(src/mapping_controller) by extensions ['colcon_meta']
[0.277s] Level 1:colcon.colcon_core.package_identification:_identify(src/mapping_controller) by extension 'colcon_meta'
[0.277s] Level 1:colcon.colcon_core.package_identification:_identify(src/mapping_controller) by extensions ['ros']
[0.277s] Level 1:colcon.colcon_core.package_identification:_identify(src/mapping_controller) by extension 'ros'
[0.277s] DEBUG:colcon.colcon_core.package_identification:Package 'src/mapping_controller' with type 'ros.ament_python' and name 'mapping_controller'
[0.277s] Level 1:colcon.colcon_core.package_identification:_identify(src/metrics) by extensions ['ignore', 'ignore_ament_install']
[0.277s] Level 1:colcon.colcon_core.package_identification:_identify(src/metrics) by extension 'ignore'
[0.277s] Level 1:colcon.colcon_core.package_identification:_identify(src/metrics) by extension 'ignore_ament_install'
[0.278s] Level 1:colcon.colcon_core.package_identification:_identify(src/metrics) by extensions ['colcon_pkg']
[0.278s] Level 1:colcon.colcon_core.package_identification:_identify(src/metrics) by extension 'colcon_pkg'
[0.278s] Level 1:colcon.colcon_core.package_identification:_identify(src/metrics) by extensions ['colcon_meta']
[0.278s] Level 1:colcon.colcon_core.package_identification:_identify(src/metrics) by extension 'colcon_meta'
[0.278s] Level 1:colcon.colcon_core.package_identification:_identify(src/metrics) by extensions ['ros']
[0.278s] Level 1:colcon.colcon_core.package_identification:_identify(src/metrics) by extension 'ros'
[0.278s] Level 1:colcon.colcon_core.package_identification:_identify(src/metrics) by extensions ['cmake', 'python']
[0.278s] Level 1:colcon.colcon_core.package_identification:_identify(src/metrics) by extension 'cmake'
[0.278s] Level 1:colcon.colcon_core.package_identification:_identify(src/metrics) by extension 'python'
[0.278s] Level 1:colcon.colcon_core.package_identification:_identify(src/metrics) by extensions ['python_setup_py']
[0.278s] Level 1:colcon.colcon_core.package_identification:_identify(src/metrics) by extension 'python_setup_py'
[0.278s] Level 1:colcon.colcon_core.package_identification:_identify(src/recordings) by extensions ['ignore', 'ignore_ament_install']
[0.278s] Level 1:colcon.colcon_core.package_identification:_identify(src/recordings) by extension 'ignore'
[0.278s] Level 1:colcon.colcon_core.package_identification:_identify(src/recordings) by extension 'ignore_ament_install'
[0.278s] Level 1:colcon.colcon_core.package_identification:_identify(src/recordings) by extensions ['colcon_pkg']
[0.278s] Level 1:colcon.colcon_core.package_identification:_identify(src/recordings) by extension 'colcon_pkg'
[0.278s] Level 1:colcon.colcon_core.package_identification:_identify(src/recordings) by extensions ['colcon_meta']
[0.278s] Level 1:colcon.colcon_core.package_identification:_identify(src/recordings) by extension 'colcon_meta'
[0.278s] Level 1:colcon.colcon_core.package_identification:_identify(src/recordings) by extensions ['ros']
[0.278s] Level 1:colcon.colcon_core.package_identification:_identify(src/recordings) by extension 'ros'
[0.278s] Level 1:colcon.colcon_core.package_identification:_identify(src/recordings) by extensions ['cmake', 'python']
[0.278s] Level 1:colcon.colcon_core.package_identification:_identify(src/recordings) by extension 'cmake'
[0.278s] Level 1:colcon.colcon_core.package_identification:_identify(src/recordings) by extension 'python'
[0.278s] Level 1:colcon.colcon_core.package_identification:_identify(src/recordings) by extensions ['python_setup_py']
[0.278s] Level 1:colcon.colcon_core.package_identification:_identify(src/recordings) by extension 'python_setup_py'
[0.278s] Level 1:colcon.colcon_core.package_identification:_identify(src/recordings/calculated_pose_best) by extensions ['ignore', 'ignore_ament_install']
[0.278s] Level 1:colcon.colcon_core.package_identification:_identify(src/recordings/calculated_pose_best) by extension 'ignore'
[0.278s] Level 1:colcon.colcon_core.package_identification:_identify(src/recordings/calculated_pose_best) by extension 'ignore_ament_install'
[0.279s] Level 1:colcon.colcon_core.package_identification:_identify(src/recordings/calculated_pose_best) by extensions ['colcon_pkg']
[0.279s] Level 1:colcon.colcon_core.package_identification:_identify(src/recordings/calculated_pose_best) by extension 'colcon_pkg'
[0.279s] Level 1:colcon.colcon_core.package_identification:_identify(src/recordings/calculated_pose_best) by extensions ['colcon_meta']
[0.279s] Level 1:colcon.colcon_core.package_identification:_identify(src/recordings/calculated_pose_best) by extension 'colcon_meta'
[0.279s] Level 1:colcon.colcon_core.package_identification:_identify(src/recordings/calculated_pose_best) by extensions ['ros']
[0.279s] Level 1:colcon.colcon_core.package_identification:_identify(src/recordings/calculated_pose_best) by extension 'ros'
[0.279s] Level 1:colcon.colcon_core.package_identification:_identify(src/recordings/calculated_pose_best) by extensions ['cmake', 'python']
[0.279s] Level 1:colcon.colcon_core.package_identification:_identify(src/recordings/calculated_pose_best) by extension 'cmake'
[0.279s] Level 1:colcon.colcon_core.package_identification:_identify(src/recordings/calculated_pose_best) by extension 'python'
[0.279s] Level 1:colcon.colcon_core.package_identification:_identify(src/recordings/calculated_pose_best) by extensions ['python_setup_py']
[0.279s] Level 1:colcon.colcon_core.package_identification:_identify(src/recordings/calculated_pose_best) by extension 'python_setup_py'
[0.279s] Level 1:colcon.colcon_core.package_identification:_identify(src/recordings/original_pose_best) by extensions ['ignore', 'ignore_ament_install']
[0.279s] Level 1:colcon.colcon_core.package_identification:_identify(src/recordings/original_pose_best) by extension 'ignore'
[0.279s] Level 1:colcon.colcon_core.package_identification:_identify(src/recordings/original_pose_best) by extension 'ignore_ament_install'
[0.279s] Level 1:colcon.colcon_core.package_identification:_identify(src/recordings/original_pose_best) by extensions ['colcon_pkg']
[0.279s] Level 1:colcon.colcon_core.package_identification:_identify(src/recordings/original_pose_best) by extension 'colcon_pkg'
[0.279s] Level 1:colcon.colcon_core.package_identification:_identify(src/recordings/original_pose_best) by extensions ['colcon_meta']
[0.279s] Level 1:colcon.colcon_core.package_identification:_identify(src/recordings/original_pose_best) by extension 'colcon_meta'
[0.279s] Level 1:colcon.colcon_core.package_identification:_identify(src/recordings/original_pose_best) by extensions ['ros']
[0.279s] Level 1:colcon.colcon_core.package_identification:_identify(src/recordings/original_pose_best) by extension 'ros'
[0.279s] Level 1:colcon.colcon_core.package_identification:_identify(src/recordings/original_pose_best) by extensions ['cmake', 'python']
[0.279s] Level 1:colcon.colcon_core.package_identification:_identify(src/recordings/original_pose_best) by extension 'cmake'
[0.280s] Level 1:colcon.colcon_core.package_identification:_identify(src/recordings/original_pose_best) by extension 'python'
[0.280s] Level 1:colcon.colcon_core.package_identification:_identify(src/recordings/original_pose_best) by extensions ['python_setup_py']
[0.280s] Level 1:colcon.colcon_core.package_identification:_identify(src/recordings/original_pose_best) by extension 'python_setup_py'
[0.280s] Level 1:colcon.colcon_core.package_discovery:discover_packages(recursive) using defaults
[0.280s] Level 1:colcon.colcon_core.package_discovery:discover_packages(ignore) discover
[0.280s] Level 1:colcon.colcon_core.package_discovery:discover_packages(ignore) using defaults
[0.280s] Level 1:colcon.colcon_core.package_discovery:discover_packages(path) discover
[0.280s] Level 1:colcon.colcon_core.package_discovery:discover_packages(path) using defaults
[0.302s] Level 1:colcon.colcon_core.package_discovery:discover_packages(prefix_path) check parameters
[0.302s] Level 1:colcon.colcon_core.package_discovery:discover_packages(prefix_path) discover
[0.303s] DEBUG:colcon.colcon_installed_package_information.package_discovery:Found 3 installed packages in /home/pablo-portatil/GITHUB/TFG/project_ws/install
[0.304s] DEBUG:colcon.colcon_installed_package_information.package_discovery:Found 271 installed packages in /opt/ros/humble
[0.305s] Level 1:colcon.colcon_core.package_discovery:discover_packages(prefix_path) using defaults
[0.330s] Level 5:colcon.colcon_core.verb:set package 'bonxai_ros' build argument 'cmake_args' from command line to 'None'
[0.331s] Level 5:colcon.colcon_core.verb:set package 'bonxai_ros' build argument 'cmake_target' from command line to 'None'
[0.331s] Level 5:colcon.colcon_core.verb:set package 'bonxai_ros' build argument 'cmake_target_skip_unavailable' from command line to 'False'
[0.331s] Level 5:colcon.colcon_core.verb:set package 'bonxai_ros' build argument 'cmake_clean_cache' from command line to 'False'
[0.331s] Level 5:colcon.colcon_core.verb:set package 'bonxai_ros' build argument 'cmake_clean_first' from command line to 'False'
[0.331s] Level 5:colcon.colcon_core.verb:set package 'bonxai_ros' build argument 'cmake_force_configure' from command line to 'False'
[0.331s] Level 5:colcon.colcon_core.verb:set package 'bonxai_ros' build argument 'ament_cmake_args' from command line to 'None'
[0.331s] Level 5:colcon.colcon_core.verb:set package 'bonxai_ros' build argument 'catkin_cmake_args' from command line to 'None'
[0.331s] Level 5:colcon.colcon_core.verb:set package 'bonxai_ros' build argument 'catkin_skip_building_tests' from command line to 'False'
[0.331s] DEBUG:colcon.colcon_core.verb:Building package 'bonxai_ros' with the following arguments: {'ament_cmake_args': None, 'build_base': '/home/pablo-portatil/GITHUB/TFG/project_ws/build/bonxai_ros', 'catkin_cmake_args': None, 'catkin_skip_building_tests': False, 'cmake_args': None, 'cmake_clean_cache': False, 'cmake_clean_first': False, 'cmake_force_configure': False, 'cmake_target': None, 'cmake_target_skip_unavailable': False, 'install_base': '/home/pablo-portatil/GITHUB/TFG/project_ws/install/bonxai_ros', 'merge_install': False, 'path': '/home/pablo-portatil/GITHUB/TFG/project_ws/src/Bonxai', 'symlink_install': False, 'test_result_base': None}
[0.331s] Level 5:colcon.colcon_core.verb:set package 'location_controller' build argument 'cmake_args' from command line to 'None'
[0.331s] Level 5:colcon.colcon_core.verb:set package 'location_controller' build argument 'cmake_target' from command line to 'None'
[0.331s] Level 5:colcon.colcon_core.verb:set package 'location_controller' build argument 'cmake_target_skip_unavailable' from command line to 'False'
[0.331s] Level 5:colcon.colcon_core.verb:set package 'location_controller' build argument 'cmake_clean_cache' from command line to 'False'
[0.331s] Level 5:colcon.colcon_core.verb:set package 'location_controller' build argument 'cmake_clean_first' from command line to 'False'
[0.331s] Level 5:colcon.colcon_core.verb:set package 'location_controller' build argument 'cmake_force_configure' from command line to 'False'
[0.331s] Level 5:colcon.colcon_core.verb:set package 'location_controller' build argument 'ament_cmake_args' from command line to 'None'
[0.331s] Level 5:colcon.colcon_core.verb:set package 'location_controller' build argument 'catkin_cmake_args' from command line to 'None'
[0.331s] Level 5:colcon.colcon_core.verb:set package 'location_controller' build argument 'catkin_skip_building_tests' from command line to 'False'
[0.331s] DEBUG:colcon.colcon_core.verb:Building package 'location_controller' with the following arguments: {'ament_cmake_args': None, 'build_base': '/home/pablo-portatil/GITHUB/TFG/project_ws/build/location_controller', 'catkin_cmake_args': None, 'catkin_skip_building_tests': False, 'cmake_args': None, 'cmake_clean_cache': False, 'cmake_clean_first': False, 'cmake_force_configure': False, 'cmake_target': None, 'cmake_target_skip_unavailable': False, 'install_base': '/home/pablo-portatil/GITHUB/TFG/project_ws/install/location_controller', 'merge_install': False, 'path': '/home/pablo-portatil/GITHUB/TFG/project_ws/src/location_controller', 'symlink_install': False, 'test_result_base': None}
[0.331s] Level 5:colcon.colcon_core.verb:set package 'mapping_controller' build argument 'cmake_args' from command line to 'None'
[0.331s] Level 5:colcon.colcon_core.verb:set package 'mapping_controller' build argument 'cmake_target' from command line to 'None'
[0.331s] Level 5:colcon.colcon_core.verb:set package 'mapping_controller' build argument 'cmake_target_skip_unavailable' from command line to 'False'
[0.331s] Level 5:colcon.colcon_core.verb:set package 'mapping_controller' build argument 'cmake_clean_cache' from command line to 'False'
[0.331s] Level 5:colcon.colcon_core.verb:set package 'mapping_controller' build argument 'cmake_clean_first' from command line to 'False'
[0.331s] Level 5:colcon.colcon_core.verb:set package 'mapping_controller' build argument 'cmake_force_configure' from command line to 'False'
[0.331s] Level 5:colcon.colcon_core.verb:set package 'mapping_controller' build argument 'ament_cmake_args' from command line to 'None'
[0.331s] Level 5:colcon.colcon_core.verb:set package 'mapping_controller' build argument 'catkin_cmake_args' from command line to 'None'
[0.331s] Level 5:colcon.colcon_core.verb:set package 'mapping_controller' build argument 'catkin_skip_building_tests' from command line to 'False'
[0.331s] DEBUG:colcon.colcon_core.verb:Building package 'mapping_controller' with the following arguments: {'ament_cmake_args': None, 'build_base': '/home/pablo-portatil/GITHUB/TFG/project_ws/build/mapping_controller', 'catkin_cmake_args': None, 'catkin_skip_building_tests': False, 'cmake_args': None, 'cmake_clean_cache': False, 'cmake_clean_first': False, 'cmake_force_configure': False, 'cmake_target': None, 'cmake_target_skip_unavailable': False, 'install_base': '/home/pablo-portatil/GITHUB/TFG/project_ws/install/mapping_controller', 'merge_install': False, 'path': '/home/pablo-portatil/GITHUB/TFG/project_ws/src/mapping_controller', 'symlink_install': False, 'test_result_base': None}
[0.331s] INFO:colcon.colcon_core.executor:Executing jobs using 'parallel' executor
[0.332s] DEBUG:colcon.colcon_parallel_executor.executor.parallel:run_until_complete
[0.333s] INFO:colcon.colcon_ros.task.ament_cmake.build:Building ROS package in '/home/pablo-portatil/GITHUB/TFG/project_ws/src/Bonxai' with build type 'ament_cmake'
[0.333s] INFO:colcon.colcon_cmake.task.cmake.build:Building CMake package in '/home/pablo-portatil/GITHUB/TFG/project_ws/src/Bonxai'
[0.334s] INFO:colcon.colcon_core.plugin_system:Skipping extension 'colcon_core.shell.bat': Not used on non-Windows systems
[0.334s] INFO:colcon.colcon_core.shell:Skip shell extension 'powershell' for command environment: Not usable outside of PowerShell
[0.334s] DEBUG:colcon.colcon_core.shell:Skip shell extension 'dsv' for command environment
[0.337s] INFO:colcon.colcon_ros.task.ament_python.build:Building ROS package in '/home/pablo-portatil/GITHUB/TFG/project_ws/src/location_controller' with build type 'ament_python'
[0.337s] Level 1:colcon.colcon_core.shell:create_environment_hook('location_controller', 'ament_prefix_path')
[0.337s] INFO:colcon.colcon_core.shell:Creating environment hook '/home/pablo-portatil/GITHUB/TFG/project_ws/install/location_controller/share/location_controller/hook/ament_prefix_path.ps1'
[0.337s] INFO:colcon.colcon_core.shell:Creating environment descriptor '/home/pablo-portatil/GITHUB/TFG/project_ws/install/location_controller/share/location_controller/hook/ament_prefix_path.dsv'
[0.338s] INFO:colcon.colcon_core.shell:Creating environment hook '/home/pablo-portatil/GITHUB/TFG/project_ws/install/location_controller/share/location_controller/hook/ament_prefix_path.sh'
[0.338s] INFO:colcon.colcon_core.shell:Skip shell extension 'powershell' for command environment: Not usable outside of PowerShell
[0.338s] DEBUG:colcon.colcon_core.shell:Skip shell extension 'dsv' for command environment
[0.340s] INFO:colcon.colcon_ros.task.ament_python.build:Building ROS package in '/home/pablo-portatil/GITHUB/TFG/project_ws/src/mapping_controller' with build type 'ament_python'
[0.341s] Level 1:colcon.colcon_core.shell:create_environment_hook('mapping_controller', 'ament_prefix_path')
[0.341s] INFO:colcon.colcon_core.shell:Creating environment hook '/home/pablo-portatil/GITHUB/TFG/project_ws/install/mapping_controller/share/mapping_controller/hook/ament_prefix_path.ps1'
[0.341s] INFO:colcon.colcon_core.shell:Creating environment descriptor '/home/pablo-portatil/GITHUB/TFG/project_ws/install/mapping_controller/share/mapping_controller/hook/ament_prefix_path.dsv'
[0.342s] INFO:colcon.colcon_core.shell:Creating environment hook '/home/pablo-portatil/GITHUB/TFG/project_ws/install/mapping_controller/share/mapping_controller/hook/ament_prefix_path.sh'
[0.342s] INFO:colcon.colcon_core.shell:Skip shell extension 'powershell' for command environment: Not usable outside of PowerShell
[0.342s] DEBUG:colcon.colcon_core.shell:Skip shell extension 'dsv' for command environment
[0.360s] DEBUG:colcon.colcon_core.event_handler.log_command:Invoking command in '/home/pablo-portatil/GITHUB/TFG/project_ws/build/bonxai_ros': CMAKE_PREFIX_PATH=${CMAKE_PREFIX_PATH}:/home/pablo-portatil/GITHUB/TFG/project_ws/install/mapping_controller:/home/pablo-portatil/GITHUB/TFG/project_ws/install/location_controller:/opt/ros/humble /usr/bin/cmake --build /home/pablo-portatil/GITHUB/TFG/project_ws/build/bonxai_ros -- -j16 -l16
[0.607s] INFO:colcon.colcon_core.task.python.build:Building Python package in '/home/pablo-portatil/GITHUB/TFG/project_ws/src/location_controller'
[0.607s] INFO:colcon.colcon_core.shell:Skip shell extension 'powershell' for command environment: Not usable outside of PowerShell
[0.607s] DEBUG:colcon.colcon_core.shell:Skip shell extension 'dsv' for command environment
[0.836s] INFO:colcon.colcon_core.task.python.build:Building Python package in '/home/pablo-portatil/GITHUB/TFG/project_ws/src/mapping_controller'
[0.837s] INFO:colcon.colcon_core.shell:Skip shell extension 'powershell' for command environment: Not usable outside of PowerShell
[0.837s] DEBUG:colcon.colcon_core.shell:Skip shell extension 'dsv' for command environment
[0.841s] DEBUG:colcon.colcon_core.event_handler.log_command:Invoked command in '/home/pablo-portatil/GITHUB/TFG/project_ws/build/bonxai_ros' returned '0': CMAKE_PREFIX_PATH=${CMAKE_PREFIX_PATH}:/home/pablo-portatil/GITHUB/TFG/project_ws/install/mapping_controller:/home/pablo-portatil/GITHUB/TFG/project_ws/install/location_controller:/opt/ros/humble /usr/bin/cmake --build /home/pablo-portatil/GITHUB/TFG/project_ws/build/bonxai_ros -- -j16 -l16
[0.852s] DEBUG:colcon.colcon_core.event_handler.log_command:Invoking command in '/home/pablo-portatil/GITHUB/TFG/project_ws/build/bonxai_ros': CMAKE_PREFIX_PATH=${CMAKE_PREFIX_PATH}:/home/pablo-portatil/GITHUB/TFG/project_ws/install/mapping_controller:/home/pablo-portatil/GITHUB/TFG/project_ws/install/location_controller:/opt/ros/humble /usr/bin/cmake --install /home/pablo-portatil/GITHUB/TFG/project_ws/build/bonxai_ros
[0.873s] Level 1:colcon.colcon_core.environment:create_environment_scripts_only(bonxai_ros)
[0.874s] DEBUG:colcon.colcon_core.event_handler.log_command:Invoked command in '/home/pablo-portatil/GITHUB/TFG/project_ws/build/bonxai_ros' returned '0': CMAKE_PREFIX_PATH=${CMAKE_PREFIX_PATH}:/home/pablo-portatil/GITHUB/TFG/project_ws/install/mapping_controller:/home/pablo-portatil/GITHUB/TFG/project_ws/install/location_controller:/opt/ros/humble /usr/bin/cmake --install /home/pablo-portatil/GITHUB/TFG/project_ws/build/bonxai_ros
[0.877s] Level 1:colcon.colcon_core.environment:checking '/home/pablo-portatil/GITHUB/TFG/project_ws/install/bonxai_ros' for CMake module files
[0.878s] Level 1:colcon.colcon_core.environment:checking '/home/pablo-portatil/GITHUB/TFG/project_ws/install/bonxai_ros' for CMake config files
[0.878s] Level 1:colcon.colcon_core.shell:create_environment_hook('bonxai_ros', 'cmake_prefix_path')
[0.878s] INFO:colcon.colcon_core.shell:Creating environment hook '/home/pablo-portatil/GITHUB/TFG/project_ws/install/bonxai_ros/share/bonxai_ros/hook/cmake_prefix_path.ps1'
[0.879s] INFO:colcon.colcon_core.shell:Creating environment descriptor '/home/pablo-portatil/GITHUB/TFG/project_ws/install/bonxai_ros/share/bonxai_ros/hook/cmake_prefix_path.dsv'
[0.879s] INFO:colcon.colcon_core.shell:Creating environment hook '/home/pablo-portatil/GITHUB/TFG/project_ws/install/bonxai_ros/share/bonxai_ros/hook/cmake_prefix_path.sh'
[0.880s] Level 1:colcon.colcon_core.environment:checking '/home/pablo-portatil/GITHUB/TFG/project_ws/install/bonxai_ros/lib'
[0.880s] Level 1:colcon.colcon_core.shell:create_environment_hook('bonxai_ros', 'ld_library_path_lib')
[0.880s] INFO:colcon.colcon_core.shell:Creating environment hook '/home/pablo-portatil/GITHUB/TFG/project_ws/install/bonxai_ros/share/bonxai_ros/hook/ld_library_path_lib.ps1'
[0.881s] INFO:colcon.colcon_core.shell:Creating environment descriptor '/home/pablo-portatil/GITHUB/TFG/project_ws/install/bonxai_ros/share/bonxai_ros/hook/ld_library_path_lib.dsv'
[0.881s] INFO:colcon.colcon_core.shell:Creating environment hook '/home/pablo-portatil/GITHUB/TFG/project_ws/install/bonxai_ros/share/bonxai_ros/hook/ld_library_path_lib.sh'
[0.882s] Level 1:colcon.colcon_core.environment:checking '/home/pablo-portatil/GITHUB/TFG/project_ws/install/bonxai_ros/bin'
[0.882s] Level 1:colcon.colcon_core.environment:checking '/home/pablo-portatil/GITHUB/TFG/project_ws/install/bonxai_ros/lib/pkgconfig/bonxai_ros.pc'
[0.882s] Level 1:colcon.colcon_core.environment:checking '/home/pablo-portatil/GITHUB/TFG/project_ws/install/bonxai_ros/lib/python3.10/site-packages'
[0.883s] Level 1:colcon.colcon_core.environment:checking '/home/pablo-portatil/GITHUB/TFG/project_ws/install/bonxai_ros/bin'
[0.883s] INFO:colcon.colcon_core.shell:Creating package script '/home/pablo-portatil/GITHUB/TFG/project_ws/install/bonxai_ros/share/bonxai_ros/package.ps1'
[0.885s] INFO:colcon.colcon_core.shell:Creating package descriptor '/home/pablo-portatil/GITHUB/TFG/project_ws/install/bonxai_ros/share/bonxai_ros/package.dsv'
[0.886s] INFO:colcon.colcon_core.shell:Creating package script '/home/pablo-portatil/GITHUB/TFG/project_ws/install/bonxai_ros/share/bonxai_ros/package.sh'
[0.886s] INFO:colcon.colcon_core.shell:Creating package script '/home/pablo-portatil/GITHUB/TFG/project_ws/install/bonxai_ros/share/bonxai_ros/package.bash'
[0.887s] INFO:colcon.colcon_core.shell:Creating package script '/home/pablo-portatil/GITHUB/TFG/project_ws/install/bonxai_ros/share/bonxai_ros/package.zsh'
[0.888s] Level 1:colcon.colcon_core.environment:create_file_with_runtime_dependencies(/home/pablo-portatil/GITHUB/TFG/project_ws/install/bonxai_ros/share/colcon-core/packages/bonxai_ros)
[0.888s] Level 1:colcon.colcon_core.environment:create_environment_scripts_only(bonxai_ros)
[0.889s] Level 1:colcon.colcon_core.environment:checking '/home/pablo-portatil/GITHUB/TFG/project_ws/install/bonxai_ros' for CMake module files
[0.889s] Level 1:colcon.colcon_core.environment:checking '/home/pablo-portatil/GITHUB/TFG/project_ws/install/bonxai_ros' for CMake config files
[0.889s] Level 1:colcon.colcon_core.shell:create_environment_hook('bonxai_ros', 'cmake_prefix_path')
[0.890s] INFO:colcon.colcon_core.shell:Creating environment hook '/home/pablo-portatil/GITHUB/TFG/project_ws/install/bonxai_ros/share/bonxai_ros/hook/cmake_prefix_path.ps1'
[0.890s] INFO:colcon.colcon_core.shell:Creating environment descriptor '/home/pablo-portatil/GITHUB/TFG/project_ws/install/bonxai_ros/share/bonxai_ros/hook/cmake_prefix_path.dsv'
[0.891s] INFO:colcon.colcon_core.shell:Creating environment hook '/home/pablo-portatil/GITHUB/TFG/project_ws/install/bonxai_ros/share/bonxai_ros/hook/cmake_prefix_path.sh'
[0.892s] Level 1:colcon.colcon_core.environment:checking '/home/pablo-portatil/GITHUB/TFG/project_ws/install/bonxai_ros/lib'
[0.892s] Level 1:colcon.colcon_core.shell:create_environment_hook('bonxai_ros', 'ld_library_path_lib')
[0.892s] INFO:colcon.colcon_core.shell:Creating environment hook '/home/pablo-portatil/GITHUB/TFG/project_ws/install/bonxai_ros/share/bonxai_ros/hook/ld_library_path_lib.ps1'
[0.892s] INFO:colcon.colcon_core.shell:Creating environment descriptor '/home/pablo-portatil/GITHUB/TFG/project_ws/install/bonxai_ros/share/bonxai_ros/hook/ld_library_path_lib.dsv'
[0.893s] INFO:colcon.colcon_core.shell:Creating environment hook '/home/pablo-portatil/GITHUB/TFG/project_ws/install/bonxai_ros/share/bonxai_ros/hook/ld_library_path_lib.sh'
[0.893s] Level 1:colcon.colcon_core.environment:checking '/home/pablo-portatil/GITHUB/TFG/project_ws/install/bonxai_ros/bin'
[0.893s] Level 1:colcon.colcon_core.environment:checking '/home/pablo-portatil/GITHUB/TFG/project_ws/install/bonxai_ros/lib/pkgconfig/bonxai_ros.pc'
[0.893s] Level 1:colcon.colcon_core.environment:checking '/home/pablo-portatil/GITHUB/TFG/project_ws/install/bonxai_ros/lib/python3.10/site-packages'
[0.894s] Level 1:colcon.colcon_core.environment:checking '/home/pablo-portatil/GITHUB/TFG/project_ws/install/bonxai_ros/bin'
[0.894s] INFO:colcon.colcon_core.shell:Creating package script '/home/pablo-portatil/GITHUB/TFG/project_ws/install/bonxai_ros/share/bonxai_ros/package.ps1'
[0.894s] INFO:colcon.colcon_core.shell:Creating package descriptor '/home/pablo-portatil/GITHUB/TFG/project_ws/install/bonxai_ros/share/bonxai_ros/package.dsv'
[0.895s] INFO:colcon.colcon_core.shell:Creating package script '/home/pablo-portatil/GITHUB/TFG/project_ws/install/bonxai_ros/share/bonxai_ros/package.sh'
[0.895s] INFO:colcon.colcon_core.shell:Creating package script '/home/pablo-portatil/GITHUB/TFG/project_ws/install/bonxai_ros/share/bonxai_ros/package.bash'
[0.896s] INFO:colcon.colcon_core.shell:Creating package script '/home/pablo-portatil/GITHUB/TFG/project_ws/install/bonxai_ros/share/bonxai_ros/package.zsh'
[0.896s] Level 1:colcon.colcon_core.environment:create_file_with_runtime_dependencies(/home/pablo-portatil/GITHUB/TFG/project_ws/install/bonxai_ros/share/colcon-core/packages/bonxai_ros)
[1.220s] DEBUG:colcon.colcon_core.event_handler.log_command:Invoking command in '/home/pablo-portatil/GITHUB/TFG/project_ws/src/mapping_controller': PYTHONPATH=/home/pablo-portatil/GITHUB/TFG/project_ws/build/mapping_controller/prefix_override:/usr/lib/python3/dist-packages/colcon_core/task/python/colcon_distutils_commands:/home/pablo-portatil/GITHUB/TFG/project_ws/install/mapping_controller/lib/python3.10/site-packages:${PYTHONPATH} /usr/bin/python3 -W ignore:setup.py install is deprecated -W ignore:easy_install command is deprecated setup.py egg_info --egg-base ../../build/mapping_controller build --build-base /home/pablo-portatil/GITHUB/TFG/project_ws/build/mapping_controller/build install --record /home/pablo-portatil/GITHUB/TFG/project_ws/build/mapping_controller/install.log --single-version-externally-managed install_data
[1.245s] DEBUG:colcon.colcon_core.event_handler.log_command:Invoking command in '/home/pablo-portatil/GITHUB/TFG/project_ws/src/location_controller': PYTHONPATH=/home/pablo-portatil/GITHUB/TFG/project_ws/build/location_controller/prefix_override:/usr/lib/python3/dist-packages/colcon_core/task/python/colcon_distutils_commands:/home/pablo-portatil/GITHUB/TFG/project_ws/install/location_controller/lib/python3.10/site-packages:${PYTHONPATH} /usr/bin/python3 -W ignore:setup.py install is deprecated -W ignore:easy_install command is deprecated setup.py egg_info --egg-base ../../build/location_controller build --build-base /home/pablo-portatil/GITHUB/TFG/project_ws/build/location_controller/build install --record /home/pablo-portatil/GITHUB/TFG/project_ws/build/location_controller/install.log --single-version-externally-managed install_data
[1.527s] Level 1:colcon.colcon_core.environment:checking '/home/pablo-portatil/GITHUB/TFG/project_ws/install/mapping_controller' for CMake module files
[1.528s] DEBUG:colcon.colcon_core.event_handler.log_command:Invoked command in '/home/pablo-portatil/GITHUB/TFG/project_ws/src/mapping_controller' returned '0': PYTHONPATH=/home/pablo-portatil/GITHUB/TFG/project_ws/build/mapping_controller/prefix_override:/usr/lib/python3/dist-packages/colcon_core/task/python/colcon_distutils_commands:/home/pablo-portatil/GITHUB/TFG/project_ws/install/mapping_controller/lib/python3.10/site-packages:${PYTHONPATH} /usr/bin/python3 -W ignore:setup.py install is deprecated -W ignore:easy_install command is deprecated setup.py egg_info --egg-base ../../build/mapping_controller build --build-base /home/pablo-portatil/GITHUB/TFG/project_ws/build/mapping_controller/build install --record /home/pablo-portatil/GITHUB/TFG/project_ws/build/mapping_controller/install.log --single-version-externally-managed install_data
[1.528s] Level 1:colcon.colcon_core.environment:checking '/home/pablo-portatil/GITHUB/TFG/project_ws/install/mapping_controller' for CMake config files
[1.529s] Level 1:colcon.colcon_core.environment:checking '/home/pablo-portatil/GITHUB/TFG/project_ws/install/mapping_controller/lib'
[1.529s] Level 1:colcon.colcon_core.environment:checking '/home/pablo-portatil/GITHUB/TFG/project_ws/install/mapping_controller/bin'
[1.529s] Level 1:colcon.colcon_core.environment:checking '/home/pablo-portatil/GITHUB/TFG/project_ws/install/mapping_controller/lib/pkgconfig/mapping_controller.pc'
[1.529s] Level 1:colcon.colcon_core.environment:checking '/home/pablo-portatil/GITHUB/TFG/project_ws/install/mapping_controller/lib/python3.10/site-packages'
[1.529s] Level 1:colcon.colcon_core.shell:create_environment_hook('mapping_controller', 'pythonpath')
[1.530s] INFO:colcon.colcon_core.shell:Creating environment hook '/home/pablo-portatil/GITHUB/TFG/project_ws/install/mapping_controller/share/mapping_controller/hook/pythonpath.ps1'
[1.530s] INFO:colcon.colcon_core.shell:Creating environment descriptor '/home/pablo-portatil/GITHUB/TFG/project_ws/install/mapping_controller/share/mapping_controller/hook/pythonpath.dsv'
[1.530s] INFO:colcon.colcon_core.shell:Creating environment hook '/home/pablo-portatil/GITHUB/TFG/project_ws/install/mapping_controller/share/mapping_controller/hook/pythonpath.sh'
[1.531s] Level 1:colcon.colcon_core.environment:checking '/home/pablo-portatil/GITHUB/TFG/project_ws/install/mapping_controller/bin'
[1.531s] Level 1:colcon.colcon_core.environment:create_environment_scripts_only(mapping_controller)
[1.531s] INFO:colcon.colcon_core.shell:Creating package script '/home/pablo-portatil/GITHUB/TFG/project_ws/install/mapping_controller/share/mapping_controller/package.ps1'
[1.532s] INFO:colcon.colcon_core.shell:Creating package descriptor '/home/pablo-portatil/GITHUB/TFG/project_ws/install/mapping_controller/share/mapping_controller/package.dsv'
[1.532s] INFO:colcon.colcon_core.shell:Creating package script '/home/pablo-portatil/GITHUB/TFG/project_ws/install/mapping_controller/share/mapping_controller/package.sh'
[1.533s] INFO:colcon.colcon_core.shell:Creating package script '/home/pablo-portatil/GITHUB/TFG/project_ws/install/mapping_controller/share/mapping_controller/package.bash'
[1.533s] INFO:colcon.colcon_core.shell:Creating package script '/home/pablo-portatil/GITHUB/TFG/project_ws/install/mapping_controller/share/mapping_controller/package.zsh'
[1.533s] Level 1:colcon.colcon_core.environment:create_file_with_runtime_dependencies(/home/pablo-portatil/GITHUB/TFG/project_ws/install/mapping_controller/share/colcon-core/packages/mapping_controller)
[1.547s] Level 1:colcon.colcon_core.environment:checking '/home/pablo-portatil/GITHUB/TFG/project_ws/install/location_controller' for CMake module files
[1.548s] DEBUG:colcon.colcon_core.event_handler.log_command:Invoked command in '/home/pablo-portatil/GITHUB/TFG/project_ws/src/location_controller' returned '0': PYTHONPATH=/home/pablo-portatil/GITHUB/TFG/project_ws/build/location_controller/prefix_override:/usr/lib/python3/dist-packages/colcon_core/task/python/colcon_distutils_commands:/home/pablo-portatil/GITHUB/TFG/project_ws/install/location_controller/lib/python3.10/site-packages:${PYTHONPATH} /usr/bin/python3 -W ignore:setup.py install is deprecated -W ignore:easy_install command is deprecated setup.py egg_info --egg-base ../../build/location_controller build --build-base /home/pablo-portatil/GITHUB/TFG/project_ws/build/location_controller/build install --record /home/pablo-portatil/GITHUB/TFG/project_ws/build/location_controller/install.log --single-version-externally-managed install_data
[1.548s] Level 1:colcon.colcon_core.environment:checking '/home/pablo-portatil/GITHUB/TFG/project_ws/install/location_controller' for CMake config files
[1.549s] Level 1:colcon.colcon_core.environment:checking '/home/pablo-portatil/GITHUB/TFG/project_ws/install/location_controller/lib'
[1.549s] Level 1:colcon.colcon_core.environment:checking '/home/pablo-portatil/GITHUB/TFG/project_ws/install/location_controller/bin'
[1.549s] Level 1:colcon.colcon_core.environment:checking '/home/pablo-portatil/GITHUB/TFG/project_ws/install/location_controller/lib/pkgconfig/location_controller.pc'
[1.549s] Level 1:colcon.colcon_core.environment:checking '/home/pablo-portatil/GITHUB/TFG/project_ws/install/location_controller/lib/python3.10/site-packages'
[1.549s] Level 1:colcon.colcon_core.shell:create_environment_hook('location_controller', 'pythonpath')
[1.549s] INFO:colcon.colcon_core.shell:Creating environment hook '/home/pablo-portatil/GITHUB/TFG/project_ws/install/location_controller/share/location_controller/hook/pythonpath.ps1'
[1.550s] INFO:colcon.colcon_core.shell:Creating environment descriptor '/home/pablo-portatil/GITHUB/TFG/project_ws/install/location_controller/share/location_controller/hook/pythonpath.dsv'
[1.550s] INFO:colcon.colcon_core.shell:Creating environment hook '/home/pablo-portatil/GITHUB/TFG/project_ws/install/location_controller/share/location_controller/hook/pythonpath.sh'
[1.550s] Level 1:colcon.colcon_core.environment:checking '/home/pablo-portatil/GITHUB/TFG/project_ws/install/location_controller/bin'
[1.551s] Level 1:colcon.colcon_core.environment:create_environment_scripts_only(location_controller)
[1.551s] INFO:colcon.colcon_core.shell:Creating package script '/home/pablo-portatil/GITHUB/TFG/project_ws/install/location_controller/share/location_controller/package.ps1'
[1.551s] INFO:colcon.colcon_core.shell:Creating package descriptor '/home/pablo-portatil/GITHUB/TFG/project_ws/install/location_controller/share/location_controller/package.dsv'
[1.552s] INFO:colcon.colcon_core.shell:Creating package script '/home/pablo-portatil/GITHUB/TFG/project_ws/install/location_controller/share/location_controller/package.sh'
[1.552s] INFO:colcon.colcon_core.shell:Creating package script '/home/pablo-portatil/GITHUB/TFG/project_ws/install/location_controller/share/location_controller/package.bash'
[1.553s] INFO:colcon.colcon_core.shell:Creating package script '/home/pablo-portatil/GITHUB/TFG/project_ws/install/location_controller/share/location_controller/package.zsh'
[1.553s] Level 1:colcon.colcon_core.environment:create_file_with_runtime_dependencies(/home/pablo-portatil/GITHUB/TFG/project_ws/install/location_controller/share/colcon-core/packages/location_controller)
[1.553s] DEBUG:colcon.colcon_parallel_executor.executor.parallel:closing loop
[1.553s] DEBUG:colcon.colcon_parallel_executor.executor.parallel:loop closed
[1.554s] DEBUG:colcon.colcon_parallel_executor.executor.parallel:run_until_complete finished with '0'
[1.554s] DEBUG:colcon.colcon_core.event_reactor:joining thread
[1.559s] INFO:colcon.colcon_core.plugin_system:Skipping extension 'colcon_notification.desktop_notification.terminal_notifier': Not used on non-Darwin systems
[1.559s] INFO:colcon.colcon_core.plugin_system:Skipping extension 'colcon_notification.desktop_notification.win32': Not used on non-Windows systems
[1.559s] INFO:colcon.colcon_notification.desktop_notification:Sending desktop notification using 'notify2'
[1.574s] DEBUG:colcon.colcon_core.event_reactor:joined thread
[1.574s] INFO:colcon.colcon_core.shell:Creating prefix script '/home/pablo-portatil/GITHUB/TFG/project_ws/install/local_setup.ps1'
[1.576s] INFO:colcon.colcon_core.shell:Creating prefix util module '/home/pablo-portatil/GITHUB/TFG/project_ws/install/_local_setup_util_ps1.py'
[1.578s] INFO:colcon.colcon_core.shell:Creating prefix chain script '/home/pablo-portatil/GITHUB/TFG/project_ws/install/setup.ps1'
[1.580s] INFO:colcon.colcon_core.shell:Creating prefix script '/home/pablo-portatil/GITHUB/TFG/project_ws/install/local_setup.sh'
[1.580s] INFO:colcon.colcon_core.shell:Creating prefix util module '/home/pablo-portatil/GITHUB/TFG/project_ws/install/_local_setup_util_sh.py'
[1.581s] INFO:colcon.colcon_core.shell:Creating prefix chain script '/home/pablo-portatil/GITHUB/TFG/project_ws/install/setup.sh'
[1.582s] INFO:colcon.colcon_core.shell:Creating prefix script '/home/pablo-portatil/GITHUB/TFG/project_ws/install/local_setup.bash'
[1.582s] INFO:colcon.colcon_core.shell:Creating prefix chain script '/home/pablo-portatil/GITHUB/TFG/project_ws/install/setup.bash'
[1.583s] INFO:colcon.colcon_core.shell:Creating prefix script '/home/pablo-portatil/GITHUB/TFG/project_ws/install/local_setup.zsh'
[1.583s] INFO:colcon.colcon_core.shell:Creating prefix chain script '/home/pablo-portatil/GITHUB/TFG/project_ws/install/setup.zsh'
